-- The C compiler identification is GNU 9.4.0
-- The CXX compiler identification is GNU 9.4.0
-- Check for working C compiler: /usr/bin/cc
-- Check for working C compiler: /usr/bin/cc -- works
-- Detecting C compiler ABI info
-- Detecting C compiler ABI info - done
-- Detecting C compile features
-- Detecting C compile features - done
-- Check for working CXX compiler: /usr/bin/c++
-- Check for working CXX compiler: /usr/bin/c++ -- works
-- Detecting CXX compiler ABI info
-- Detecting CXX compiler ABI info - done
-- Detecting CXX compile features
-- Detecting CXX compile features - done
-- Found ament_cmake: 0.9.12 (/opt/ros/foxy/share/ament_cmake/cmake)
-- Found PythonInterp: /usr/bin/python3 (found suitable version "3.8.10", minimum required is "3") 
-- Using PYTHON_EXECUTABLE: /usr/bin/python3
-- Found rclcpp: 2.4.3 (/opt/ros/foxy/share/rclcpp/cmake)
-- Using all available rosidl_typesupport_c: rosidl_typesupport_fastrtps_c;rosidl_typesupport_introspection_c
-- Found rosidl_adapter: 1.3.1 (/opt/ros/foxy/share/rosidl_adapter/cmake)
-- Found OpenSSL: /usr/lib/x86_64-linux-gnu/libcrypto.so (found version "1.1.1f")  
-- Found FastRTPS: /opt/ros/foxy/include  
-- Using all available rosidl_typesupport_cpp: rosidl_typesupport_fastrtps_cpp;rosidl_typesupport_introspection_cpp
-- Found rmw_implementation_cmake: 1.0.4 (/opt/ros/foxy/share/rmw_implementation_cmake/cmake)
-- Using RMW implementation 'rmw_fastrtps_cpp' as default
-- Looking for pthread.h
-- Looking for pthread.h - found
-- Performing Test CMAKE_HAVE_LIBC_PTHREAD
-- Performing Test CMAKE_HAVE_LIBC_PTHREAD - Failed
-- Looking for pthread_create in pthreads
-- Looking for pthread_create in pthreads - not found
-- Looking for pthread_create in pthread
-- Looking for pthread_create in pthread - found
-- Found Threads: TRUE  
-- Found geometry_msgs: 2.0.5 (/opt/ros/foxy/share/geometry_msgs/cmake)
-- Found sensor_msgs: 2.0.5 (/opt/ros/foxy/share/sensor_msgs/cmake)
-- Found message_filters: 3.2.7 (/opt/ros/foxy/share/message_filters/cmake)
-- Found eigen3_cmake_module: 0.1.1 (/opt/ros/foxy/share/eigen3_cmake_module/cmake)
-- Found Eigen3: TRUE (found version "3.3.7") 
-- Found mavros_msgs: 2.4.0 (/opt/ros/foxy/share/mavros_msgs/cmake)
-- Found rosidl_default_generators: 1.0.1 (/opt/ros/foxy/share/rosidl_default_generators/cmake)
-- Configuring done
-- Generating done
CMake Warning:
  Manually-specified variables were not used by the project:

    CATKIN_INSTALL_INTO_PREFIX_ROOT
    CATKIN_SYMLINK_INSTALL


-- Build files have been written to: /home/nakul/Desktop/bur/ros2_ws/src/2023-2024/build/state-estimation
[35m[1mScanning dependencies of target ESKF[0m
[ 20%] [32mBuilding CXX object CMakeFiles/ESKF.dir/src/ESKF.cpp.o[0m
[ 40%] [32m[1mLinking CXX shared library libESKF.so[0m
[ 40%] Built target ESKF
[35m[1mScanning dependencies of target state-estimation[0m
[ 60%] [32mBuilding CXX object CMakeFiles/state-estimation.dir/src/eskf.cpp.o[0m
[ 80%] [32mBuilding CXX object CMakeFiles/state-estimation.dir/src/Node.cpp.o[0m
[01m[K/home/nakul/Desktop/bur/ros2_ws/src/2023-2024/state-estimation/src/Node.cpp:[m[K In constructor â€˜[01m[Keskf::Node::Node()[m[Kâ€™:
[01m[K/home/nakul/Desktop/bur/ros2_ws/src/2023-2024/state-estimation/src/Node.cpp:46:3:[m[K [01;31m[Kerror: [m[Kâ€˜[01m[KpubTimer_[m[Kâ€™ was not declared in this scope
   46 |   [01;31m[KpubTimer_[m[K = this->create_wall_timer(
      |   [01;31m[K^~~~~~~~~[m[K
[01m[K/home/nakul/Desktop/bur/ros2_ws/src/2023-2024/state-estimation/src/Node.cpp:[m[K In member function â€˜[01m[Kvoid eskf::Node::gpsCallback(nav_msgs::msg::Odometry_<std::allocator<void> >::SharedPtr)[m[Kâ€™:
[01m[K/home/nakul/Desktop/bur/ros2_ws/src/2023-2024/state-estimation/src/Node.cpp:88:7:[m[K [01;31m[Kerror: [m[Kâ€˜[01m[KprevStampGpsPose_[m[Kâ€™ was not declared in this scope; did you mean â€˜[01m[KprevStampVisionPose_[m[Kâ€™?
   88 |   if ([01;31m[KprevStampGpsPose_[m[K.seconds()  != 0) {
      |       [01;31m[K^~~~~~~~~~~~~~~~~[m[K
      |       [32m[KprevStampVisionPose_[m[K
[01m[K/home/nakul/Desktop/bur/ros2_ws/src/2023-2024/state-estimation/src/Node.cpp:98:3:[m[K [01;31m[Kerror: [m[Kâ€˜[01m[KprevStampGpsPose_[m[Kâ€™ was not declared in this scope; did you mean â€˜[01m[KprevStampVisionPose_[m[Kâ€™?
   98 |   [01;31m[KprevStampGpsPose_[m[K = header_time;
      |   [01;31m[K^~~~~~~~~~~~~~~~~[m[K
      |   [32m[KprevStampVisionPose_[m[K
[01m[K/home/nakul/Desktop/bur/ros2_ws/src/2023-2024/state-estimation/src/Node.cpp:[m[K In member function â€˜[01m[Kvoid eskf::Node::magCallback(sensor_msgs::msg::MagneticField_<std::allocator<void> >::SharedPtr)[m[Kâ€™:
[01m[K/home/nakul/Desktop/bur/ros2_ws/src/2023-2024/state-estimation/src/Node.cpp:104:7:[m[K [01;31m[Kerror: [m[Kâ€˜[01m[KprevStampMagPose_[m[Kâ€™ was not declared in this scope; did you mean â€˜[01m[KprevStampVisionPose_[m[Kâ€™?
  104 |   if ([01;31m[KprevStampMagPose_[m[K.seconds()  != 0) {
      |       [01;31m[K^~~~~~~~~~~~~~~~~[m[K
      |       [32m[KprevStampVisionPose_[m[K
[01m[K/home/nakul/Desktop/bur/ros2_ws/src/2023-2024/state-estimation/src/Node.cpp:112:3:[m[K [01;31m[Kerror: [m[Kâ€˜[01m[KprevStampMagPose_[m[Kâ€™ was not declared in this scope; did you mean â€˜[01m[KprevStampVisionPose_[m[Kâ€™?
  112 |   [01;31m[KprevStampMagPose_[m[K = header_time;
      |   [01;31m[K^~~~~~~~~~~~~~~~~[m[K
      |   [32m[KprevStampVisionPose_[m[K
[01m[K/home/nakul/Desktop/bur/ros2_ws/src/2023-2024/state-estimation/src/Node.cpp:[m[K In member function â€˜[01m[Kvoid eskf::Node::rangeFinderCallback(sensor_msgs::msg::Range_<std::allocator<void> >::SharedPtr)[m[Kâ€™:
[01m[K/home/nakul/Desktop/bur/ros2_ws/src/2023-2024/state-estimation/src/Node.cpp:117:7:[m[K [01;31m[Kerror: [m[Kâ€˜[01m[KprevStampRangeFinderPose_[m[Kâ€™ was not declared in this scope; did you mean â€˜[01m[KsubRangeFinderPose_[m[Kâ€™?
  117 |   if ([01;31m[KprevStampRangeFinderPose_[m[K.seconds() != 0) {
      |       [01;31m[K^~~~~~~~~~~~~~~~~~~~~~~~~[m[K
      |       [32m[KsubRangeFinderPose_[m[K
[01m[K/home/nakul/Desktop/bur/ros2_ws/src/2023-2024/state-estimation/src/Node.cpp:124:3:[m[K [01;31m[Kerror: [m[Kâ€˜[01m[KprevStampRangeFinderPose_[m[Kâ€™ was not declared in this scope; did you mean â€˜[01m[KsubRangeFinderPose_[m[Kâ€™?
  124 |   [01;31m[KprevStampRangeFinderPose_[m[K = header_time;
      |   [01;31m[K^~~~~~~~~~~~~~~~~~~~~~~~~[m[K
      |   [32m[KsubRangeFinderPose_[m[K
make[2]: *** [CMakeFiles/state-estimation.dir/build.make:76: CMakeFiles/state-estimation.dir/src/Node.cpp.o] Error 1
make[1]: *** [CMakeFiles/Makefile2:80: CMakeFiles/state-estimation.dir/all] Error 2
make: *** [Makefile:141: all] Error 2
