[0.131s] Invoking command in '/home/nakul/Desktop/bur/ros2_ws/src/2023-2024/build/state-estimation': /usr/bin/cmake /home/nakul/Desktop/bur/ros2_ws/src/2023-2024/state-estimation -DCATKIN_INSTALL_INTO_PREFIX_ROOT=0 -DCATKIN_SYMLINK_INSTALL=ON -DCMAKE_INSTALL_PREFIX=/home/nakul/Desktop/bur/ros2_ws/src/2023-2024/install/state-estimation
[0.209s] -- The C compiler identification is GNU 9.4.0
[0.277s] -- The CXX compiler identification is GNU 9.4.0
[0.284s] -- Check for working C compiler: /usr/bin/cc
[0.368s] -- Check for working C compiler: /usr/bin/cc -- works
[0.370s] -- Detecting C compiler ABI info
[0.463s] -- Detecting C compiler ABI info - done
[0.476s] -- Detecting C compile features
[0.476s] -- Detecting C compile features - done
[0.479s] -- Check for working CXX compiler: /usr/bin/c++
[0.572s] -- Check for working CXX compiler: /usr/bin/c++ -- works
[0.574s] -- Detecting CXX compiler ABI info
[0.663s] -- Detecting CXX compiler ABI info - done
[0.673s] -- Detecting CXX compile features
[0.674s] -- Detecting CXX compile features - done
[0.675s] -- Found ament_cmake: 0.9.12 (/opt/ros/foxy/share/ament_cmake/cmake)
[0.698s] -- Found PythonInterp: /usr/bin/python3 (found suitable version "3.8.10", minimum required is "3") 
[0.698s] -- Using PYTHON_EXECUTABLE: /usr/bin/python3
[0.889s] -- Found rclcpp: 2.4.3 (/opt/ros/foxy/share/rclcpp/cmake)
[0.929s] -- Using all available rosidl_typesupport_c: rosidl_typesupport_fastrtps_c;rosidl_typesupport_introspection_c
[0.935s] -- Found rosidl_adapter: 1.3.1 (/opt/ros/foxy/share/rosidl_adapter/cmake)
[1.041s] -- Found OpenSSL: /usr/lib/x86_64-linux-gnu/libcrypto.so (found version "1.1.1f")  
[1.073s] -- Found FastRTPS: /opt/ros/foxy/include  
[1.138s] -- Using all available rosidl_typesupport_cpp: rosidl_typesupport_fastrtps_cpp;rosidl_typesupport_introspection_cpp
[1.184s] -- Found rmw_implementation_cmake: 1.0.4 (/opt/ros/foxy/share/rmw_implementation_cmake/cmake)
[1.185s] -- Using RMW implementation 'rmw_fastrtps_cpp' as default
[1.186s] -- Looking for pthread.h
[1.269s] -- Looking for pthread.h - found
[1.270s] -- Performing Test CMAKE_HAVE_LIBC_PTHREAD
[1.368s] -- Performing Test CMAKE_HAVE_LIBC_PTHREAD - Failed
[1.368s] -- Looking for pthread_create in pthreads
[1.437s] -- Looking for pthread_create in pthreads - not found
[1.438s] -- Looking for pthread_create in pthread
[1.543s] -- Looking for pthread_create in pthread - found
[1.545s] -- Found Threads: TRUE  
[1.688s] -- Found geometry_msgs: 2.0.5 (/opt/ros/foxy/share/geometry_msgs/cmake)
[1.718s] -- Found sensor_msgs: 2.0.5 (/opt/ros/foxy/share/sensor_msgs/cmake)
[1.781s] -- Found message_filters: 3.2.7 (/opt/ros/foxy/share/message_filters/cmake)
[1.783s] -- Found eigen3_cmake_module: 0.1.1 (/opt/ros/foxy/share/eigen3_cmake_module/cmake)
[1.785s] -- Found Eigen3: TRUE (found version "3.3.7") 
[1.786s] -- Found mavros_msgs: 2.4.0 (/opt/ros/foxy/share/mavros_msgs/cmake)
[2.163s] -- Found rosidl_default_generators: 1.0.1 (/opt/ros/foxy/share/rosidl_default_generators/cmake)
[2.233s] -- Configuring done
[2.370s] -- Generating done
[2.371s] CMake Warning:
[2.372s]   Manually-specified variables were not used by the project:
[2.372s] 
[2.372s]     CATKIN_INSTALL_INTO_PREFIX_ROOT
[2.372s]     CATKIN_SYMLINK_INSTALL
[2.372s] 
[2.372s] 
[2.372s] -- Build files have been written to: /home/nakul/Desktop/bur/ros2_ws/src/2023-2024/build/state-estimation
[2.379s] Invoked command in '/home/nakul/Desktop/bur/ros2_ws/src/2023-2024/build/state-estimation' returned '0': /usr/bin/cmake /home/nakul/Desktop/bur/ros2_ws/src/2023-2024/state-estimation -DCATKIN_INSTALL_INTO_PREFIX_ROOT=0 -DCATKIN_SYMLINK_INSTALL=ON -DCMAKE_INSTALL_PREFIX=/home/nakul/Desktop/bur/ros2_ws/src/2023-2024/install/state-estimation
[2.384s] Invoking command in '/home/nakul/Desktop/bur/ros2_ws/src/2023-2024/build/state-estimation': /usr/bin/cmake --build /home/nakul/Desktop/bur/ros2_ws/src/2023-2024/build/state-estimation -- -j8 -l8
[2.443s] [35m[1mScanning dependencies of target ESKF[0m
[2.481s] [ 20%] [32mBuilding CXX object CMakeFiles/ESKF.dir/src/ESKF.cpp.o[0m
[4.519s] [ 40%] [32m[1mLinking CXX shared library libESKF.so[0m
[4.649s] [ 40%] Built target ESKF
[4.669s] [35m[1mScanning dependencies of target state-estimation[0m
[4.734s] [ 60%] [32mBuilding CXX object CMakeFiles/state-estimation.dir/src/eskf.cpp.o[0m
[4.734s] [ 80%] [32mBuilding CXX object CMakeFiles/state-estimation.dir/src/Node.cpp.o[0m
[6.632s] [01m[K/home/nakul/Desktop/bur/ros2_ws/src/2023-2024/state-estimation/src/Node.cpp:[m[K In constructor â€˜[01m[Keskf::Node::Node()[m[Kâ€™:
[6.632s] [01m[K/home/nakul/Desktop/bur/ros2_ws/src/2023-2024/state-estimation/src/Node.cpp:46:3:[m[K [01;31m[Kerror: [m[Kâ€˜[01m[KpubTimer_[m[Kâ€™ was not declared in this scope
[6.632s]    46 |   [01;31m[KpubTimer_[m[K = this->create_wall_timer(
[6.632s]       |   [01;31m[K^~~~~~~~~[m[K
[6.654s] [01m[K/home/nakul/Desktop/bur/ros2_ws/src/2023-2024/state-estimation/src/Node.cpp:[m[K In member function â€˜[01m[Kvoid eskf::Node::gpsCallback(nav_msgs::msg::Odometry_<std::allocator<void> >::SharedPtr)[m[Kâ€™:
[6.654s] [01m[K/home/nakul/Desktop/bur/ros2_ws/src/2023-2024/state-estimation/src/Node.cpp:88:7:[m[K [01;31m[Kerror: [m[Kâ€˜[01m[KprevStampGpsPose_[m[Kâ€™ was not declared in this scope; did you mean â€˜[01m[KprevStampVisionPose_[m[Kâ€™?
[6.654s]    88 |   if ([01;31m[KprevStampGpsPose_[m[K.seconds()  != 0) {
[6.654s]       |       [01;31m[K^~~~~~~~~~~~~~~~~[m[K
[6.654s]       |       [32m[KprevStampVisionPose_[m[K
[6.659s] [01m[K/home/nakul/Desktop/bur/ros2_ws/src/2023-2024/state-estimation/src/Node.cpp:98:3:[m[K [01;31m[Kerror: [m[Kâ€˜[01m[KprevStampGpsPose_[m[Kâ€™ was not declared in this scope; did you mean â€˜[01m[KprevStampVisionPose_[m[Kâ€™?
[6.659s]    98 |   [01;31m[KprevStampGpsPose_[m[K = header_time;
[6.659s]       |   [01;31m[K^~~~~~~~~~~~~~~~~[m[K
[6.659s]       |   [32m[KprevStampVisionPose_[m[K
[6.666s] [01m[K/home/nakul/Desktop/bur/ros2_ws/src/2023-2024/state-estimation/src/Node.cpp:[m[K In member function â€˜[01m[Kvoid eskf::Node::magCallback(sensor_msgs::msg::MagneticField_<std::allocator<void> >::SharedPtr)[m[Kâ€™:
[6.666s] [01m[K/home/nakul/Desktop/bur/ros2_ws/src/2023-2024/state-estimation/src/Node.cpp:104:7:[m[K [01;31m[Kerror: [m[Kâ€˜[01m[KprevStampMagPose_[m[Kâ€™ was not declared in this scope; did you mean â€˜[01m[KprevStampVisionPose_[m[Kâ€™?
[6.666s]   104 |   if ([01;31m[KprevStampMagPose_[m[K.seconds()  != 0) {
[6.666s]       |       [01;31m[K^~~~~~~~~~~~~~~~~[m[K
[6.666s]       |       [32m[KprevStampVisionPose_[m[K
[6.671s] [01m[K/home/nakul/Desktop/bur/ros2_ws/src/2023-2024/state-estimation/src/Node.cpp:112:3:[m[K [01;31m[Kerror: [m[Kâ€˜[01m[KprevStampMagPose_[m[Kâ€™ was not declared in this scope; did you mean â€˜[01m[KprevStampVisionPose_[m[Kâ€™?
[6.671s]   112 |   [01;31m[KprevStampMagPose_[m[K = header_time;
[6.671s]       |   [01;31m[K^~~~~~~~~~~~~~~~~[m[K
[6.671s]       |   [32m[KprevStampVisionPose_[m[K
[6.681s] [01m[K/home/nakul/Desktop/bur/ros2_ws/src/2023-2024/state-estimation/src/Node.cpp:[m[K In member function â€˜[01m[Kvoid eskf::Node::rangeFinderCallback(sensor_msgs::msg::Range_<std::allocator<void> >::SharedPtr)[m[Kâ€™:
[6.681s] [01m[K/home/nakul/Desktop/bur/ros2_ws/src/2023-2024/state-estimation/src/Node.cpp:117:7:[m[K [01;31m[Kerror: [m[Kâ€˜[01m[KprevStampRangeFinderPose_[m[Kâ€™ was not declared in this scope; did you mean â€˜[01m[KsubRangeFinderPose_[m[Kâ€™?
[6.681s]   117 |   if ([01;31m[KprevStampRangeFinderPose_[m[K.seconds() != 0) {
[6.681s]       |       [01;31m[K^~~~~~~~~~~~~~~~~~~~~~~~~[m[K
[6.681s]       |       [32m[KsubRangeFinderPose_[m[K
[6.688s] [01m[K/home/nakul/Desktop/bur/ros2_ws/src/2023-2024/state-estimation/src/Node.cpp:124:3:[m[K [01;31m[Kerror: [m[Kâ€˜[01m[KprevStampRangeFinderPose_[m[Kâ€™ was not declared in this scope; did you mean â€˜[01m[KsubRangeFinderPose_[m[Kâ€™?
[6.688s]   124 |   [01;31m[KprevStampRangeFinderPose_[m[K = header_time;
[6.689s]       |   [01;31m[K^~~~~~~~~~~~~~~~~~~~~~~~~[m[K
[6.689s]       |   [32m[KsubRangeFinderPose_[m[K
[10.087s] make[2]: *** [CMakeFiles/state-estimation.dir/build.make:76: CMakeFiles/state-estimation.dir/src/Node.cpp.o] Error 1
[10.087s] make[1]: *** [CMakeFiles/Makefile2:80: CMakeFiles/state-estimation.dir/all] Error 2
[10.087s] make: *** [Makefile:141: all] Error 2
[10.090s] Invoked command in '/home/nakul/Desktop/bur/ros2_ws/src/2023-2024/build/state-estimation' returned '2': /usr/bin/cmake --build /home/nakul/Desktop/bur/ros2_ws/src/2023-2024/build/state-estimation -- -j8 -l8
