[ 40%] Built target ESKF
[35m[1mScanning dependencies of target state-estimation[0m
[ 60%] [32mBuilding CXX object CMakeFiles/state-estimation.dir/src/eskf.cpp.o[0m
[ 80%] [32mBuilding CXX object CMakeFiles/state-estimation.dir/src/Node.cpp.o[0m
In file included from [01m[K/home/nakul/Desktop/bur/ros2_ws/src/2023-2024/state-estimation/src/eskf.cpp:1[m[K:
[01m[K/home/nakul/Desktop/bur/ros2_ws/src/2023-2024/state-estimation/include/eskf/Node.hpp:5:10:[m[K [01;31m[Kfatal error: [m[Ksensor_msgs/msg/Imu.h: No such file or directory
    5 | #include [01;31m[K<sensor_msgs/msg/Imu.h>[m[K
      |          [01;31m[K^~~~~~~~~~~~~~~~~~~~~~~[m[K
compilation terminated.
In file included from [01m[K/home/nakul/Desktop/bur/ros2_ws/src/2023-2024/state-estimation/src/Node.cpp:1[m[K:
[01m[K/home/nakul/Desktop/bur/ros2_ws/src/2023-2024/state-estimation/include/eskf/Node.hpp:5:10:[m[K [01;31m[Kfatal error: [m[Ksensor_msgs/msg/Imu.h: No such file or directory
    5 | #include [01;31m[K<sensor_msgs/msg/Imu.h>[m[K
      |          [01;31m[K^~~~~~~~~~~~~~~~~~~~~~~[m[K
compilation terminated.
make[2]: *** [CMakeFiles/state-estimation.dir/build.make:63: CMakeFiles/state-estimation.dir/src/eskf.cpp.o] Error 1
make[2]: *** Waiting for unfinished jobs....
make[2]: *** [CMakeFiles/state-estimation.dir/build.make:76: CMakeFiles/state-estimation.dir/src/Node.cpp.o] Error 1
make[1]: *** [CMakeFiles/Makefile2:80: CMakeFiles/state-estimation.dir/all] Error 2
make: *** [Makefile:141: all] Error 2
