[0.207s] Invoking command in '/home/nakul/Desktop/bur/ros2_ws/src/2023-2024/state-estimation/build/state-estimation': /usr/bin/cmake --build /home/nakul/Desktop/bur/ros2_ws/src/2023-2024/state-estimation/build/state-estimation -- -j8 -l8
[0.274s] [ 40%] Built target ESKF
[0.329s] [ 80%] [32mBuilding CXX object CMakeFiles/state-estimation.dir/src/eskf.cpp.o[0m
[0.329s] [ 80%] [32mBuilding CXX object CMakeFiles/state-estimation.dir/src/Node.cpp.o[0m
[2.785s] In file included from [01m[K/home/nakul/Desktop/bur/ros2_ws/src/2023-2024/state-estimation/src/eskf.cpp:1[m[K:
[2.786s] [01m[K/home/nakul/Desktop/bur/ros2_ws/src/2023-2024/state-estimation/include/eskf/Node.hpp:29:33:[m[K [01;31m[Kerror: [m[Kâ€˜[01m[KOdometry[m[Kâ€™ is not a member of â€˜[01m[Knav_msgs[m[Kâ€™; did you mean â€˜[01m[Knav_msgs::msg::Odometry[m[Kâ€™?
[2.786s]    29 |     rclcpp::Publisher<nav_msgs::[01;31m[KOdometry[m[K>::SharedPtr pubPose;
[2.786s]       |                                 [01;31m[K^~~~~~~~[m[K
[2.786s] In file included from [01m[K/opt/ros/foxy/include/nav_msgs/msg/odometry.hpp:7[m[K,
[2.786s]                  from [01m[K/home/nakul/Desktop/bur/ros2_ws/src/2023-2024/state-estimation/include/eskf/Node.hpp:8[m[K,
[2.786s]                  from [01m[K/home/nakul/Desktop/bur/ros2_ws/src/2023-2024/state-estimation/src/eskf.cpp:1[m[K:
[2.787s] [01m[K/opt/ros/foxy/include/nav_msgs/msg/detail/odometry__struct.hpp:171:7:[m[K [01;36m[Knote: [m[Kâ€˜[01m[Knav_msgs::msg::Odometry[m[Kâ€™ declared here
[2.787s]   171 | using [01;36m[KOdometry[m[K =
[2.787s]       |       [01;36m[K^~~~~~~~[m[K
[2.787s] In file included from [01m[K/home/nakul/Desktop/bur/ros2_ws/src/2023-2024/state-estimation/src/eskf.cpp:1[m[K:
[2.788s] [01m[K/home/nakul/Desktop/bur/ros2_ws/src/2023-2024/state-estimation/include/eskf/Node.hpp:29:33:[m[K [01;31m[Kerror: [m[Kâ€˜[01m[KOdometry[m[Kâ€™ is not a member of â€˜[01m[Knav_msgs[m[Kâ€™; did you mean â€˜[01m[Knav_msgs::msg::Odometry[m[Kâ€™?
[2.788s]    29 |     rclcpp::Publisher<nav_msgs::[01;31m[KOdometry[m[K>::SharedPtr pubPose;
[2.788s]       |                                 [01;31m[K^~~~~~~~[m[K
[2.788s] In file included from [01m[K/opt/ros/foxy/include/nav_msgs/msg/odometry.hpp:7[m[K,
[2.789s]                  from [01m[K/home/nakul/Desktop/bur/ros2_ws/src/2023-2024/state-estimation/include/eskf/Node.hpp:8[m[K,
[2.789s]                  from [01m[K/home/nakul/Desktop/bur/ros2_ws/src/2023-2024/state-estimation/src/eskf.cpp:1[m[K:
[2.789s] [01m[K/opt/ros/foxy/include/nav_msgs/msg/detail/odometry__struct.hpp:171:7:[m[K [01;36m[Knote: [m[Kâ€˜[01m[Knav_msgs::msg::Odometry[m[Kâ€™ declared here
[2.789s]   171 | using [01;36m[KOdometry[m[K =
[2.789s]       |       [01;36m[K^~~~~~~~[m[K
[2.789s] In file included from [01m[K/home/nakul/Desktop/bur/ros2_ws/src/2023-2024/state-estimation/src/eskf.cpp:1[m[K:
[2.789s] [01m[K/home/nakul/Desktop/bur/ros2_ws/src/2023-2024/state-estimation/include/eskf/Node.hpp:29:41:[m[K [01;31m[Kerror: [m[Ktemplate argument 1 is invalid
[2.790s]    29 |     rclcpp::Publisher<nav_msgs::Odometry[01;31m[K>[m[K::SharedPtr pubPose;
[2.790s]       |                                         [01;31m[K^[m[K
[2.790s] [01m[K/home/nakul/Desktop/bur/ros2_ws/src/2023-2024/state-estimation/include/eskf/Node.hpp:29:44:[m[K [01;31m[Kerror: [m[Kexpected â€˜[01m[K;[m[Kâ€™ at end of member declaration
[2.790s]    29 |     rclcpp::Publisher<nav_msgs::Odometry>::[01;31m[KSharedPtr[m[K pubPose;
[2.790s]       |                                            [01;31m[K^~~~~~~~~[m[K
[2.790s]       |                                                     [32m[K;[m[K
[2.791s] In file included from [01m[K/home/nakul/Desktop/bur/ros2_ws/src/2023-2024/state-estimation/src/Node.cpp:1[m[K:
[2.791s] [01m[K/home/nakul/Desktop/bur/ros2_ws/src/2023-2024/state-estimation/include/eskf/Node.hpp:29:33:[m[K [01;31m[Kerror: [m[Kâ€˜[01m[KOdometry[m[Kâ€™ is not a member of â€˜[01m[Knav_msgs[m[Kâ€™; did you mean â€˜[01m[Knav_msgs::msg::Odometry[m[Kâ€™?
[2.791s]    29 |     rclcpp::Publisher<nav_msgs::[01;31m[KOdometry[m[K>::SharedPtr pubPose;
[2.792s]       |                                 [01;31m[K^~~~~~~~[m[K
[2.792s] In file included from [01m[K/opt/ros/foxy/include/nav_msgs/msg/odometry.hpp:7[m[K,
[2.792s]                  from [01m[K/home/nakul/Desktop/bur/ros2_ws/src/2023-2024/state-estimation/include/eskf/Node.hpp:8[m[K,
[2.792s]                  from [01m[K/home/nakul/Desktop/bur/ros2_ws/src/2023-2024/state-estimation/src/Node.cpp:1[m[K:
[2.793s] [01m[K/opt/ros/foxy/include/nav_msgs/msg/detail/odometry__struct.hpp:171:7:[m[K [01;36m[Knote: [m[Kâ€˜[01m[Knav_msgs::msg::Odometry[m[Kâ€™ declared here
[2.793s]   171 | using [01;36m[KOdometry[m[K =
[2.793s]       |       [01;36m[K^~~~~~~~[m[K
[2.794s] [01m[K/home/nakul/Desktop/bur/ros2_ws/src/2023-2024/state-estimation/include/eskf/Node.hpp:29:54:[m[K [01;31m[Kerror: [m[Kâ€˜[01m[KpubPose[m[Kâ€™ does not name a type
[2.794s]    29 |     rclcpp::Publisher<nav_msgs::Odometry>::SharedPtr [01;31m[KpubPose[m[K;
[2.794s]       |                                                      [01;31m[K^~~~~~~[m[K
[2.795s] In file included from [01m[K/home/nakul/Desktop/bur/ros2_ws/src/2023-2024/state-estimation/src/Node.cpp:1[m[K:
[2.795s] [01m[K/home/nakul/Desktop/bur/ros2_ws/src/2023-2024/state-estimation/include/eskf/Node.hpp:29:33:[m[K [01;31m[Kerror: [m[Kâ€˜[01m[KOdometry[m[Kâ€™ is not a member of â€˜[01m[Knav_msgs[m[Kâ€™; did you mean â€˜[01m[Knav_msgs::msg::Odometry[m[Kâ€™?
[2.795s]    29 |     rclcpp::Publisher<nav_msgs::[01;31m[KOdometry[m[K>::SharedPtr pubPose;
[2.795s]       |                                 [01;31m[K^~~~~~~~[m[K
[2.795s] In file included from [01m[K/opt/ros/foxy/include/nav_msgs/msg/odometry.hpp:7[m[K,
[2.795s]                  from [01m[K/home/nakul/Desktop/bur/ros2_ws/src/2023-2024/state-estimation/include/eskf/Node.hpp:8[m[K,
[2.795s]                  from [01m[K/home/nakul/Desktop/bur/ros2_ws/src/2023-2024/state-estimation/src/Node.cpp:1[m[K:
[2.796s] [01m[K/opt/ros/foxy/include/nav_msgs/msg/detail/odometry__struct.hpp:171:7:[m[K [01;36m[Knote: [m[Kâ€˜[01m[Knav_msgs::msg::Odometry[m[Kâ€™ declared here
[2.796s]   171 | using [01;36m[KOdometry[m[K =
[2.796s]       |       [01;36m[K^~~~~~~~[m[K
[2.796s] In file included from [01m[K/home/nakul/Desktop/bur/ros2_ws/src/2023-2024/state-estimation/src/Node.cpp:1[m[K:
[2.796s] [01m[K/home/nakul/Desktop/bur/ros2_ws/src/2023-2024/state-estimation/include/eskf/Node.hpp:29:41:[m[K [01;31m[Kerror: [m[Ktemplate argument 1 is invalid
[2.797s]    29 |     rclcpp::Publisher<nav_msgs::Odometry[01;31m[K>[m[K::SharedPtr pubPose;
[2.797s]       |                                         [01;31m[K^[m[K
[2.797s] [01m[K/home/nakul/Desktop/bur/ros2_ws/src/2023-2024/state-estimation/include/eskf/Node.hpp:29:44:[m[K [01;31m[Kerror: [m[Kexpected â€˜[01m[K;[m[Kâ€™ at end of member declaration
[2.797s]    29 |     rclcpp::Publisher<nav_msgs::Odometry>::[01;31m[KSharedPtr[m[K pubPose;
[2.797s]       |                                            [01;31m[K^~~~~~~~~[m[K
[2.797s]       |                                                     [32m[K;[m[K
[2.798s] [01m[K/home/nakul/Desktop/bur/ros2_ws/src/2023-2024/state-estimation/include/eskf/Node.hpp:32:39:[m[K [01;31m[Kerror: [m[Kâ€˜[01m[KImu[m[Kâ€™ is not a member of â€˜[01m[Ksensor_msgs[m[Kâ€™; did you mean â€˜[01m[Ksensor_msgs::msg::Imu[m[Kâ€™?
[2.798s]    32 |     rclcpp::Subscription<sensor_msgs::[01;31m[KImu[m[K>::SharedPtr subImu_;
[2.798s]       |                                       [01;31m[K^~~[m[K
[2.798s] In file included from [01m[K/opt/ros/foxy/include/sensor_msgs/msg/imu.hpp:7[m[K,
[2.798s]                  from [01m[K/home/nakul/Desktop/bur/ros2_ws/src/2023-2024/state-estimation/include/eskf/Node.hpp:5[m[K,
[2.798s]                  from [01m[K/home/nakul/Desktop/bur/ros2_ws/src/2023-2024/state-estimation/src/eskf.cpp:1[m[K:
[2.798s] [01m[K/opt/ros/foxy/include/sensor_msgs/msg/detail/imu__struct.hpp:216:7:[m[K [01;36m[Knote: [m[Kâ€˜[01m[Ksensor_msgs::msg::Imu[m[Kâ€™ declared here
[2.798s]   216 | using [01;36m[KImu[m[K =
[2.798s]       |       [01;36m[K^~~[m[K
[2.798s] In file included from [01m[K/home/nakul/Desktop/bur/ros2_ws/src/2023-2024/state-estimation/src/eskf.cpp:1[m[K:
[2.798s] [01m[K/home/nakul/Desktop/bur/ros2_ws/src/2023-2024/state-estimation/include/eskf/Node.hpp:32:39:[m[K [01;31m[Kerror: [m[Kâ€˜[01m[KImu[m[Kâ€™ is not a member of â€˜[01m[Ksensor_msgs[m[Kâ€™; did you mean â€˜[01m[Ksensor_msgs::msg::Imu[m[Kâ€™?
[2.798s]    32 |     rclcpp::Subscription<sensor_msgs::[01;31m[KImu[m[K>::SharedPtr subImu_;
[2.799s]       |                                       [01;31m[K^~~[m[K
[2.799s] In file included from [01m[K/opt/ros/foxy/include/sensor_msgs/msg/imu.hpp:7[m[K,
[2.799s]                  from [01m[K/home/nakul/Desktop/bur/ros2_ws/src/2023-2024/state-estimation/include/eskf/Node.hpp:5[m[K,
[2.799s]                  from [01m[K/home/nakul/Desktop/bur/ros2_ws/src/2023-2024/state-estimation/src/eskf.cpp:1[m[K:
[2.799s] [01m[K/opt/ros/foxy/include/sensor_msgs/msg/detail/imu__struct.hpp:216:7:[m[K [01;36m[Knote: [m[Kâ€˜[01m[Ksensor_msgs::msg::Imu[m[Kâ€™ declared here
[2.799s]   216 | using [01;36m[KImu[m[K =
[2.799s]       |       [01;36m[K^~~[m[K
[2.799s] In file included from [01m[K/home/nakul/Desktop/bur/ros2_ws/src/2023-2024/state-estimation/src/eskf.cpp:1[m[K:
[2.799s] [01m[K/home/nakul/Desktop/bur/ros2_ws/src/2023-2024/state-estimation/include/eskf/Node.hpp:32:42:[m[K [01;31m[Kerror: [m[Ktemplate argument 1 is invalid
[2.799s]    32 |     rclcpp::Subscription<sensor_msgs::Imu[01;31m[K>[m[K::SharedPtr subImu_;
[2.799s]       |                                          [01;31m[K^[m[K
[2.800s] [01m[K/home/nakul/Desktop/bur/ros2_ws/src/2023-2024/state-estimation/include/eskf/Node.hpp:32:42:[m[K [01;31m[Kerror: [m[Ktemplate argument 3 is invalid
[2.800s] [01m[K/home/nakul/Desktop/bur/ros2_ws/src/2023-2024/state-estimation/include/eskf/Node.hpp:32:45:[m[K [01;31m[Kerror: [m[Kexpected â€˜[01m[K;[m[Kâ€™ at end of member declaration
[2.800s]    32 |     rclcpp::Subscription<sensor_msgs::Imu>::[01;31m[KSharedPtr[m[K subImu_;
[2.800s]       |                                             [01;31m[K^~~~~~~~~[m[K
[2.800s]       |                                                      [32m[K;[m[K
[2.800s] [01m[K/home/nakul/Desktop/bur/ros2_ws/src/2023-2024/state-estimation/include/eskf/Node.hpp:32:45:[m[K [01;31m[Kerror: [m[Kredeclaration of â€˜[01m[Kint eskf::Node::SharedPtr[m[Kâ€™
[2.800s] [01m[K/home/nakul/Desktop/bur/ros2_ws/src/2023-2024/state-estimation/include/eskf/Node.hpp:29:44:[m[K [01;36m[Knote: [m[Kprevious declaration â€˜[01m[Kint eskf::Node::SharedPtr[m[Kâ€™
[2.800s]    29 |     rclcpp::Publisher<nav_msgs::Odometry>::[01;36m[KSharedPtr[m[K pubPose;
[2.800s]       |                                            [01;36m[K^~~~~~~~~[m[K
[2.800s] [01m[K/home/nakul/Desktop/bur/ros2_ws/src/2023-2024/state-estimation/include/eskf/Node.hpp:29:54:[m[K [01;31m[Kerror: [m[Kâ€˜[01m[KpubPose[m[Kâ€™ does not name a type
[2.800s]    29 |     rclcpp::Publisher<nav_msgs::Odometry>::SharedPtr [01;31m[KpubPose[m[K;
[2.801s]       |                                                      [01;31m[K^~~~~~~[m[K
[2.801s] [01m[K/home/nakul/Desktop/bur/ros2_ws/src/2023-2024/state-estimation/include/eskf/Node.hpp:32:55:[m[K [01;31m[Kerror: [m[Kâ€˜[01m[KsubImu_[m[Kâ€™ does not name a type
[2.801s]    32 |     rclcpp::Subscription<sensor_msgs::Imu>::SharedPtr [01;31m[KsubImu_[m[K;
[2.801s]       |                                                       [01;31m[K^~~~~~~[m[K
[2.801s] [01m[K/home/nakul/Desktop/bur/ros2_ws/src/2023-2024/state-estimation/include/eskf/Node.hpp:32:39:[m[K [01;31m[Kerror: [m[Kâ€˜[01m[KImu[m[Kâ€™ is not a member of â€˜[01m[Ksensor_msgs[m[Kâ€™; did you mean â€˜[01m[Ksensor_msgs::msg::Imu[m[Kâ€™?
[2.801s]    32 |     rclcpp::Subscription<sensor_msgs::[01;31m[KImu[m[K>::SharedPtr subImu_;
[2.801s]       |                                       [01;31m[K^~~[m[K
[2.801s] In file included from [01m[K/opt/ros/foxy/include/sensor_msgs/msg/imu.hpp:7[m[K,
[2.801s]                  from [01m[K/home/nakul/Desktop/bur/ros2_ws/src/2023-2024/state-estimation/include/eskf/Node.hpp:5[m[K,
[2.801s]                  from [01m[K/home/nakul/Desktop/bur/ros2_ws/src/2023-2024/state-estimation/src/Node.cpp:1[m[K:
[2.802s] [01m[K/opt/ros/foxy/include/sensor_msgs/msg/detail/imu__struct.hpp:216:7:[m[K [01;36m[Knote: [m[Kâ€˜[01m[Ksensor_msgs::msg::Imu[m[Kâ€™ declared here
[2.802s]   216 | using [01;36m[KImu[m[K =
[2.802s]       |       [01;36m[K^~~[m[K
[2.802s] In file included from [01m[K/home/nakul/Desktop/bur/ros2_ws/src/2023-2024/state-estimation/src/Node.cpp:1[m[K:
[2.802s] [01m[K/home/nakul/Desktop/bur/ros2_ws/src/2023-2024/state-estimation/include/eskf/Node.hpp:32:39:[m[K [01;31m[Kerror: [m[Kâ€˜[01m[KImu[m[Kâ€™ is not a member of â€˜[01m[Ksensor_msgs[m[Kâ€™; did you mean â€˜[01m[Ksensor_msgs::msg::Imu[m[Kâ€™?
[2.802s]    32 |     rclcpp::Subscription<sensor_msgs::[01;31m[KImu[m[K>::SharedPtr subImu_;
[2.802s]       |                                       [01;31m[K^~~[m[K
[2.802s] In file included from [01m[K/opt/ros/foxy/include/sensor_msgs/msg/imu.hpp:7[m[K,
[2.802s]                  from [01m[K/home/nakul/Desktop/bur/ros2_ws/src/2023-2024/state-estimation/include/eskf/Node.hpp:5[m[K,
[2.803s]                  from [01m[K/home/nakul/Desktop/bur/ros2_ws/src/2023-2024/state-estimation/src/Node.cpp:1[m[K:
[2.803s] [01m[K/opt/ros/foxy/include/sensor_msgs/msg/detail/imu__struct.hpp:216:7:[m[K [01;36m[Knote: [m[Kâ€˜[01m[Ksensor_msgs::msg::Imu[m[Kâ€™ declared here
[2.803s]   216 | using [01;36m[KImu[m[K =
[2.803s]       |       [01;36m[K^~~[m[K
[2.803s] In file included from [01m[K/home/nakul/Desktop/bur/ros2_ws/src/2023-2024/state-estimation/src/Node.cpp:1[m[K:
[2.803s] [01m[K/home/nakul/Desktop/bur/ros2_ws/src/2023-2024/state-estimation/include/eskf/Node.hpp:32:42:[m[K [01;31m[Kerror: [m[Ktemplate argument 1 is invalid
[2.803s]    32 |     rclcpp::Subscription<sensor_msgs::Imu[01;31m[K>[m[K::SharedPtr subImu_;
[2.803s]       |                                          [01;31m[K^[m[K
[2.803s] [01m[K/home/nakul/Desktop/bur/ros2_ws/src/2023-2024/state-estimation/include/eskf/Node.hpp:33:41:[m[K [01;31m[Kerror: [m[Kâ€˜[01m[KPoseWithCovarianceStamped[m[Kâ€™ is not a member of â€˜[01m[Kgeometry_msgs[m[Kâ€™; did you mean â€˜[01m[Kgeometry_msgs::msg::PoseWithCovarianceStamped[m[Kâ€™?
[2.804s]    33 |     rclcpp::Subscription<geometry_msgs::[01;31m[KPoseWithCovarianceStamped[m[K>::SharedPtr subVisionPose_;
[2.804s]       |                                         [01;31m[K^~~~~~~~~~~~~~~~~~~~~~~~~[m[K
[2.804s] [01m[K/home/nakul/Desktop/bur/ros2_ws/src/2023-2024/state-estimation/include/eskf/Node.hpp:32:42:[m[K [01;31m[Kerror: [m[Ktemplate argument 3 is invalid
[2.804s] [01m[K/home/nakul/Desktop/bur/ros2_ws/src/2023-2024/state-estimation/include/eskf/Node.hpp:32:45:[m[K [01;31m[Kerror: [m[Kexpected â€˜[01m[K;[m[Kâ€™ at end of member declaration
[2.804s]    32 |     rclcpp::Subscription<sensor_msgs::Imu>::[01;31m[KSharedPtr[m[K subImu_;
[2.804s]       |                                             [01;31m[K^~~~~~~~~[m[K
[2.804s]       |                                                      [32m[K;[m[K
[2.804s] [01m[K/home/nakul/Desktop/bur/ros2_ws/src/2023-2024/state-estimation/include/eskf/Node.hpp:32:45:[m[K [01;31m[Kerror: [m[Kredeclaration of â€˜[01m[Kint eskf::Node::SharedPtr[m[Kâ€™
[2.804s] [01m[K/home/nakul/Desktop/bur/ros2_ws/src/2023-2024/state-estimation/include/eskf/Node.hpp:29:44:[m[K [01;36m[Knote: [m[Kprevious declaration â€˜[01m[Kint eskf::Node::SharedPtr[m[Kâ€™
[2.805s]    29 |     rclcpp::Publisher<nav_msgs::Odometry>::[01;36m[KSharedPtr[m[K pubPose;
[2.805s]       |                                            [01;36m[K^~~~~~~~~[m[K
[2.805s] In file included from [01m[K/opt/ros/foxy/include/geometry_msgs/msg/pose_with_covariance_stamped.hpp:7[m[K,
[2.805s]                  from [01m[K/home/nakul/Desktop/bur/ros2_ws/src/2023-2024/state-estimation/include/eskf/Node.hpp:10[m[K,
[2.805s]                  from [01m[K/home/nakul/Desktop/bur/ros2_ws/src/2023-2024/state-estimation/src/eskf.cpp:1[m[K:
[2.805s] [01m[K/opt/ros/foxy/include/geometry_msgs/msg/detail/pose_with_covariance_stamped__struct.hpp:134:7:[m[K [01;36m[Knote: [m[Kâ€˜[01m[Kgeometry_msgs::msg::PoseWithCovarianceStamped[m[Kâ€™ declared here
[2.805s]   134 | using [01;36m[KPoseWithCovarianceStamped[m[K =
[2.805s]       |       [01;36m[K^~~~~~~~~~~~~~~~~~~~~~~~~[m[K
[2.805s] In file included from [01m[K/home/nakul/Desktop/bur/ros2_ws/src/2023-2024/state-estimation/src/eskf.cpp:1[m[K:
[2.805s] [01m[K/home/nakul/Desktop/bur/ros2_ws/src/2023-2024/state-estimation/include/eskf/Node.hpp:33:41:[m[K [01;31m[Kerror: [m[Kâ€˜[01m[KPoseWithCovarianceStamped[m[Kâ€™ is not a member of â€˜[01m[Kgeometry_msgs[m[Kâ€™; did you mean â€˜[01m[Kgeometry_msgs::msg::PoseWithCovarianceStamped[m[Kâ€™?
[2.805s]    33 |     rclcpp::Subscription<geometry_msgs::[01;31m[KPoseWithCovarianceStamped[m[K>::SharedPtr subVisionPose_;
[2.805s]       |                                         [01;31m[K^~~~~~~~~~~~~~~~~~~~~~~~~[m[K
[2.806s] In file included from [01m[K/opt/ros/foxy/include/geometry_msgs/msg/pose_with_covariance_stamped.hpp:7[m[K,
[2.806s]                  from [01m[K/home/nakul/Desktop/bur/ros2_ws/src/2023-2024/state-estimation/include/eskf/Node.hpp:10[m[K,
[2.806s]                  from [01m[K/home/nakul/Desktop/bur/ros2_ws/src/2023-2024/state-estimation/src/eskf.cpp:1[m[K:
[2.806s] [01m[K/opt/ros/foxy/include/geometry_msgs/msg/detail/pose_with_covariance_stamped__struct.hpp:134:7:[m[K [01;36m[Knote: [m[Kâ€˜[01m[Kgeometry_msgs::msg::PoseWithCovarianceStamped[m[Kâ€™ declared here
[2.806s]   134 | using [01;36m[KPoseWithCovarianceStamped[m[K =
[2.806s]       |       [01;36m[K^~~~~~~~~~~~~~~~~~~~~~~~~[m[K
[2.806s] In file included from [01m[K/home/nakul/Desktop/bur/ros2_ws/src/2023-2024/state-estimation/src/eskf.cpp:1[m[K:
[2.806s] [01m[K/home/nakul/Desktop/bur/ros2_ws/src/2023-2024/state-estimation/include/eskf/Node.hpp:33:66:[m[K [01;31m[Kerror: [m[Ktemplate argument 1 is invalid
[2.806s]    33 |     rclcpp::Subscription<geometry_msgs::PoseWithCovarianceStamped[01;31m[K>[m[K::SharedPtr subVisionPose_;
[2.806s]       |                                                                  [01;31m[K^[m[K
[2.806s] [01m[K/home/nakul/Desktop/bur/ros2_ws/src/2023-2024/state-estimation/include/eskf/Node.hpp:33:66:[m[K [01;31m[Kerror: [m[Ktemplate argument 3 is invalid
[2.806s] [01m[K/home/nakul/Desktop/bur/ros2_ws/src/2023-2024/state-estimation/include/eskf/Node.hpp:33:69:[m[K [01;31m[Kerror: [m[Kexpected â€˜[01m[K;[m[Kâ€™ at end of member declaration
[2.807s]    33 |     rclcpp::Subscription<geometry_msgs::PoseWithCovarianceStamped>::[01;31m[KSharedPtr[m[K subVisionPose_;
[2.807s]       |                                                                     [01;31m[K^~~~~~~~~[m[K
[2.807s]       |                                                                              [32m[K;[m[K
[2.807s] [01m[K/home/nakul/Desktop/bur/ros2_ws/src/2023-2024/state-estimation/include/eskf/Node.hpp:33:69:[m[K [01;31m[Kerror: [m[Kredeclaration of â€˜[01m[Kint eskf::Node::SharedPtr[m[Kâ€™
[2.807s] [01m[K/home/nakul/Desktop/bur/ros2_ws/src/2023-2024/state-estimation/include/eskf/Node.hpp:29:44:[m[K [01;36m[Knote: [m[Kprevious declaration â€˜[01m[Kint eskf::Node::SharedPtr[m[Kâ€™
[2.807s]    29 |     rclcpp::Publisher<nav_msgs::Odometry>::[01;36m[KSharedPtr[m[K pubPose;
[2.807s]       |                                            [01;36m[K^~~~~~~~~[m[K
[2.807s] [01m[K/home/nakul/Desktop/bur/ros2_ws/src/2023-2024/state-estimation/include/eskf/Node.hpp:32:55:[m[K [01;31m[Kerror: [m[Kâ€˜[01m[KsubImu_[m[Kâ€™ does not name a type
[2.807s]    32 |     rclcpp::Subscription<sensor_msgs::Imu>::SharedPtr [01;31m[KsubImu_[m[K;
[2.807s]       |                                                       [01;31m[K^~~~~~~[m[K
[2.807s] [01m[K/home/nakul/Desktop/bur/ros2_ws/src/2023-2024/state-estimation/include/eskf/Node.hpp:33:41:[m[K [01;31m[Kerror: [m[Kâ€˜[01m[KPoseWithCovarianceStamped[m[Kâ€™ is not a member of â€˜[01m[Kgeometry_msgs[m[Kâ€™; did you mean â€˜[01m[Kgeometry_msgs::msg::PoseWithCovarianceStamped[m[Kâ€™?
[2.807s]    33 |     rclcpp::Subscription<geometry_msgs::[01;31m[KPoseWithCovarianceStamped[m[K>::SharedPtr subVisionPose_;
[2.807s]       |                                         [01;31m[K^~~~~~~~~~~~~~~~~~~~~~~~~[m[K
[2.808s] In file included from [01m[K/opt/ros/foxy/include/geometry_msgs/msg/pose_with_covariance_stamped.hpp:7[m[K,
[2.808s]                  from [01m[K/home/nakul/Desktop/bur/ros2_ws/src/2023-2024/state-estimation/include/eskf/Node.hpp:10[m[K,
[2.808s]                  from [01m[K/home/nakul/Desktop/bur/ros2_ws/src/2023-2024/state-estimation/src/Node.cpp:1[m[K:
[2.808s] [01m[K/opt/ros/foxy/include/geometry_msgs/msg/detail/pose_with_covariance_stamped__struct.hpp:134:7:[m[K [01;36m[Knote: [m[Kâ€˜[01m[Kgeometry_msgs::msg::PoseWithCovarianceStamped[m[Kâ€™ declared here
[2.808s]   134 | using [01;36m[KPoseWithCovarianceStamped[m[K =
[2.808s]       |       [01;36m[K^~~~~~~~~~~~~~~~~~~~~~~~~[m[K
[2.808s] In file included from [01m[K/home/nakul/Desktop/bur/ros2_ws/src/2023-2024/state-estimation/src/Node.cpp:1[m[K:
[2.808s] [01m[K/home/nakul/Desktop/bur/ros2_ws/src/2023-2024/state-estimation/include/eskf/Node.hpp:33:41:[m[K [01;31m[Kerror: [m[Kâ€˜[01m[KPoseWithCovarianceStamped[m[Kâ€™ is not a member of â€˜[01m[Kgeometry_msgs[m[Kâ€™; did you mean â€˜[01m[Kgeometry_msgs::msg::PoseWithCovarianceStamped[m[Kâ€™?
[2.808s]    33 |     rclcpp::Subscription<geometry_msgs::[01;31m[KPoseWithCovarianceStamped[m[K>::SharedPtr subVisionPose_;
[2.808s]       |                                         [01;31m[K^~~~~~~~~~~~~~~~~~~~~~~~~[m[K
[2.809s] In file included from [01m[K/opt/ros/foxy/include/geometry_msgs/msg/pose_with_covariance_stamped.hpp:7[m[K,
[2.809s]                  from [01m[K/home/nakul/Desktop/bur/ros2_ws/src/2023-2024/state-estimation/include/eskf/Node.hpp:10[m[K,
[2.809s]                  from [01m[K/home/nakul/Desktop/bur/ros2_ws/src/2023-2024/state-estimation/src/Node.cpp:1[m[K:
[2.809s] [01m[K/opt/ros/foxy/include/geometry_msgs/msg/detail/pose_with_covariance_stamped__struct.hpp:134:7:[m[K [01;36m[Knote: [m[Kâ€˜[01m[Kgeometry_msgs::msg::PoseWithCovarianceStamped[m[Kâ€™ declared here
[2.809s]   134 | using [01;36m[KPoseWithCovarianceStamped[m[K =
[2.809s]       |       [01;36m[K^~~~~~~~~~~~~~~~~~~~~~~~~[m[K
[2.809s] In file included from [01m[K/home/nakul/Desktop/bur/ros2_ws/src/2023-2024/state-estimation/src/Node.cpp:1[m[K:
[2.809s] [01m[K/home/nakul/Desktop/bur/ros2_ws/src/2023-2024/state-estimation/include/eskf/Node.hpp:33:66:[m[K [01;31m[Kerror: [m[Ktemplate argument 1 is invalid
[2.809s]    33 |     rclcpp::Subscription<geometry_msgs::PoseWithCovarianceStamped[01;31m[K>[m[K::SharedPtr subVisionPose_;
[2.809s]       |                                                                  [01;31m[K^[m[K
[2.809s] [01m[K/home/nakul/Desktop/bur/ros2_ws/src/2023-2024/state-estimation/include/eskf/Node.hpp:33:66:[m[K [01;31m[Kerror: [m[Ktemplate argument 3 is invalid
[2.809s] [01m[K/home/nakul/Desktop/bur/ros2_ws/src/2023-2024/state-estimation/include/eskf/Node.hpp:33:69:[m[K [01;31m[Kerror: [m[Kexpected â€˜[01m[K;[m[Kâ€™ at end of member declaration
[2.809s]    33 |     rclcpp::Subscription<geometry_msgs::PoseWithCovarianceStamped>::[01;31m[KSharedPtr[m[K subVisionPose_;
[2.810s]       |                                                                     [01;31m[K^~~~~~~~~[m[K
[2.810s]       |                                                                              [32m[K;[m[K
[2.810s] [01m[K/home/nakul/Desktop/bur/ros2_ws/src/2023-2024/state-estimation/include/eskf/Node.hpp:33:69:[m[K [01;31m[Kerror: [m[Kredeclaration of â€˜[01m[Kint eskf::Node::SharedPtr[m[Kâ€™
[2.810s] [01m[K/home/nakul/Desktop/bur/ros2_ws/src/2023-2024/state-estimation/include/eskf/Node.hpp:29:44:[m[K [01;36m[Knote: [m[Kprevious declaration â€˜[01m[Kint eskf::Node::SharedPtr[m[Kâ€™
[2.810s]    29 |     rclcpp::Publisher<nav_msgs::Odometry>::[01;36m[KSharedPtr[m[K pubPose;
[2.810s]       |                                            [01;36m[K^~~~~~~~~[m[K
[2.810s] [01m[K/home/nakul/Desktop/bur/ros2_ws/src/2023-2024/state-estimation/include/eskf/Node.hpp:33:79:[m[K [01;31m[Kerror: [m[Kâ€˜[01m[KsubVisionPose_[m[Kâ€™ does not name a type
[2.810s]    33 |     rclcpp::Subscription<geometry_msgs::PoseWithCovarianceStamped>::SharedPtr [01;31m[KsubVisionPose_[m[K;
[2.810s]       |                                                                               [01;31m[K^~~~~~~~~~~~~~[m[K
[2.810s] [01m[K/home/nakul/Desktop/bur/ros2_ws/src/2023-2024/state-estimation/include/eskf/Node.hpp:34:36:[m[K [01;31m[Kerror: [m[Kâ€˜[01m[KOdometry[m[Kâ€™ is not a member of â€˜[01m[Knav_msgs[m[Kâ€™; did you mean â€˜[01m[Knav_msgs::msg::Odometry[m[Kâ€™?
[2.810s]    34 |     rclcpp::Subscription<nav_msgs::[01;31m[KOdometry[m[K>::SharedPtr subGpsPose_;
[2.810s]       |                                    [01;31m[K^~~~~~~~[m[K
[2.811s] In file included from [01m[K/opt/ros/foxy/include/nav_msgs/msg/odometry.hpp:7[m[K,
[2.811s]                  from [01m[K/home/nakul/Desktop/bur/ros2_ws/src/2023-2024/state-estimation/include/eskf/Node.hpp:8[m[K,
[2.811s]                  from [01m[K/home/nakul/Desktop/bur/ros2_ws/src/2023-2024/state-estimation/src/eskf.cpp:1[m[K:
[2.811s] [01m[K/opt/ros/foxy/include/nav_msgs/msg/detail/odometry__struct.hpp:171:7:[m[K [01;36m[Knote: [m[Kâ€˜[01m[Knav_msgs::msg::Odometry[m[Kâ€™ declared here
[2.811s]   171 | using [01;36m[KOdometry[m[K =
[2.811s]       |       [01;36m[K^~~~~~~~[m[K
[2.811s] In file included from [01m[K/home/nakul/Desktop/bur/ros2_ws/src/2023-2024/state-estimation/src/eskf.cpp:1[m[K:
[2.811s] [01m[K/home/nakul/Desktop/bur/ros2_ws/src/2023-2024/state-estimation/include/eskf/Node.hpp:34:36:[m[K [01;31m[Kerror: [m[Kâ€˜[01m[KOdometry[m[Kâ€™ is not a member of â€˜[01m[Knav_msgs[m[Kâ€™; did you mean â€˜[01m[Knav_msgs::msg::Odometry[m[Kâ€™?
[2.811s]    34 |     rclcpp::Subscription<nav_msgs::[01;31m[KOdometry[m[K>::SharedPtr subGpsPose_;
[2.811s]       |                                    [01;31m[K^~~~~~~~[m[K
[2.811s] In file included from [01m[K/opt/ros/foxy/include/nav_msgs/msg/odometry.hpp:7[m[K,
[2.811s]                  from [01m[K/home/nakul/Desktop/bur/ros2_ws/src/2023-2024/state-estimation/include/eskf/Node.hpp:8[m[K,
[2.812s]                  from [01m[K/home/nakul/Desktop/bur/ros2_ws/src/2023-2024/state-estimation/src/eskf.cpp:1[m[K:
[2.812s] [01m[K/opt/ros/foxy/include/nav_msgs/msg/detail/odometry__struct.hpp:171:7:[m[K [01;36m[Knote: [m[Kâ€˜[01m[Knav_msgs::msg::Odometry[m[Kâ€™ declared here
[2.812s]   171 | using [01;36m[KOdometry[m[K =
[2.812s]       |       [01;36m[K^~~~~~~~[m[K
[2.812s] In file included from [01m[K/home/nakul/Desktop/bur/ros2_ws/src/2023-2024/state-estimation/src/eskf.cpp:1[m[K:
[2.812s] [01m[K/home/nakul/Desktop/bur/ros2_ws/src/2023-2024/state-estimation/include/eskf/Node.hpp:34:44:[m[K [01;31m[Kerror: [m[Ktemplate argument 1 is invalid
[2.812s]    34 |     rclcpp::Subscription<nav_msgs::Odometry[01;31m[K>[m[K::SharedPtr subGpsPose_;
[2.812s]       |                                            [01;31m[K^[m[K
[2.812s] [01m[K/home/nakul/Desktop/bur/ros2_ws/src/2023-2024/state-estimation/include/eskf/Node.hpp:34:44:[m[K [01;31m[Kerror: [m[Ktemplate argument 3 is invalid
[2.812s] [01m[K/home/nakul/Desktop/bur/ros2_ws/src/2023-2024/state-estimation/include/eskf/Node.hpp:34:47:[m[K [01;31m[Kerror: [m[Kexpected â€˜[01m[K;[m[Kâ€™ at end of member declaration
[2.813s]    34 |     rclcpp::Subscription<nav_msgs::Odometry>::[01;31m[KSharedPtr[m[K subGpsPose_;
[2.813s]       |                                               [01;31m[K^~~~~~~~~[m[K
[2.813s]       |                                                        [32m[K;[m[K
[2.813s] [01m[K/home/nakul/Desktop/bur/ros2_ws/src/2023-2024/state-estimation/include/eskf/Node.hpp:34:47:[m[K [01;31m[Kerror: [m[Kredeclaration of â€˜[01m[Kint eskf::Node::SharedPtr[m[Kâ€™
[2.813s] [01m[K/home/nakul/Desktop/bur/ros2_ws/src/2023-2024/state-estimation/include/eskf/Node.hpp:29:44:[m[K [01;36m[Knote: [m[Kprevious declaration â€˜[01m[Kint eskf::Node::SharedPtr[m[Kâ€™
[2.813s]    29 |     rclcpp::Publisher<nav_msgs::Odometry>::[01;36m[KSharedPtr[m[K pubPose;
[2.813s]       |                                            [01;36m[K^~~~~~~~~[m[K
[2.813s] [01m[K/home/nakul/Desktop/bur/ros2_ws/src/2023-2024/state-estimation/include/eskf/Node.hpp:33:79:[m[K [01;31m[Kerror: [m[Kâ€˜[01m[KsubVisionPose_[m[Kâ€™ does not name a type
[2.814s]    33 |     rclcpp::Subscription<geometry_msgs::PoseWithCovarianceStamped>::SharedPtr [01;31m[KsubVisionPose_[m[K;
[2.814s]       |                                                                               [01;31m[K^~~~~~~~~~~~~~[m[K
[2.814s] [01m[K/home/nakul/Desktop/bur/ros2_ws/src/2023-2024/state-estimation/include/eskf/Node.hpp:34:36:[m[K [01;31m[Kerror: [m[Kâ€˜[01m[KOdometry[m[Kâ€™ is not a member of â€˜[01m[Knav_msgs[m[Kâ€™; did you mean â€˜[01m[Knav_msgs::msg::Odometry[m[Kâ€™?
[2.814s]    34 |     rclcpp::Subscription<nav_msgs::[01;31m[KOdometry[m[K>::SharedPtr subGpsPose_;
[2.814s]       |                                    [01;31m[K^~~~~~~~[m[K
[2.814s] In file included from [01m[K/opt/ros/foxy/include/nav_msgs/msg/odometry.hpp:7[m[K,
[2.814s]                  from [01m[K/home/nakul/Desktop/bur/ros2_ws/src/2023-2024/state-estimation/include/eskf/Node.hpp:8[m[K,
[2.814s]                  from [01m[K/home/nakul/Desktop/bur/ros2_ws/src/2023-2024/state-estimation/src/Node.cpp:1[m[K:
[2.814s] [01m[K/opt/ros/foxy/include/nav_msgs/msg/detail/odometry__struct.hpp:171:7:[m[K [01;36m[Knote: [m[Kâ€˜[01m[Knav_msgs::msg::Odometry[m[Kâ€™ declared here
[2.814s]   171 | using [01;36m[KOdometry[m[K =
[2.814s]       |       [01;36m[K^~~~~~~~[m[K
[2.814s] In file included from [01m[K/home/nakul/Desktop/bur/ros2_ws/src/2023-2024/state-estimation/src/Node.cpp:1[m[K:
[2.814s] [01m[K/home/nakul/Desktop/bur/ros2_ws/src/2023-2024/state-estimation/include/eskf/Node.hpp:34:36:[m[K [01;31m[Kerror: [m[Kâ€˜[01m[KOdometry[m[Kâ€™ is not a member of â€˜[01m[Knav_msgs[m[Kâ€™; did you mean â€˜[01m[Knav_msgs::msg::Odometry[m[Kâ€™?
[2.815s]    34 |     rclcpp::Subscription<nav_msgs::[01;31m[KOdometry[m[K>::SharedPtr subGpsPose_;
[2.815s]       |                                    [01;31m[K^~~~~~~~[m[K
[2.815s] In file included from [01m[K/opt/ros/foxy/include/nav_msgs/msg/odometry.hpp:7[m[K,
[2.815s]                  from [01m[K/home/nakul/Desktop/bur/ros2_ws/src/2023-2024/state-estimation/include/eskf/Node.hpp:8[m[K,
[2.815s]                  from [01m[K/home/nakul/Desktop/bur/ros2_ws/src/2023-2024/state-estimation/src/Node.cpp:1[m[K:
[2.815s] [01m[K/opt/ros/foxy/include/nav_msgs/msg/detail/odometry__struct.hpp:171:7:[m[K [01;36m[Knote: [m[Kâ€˜[01m[Knav_msgs::msg::Odometry[m[Kâ€™ declared here
[2.815s]   171 | using [01;36m[KOdometry[m[K =
[2.815s]       |       [01;36m[K^~~~~~~~[m[K
[2.815s] In file included from [01m[K/home/nakul/Desktop/bur/ros2_ws/src/2023-2024/state-estimation/src/Node.cpp:1[m[K:
[2.815s] [01m[K/home/nakul/Desktop/bur/ros2_ws/src/2023-2024/state-estimation/include/eskf/Node.hpp:34:44:[m[K [01;31m[Kerror: [m[Ktemplate argument 1 is invalid
[2.815s]    34 |     rclcpp::Subscription<nav_msgs::Odometry[01;31m[K>[m[K::SharedPtr subGpsPose_;
[2.815s]       |                                            [01;31m[K^[m[K
[2.816s] [01m[K/home/nakul/Desktop/bur/ros2_ws/src/2023-2024/state-estimation/include/eskf/Node.hpp:34:44:[m[K [01;31m[Kerror: [m[Ktemplate argument 3 is invalid
[2.816s] [01m[K/home/nakul/Desktop/bur/ros2_ws/src/2023-2024/state-estimation/include/eskf/Node.hpp:34:47:[m[K [01;31m[Kerror: [m[Kexpected â€˜[01m[K;[m[Kâ€™ at end of member declaration
[2.816s]    34 |     rclcpp::Subscription<nav_msgs::Odometry>::[01;31m[KSharedPtr[m[K subGpsPose_;
[2.816s]       |                                               [01;31m[K^~~~~~~~~[m[K
[2.816s]       |                                                        [32m[K;[m[K
[2.816s] [01m[K/home/nakul/Desktop/bur/ros2_ws/src/2023-2024/state-estimation/include/eskf/Node.hpp:34:47:[m[K [01;31m[Kerror: [m[Kredeclaration of â€˜[01m[Kint eskf::Node::SharedPtr[m[Kâ€™
[2.816s] [01m[K/home/nakul/Desktop/bur/ros2_ws/src/2023-2024/state-estimation/include/eskf/Node.hpp:29:44:[m[K [01;36m[Knote: [m[Kprevious declaration â€˜[01m[Kint eskf::Node::SharedPtr[m[Kâ€™
[2.816s]    29 |     rclcpp::Publisher<nav_msgs::Odometry>::[01;36m[KSharedPtr[m[K pubPose;
[2.816s]       |                                            [01;36m[K^~~~~~~~~[m[K
[2.816s] [01m[K/home/nakul/Desktop/bur/ros2_ws/src/2023-2024/state-estimation/include/eskf/Node.hpp:34:57:[m[K [01;31m[Kerror: [m[Kâ€˜[01m[KsubGpsPose_[m[Kâ€™ does not name a type
[2.816s]    34 |     rclcpp::Subscription<nav_msgs::Odometry>::SharedPtr [01;31m[KsubGpsPose_[m[K;
[2.816s]       |                                                         [01;31m[K^~~~~~~~~~~[m[K
[2.817s] [01m[K/home/nakul/Desktop/bur/ros2_ws/src/2023-2024/state-estimation/include/eskf/Node.hpp:35:52:[m[K [01;31m[Kerror: [m[Ktemplate argument 1 is invalid
[2.817s]    35 |     rclcpp::Subscription<mavros_msgs:OpticalFlowRad[01;31m[K>[m[K::SharedPtr subOpticalFlowPose_;
[2.817s]       |                                                    [01;31m[K^[m[K
[2.817s] [01m[K/home/nakul/Desktop/bur/ros2_ws/src/2023-2024/state-estimation/include/eskf/Node.hpp:35:52:[m[K [01;31m[Kerror: [m[Ktemplate argument 3 is invalid
[2.817s] [01m[K/home/nakul/Desktop/bur/ros2_ws/src/2023-2024/state-estimation/include/eskf/Node.hpp:35:55:[m[K [01;31m[Kerror: [m[Kexpected â€˜[01m[K;[m[Kâ€™ at end of member declaration
[2.817s]    35 |     rclcpp::Subscription<mavros_msgs:OpticalFlowRad>::[01;31m[KSharedPtr[m[K subOpticalFlowPose_;
[2.817s]       |                                                       [01;31m[K^~~~~~~~~[m[K
[2.817s]       |                                                                [32m[K;[m[K
[2.817s] [01m[K/home/nakul/Desktop/bur/ros2_ws/src/2023-2024/state-estimation/include/eskf/Node.hpp:35:55:[m[K [01;31m[Kerror: [m[Kredeclaration of â€˜[01m[Kint eskf::Node::SharedPtr[m[Kâ€™
[2.817s] [01m[K/home/nakul/Desktop/bur/ros2_ws/src/2023-2024/state-estimation/include/eskf/Node.hpp:29:44:[m[K [01;36m[Knote: [m[Kprevious declaration â€˜[01m[Kint eskf::Node::SharedPtr[m[Kâ€™
[2.818s]    29 |     rclcpp::Publisher<nav_msgs::Odometry>::[01;36m[KSharedPtr[m[K pubPose;
[2.818s]       |                                            [01;36m[K^~~~~~~~~[m[K
[2.818s] [01m[K/home/nakul/Desktop/bur/ros2_ws/src/2023-2024/state-estimation/include/eskf/Node.hpp:34:57:[m[K [01;31m[Kerror: [m[Kâ€˜[01m[KsubGpsPose_[m[Kâ€™ does not name a type
[2.818s]    34 |     rclcpp::Subscription<nav_msgs::Odometry>::SharedPtr [01;31m[KsubGpsPose_[m[K;
[2.818s]       |                                                         [01;31m[K^~~~~~~~~~~[m[K
[2.818s] [01m[K/home/nakul/Desktop/bur/ros2_ws/src/2023-2024/state-estimation/include/eskf/Node.hpp:35:52:[m[K [01;31m[Kerror: [m[Ktemplate argument 1 is invalid
[2.818s]    35 |     rclcpp::Subscription<mavros_msgs:OpticalFlowRad[01;31m[K>[m[K::SharedPtr subOpticalFlowPose_;
[2.818s]       |                                                    [01;31m[K^[m[K
[2.818s] [01m[K/home/nakul/Desktop/bur/ros2_ws/src/2023-2024/state-estimation/include/eskf/Node.hpp:35:52:[m[K [01;31m[Kerror: [m[Ktemplate argument 3 is invalid
[2.818s] [01m[K/home/nakul/Desktop/bur/ros2_ws/src/2023-2024/state-estimation/include/eskf/Node.hpp:35:55:[m[K [01;31m[Kerror: [m[Kexpected â€˜[01m[K;[m[Kâ€™ at end of member declaration
[2.819s]    35 |     rclcpp::Subscription<mavros_msgs:OpticalFlowRad>::[01;31m[KSharedPtr[m[K subOpticalFlowPose_;
[2.819s]       |                                                       [01;31m[K^~~~~~~~~[m[K
[2.819s]       |                                                                [32m[K;[m[K
[2.819s] [01m[K/home/nakul/Desktop/bur/ros2_ws/src/2023-2024/state-estimation/include/eskf/Node.hpp:35:55:[m[K [01;31m[Kerror: [m[Kredeclaration of â€˜[01m[Kint eskf::Node::SharedPtr[m[Kâ€™
[2.819s] [01m[K/home/nakul/Desktop/bur/ros2_ws/src/2023-2024/state-estimation/include/eskf/Node.hpp:29:44:[m[K [01;36m[Knote: [m[Kprevious declaration â€˜[01m[Kint eskf::Node::SharedPtr[m[Kâ€™
[2.819s]    29 |     rclcpp::Publisher<nav_msgs::Odometry>::[01;36m[KSharedPtr[m[K pubPose;
[2.819s]       |                                            [01;36m[K^~~~~~~~~[m[K
[2.819s] [01m[K/home/nakul/Desktop/bur/ros2_ws/src/2023-2024/state-estimation/include/eskf/Node.hpp:35:65:[m[K [01;31m[Kerror: [m[Kâ€˜[01m[KsubOpticalFlowPose_[m[Kâ€™ does not name a type
[2.819s]    35 |     rclcpp::Subscription<mavros_msgs:OpticalFlowRad>::SharedPtr [01;31m[KsubOpticalFlowPose_[m[K;
[2.820s]       |                                                                 [01;31m[K^~~~~~~~~~~~~~~~~~~[m[K
[2.820s] [01m[K/home/nakul/Desktop/bur/ros2_ws/src/2023-2024/state-estimation/include/eskf/Node.hpp:36:39:[m[K [01;31m[Kerror: [m[Kâ€˜[01m[KMagneticField[m[Kâ€™ is not a member of â€˜[01m[Ksensor_msgs[m[Kâ€™; did you mean â€˜[01m[Ksensor_msgs::msg::MagneticField[m[Kâ€™?
[2.820s]    36 |     rclcpp::Subscription<sensor_msgs::[01;31m[KMagneticField[m[K>::SharedPtr subMagPose_;
[2.820s]       |                                       [01;31m[K^~~~~~~~~~~~~[m[K
[2.820s] In file included from [01m[K/opt/ros/foxy/include/sensor_msgs/msg/magnetic_field.hpp:7[m[K,
[2.820s]                  from [01m[K/home/nakul/Desktop/bur/ros2_ws/src/2023-2024/state-estimation/include/eskf/Node.hpp:6[m[K,
[2.820s]                  from [01m[K/home/nakul/Desktop/bur/ros2_ws/src/2023-2024/state-estimation/src/eskf.cpp:1[m[K:
[2.820s] [01m[K/opt/ros/foxy/include/sensor_msgs/msg/detail/magnetic_field__struct.hpp:155:7:[m[K [01;36m[Knote: [m[Kâ€˜[01m[Ksensor_msgs::msg::MagneticField[m[Kâ€™ declared here
[2.821s]   155 | using [01;36m[KMagneticField[m[K =
[2.821s]       |       [01;36m[K^~~~~~~~~~~~~[m[K
[2.821s] In file included from [01m[K/home/nakul/Desktop/bur/ros2_ws/src/2023-2024/state-estimation/src/eskf.cpp:1[m[K:
[2.821s] [01m[K/home/nakul/Desktop/bur/ros2_ws/src/2023-2024/state-estimation/include/eskf/Node.hpp:36:39:[m[K [01;31m[Kerror: [m[Kâ€˜[01m[KMagneticField[m[Kâ€™ is not a member of â€˜[01m[Ksensor_msgs[m[Kâ€™; did you mean â€˜[01m[Ksensor_msgs::msg::MagneticField[m[Kâ€™?
[2.821s]    36 |     rclcpp::Subscription<sensor_msgs::[01;31m[KMagneticField[m[K>::SharedPtr subMagPose_;
[2.821s]       |                                       [01;31m[K^~~~~~~~~~~~~[m[K
[2.821s] In file included from [01m[K/opt/ros/foxy/include/sensor_msgs/msg/magnetic_field.hpp:7[m[K,
[2.821s]                  from [01m[K/home/nakul/Desktop/bur/ros2_ws/src/2023-2024/state-estimation/include/eskf/Node.hpp:6[m[K,
[2.821s]                  from [01m[K/home/nakul/Desktop/bur/ros2_ws/src/2023-2024/state-estimation/src/eskf.cpp:1[m[K:
[2.821s] [01m[K/opt/ros/foxy/include/sensor_msgs/msg/detail/magnetic_field__struct.hpp:155:7:[m[K [01;36m[Knote: [m[Kâ€˜[01m[Ksensor_msgs::msg::MagneticField[m[Kâ€™ declared here
[2.821s]   155 | using [01;36m[KMagneticField[m[K =
[2.821s]       |       [01;36m[K^~~~~~~~~~~~~[m[K
[2.822s] In file included from [01m[K/home/nakul/Desktop/bur/ros2_ws/src/2023-2024/state-estimation/src/eskf.cpp:1[m[K:
[2.822s] [01m[K/home/nakul/Desktop/bur/ros2_ws/src/2023-2024/state-estimation/include/eskf/Node.hpp:36:52:[m[K [01;31m[Kerror: [m[Ktemplate argument 1 is invalid
[2.822s]    36 |     rclcpp::Subscription<sensor_msgs::MagneticField[01;31m[K>[m[K::SharedPtr subMagPose_;
[2.822s]       |                                                    [01;31m[K^[m[K
[2.822s] [01m[K/home/nakul/Desktop/bur/ros2_ws/src/2023-2024/state-estimation/include/eskf/Node.hpp:36:52:[m[K [01;31m[Kerror: [m[Ktemplate argument 3 is invalid
[2.822s] [01m[K/home/nakul/Desktop/bur/ros2_ws/src/2023-2024/state-estimation/include/eskf/Node.hpp:36:55:[m[K [01;31m[Kerror: [m[Kexpected â€˜[01m[K;[m[Kâ€™ at end of member declaration
[2.822s]    36 |     rclcpp::Subscription<sensor_msgs::MagneticField>::[01;31m[KSharedPtr[m[K subMagPose_;
[2.822s]       |                                                       [01;31m[K^~~~~~~~~[m[K
[2.822s]       |                                                                [32m[K;[m[K
[2.822s] [01m[K/home/nakul/Desktop/bur/ros2_ws/src/2023-2024/state-estimation/include/eskf/Node.hpp:36:55:[m[K [01;31m[Kerror: [m[Kredeclaration of â€˜[01m[Kint eskf::Node::SharedPtr[m[Kâ€™
[2.822s] [01m[K/home/nakul/Desktop/bur/ros2_ws/src/2023-2024/state-estimation/include/eskf/Node.hpp:29:44:[m[K [01;36m[Knote: [m[Kprevious declaration â€˜[01m[Kint eskf::Node::SharedPtr[m[Kâ€™
[2.822s]    29 |     rclcpp::Publisher<nav_msgs::Odometry>::[01;36m[KSharedPtr[m[K pubPose;
[2.822s]       |                                            [01;36m[K^~~~~~~~~[m[K
[2.823s] [01m[K/home/nakul/Desktop/bur/ros2_ws/src/2023-2024/state-estimation/include/eskf/Node.hpp:35:65:[m[K [01;31m[Kerror: [m[Kâ€˜[01m[KsubOpticalFlowPose_[m[Kâ€™ does not name a type
[2.823s]    35 |     rclcpp::Subscription<mavros_msgs:OpticalFlowRad>::SharedPtr [01;31m[KsubOpticalFlowPose_[m[K;
[2.823s]       |                                                                 [01;31m[K^~~~~~~~~~~~~~~~~~~[m[K
[2.823s] [01m[K/home/nakul/Desktop/bur/ros2_ws/src/2023-2024/state-estimation/include/eskf/Node.hpp:36:39:[m[K [01;31m[Kerror: [m[Kâ€˜[01m[KMagneticField[m[Kâ€™ is not a member of â€˜[01m[Ksensor_msgs[m[Kâ€™; did you mean â€˜[01m[Ksensor_msgs::msg::MagneticField[m[Kâ€™?
[2.823s]    36 |     rclcpp::Subscription<sensor_msgs::[01;31m[KMagneticField[m[K>::SharedPtr subMagPose_;
[2.823s]       |                                       [01;31m[K^~~~~~~~~~~~~[m[K
[2.823s] In file included from [01m[K/opt/ros/foxy/include/sensor_msgs/msg/magnetic_field.hpp:7[m[K,
[2.823s]                  from [01m[K/home/nakul/Desktop/bur/ros2_ws/src/2023-2024/state-estimation/include/eskf/Node.hpp:6[m[K,
[2.823s]                  from [01m[K/home/nakul/Desktop/bur/ros2_ws/src/2023-2024/state-estimation/src/Node.cpp:1[m[K:
[2.823s] [01m[K/opt/ros/foxy/include/sensor_msgs/msg/detail/magnetic_field__struct.hpp:155:7:[m[K [01;36m[Knote: [m[Kâ€˜[01m[Ksensor_msgs::msg::MagneticField[m[Kâ€™ declared here
[2.823s]   155 | using [01;36m[KMagneticField[m[K =
[2.824s]       |       [01;36m[K^~~~~~~~~~~~~[m[K
[2.824s] [01m[K/home/nakul/Desktop/bur/ros2_ws/src/2023-2024/state-estimation/include/eskf/Node.hpp:36:65:[m[K [01;31m[Kerror: [m[Kâ€˜[01m[KsubMagPose_[m[Kâ€™ does not name a type
[2.824s]    36 |     rclcpp::Subscription<sensor_msgs::MagneticField>::SharedPtr [01;31m[KsubMagPose_[m[K;
[2.824s]       |                                                                 [01;31m[K^~~~~~~~~~~[m[K
[2.824s] In file included from [01m[K/home/nakul/Desktop/bur/ros2_ws/src/2023-2024/state-estimation/src/Node.cpp:1[m[K:
[2.824s] [01m[K/home/nakul/Desktop/bur/ros2_ws/src/2023-2024/state-estimation/include/eskf/Node.hpp:36:39:[m[K [01;31m[Kerror: [m[Kâ€˜[01m[KMagneticField[m[Kâ€™ is not a member of â€˜[01m[Ksensor_msgs[m[Kâ€™; did you mean â€˜[01m[Ksensor_msgs::msg::MagneticField[m[Kâ€™?
[2.824s]    36 |     rclcpp::Subscription<sensor_msgs::[01;31m[KMagneticField[m[K>::SharedPtr subMagPose_;
[2.825s]       |                                       [01;31m[K^~~~~~~~~~~~~[m[K
[2.825s] In file included from [01m[K/opt/ros/foxy/include/sensor_msgs/msg/magnetic_field.hpp:7[m[K,
[2.825s]                  from [01m[K/home/nakul/Desktop/bur/ros2_ws/src/2023-2024/state-estimation/include/eskf/Node.hpp:6[m[K,
[2.825s]                  from [01m[K/home/nakul/Desktop/bur/ros2_ws/src/2023-2024/state-estimation/src/Node.cpp:1[m[K:
[2.825s] [01m[K/opt/ros/foxy/include/sensor_msgs/msg/detail/magnetic_field__struct.hpp:155:7:[m[K [01;36m[Knote: [m[Kâ€˜[01m[Ksensor_msgs::msg::MagneticField[m[Kâ€™ declared here
[2.825s]   155 | using [01;36m[KMagneticField[m[K =
[2.825s]       |       [01;36m[K^~~~~~~~~~~~~[m[K
[2.825s] In file included from [01m[K/home/nakul/Desktop/bur/ros2_ws/src/2023-2024/state-estimation/src/Node.cpp:1[m[K:
[2.825s] [01m[K/home/nakul/Desktop/bur/ros2_ws/src/2023-2024/state-estimation/include/eskf/Node.hpp:36:52:[m[K [01;31m[Kerror: [m[Ktemplate argument 1 is invalid
[2.825s]    36 |     rclcpp::Subscription<sensor_msgs::MagneticField[01;31m[K>[m[K::SharedPtr subMagPose_;
[2.825s]       |                                                    [01;31m[K^[m[K
[2.825s] [01m[K/home/nakul/Desktop/bur/ros2_ws/src/2023-2024/state-estimation/include/eskf/Node.hpp:36:52:[m[K [01;31m[Kerror: [m[Ktemplate argument 3 is invalid
[2.825s] [01m[K/home/nakul/Desktop/bur/ros2_ws/src/2023-2024/state-estimation/include/eskf/Node.hpp:36:55:[m[K [01;31m[Kerror: [m[Kexpected â€˜[01m[K;[m[Kâ€™ at end of member declaration
[2.826s]    36 |     rclcpp::Subscription<sensor_msgs::MagneticField>::[01;31m[KSharedPtr[m[K subMagPose_;
[2.826s]       |                                                       [01;31m[K^~~~~~~~~[m[K
[2.826s]       |                                                                [32m[K;[m[K
[2.826s] [01m[K/home/nakul/Desktop/bur/ros2_ws/src/2023-2024/state-estimation/include/eskf/Node.hpp:36:55:[m[K [01;31m[Kerror: [m[Kredeclaration of â€˜[01m[Kint eskf::Node::SharedPtr[m[Kâ€™
[2.826s] [01m[K/home/nakul/Desktop/bur/ros2_ws/src/2023-2024/state-estimation/include/eskf/Node.hpp:29:44:[m[K [01;36m[Knote: [m[Kprevious declaration â€˜[01m[Kint eskf::Node::SharedPtr[m[Kâ€™
[2.826s]    29 |     rclcpp::Publisher<nav_msgs::Odometry>::[01;36m[KSharedPtr[m[K pubPose;
[2.826s]       |                                            [01;36m[K^~~~~~~~~[m[K
[2.826s] [01m[K/home/nakul/Desktop/bur/ros2_ws/src/2023-2024/state-estimation/include/eskf/Node.hpp:37:39:[m[K [01;31m[Kerror: [m[Kâ€˜[01m[KExtendedState[m[Kâ€™ is not a member of â€˜[01m[Kmavros_msgs[m[Kâ€™; did you mean â€˜[01m[Kmavros_msgs::msg::ExtendedState[m[Kâ€™?
[2.826s]    37 |     rclcpp::Subscription<mavros_msgs::[01;31m[KExtendedState[m[K>::SharedPtr subExtendedState_;
[2.826s]       |                                       [01;31m[K^~~~~~~~~~~~~[m[K
[2.827s] In file included from [01m[K/opt/ros/foxy/include/mavros_msgs/msg/extended_state.hpp:7[m[K,
[2.827s]                  from [01m[K/home/nakul/Desktop/bur/ros2_ws/src/2023-2024/state-estimation/include/eskf/Node.hpp:12[m[K,
[2.827s]                  from [01m[K/home/nakul/Desktop/bur/ros2_ws/src/2023-2024/state-estimation/src/eskf.cpp:1[m[K:
[2.827s] [01m[K/opt/ros/foxy/include/mavros_msgs/msg/detail/extended_state__struct.hpp:172:7:[m[K [01;36m[Knote: [m[Kâ€˜[01m[Kmavros_msgs::msg::ExtendedState[m[Kâ€™ declared here
[2.827s]   172 | using [01;36m[KExtendedState[m[K =
[2.827s]       |       [01;36m[K^~~~~~~~~~~~~[m[K
[2.827s] In file included from [01m[K/home/nakul/Desktop/bur/ros2_ws/src/2023-2024/state-estimation/src/eskf.cpp:1[m[K:
[2.827s] [01m[K/home/nakul/Desktop/bur/ros2_ws/src/2023-2024/state-estimation/include/eskf/Node.hpp:37:39:[m[K [01;31m[Kerror: [m[Kâ€˜[01m[KExtendedState[m[Kâ€™ is not a member of â€˜[01m[Kmavros_msgs[m[Kâ€™; did you mean â€˜[01m[Kmavros_msgs::msg::ExtendedState[m[Kâ€™?
[2.827s]    37 |     rclcpp::Subscription<mavros_msgs::[01;31m[KExtendedState[m[K>::SharedPtr subExtendedState_;
[2.827s]       |                                       [01;31m[K^~~~~~~~~~~~~[m[K
[2.827s] In file included from [01m[K/opt/ros/foxy/include/mavros_msgs/msg/extended_state.hpp:7[m[K,
[2.828s]                  from [01m[K/home/nakul/Desktop/bur/ros2_ws/src/2023-2024/state-estimation/include/eskf/Node.hpp:12[m[K,
[2.828s]                  from [01m[K/home/nakul/Desktop/bur/ros2_ws/src/2023-2024/state-estimation/src/eskf.cpp:1[m[K:
[2.828s] [01m[K/opt/ros/foxy/include/mavros_msgs/msg/detail/extended_state__struct.hpp:172:7:[m[K [01;36m[Knote: [m[Kâ€˜[01m[Kmavros_msgs::msg::ExtendedState[m[Kâ€™ declared here
[2.828s]   172 | using [01;36m[KExtendedState[m[K =
[2.828s]       |       [01;36m[K^~~~~~~~~~~~~[m[K
[2.828s] In file included from [01m[K/home/nakul/Desktop/bur/ros2_ws/src/2023-2024/state-estimation/src/eskf.cpp:1[m[K:
[2.828s] [01m[K/home/nakul/Desktop/bur/ros2_ws/src/2023-2024/state-estimation/include/eskf/Node.hpp:37:52:[m[K [01;31m[Kerror: [m[Ktemplate argument 1 is invalid
[2.828s]    37 |     rclcpp::Subscription<mavros_msgs::ExtendedState[01;31m[K>[m[K::SharedPtr subExtendedState_;
[2.828s]       |                                                    [01;31m[K^[m[K
[2.829s] [01m[K/home/nakul/Desktop/bur/ros2_ws/src/2023-2024/state-estimation/include/eskf/Node.hpp:37:52:[m[K [01;31m[Kerror: [m[Ktemplate argument 3 is invalid
[2.829s] [01m[K/home/nakul/Desktop/bur/ros2_ws/src/2023-2024/state-estimation/include/eskf/Node.hpp:37:55:[m[K [01;31m[Kerror: [m[Kexpected â€˜[01m[K;[m[Kâ€™ at end of member declaration
[2.829s]    37 |     rclcpp::Subscription<mavros_msgs::ExtendedState>::[01;31m[KSharedPtr[m[K subExtendedState_;
[2.829s]       |                                                       [01;31m[K^~~~~~~~~[m[K
[2.829s]       |                                                                [32m[K;[m[K
[2.829s] [01m[K/home/nakul/Desktop/bur/ros2_ws/src/2023-2024/state-estimation/include/eskf/Node.hpp:37:55:[m[K [01;31m[Kerror: [m[Kredeclaration of â€˜[01m[Kint eskf::Node::SharedPtr[m[Kâ€™
[2.829s] [01m[K/home/nakul/Desktop/bur/ros2_ws/src/2023-2024/state-estimation/include/eskf/Node.hpp:29:44:[m[K [01;36m[Knote: [m[Kprevious declaration â€˜[01m[Kint eskf::Node::SharedPtr[m[Kâ€™
[2.829s]    29 |     rclcpp::Publisher<nav_msgs::Odometry>::[01;36m[KSharedPtr[m[K pubPose;
[2.829s]       |                                            [01;36m[K^~~~~~~~~[m[K
[2.829s] [01m[K/home/nakul/Desktop/bur/ros2_ws/src/2023-2024/state-estimation/include/eskf/Node.hpp:36:65:[m[K [01;31m[Kerror: [m[Kâ€˜[01m[KsubMagPose_[m[Kâ€™ does not name a type
[2.829s]    36 |     rclcpp::Subscription<sensor_msgs::MagneticField>::SharedPtr [01;31m[KsubMagPose_[m[K;
[2.829s]       |                                                                 [01;31m[K^~~~~~~~~~~[m[K
[2.830s] [01m[K/home/nakul/Desktop/bur/ros2_ws/src/2023-2024/state-estimation/include/eskf/Node.hpp:37:39:[m[K [01;31m[Kerror: [m[Kâ€˜[01m[KExtendedState[m[Kâ€™ is not a member of â€˜[01m[Kmavros_msgs[m[Kâ€™; did you mean â€˜[01m[Kmavros_msgs::msg::ExtendedState[m[Kâ€™?
[2.830s]    37 |     rclcpp::Subscription<mavros_msgs::[01;31m[KExtendedState[m[K>::SharedPtr subExtendedState_;
[2.830s]       |                                       [01;31m[K^~~~~~~~~~~~~[m[K
[2.830s] In file included from [01m[K/opt/ros/foxy/include/mavros_msgs/msg/extended_state.hpp:7[m[K,
[2.830s]                  from [01m[K/home/nakul/Desktop/bur/ros2_ws/src/2023-2024/state-estimation/include/eskf/Node.hpp:12[m[K,
[2.830s]                  from [01m[K/home/nakul/Desktop/bur/ros2_ws/src/2023-2024/state-estimation/src/Node.cpp:1[m[K:
[2.830s] [01m[K/opt/ros/foxy/include/mavros_msgs/msg/detail/extended_state__struct.hpp:172:7:[m[K [01;36m[Knote: [m[Kâ€˜[01m[Kmavros_msgs::msg::ExtendedState[m[Kâ€™ declared here
[2.830s]   172 | using [01;36m[KExtendedState[m[K =
[2.830s]       |       [01;36m[K^~~~~~~~~~~~~[m[K
[2.830s] In file included from [01m[K/home/nakul/Desktop/bur/ros2_ws/src/2023-2024/state-estimation/src/Node.cpp:1[m[K:
[2.830s] [01m[K/home/nakul/Desktop/bur/ros2_ws/src/2023-2024/state-estimation/include/eskf/Node.hpp:37:39:[m[K [01;31m[Kerror: [m[Kâ€˜[01m[KExtendedState[m[Kâ€™ is not a member of â€˜[01m[Kmavros_msgs[m[Kâ€™; did you mean â€˜[01m[Kmavros_msgs::msg::ExtendedState[m[Kâ€™?
[2.830s]    37 |     rclcpp::Subscription<mavros_msgs::[01;31m[KExtendedState[m[K>::SharedPtr subExtendedState_;
[2.831s]       |                                       [01;31m[K^~~~~~~~~~~~~[m[K
[2.831s] In file included from [01m[K/opt/ros/foxy/include/mavros_msgs/msg/extended_state.hpp:7[m[K,
[2.831s]                  from [01m[K/home/nakul/Desktop/bur/ros2_ws/src/2023-2024/state-estimation/include/eskf/Node.hpp:12[m[K,
[2.831s]                  from [01m[K/home/nakul/Desktop/bur/ros2_ws/src/2023-2024/state-estimation/src/Node.cpp:1[m[K:
[2.831s] [01m[K/opt/ros/foxy/include/mavros_msgs/msg/detail/extended_state__struct.hpp:172:7:[m[K [01;36m[Knote: [m[Kâ€˜[01m[Kmavros_msgs::msg::ExtendedState[m[Kâ€™ declared here
[2.831s]   172 | using [01;36m[KExtendedState[m[K =
[2.831s]       |       [01;36m[K^~~~~~~~~~~~~[m[K
[2.831s] In file included from [01m[K/home/nakul/Desktop/bur/ros2_ws/src/2023-2024/state-estimation/src/Node.cpp:1[m[K:
[2.831s] [01m[K/home/nakul/Desktop/bur/ros2_ws/src/2023-2024/state-estimation/include/eskf/Node.hpp:37:52:[m[K [01;31m[Kerror: [m[Ktemplate argument 1 is invalid
[2.831s]    37 |     rclcpp::Subscription<mavros_msgs::ExtendedState[01;31m[K>[m[K::SharedPtr subExtendedState_;
[2.831s]       |                                                    [01;31m[K^[m[K
[2.831s] [01m[K/home/nakul/Desktop/bur/ros2_ws/src/2023-2024/state-estimation/include/eskf/Node.hpp:37:52:[m[K [01;31m[Kerror: [m[Ktemplate argument 3 is invalid
[2.832s] [01m[K/home/nakul/Desktop/bur/ros2_ws/src/2023-2024/state-estimation/include/eskf/Node.hpp:37:55:[m[K [01;31m[Kerror: [m[Kexpected â€˜[01m[K;[m[Kâ€™ at end of member declaration
[2.832s]    37 |     rclcpp::Subscription<mavros_msgs::ExtendedState>::[01;31m[KSharedPtr[m[K subExtendedState_;
[2.832s]       |                                                       [01;31m[K^~~~~~~~~[m[K
[2.832s]       |                                                                [32m[K;[m[K
[2.832s] [01m[K/home/nakul/Desktop/bur/ros2_ws/src/2023-2024/state-estimation/include/eskf/Node.hpp:37:55:[m[K [01;31m[Kerror: [m[Kredeclaration of â€˜[01m[Kint eskf::Node::SharedPtr[m[Kâ€™
[2.832s] [01m[K/home/nakul/Desktop/bur/ros2_ws/src/2023-2024/state-estimation/include/eskf/Node.hpp:29:44:[m[K [01;36m[Knote: [m[Kprevious declaration â€˜[01m[Kint eskf::Node::SharedPtr[m[Kâ€™
[2.832s]    29 |     rclcpp::Publisher<nav_msgs::Odometry>::[01;36m[KSharedPtr[m[K pubPose;
[2.832s]       |                                            [01;36m[K^~~~~~~~~[m[K
[2.832s] [01m[K/home/nakul/Desktop/bur/ros2_ws/src/2023-2024/state-estimation/include/eskf/Node.hpp:37:65:[m[K [01;31m[Kerror: [m[Kâ€˜[01m[KsubExtendedState_[m[Kâ€™ does not name a type
[2.833s]    37 |     rclcpp::Subscription<mavros_msgs::ExtendedState>::SharedPtr [01;31m[KsubExtendedState_[m[K;
[2.833s]       |                                                                 [01;31m[K^~~~~~~~~~~~~~~~~[m[K
[2.833s] [01m[K/home/nakul/Desktop/bur/ros2_ws/src/2023-2024/state-estimation/include/eskf/Node.hpp:38:39:[m[K [01;31m[Kerror: [m[Kâ€˜[01m[KRange[m[Kâ€™ is not a member of â€˜[01m[Ksensor_msgs[m[Kâ€™; did you mean â€˜[01m[Ksensor_msgs::msg::Range[m[Kâ€™?
[2.833s]    38 |     rclcpp::Subscription<sensor_msgs::[01;31m[KRange[m[K>::SharedPtr subRangeFinderPose_;
[2.833s]       |                                       [01;31m[K^~~~~[m[K
[2.833s] In file included from [01m[K/opt/ros/foxy/include/sensor_msgs/msg/range.hpp:7[m[K,
[2.833s]                  from [01m[K/home/nakul/Desktop/bur/ros2_ws/src/2023-2024/state-estimation/include/eskf/Node.hpp:7[m[K,
[2.833s]                  from [01m[K/home/nakul/Desktop/bur/ros2_ws/src/2023-2024/state-estimation/src/eskf.cpp:1[m[K:
[2.833s] [01m[K/opt/ros/foxy/include/sensor_msgs/msg/detail/range__struct.hpp:198:7:[m[K [01;36m[Knote: [m[Kâ€˜[01m[Ksensor_msgs::msg::Range[m[Kâ€™ declared here
[2.833s]   198 | using [01;36m[KRange[m[K =
[2.834s]       |       [01;36m[K^~~~~[m[K
[2.834s] In file included from [01m[K/home/nakul/Desktop/bur/ros2_ws/src/2023-2024/state-estimation/src/eskf.cpp:1[m[K:
[2.834s] [01m[K/home/nakul/Desktop/bur/ros2_ws/src/2023-2024/state-estimation/include/eskf/Node.hpp:38:39:[m[K [01;31m[Kerror: [m[Kâ€˜[01m[KRange[m[Kâ€™ is not a member of â€˜[01m[Ksensor_msgs[m[Kâ€™; did you mean â€˜[01m[Ksensor_msgs::msg::Range[m[Kâ€™?
[2.834s]    38 |     rclcpp::Subscription<sensor_msgs::[01;31m[KRange[m[K>::SharedPtr subRangeFinderPose_;
[2.834s]       |                                       [01;31m[K^~~~~[m[K
[2.834s] In file included from [01m[K/opt/ros/foxy/include/sensor_msgs/msg/range.hpp:7[m[K,
[2.834s]                  from [01m[K/home/nakul/Desktop/bur/ros2_ws/src/2023-2024/state-estimation/include/eskf/Node.hpp:7[m[K,
[2.834s]                  from [01m[K/home/nakul/Desktop/bur/ros2_ws/src/2023-2024/state-estimation/src/eskf.cpp:1[m[K:
[2.834s] [01m[K/opt/ros/foxy/include/sensor_msgs/msg/detail/range__struct.hpp:198:7:[m[K [01;36m[Knote: [m[Kâ€˜[01m[Ksensor_msgs::msg::Range[m[Kâ€™ declared here
[2.834s]   198 | using [01;36m[KRange[m[K =
[2.834s]       |       [01;36m[K^~~~~[m[K
[2.834s] In file included from [01m[K/home/nakul/Desktop/bur/ros2_ws/src/2023-2024/state-estimation/src/eskf.cpp:1[m[K:
[2.834s] [01m[K/home/nakul/Desktop/bur/ros2_ws/src/2023-2024/state-estimation/include/eskf/Node.hpp:38:44:[m[K [01;31m[Kerror: [m[Ktemplate argument 1 is invalid
[2.835s]    38 |     rclcpp::Subscription<sensor_msgs::Range[01;31m[K>[m[K::SharedPtr subRangeFinderPose_;
[2.835s]       |                                            [01;31m[K^[m[K
[2.835s] [01m[K/home/nakul/Desktop/bur/ros2_ws/src/2023-2024/state-estimation/include/eskf/Node.hpp:38:44:[m[K [01;31m[Kerror: [m[Ktemplate argument 3 is invalid
[2.835s] [01m[K/home/nakul/Desktop/bur/ros2_ws/src/2023-2024/state-estimation/include/eskf/Node.hpp:38:47:[m[K [01;31m[Kerror: [m[Kexpected â€˜[01m[K;[m[Kâ€™ at end of member declaration
[2.835s]    38 |     rclcpp::Subscription<sensor_msgs::Range>::[01;31m[KSharedPtr[m[K subRangeFinderPose_;
[2.835s]       |                                               [01;31m[K^~~~~~~~~[m[K
[2.835s]       |                                                        [32m[K;[m[K
[2.835s] [01m[K/home/nakul/Desktop/bur/ros2_ws/src/2023-2024/state-estimation/include/eskf/Node.hpp:38:47:[m[K [01;31m[Kerror: [m[Kredeclaration of â€˜[01m[Kint eskf::Node::SharedPtr[m[Kâ€™
[2.835s] [01m[K/home/nakul/Desktop/bur/ros2_ws/src/2023-2024/state-estimation/include/eskf/Node.hpp:29:44:[m[K [01;36m[Knote: [m[Kprevious declaration â€˜[01m[Kint eskf::Node::SharedPtr[m[Kâ€™
[2.835s]    29 |     rclcpp::Publisher<nav_msgs::Odometry>::[01;36m[KSharedPtr[m[K pubPose;
[2.835s]       |                                            [01;36m[K^~~~~~~~~[m[K
[2.836s] [01m[K/home/nakul/Desktop/bur/ros2_ws/src/2023-2024/state-estimation/include/eskf/Node.hpp:37:65:[m[K [01;31m[Kerror: [m[Kâ€˜[01m[KsubExtendedState_[m[Kâ€™ does not name a type
[2.836s]    37 |     rclcpp::Subscription<mavros_msgs::ExtendedState>::SharedPtr [01;31m[KsubExtendedState_[m[K;
[2.836s]       |                                                                 [01;31m[K^~~~~~~~~~~~~~~~~[m[K
[2.836s] [01m[K/home/nakul/Desktop/bur/ros2_ws/src/2023-2024/state-estimation/include/eskf/Node.hpp:38:39:[m[K [01;31m[Kerror: [m[Kâ€˜[01m[KRange[m[Kâ€™ is not a member of â€˜[01m[Ksensor_msgs[m[Kâ€™; did you mean â€˜[01m[Ksensor_msgs::msg::Range[m[Kâ€™?
[2.836s]    38 |     rclcpp::Subscription<sensor_msgs::[01;31m[KRange[m[K>::SharedPtr subRangeFinderPose_;
[2.836s]       |                                       [01;31m[K^~~~~[m[K
[2.836s] In file included from [01m[K/opt/ros/foxy/include/sensor_msgs/msg/range.hpp:7[m[K,
[2.836s]                  from [01m[K/home/nakul/Desktop/bur/ros2_ws/src/2023-2024/state-estimation/include/eskf/Node.hpp:7[m[K,
[2.836s]                  from [01m[K/home/nakul/Desktop/bur/ros2_ws/src/2023-2024/state-estimation/src/Node.cpp:1[m[K:
[2.836s] [01m[K/opt/ros/foxy/include/sensor_msgs/msg/detail/range__struct.hpp:198:7:[m[K [01;36m[Knote: [m[Kâ€˜[01m[Ksensor_msgs::msg::Range[m[Kâ€™ declared here
[2.836s]   198 | using [01;36m[KRange[m[K =
[2.836s]       |       [01;36m[K^~~~~[m[K
[2.837s] In file included from [01m[K/home/nakul/Desktop/bur/ros2_ws/src/2023-2024/state-estimation/src/Node.cpp:1[m[K:
[2.837s] [01m[K/home/nakul/Desktop/bur/ros2_ws/src/2023-2024/state-estimation/include/eskf/Node.hpp:38:39:[m[K [01;31m[Kerror: [m[Kâ€˜[01m[KRange[m[Kâ€™ is not a member of â€˜[01m[Ksensor_msgs[m[Kâ€™; did you mean â€˜[01m[Ksensor_msgs::msg::Range[m[Kâ€™?
[2.837s]    38 |     rclcpp::Subscription<sensor_msgs::[01;31m[KRange[m[K>::SharedPtr subRangeFinderPose_;
[2.837s]       |                                       [01;31m[K^~~~~[m[K
[2.837s] In file included from [01m[K/opt/ros/foxy/include/sensor_msgs/msg/range.hpp:7[m[K,
[2.837s]                  from [01m[K/home/nakul/Desktop/bur/ros2_ws/src/2023-2024/state-estimation/include/eskf/Node.hpp:7[m[K,
[2.837s]                  from [01m[K/home/nakul/Desktop/bur/ros2_ws/src/2023-2024/state-estimation/src/Node.cpp:1[m[K:
[2.837s] [01m[K/opt/ros/foxy/include/sensor_msgs/msg/detail/range__struct.hpp:198:7:[m[K [01;36m[Knote: [m[Kâ€˜[01m[Ksensor_msgs::msg::Range[m[Kâ€™ declared here
[2.837s]   198 | using [01;36m[KRange[m[K =
[2.837s]       |       [01;36m[K^~~~~[m[K
[2.838s] In file included from [01m[K/home/nakul/Desktop/bur/ros2_ws/src/2023-2024/state-estimation/src/Node.cpp:1[m[K:
[2.838s] [01m[K/home/nakul/Desktop/bur/ros2_ws/src/2023-2024/state-estimation/include/eskf/Node.hpp:38:44:[m[K [01;31m[Kerror: [m[Ktemplate argument 1 is invalid
[2.838s]    38 |     rclcpp::Subscription<sensor_msgs::Range[01;31m[K>[m[K::SharedPtr subRangeFinderPose_;
[2.838s]       |                                            [01;31m[K^[m[K
[2.838s] [01m[K/home/nakul/Desktop/bur/ros2_ws/src/2023-2024/state-estimation/include/eskf/Node.hpp:38:44:[m[K [01;31m[Kerror: [m[Ktemplate argument 3 is invalid
[2.838s] [01m[K/home/nakul/Desktop/bur/ros2_ws/src/2023-2024/state-estimation/include/eskf/Node.hpp:38:47:[m[K [01;31m[Kerror: [m[Kexpected â€˜[01m[K;[m[Kâ€™ at end of member declaration
[2.838s]    38 |     rclcpp::Subscription<sensor_msgs::Range>::[01;31m[KSharedPtr[m[K subRangeFinderPose_;
[2.838s]       |                                               [01;31m[K^~~~~~~~~[m[K
[2.838s]       |                                                        [32m[K;[m[K
[2.838s] [01m[K/home/nakul/Desktop/bur/ros2_ws/src/2023-2024/state-estimation/include/eskf/Node.hpp:38:47:[m[K [01;31m[Kerror: [m[Kredeclaration of â€˜[01m[Kint eskf::Node::SharedPtr[m[Kâ€™
[2.838s] [01m[K/home/nakul/Desktop/bur/ros2_ws/src/2023-2024/state-estimation/include/eskf/Node.hpp:29:44:[m[K [01;36m[Knote: [m[Kprevious declaration â€˜[01m[Kint eskf::Node::SharedPtr[m[Kâ€™
[2.838s]    29 |     rclcpp::Publisher<nav_msgs::Odometry>::[01;36m[KSharedPtr[m[K pubPose;
[2.839s]       |                                            [01;36m[K^~~~~~~~~[m[K
[2.839s] [01m[K/home/nakul/Desktop/bur/ros2_ws/src/2023-2024/state-estimation/include/eskf/Node.hpp:38:57:[m[K [01;31m[Kerror: [m[Kâ€˜[01m[KsubRangeFinderPose_[m[Kâ€™ does not name a type
[2.839s]    38 |     rclcpp::Subscription<sensor_msgs::Range>::SharedPtr [01;31m[KsubRangeFinderPose_[m[K;
[2.839s]       |                                                         [01;31m[K^~~~~~~~~~~~~~~~~~~[m[K
[2.839s] [01m[K/home/nakul/Desktop/bur/ros2_ws/src/2023-2024/state-estimation/include/eskf/Node.hpp:52:43:[m[K [01;31m[Kerror: [m[Kâ€˜[01m[KImu[m[Kâ€™ in namespace â€˜[01m[Ksensor_msgs[m[Kâ€™ does not name a type
[2.839s]    52 |     void inputCallback(const sensor_msgs::[01;31m[KImu[m[K::SharedPtr imuMsg) const;
[2.839s]       |                                           [01;31m[K^~~[m[K
[2.839s] [01m[K/home/nakul/Desktop/bur/ros2_ws/src/2023-2024/state-estimation/include/eskf/Node.hpp:52:58:[m[K [01;31m[Kerror: [m[Kexpected unqualified-id before â€˜[01m[KimuMsg[m[Kâ€™
[2.839s]    52 |     void inputCallback(const sensor_msgs::Imu::SharedPtr [01;31m[KimuMsg[m[K) const;
[2.839s]       |                                                          [01;31m[K^~~~~~[m[K
[2.839s] [01m[K/home/nakul/Desktop/bur/ros2_ws/src/2023-2024/state-estimation/include/eskf/Node.hpp:52:57:[m[K [01;31m[Kerror: [m[Kexpected â€˜[01m[K)[m[Kâ€™ before â€˜[01m[KimuMsg[m[Kâ€™
[2.839s]    52 |     void inputCallback[34m[K([m[Kconst sensor_msgs::Imu::SharedPtr[01;31m[K [m[K[32m[KimuMsg[m[K) const;
[2.840s]       |                       [34m[K~[m[K                                 [01;31m[K^[m[K[32m[K~~~~~~[m[K
[2.840s]       |                                                         [32m[K)[m[K
[2.840s] [01m[K/home/nakul/Desktop/bur/ros2_ws/src/2023-2024/state-estimation/include/eskf/Node.hpp:52:48:[m[K [01;31m[Kerror: [m[Kexpected â€˜[01m[K;[m[Kâ€™ at end of member declaration
[2.840s]    52 |     void inputCallback(const sensor_msgs::Imu::[01;31m[KSharedPtr[m[K imuMsg) const;
[2.840s]       |                                                [01;31m[K^~~~~~~~~[m[K
[2.840s]       |                                                         [32m[K;[m[K
[2.840s] [01m[K/home/nakul/Desktop/bur/ros2_ws/src/2023-2024/state-estimation/include/eskf/Node.hpp:52:58:[m[K [01;31m[Kerror: [m[Kâ€˜[01m[KimuMsg[m[Kâ€™ does not name a type
[2.840s]    52 |     void inputCallback(const sensor_msgs::Imu::SharedPtr [01;31m[KimuMsg[m[K) const;
[2.840s]       |                                                          [01;31m[K^~~~~~[m[K
[2.840s] [01m[K/home/nakul/Desktop/bur/ros2_ws/src/2023-2024/state-estimation/include/eskf/Node.hpp:53:46:[m[K [01;31m[Kerror: [m[Kâ€˜[01m[KPoseWithCovarianceStamped[m[Kâ€™ in namespace â€˜[01m[Kgeometry_msgs[m[Kâ€™ does not name a type
[2.841s]    53 |     void visionCallback(const geometry_msgs::[01;31m[KPoseWithCovarianceStamped[m[K::SharedPtr poseMsg) const;
[2.841s]       |                                              [01;31m[K^~~~~~~~~~~~~~~~~~~~~~~~~[m[K
[2.841s] [01m[K/home/nakul/Desktop/bur/ros2_ws/src/2023-2024/state-estimation/include/eskf/Node.hpp:53:83:[m[K [01;31m[Kerror: [m[Kexpected unqualified-id before â€˜[01m[KposeMsg[m[Kâ€™
[2.841s]    53 |     void visionCallback(const geometry_msgs::PoseWithCovarianceStamped::SharedPtr [01;31m[KposeMsg[m[K) const;
[2.841s]       |                                                                                   [01;31m[K^~~~~~~[m[K
[2.841s] [01m[K/home/nakul/Desktop/bur/ros2_ws/src/2023-2024/state-estimation/include/eskf/Node.hpp:53:82:[m[K [01;31m[Kerror: [m[Kexpected â€˜[01m[K)[m[Kâ€™ before â€˜[01m[KposeMsg[m[Kâ€™
[2.841s]    53 |     void visionCallback[34m[K([m[Kconst geometry_msgs::PoseWithCovarianceStamped::SharedPtr[01;31m[K [m[K[32m[KposeMsg[m[K) const;
[2.841s]       |                        [34m[K~[m[K                                                         [01;31m[K^[m[K[32m[K~~~~~~~[m[K
[2.841s]       |                                                                                  [32m[K)[m[K
[2.842s] [01m[K/home/nakul/Desktop/bur/ros2_ws/src/2023-2024/state-estimation/include/eskf/Node.hpp:53:73:[m[K [01;31m[Kerror: [m[Kexpected â€˜[01m[K;[m[Kâ€™ at end of member declaration
[2.842s]    53 |     void visionCallback(const geometry_msgs::PoseWithCovarianceStamped::[01;31m[KSharedPtr[m[K poseMsg) const;
[2.842s]       |                                                                         [01;31m[K^~~~~~~~~[m[K
[2.842s]       |                                                                                  [32m[K;[m[K
[2.842s] [01m[K/home/nakul/Desktop/bur/ros2_ws/src/2023-2024/state-estimation/include/eskf/Node.hpp:53:83:[m[K [01;31m[Kerror: [m[Kâ€˜[01m[KposeMsg[m[Kâ€™ does not name a type
[2.843s]    53 |     void visionCallback(const geometry_msgs::PoseWithCovarianceStamped::SharedPtr [01;31m[KposeMsg[m[K) const;
[2.843s]       |                                                                                   [01;31m[K^~~~~~~[m[K
[2.843s] [01m[K/home/nakul/Desktop/bur/ros2_ws/src/2023-2024/state-estimation/include/eskf/Node.hpp:54:38:[m[K [01;31m[Kerror: [m[Kâ€˜[01m[KOdometry[m[Kâ€™ in namespace â€˜[01m[Knav_msgs[m[Kâ€™ does not name a type
[2.843s]    54 |     void gpsCallback(const nav_msgs::[01;31m[KOdometry[m[K::SharedPtr odomMsg) const;
[2.843s]       |                                      [01;31m[K^~~~~~~~[m[K
[2.843s] [01m[K/home/nakul/Desktop/bur/ros2_ws/src/2023-2024/state-estimation/include/eskf/Node.hpp:54:58:[m[K [01;31m[Kerror: [m[Kexpected unqualified-id before â€˜[01m[KodomMsg[m[Kâ€™
[2.843s]    54 |     void gpsCallback(const nav_msgs::Odometry::SharedPtr [01;31m[KodomMsg[m[K) const;
[2.844s]       |                                                          [01;31m[K^~~~~~~[m[K
[2.844s] [01m[K/home/nakul/Desktop/bur/ros2_ws/src/2023-2024/state-estimation/include/eskf/Node.hpp:54:57:[m[K [01;31m[Kerror: [m[Kexpected â€˜[01m[K)[m[Kâ€™ before â€˜[01m[KodomMsg[m[Kâ€™
[2.844s]    54 |     void gpsCallback[34m[K([m[Kconst nav_msgs::Odometry::SharedPtr[01;31m[K [m[K[32m[KodomMsg[m[K) const;
[2.844s]       |                     [34m[K~[m[K                                   [01;31m[K^[m[K[32m[K~~~~~~~[m[K
[2.844s]       |                                                         [32m[K)[m[K
[2.845s] [01m[K/home/nakul/Desktop/bur/ros2_ws/src/2023-2024/state-estimation/include/eskf/Node.hpp:54:48:[m[K [01;31m[Kerror: [m[Kexpected â€˜[01m[K;[m[Kâ€™ at end of member declaration
[2.845s]    54 |     void gpsCallback(const nav_msgs::Odometry::[01;31m[KSharedPtr[m[K odomMsg) const;
[2.845s]       |                                                [01;31m[K^~~~~~~~~[m[K
[2.845s]       |                                                         [32m[K;[m[K
[2.845s] [01m[K/home/nakul/Desktop/bur/ros2_ws/src/2023-2024/state-estimation/include/eskf/Node.hpp:38:57:[m[K [01;31m[Kerror: [m[Kâ€˜[01m[KsubRangeFinderPose_[m[Kâ€™ does not name a type
[2.845s]    38 |     rclcpp::Subscription<sensor_msgs::Range>::SharedPtr [01;31m[KsubRangeFinderPose_[m[K;
[2.845s]       |                                                         [01;31m[K^~~~~~~~~~~~~~~~~~~[m[K
[2.846s] [01m[K/home/nakul/Desktop/bur/ros2_ws/src/2023-2024/state-estimation/include/eskf/Node.hpp:52:43:[m[K [01;31m[Kerror: [m[Kâ€˜[01m[KImu[m[Kâ€™ in namespace â€˜[01m[Ksensor_msgs[m[Kâ€™ does not name a type
[2.846s]    52 |     void inputCallback(const sensor_msgs::[01;31m[KImu[m[K::SharedPtr imuMsg) const;
[2.846s]       |                                           [01;31m[K^~~[m[K
[2.846s] [01m[K/home/nakul/Desktop/bur/ros2_ws/src/2023-2024/state-estimation/include/eskf/Node.hpp:52:58:[m[K [01;31m[Kerror: [m[Kexpected unqualified-id before â€˜[01m[KimuMsg[m[Kâ€™
[2.846s]    52 |     void inputCallback(const sensor_msgs::Imu::SharedPtr [01;31m[KimuMsg[m[K) const;
[2.846s]       |                                                          [01;31m[K^~~~~~[m[K
[2.847s] [01m[K/home/nakul/Desktop/bur/ros2_ws/src/2023-2024/state-estimation/include/eskf/Node.hpp:52:57:[m[K [01;31m[Kerror: [m[Kexpected â€˜[01m[K)[m[Kâ€™ before â€˜[01m[KimuMsg[m[Kâ€™
[2.847s]    52 |     void inputCallback[34m[K([m[Kconst sensor_msgs::Imu::SharedPtr[01;31m[K [m[K[32m[KimuMsg[m[K) const;
[2.847s]       |                       [34m[K~[m[K                                 [01;31m[K^[m[K[32m[K~~~~~~[m[K
[2.847s]       |                                                         [32m[K)[m[K
[2.847s] [01m[K/home/nakul/Desktop/bur/ros2_ws/src/2023-2024/state-estimation/include/eskf/Node.hpp:52:48:[m[K [01;31m[Kerror: [m[Kexpected â€˜[01m[K;[m[Kâ€™ at end of member declaration
[2.847s]    52 |     void inputCallback(const sensor_msgs::Imu::[01;31m[KSharedPtr[m[K imuMsg) const;
[2.848s]       |                                                [01;31m[K^~~~~~~~~[m[K
[2.848s]       |                                                         [32m[K;[m[K
[2.848s] [01m[K/home/nakul/Desktop/bur/ros2_ws/src/2023-2024/state-estimation/include/eskf/Node.hpp:54:58:[m[K [01;31m[Kerror: [m[Kâ€˜[01m[KodomMsg[m[Kâ€™ does not name a type
[2.848s]    54 |     void gpsCallback(const nav_msgs::Odometry::SharedPtr [01;31m[KodomMsg[m[K) const;
[2.848s]       |                                                          [01;31m[K^~~~~~~[m[K
[2.848s] [01m[K/home/nakul/Desktop/bur/ros2_ws/src/2023-2024/state-estimation/include/eskf/Node.hpp:55:49:[m[K [01;31m[Kerror: [m[Kâ€˜[01m[KOpticalFlowRad[m[Kâ€™ in namespace â€˜[01m[Kmavros_msgs[m[Kâ€™ does not name a type
[2.848s]    55 |     void opticalFlowCallback(const mavros_msgs::[01;31m[KOpticalFlowRad[m[K::SharedPtr opticalFlowMsg) const;
[2.848s]       |                                                 [01;31m[K^~~~~~~~~~~~~~[m[K
[2.848s] [01m[K/home/nakul/Desktop/bur/ros2_ws/src/2023-2024/state-estimation/include/eskf/Node.hpp:55:75:[m[K [01;31m[Kerror: [m[Kexpected unqualified-id before â€˜[01m[KopticalFlowMsg[m[Kâ€™
[2.849s]    55 |     void opticalFlowCallback(const mavros_msgs::OpticalFlowRad::SharedPtr [01;31m[KopticalFlowMsg[m[K) const;
[2.849s]       |                                                                           [01;31m[K^~~~~~~~~~~~~~[m[K
[2.849s] [01m[K/home/nakul/Desktop/bur/ros2_ws/src/2023-2024/state-estimation/include/eskf/Node.hpp:55:74:[m[K [01;31m[Kerror: [m[Kexpected â€˜[01m[K)[m[Kâ€™ before â€˜[01m[KopticalFlowMsg[m[Kâ€™
[2.849s]    55 |     void opticalFlowCallback[34m[K([m[Kconst mavros_msgs::OpticalFlowRad::SharedPtr[01;31m[K [m[K[32m[KopticalFlowMsg[m[K) const;
[2.849s]       |                             [34m[K~[m[K                                            [01;31m[K^[m[K[32m[K~~~~~~~~~~~~~~[m[K
[2.849s]       |                                                                          [32m[K)[m[K
[2.849s] [01m[K/home/nakul/Desktop/bur/ros2_ws/src/2023-2024/state-estimation/include/eskf/Node.hpp:55:65:[m[K [01;31m[Kerror: [m[Kexpected â€˜[01m[K;[m[Kâ€™ at end of member declaration
[2.849s]    55 |     void opticalFlowCallback(const mavros_msgs::OpticalFlowRad::[01;31m[KSharedPtr[m[K opticalFlowMsg) const;
[2.850s]       |                                                                 [01;31m[K^~~~~~~~~[m[K
[2.850s]       |                                                                          [32m[K;[m[K
[2.850s] [01m[K/home/nakul/Desktop/bur/ros2_ws/src/2023-2024/state-estimation/include/eskf/Node.hpp:52:58:[m[K [01;31m[Kerror: [m[Kâ€˜[01m[KimuMsg[m[Kâ€™ does not name a type
[2.850s]    52 |     void inputCallback(const sensor_msgs::Imu::SharedPtr [01;31m[KimuMsg[m[K) const;
[2.850s]       |                                                          [01;31m[K^~~~~~[m[K
[2.850s] [01m[K/home/nakul/Desktop/bur/ros2_ws/src/2023-2024/state-estimation/include/eskf/Node.hpp:53:46:[m[K [01;31m[Kerror: [m[Kâ€˜[01m[KPoseWithCovarianceStamped[m[Kâ€™ in namespace â€˜[01m[Kgeometry_msgs[m[Kâ€™ does not name a type
[2.850s]    53 |     void visionCallback(const geometry_msgs::[01;31m[KPoseWithCovarianceStamped[m[K::SharedPtr poseMsg) const;
[2.851s]       |                                              [01;31m[K^~~~~~~~~~~~~~~~~~~~~~~~~[m[K
[2.851s] [01m[K/home/nakul/Desktop/bur/ros2_ws/src/2023-2024/state-estimation/include/eskf/Node.hpp:53:83:[m[K [01;31m[Kerror: [m[Kexpected unqualified-id before â€˜[01m[KposeMsg[m[Kâ€™
[2.851s]    53 |     void visionCallback(const geometry_msgs::PoseWithCovarianceStamped::SharedPtr [01;31m[KposeMsg[m[K) const;
[2.851s]       |                                                                                   [01;31m[K^~~~~~~[m[K
[2.851s] [01m[K/home/nakul/Desktop/bur/ros2_ws/src/2023-2024/state-estimation/include/eskf/Node.hpp:53:82:[m[K [01;31m[Kerror: [m[Kexpected â€˜[01m[K)[m[Kâ€™ before â€˜[01m[KposeMsg[m[Kâ€™
[2.851s]    53 |     void visionCallback[34m[K([m[Kconst geometry_msgs::PoseWithCovarianceStamped::SharedPtr[01;31m[K [m[K[32m[KposeMsg[m[K) const;
[2.851s]       |                        [34m[K~[m[K                                                         [01;31m[K^[m[K[32m[K~~~~~~~[m[K
[2.852s]       |                                                                                  [32m[K)[m[K
[2.852s] [01m[K/home/nakul/Desktop/bur/ros2_ws/src/2023-2024/state-estimation/include/eskf/Node.hpp:53:73:[m[K [01;31m[Kerror: [m[Kexpected â€˜[01m[K;[m[Kâ€™ at end of member declaration
[2.852s]    53 |     void visionCallback(const geometry_msgs::PoseWithCovarianceStamped::[01;31m[KSharedPtr[m[K poseMsg) const;
[2.852s]       |                                                                         [01;31m[K^~~~~~~~~[m[K
[2.852s]       |                                                                                  [32m[K;[m[K
[2.852s] [01m[K/home/nakul/Desktop/bur/ros2_ws/src/2023-2024/state-estimation/include/eskf/Node.hpp:53:83:[m[K [01;31m[Kerror: [m[Kâ€˜[01m[KposeMsg[m[Kâ€™ does not name a type
[2.852s]    53 |     void visionCallback(const geometry_msgs::PoseWithCovarianceStamped::SharedPtr [01;31m[KposeMsg[m[K) const;
[2.852s]       |                                                                                   [01;31m[K^~~~~~~[m[K
[2.852s] [01m[K/home/nakul/Desktop/bur/ros2_ws/src/2023-2024/state-estimation/include/eskf/Node.hpp:54:38:[m[K [01;31m[Kerror: [m[Kâ€˜[01m[KOdometry[m[Kâ€™ in namespace â€˜[01m[Knav_msgs[m[Kâ€™ does not name a type
[2.853s]    54 |     void gpsCallback(const nav_msgs::[01;31m[KOdometry[m[K::SharedPtr odomMsg) const;
[2.853s]       |                                      [01;31m[K^~~~~~~~[m[K
[2.853s] [01m[K/home/nakul/Desktop/bur/ros2_ws/src/2023-2024/state-estimation/include/eskf/Node.hpp:54:58:[m[K [01;31m[Kerror: [m[Kexpected unqualified-id before â€˜[01m[KodomMsg[m[Kâ€™
[2.853s]    54 |     void gpsCallback(const nav_msgs::Odometry::SharedPtr [01;31m[KodomMsg[m[K) const;
[2.853s]       |                                                          [01;31m[K^~~~~~~[m[K
[2.853s] [01m[K/home/nakul/Desktop/bur/ros2_ws/src/2023-2024/state-estimation/include/eskf/Node.hpp:54:57:[m[K [01;31m[Kerror: [m[Kexpected â€˜[01m[K)[m[Kâ€™ before â€˜[01m[KodomMsg[m[Kâ€™
[2.853s]    54 |     void gpsCallback[34m[K([m[Kconst nav_msgs::Odometry::SharedPtr[01;31m[K [m[K[32m[KodomMsg[m[K) const;
[2.853s]       |                     [34m[K~[m[K                                   [01;31m[K^[m[K[32m[K~~~~~~~[m[K
[2.853s]       |                                                         [32m[K)[m[K
[2.854s] [01m[K/home/nakul/Desktop/bur/ros2_ws/src/2023-2024/state-estimation/include/eskf/Node.hpp:54:48:[m[K [01;31m[Kerror: [m[Kexpected â€˜[01m[K;[m[Kâ€™ at end of member declaration
[2.854s]    54 |     void gpsCallback(const nav_msgs::Odometry::[01;31m[KSharedPtr[m[K odomMsg) const;
[2.854s]       |                                                [01;31m[K^~~~~~~~~[m[K
[2.854s]       |                                                         [32m[K;[m[K
[2.854s] [01m[K/home/nakul/Desktop/bur/ros2_ws/src/2023-2024/state-estimation/include/eskf/Node.hpp:55:75:[m[K [01;31m[Kerror: [m[Kâ€˜[01m[KopticalFlowMsg[m[Kâ€™ does not name a type
[2.854s]    55 |     void opticalFlowCallback(const mavros_msgs::OpticalFlowRad::SharedPtr [01;31m[KopticalFlowMsg[m[K) const;
[2.854s]       |                                                                           [01;31m[K^~~~~~~~~~~~~~[m[K
[2.854s] [01m[K/home/nakul/Desktop/bur/ros2_ws/src/2023-2024/state-estimation/include/eskf/Node.hpp:56:41:[m[K [01;31m[Kerror: [m[Kâ€˜[01m[KMagneticField[m[Kâ€™ in namespace â€˜[01m[Ksensor_msgs[m[Kâ€™ does not name a type
[2.855s]    56 |     void magCallback(const sensor_msgs::[01;31m[KMagneticField[m[K::SharedPtr magMsg) const;
[2.855s]       |                                         [01;31m[K^~~~~~~~~~~~~[m[K
[2.855s] [01m[K/home/nakul/Desktop/bur/ros2_ws/src/2023-2024/state-estimation/include/eskf/Node.hpp:56:66:[m[K [01;31m[Kerror: [m[Kexpected unqualified-id before â€˜[01m[KmagMsg[m[Kâ€™
[2.855s]    56 |     void magCallback(const sensor_msgs::MagneticField::SharedPtr [01;31m[KmagMsg[m[K) const;
[2.855s]       |                                                                  [01;31m[K^~~~~~[m[K
[2.855s] [01m[K/home/nakul/Desktop/bur/ros2_ws/src/2023-2024/state-estimation/include/eskf/Node.hpp:56:65:[m[K [01;31m[Kerror: [m[Kexpected â€˜[01m[K)[m[Kâ€™ before â€˜[01m[KmagMsg[m[Kâ€™
[2.856s]    56 |     void magCallback[34m[K([m[Kconst sensor_msgs::MagneticField::SharedPtr[01;31m[K [m[K[32m[KmagMsg[m[K) const;
[2.856s]       |                     [34m[K~[m[K                                           [01;31m[K^[m[K[32m[K~~~~~~[m[K
[2.856s]       |                                                                 [32m[K)[m[K
[2.856s] [01m[K/home/nakul/Desktop/bur/ros2_ws/src/2023-2024/state-estimation/include/eskf/Node.hpp:56:56:[m[K [01;31m[Kerror: [m[Kexpected â€˜[01m[K;[m[Kâ€™ at end of member declaration
[2.856s]    56 |     void magCallback(const sensor_msgs::MagneticField::[01;31m[KSharedPtr[m[K magMsg) const;
[2.856s]       |                                                        [01;31m[K^~~~~~~~~[m[K
[2.856s]       |                                                                 [32m[K;[m[K
[2.856s] [01m[K/home/nakul/Desktop/bur/ros2_ws/src/2023-2024/state-estimation/include/eskf/Node.hpp:54:58:[m[K [01;31m[Kerror: [m[Kâ€˜[01m[KodomMsg[m[Kâ€™ does not name a type
[2.856s]    54 |     void gpsCallback(const nav_msgs::Odometry::SharedPtr [01;31m[KodomMsg[m[K) const;
[2.856s]       |                                                          [01;31m[K^~~~~~~[m[K
[2.856s] [01m[K/home/nakul/Desktop/bur/ros2_ws/src/2023-2024/state-estimation/include/eskf/Node.hpp:55:49:[m[K [01;31m[Kerror: [m[Kâ€˜[01m[KOpticalFlowRad[m[Kâ€™ in namespace â€˜[01m[Kmavros_msgs[m[Kâ€™ does not name a type
[2.856s]    55 |     void opticalFlowCallback(const mavros_msgs::[01;31m[KOpticalFlowRad[m[K::SharedPtr opticalFlowMsg) const;
[2.856s]       |                                                 [01;31m[K^~~~~~~~~~~~~~[m[K
[2.857s] [01m[K/home/nakul/Desktop/bur/ros2_ws/src/2023-2024/state-estimation/include/eskf/Node.hpp:55:75:[m[K [01;31m[Kerror: [m[Kexpected unqualified-id before â€˜[01m[KopticalFlowMsg[m[Kâ€™
[2.857s]    55 |     void opticalFlowCallback(const mavros_msgs::OpticalFlowRad::SharedPtr [01;31m[KopticalFlowMsg[m[K) const;
[2.857s]       |                                                                           [01;31m[K^~~~~~~~~~~~~~[m[K
[2.857s] [01m[K/home/nakul/Desktop/bur/ros2_ws/src/2023-2024/state-estimation/include/eskf/Node.hpp:55:74:[m[K [01;31m[Kerror: [m[Kexpected â€˜[01m[K)[m[Kâ€™ before â€˜[01m[KopticalFlowMsg[m[Kâ€™
[2.857s]    55 |     void opticalFlowCallback[34m[K([m[Kconst mavros_msgs::OpticalFlowRad::SharedPtr[01;31m[K [m[K[32m[KopticalFlowMsg[m[K) const;
[2.857s]       |                             [34m[K~[m[K                                            [01;31m[K^[m[K[32m[K~~~~~~~~~~~~~~[m[K
[2.857s]       |                                                                          [32m[K)[m[K
[2.857s] [01m[K/home/nakul/Desktop/bur/ros2_ws/src/2023-2024/state-estimation/include/eskf/Node.hpp:55:65:[m[K [01;31m[Kerror: [m[Kexpected â€˜[01m[K;[m[Kâ€™ at end of member declaration
[2.857s]    55 |     void opticalFlowCallback(const mavros_msgs::OpticalFlowRad::[01;31m[KSharedPtr[m[K opticalFlowMsg) const;
[2.857s]       |                                                                 [01;31m[K^~~~~~~~~[m[K
[2.857s]       |                                                                          [32m[K;[m[K
[2.857s] [01m[K/home/nakul/Desktop/bur/ros2_ws/src/2023-2024/state-estimation/include/eskf/Node.hpp:56:66:[m[K [01;31m[Kerror: [m[Kâ€˜[01m[KmagMsg[m[Kâ€™ does not name a type
[2.858s]    56 |     void magCallback(const sensor_msgs::MagneticField::SharedPtr [01;31m[KmagMsg[m[K) const;
[2.858s]       |                                                                  [01;31m[K^~~~~~[m[K
[2.858s] [01m[K/home/nakul/Desktop/bur/ros2_ws/src/2023-2024/state-estimation/include/eskf/Node.hpp:57:51:[m[K [01;31m[Kerror: [m[Kâ€˜[01m[KExtendedState[m[Kâ€™ in namespace â€˜[01m[Kmavros_msgs[m[Kâ€™ does not name a type
[2.858s]    57 |     void extendedStateCallback(const mavros_msgs::[01;31m[KExtendedState[m[K::SharedPtr extendedStateMsg) const;
[2.858s]       |                                                   [01;31m[K^~~~~~~~~~~~~[m[K
[2.858s] [01m[K/home/nakul/Desktop/bur/ros2_ws/src/2023-2024/state-estimation/include/eskf/Node.hpp:57:76:[m[K [01;31m[Kerror: [m[Kexpected unqualified-id before â€˜[01m[KextendedStateMsg[m[Kâ€™
[2.858s]    57 |     void extendedStateCallback(const mavros_msgs::ExtendedState::SharedPtr [01;31m[KextendedStateMsg[m[K) const;
[2.859s]       |                                                                            [01;31m[K^~~~~~~~~~~~~~~~[m[K
[2.859s] [01m[K/home/nakul/Desktop/bur/ros2_ws/src/2023-2024/state-estimation/include/eskf/Node.hpp:57:75:[m[K [01;31m[Kerror: [m[Kexpected â€˜[01m[K)[m[Kâ€™ before â€˜[01m[KextendedStateMsg[m[Kâ€™
[2.859s]    57 |     void extendedStateCallback[34m[K([m[Kconst mavros_msgs::ExtendedState::SharedPtr[01;31m[K [m[K[32m[KextendedStateMsg[m[K) const;
[2.859s]       |                               [34m[K~[m[K                                           [01;31m[K^[m[K[32m[K~~~~~~~~~~~~~~~~[m[K
[2.859s]       |                                                                           [32m[K)[m[K
[2.859s] [01m[K/home/nakul/Desktop/bur/ros2_ws/src/2023-2024/state-estimation/include/eskf/Node.hpp:57:66:[m[K [01;31m[Kerror: [m[Kexpected â€˜[01m[K;[m[Kâ€™ at end of member declaration
[2.859s]    57 |     void extendedStateCallback(const mavros_msgs::ExtendedState::[01;31m[KSharedPtr[m[K extendedStateMsg) const;
[2.859s]       |                                                                  [01;31m[K^~~~~~~~~[m[K
[2.859s]       |                                                                           [32m[K;[m[K
[2.859s] [01m[K/home/nakul/Desktop/bur/ros2_ws/src/2023-2024/state-estimation/include/eskf/Node.hpp:55:75:[m[K [01;31m[Kerror: [m[Kâ€˜[01m[KopticalFlowMsg[m[Kâ€™ does not name a type
[2.859s]    55 |     void opticalFlowCallback(const mavros_msgs::OpticalFlowRad::SharedPtr [01;31m[KopticalFlowMsg[m[K) const;
[2.859s]       |                                                                           [01;31m[K^~~~~~~~~~~~~~[m[K
[2.860s] [01m[K/home/nakul/Desktop/bur/ros2_ws/src/2023-2024/state-estimation/include/eskf/Node.hpp:56:41:[m[K [01;31m[Kerror: [m[Kâ€˜[01m[KMagneticField[m[Kâ€™ in namespace â€˜[01m[Ksensor_msgs[m[Kâ€™ does not name a type
[2.860s]    56 |     void magCallback(const sensor_msgs::[01;31m[KMagneticField[m[K::SharedPtr magMsg) const;
[2.860s]       |                                         [01;31m[K^~~~~~~~~~~~~[m[K
[2.860s] [01m[K/home/nakul/Desktop/bur/ros2_ws/src/2023-2024/state-estimation/include/eskf/Node.hpp:56:66:[m[K [01;31m[Kerror: [m[Kexpected unqualified-id before â€˜[01m[KmagMsg[m[Kâ€™
[2.860s]    56 |     void magCallback(const sensor_msgs::MagneticField::SharedPtr [01;31m[KmagMsg[m[K) const;
[2.860s]       |                                                                  [01;31m[K^~~~~~[m[K
[2.860s] [01m[K/home/nakul/Desktop/bur/ros2_ws/src/2023-2024/state-estimation/include/eskf/Node.hpp:56:65:[m[K [01;31m[Kerror: [m[Kexpected â€˜[01m[K)[m[Kâ€™ before â€˜[01m[KmagMsg[m[Kâ€™
[2.860s]    56 |     void magCallback[34m[K([m[Kconst sensor_msgs::MagneticField::SharedPtr[01;31m[K [m[K[32m[KmagMsg[m[K) const;
[2.860s]       |                     [34m[K~[m[K                                           [01;31m[K^[m[K[32m[K~~~~~~[m[K
[2.860s]       |                                                                 [32m[K)[m[K
[2.860s] [01m[K/home/nakul/Desktop/bur/ros2_ws/src/2023-2024/state-estimation/include/eskf/Node.hpp:56:56:[m[K [01;31m[Kerror: [m[Kexpected â€˜[01m[K;[m[Kâ€™ at end of member declaration
[2.861s]    56 |     void magCallback(const sensor_msgs::MagneticField::[01;31m[KSharedPtr[m[K magMsg) const;
[2.861s]       |                                                        [01;31m[K^~~~~~~~~[m[K
[2.861s]       |                                                                 [32m[K;[m[K
[2.861s] [01m[K/home/nakul/Desktop/bur/ros2_ws/src/2023-2024/state-estimation/include/eskf/Node.hpp:57:76:[m[K [01;31m[Kerror: [m[Kâ€˜[01m[KextendedStateMsg[m[Kâ€™ does not name a type
[2.861s]    57 |     void extendedStateCallback(const mavros_msgs::ExtendedState::SharedPtr [01;31m[KextendedStateMsg[m[K) const;
[2.861s]       |                                                                            [01;31m[K^~~~~~~~~~~~~~~~[m[K
[2.861s] [01m[K/home/nakul/Desktop/bur/ros2_ws/src/2023-2024/state-estimation/include/eskf/Node.hpp:58:49:[m[K [01;31m[Kerror: [m[Kâ€˜[01m[KRange[m[Kâ€™ in namespace â€˜[01m[Ksensor_msgs[m[Kâ€™ does not name a type
[2.861s]    58 |     void rangeFinderCallback(const sensor_msgs::[01;31m[KRange[m[K::SharedPtr rangeMsg) const;
[2.861s]       |                                                 [01;31m[K^~~~~[m[K
[2.861s] [01m[K/home/nakul/Desktop/bur/ros2_ws/src/2023-2024/state-estimation/include/eskf/Node.hpp:58:66:[m[K [01;31m[Kerror: [m[Kexpected unqualified-id before â€˜[01m[KrangeMsg[m[Kâ€™
[2.862s]    58 |     void rangeFinderCallback(const sensor_msgs::Range::SharedPtr [01;31m[KrangeMsg[m[K) const;
[2.862s]       |                                                                  [01;31m[K^~~~~~~~[m[K
[2.862s] [01m[K/home/nakul/Desktop/bur/ros2_ws/src/2023-2024/state-estimation/include/eskf/Node.hpp:58:65:[m[K [01;31m[Kerror: [m[Kexpected â€˜[01m[K)[m[Kâ€™ before â€˜[01m[KrangeMsg[m[Kâ€™
[2.862s]    58 |     void rangeFinderCallback[34m[K([m[Kconst sensor_msgs::Range::SharedPtr[01;31m[K [m[K[32m[KrangeMsg[m[K) const;
[2.862s]       |                             [34m[K~[m[K                                   [01;31m[K^[m[K[32m[K~~~~~~~~[m[K
[2.862s]       |                                                                 [32m[K)[m[K
[2.862s] [01m[K/home/nakul/Desktop/bur/ros2_ws/src/2023-2024/state-estimation/include/eskf/Node.hpp:56:66:[m[K [01;31m[Kerror: [m[Kâ€˜[01m[KmagMsg[m[Kâ€™ does not name a type
[2.862s]    56 |     void magCallback(const sensor_msgs::MagneticField::SharedPtr [01;31m[KmagMsg[m[K) const;
[2.862s]       |                                                                  [01;31m[K^~~~~~[m[K
[2.862s] [01m[K/home/nakul/Desktop/bur/ros2_ws/src/2023-2024/state-estimation/include/eskf/Node.hpp:58:56:[m[K [01;31m[Kerror: [m[Kexpected â€˜[01m[K;[m[Kâ€™ at end of member declaration
[2.862s]    58 |     void rangeFinderCallback(const sensor_msgs::Range::[01;31m[KSharedPtr[m[K rangeMsg) const;
[2.863s]       |                                                        [01;31m[K^~~~~~~~~[m[K
[2.863s]       |                                                                 [32m[K;[m[K
[2.863s] [01m[K/home/nakul/Desktop/bur/ros2_ws/src/2023-2024/state-estimation/include/eskf/Node.hpp:57:51:[m[K [01;31m[Kerror: [m[Kâ€˜[01m[KExtendedState[m[Kâ€™ in namespace â€˜[01m[Kmavros_msgs[m[Kâ€™ does not name a type
[2.863s]    57 |     void extendedStateCallback(const mavros_msgs::[01;31m[KExtendedState[m[K::SharedPtr extendedStateMsg) const;
[2.863s]       |                                                   [01;31m[K^~~~~~~~~~~~~[m[K
[2.863s] [01m[K/home/nakul/Desktop/bur/ros2_ws/src/2023-2024/state-estimation/include/eskf/Node.hpp:57:76:[m[K [01;31m[Kerror: [m[Kexpected unqualified-id before â€˜[01m[KextendedStateMsg[m[Kâ€™
[2.863s]    57 |     void extendedStateCallback(const mavros_msgs::ExtendedState::SharedPtr [01;31m[KextendedStateMsg[m[K) const;
[2.863s]       |                                                                            [01;31m[K^~~~~~~~~~~~~~~~[m[K
[2.863s] [01m[K/home/nakul/Desktop/bur/ros2_ws/src/2023-2024/state-estimation/include/eskf/Node.hpp:57:75:[m[K [01;31m[Kerror: [m[Kexpected â€˜[01m[K)[m[Kâ€™ before â€˜[01m[KextendedStateMsg[m[Kâ€™
[2.864s]    57 |     void extendedStateCallback[34m[K([m[Kconst mavros_msgs::ExtendedState::SharedPtr[01;31m[K [m[K[32m[KextendedStateMsg[m[K) const;
[2.864s]       |                               [34m[K~[m[K                                           [01;31m[K^[m[K[32m[K~~~~~~~~~~~~~~~~[m[K
[2.864s]       |                                                                           [32m[K)[m[K
[2.864s] [01m[K/home/nakul/Desktop/bur/ros2_ws/src/2023-2024/state-estimation/include/eskf/Node.hpp:57:66:[m[K [01;31m[Kerror: [m[Kexpected â€˜[01m[K;[m[Kâ€™ at end of member declaration
[2.864s]    57 |     void extendedStateCallback(const mavros_msgs::ExtendedState::[01;31m[KSharedPtr[m[K extendedStateMsg) const;
[2.864s]       |                                                                  [01;31m[K^~~~~~~~~[m[K
[2.864s]       |                                                                           [32m[K;[m[K
[2.864s] [01m[K/home/nakul/Desktop/bur/ros2_ws/src/2023-2024/state-estimation/include/eskf/Node.hpp:58:66:[m[K [01;31m[Kerror: [m[Kâ€˜[01m[KrangeMsg[m[Kâ€™ does not name a type
[2.864s]    58 |     void rangeFinderCallback(const sensor_msgs::Range::SharedPtr [01;31m[KrangeMsg[m[K) const;
[2.864s]       |                                                                  [01;31m[K^~~~~~~~[m[K
[2.865s] [01m[K/home/nakul/Desktop/bur/ros2_ws/src/2023-2024/state-estimation/src/eskf.cpp:[m[K In function â€˜[01m[Kint main(int, char**)[m[Kâ€™:
[2.865s] [01m[K/home/nakul/Desktop/bur/ros2_ws/src/2023-2024/state-estimation/src/eskf.cpp:6:2:[m[K [01;31m[Kerror: [m[Kâ€˜[01m[Kros[m[Kâ€™ has not been declared
[2.865s]     6 |  [01;31m[Kros[m[K::init(argc, argv);
[2.865s]       |  [01;31m[K^~~[m[K
[2.865s] [01m[K/home/nakul/Desktop/bur/ros2_ws/src/2023-2024/state-estimation/include/eskf/Node.hpp:57:76:[m[K [01;31m[Kerror: [m[Kâ€˜[01m[KextendedStateMsg[m[Kâ€™ does not name a type
[2.865s]    57 |     void extendedStateCallback(const mavros_msgs::ExtendedState::SharedPtr [01;31m[KextendedStateMsg[m[K) const;
[2.865s]       |                                                                            [01;31m[K^~~~~~~~~~~~~~~~[m[K
[2.865s] [01m[K/home/nakul/Desktop/bur/ros2_ws/src/2023-2024/state-estimation/include/eskf/Node.hpp:58:49:[m[K [01;31m[Kerror: [m[Kâ€˜[01m[KRange[m[Kâ€™ in namespace â€˜[01m[Ksensor_msgs[m[Kâ€™ does not name a type
[2.865s]    58 |     void rangeFinderCallback(const sensor_msgs::[01;31m[KRange[m[K::SharedPtr rangeMsg) const;
[2.865s]       |                                                 [01;31m[K^~~~~[m[K
[2.865s] [01m[K/home/nakul/Desktop/bur/ros2_ws/src/2023-2024/state-estimation/include/eskf/Node.hpp:58:66:[m[K [01;31m[Kerror: [m[Kexpected unqualified-id before â€˜[01m[KrangeMsg[m[Kâ€™
[2.866s]    58 |     void rangeFinderCallback(const sensor_msgs::Range::SharedPtr [01;31m[KrangeMsg[m[K) const;
[2.866s]       |                                                                  [01;31m[K^~~~~~~~[m[K
[2.866s] [01m[K/home/nakul/Desktop/bur/ros2_ws/src/2023-2024/state-estimation/include/eskf/Node.hpp:58:65:[m[K [01;31m[Kerror: [m[Kexpected â€˜[01m[K)[m[Kâ€™ before â€˜[01m[KrangeMsg[m[Kâ€™
[2.866s]    58 |     void rangeFinderCallback[34m[K([m[Kconst sensor_msgs::Range::SharedPtr[01;31m[K [m[K[32m[KrangeMsg[m[K) const;
[2.866s]       |                             [34m[K~[m[K                                   [01;31m[K^[m[K[32m[K~~~~~~~~[m[K
[2.866s]       |                                                                 [32m[K)[m[K
[2.866s] [01m[K/home/nakul/Desktop/bur/ros2_ws/src/2023-2024/state-estimation/include/eskf/Node.hpp:58:56:[m[K [01;31m[Kerror: [m[Kexpected â€˜[01m[K;[m[Kâ€™ at end of member declaration
[2.866s]    58 |     void rangeFinderCallback(const sensor_msgs::Range::[01;31m[KSharedPtr[m[K rangeMsg) const;
[2.866s]       |                                                        [01;31m[K^~~~~~~~~[m[K
[2.866s]       |                                                                 [32m[K;[m[K
[2.868s] [01m[K/home/nakul/Desktop/bur/ros2_ws/src/2023-2024/state-estimation/include/eskf/Node.hpp:58:66:[m[K [01;31m[Kerror: [m[Kâ€˜[01m[KrangeMsg[m[Kâ€™ does not name a type
[2.868s]    58 |     void rangeFinderCallback(const sensor_msgs::Range::SharedPtr [01;31m[KrangeMsg[m[K) const;
[2.868s]       |                                                                  [01;31m[K^~~~~~~~[m[K
[2.870s] [01m[K/home/nakul/Desktop/bur/ros2_ws/src/2023-2024/state-estimation/src/Node.cpp:[m[K In constructor â€˜[01m[Keskf::Node::Node()[m[Kâ€™:
[2.870s] [01m[K/home/nakul/Desktop/bur/ros2_ws/src/2023-2024/state-estimation/src/Node.cpp:6:32:[m[K [01;31m[Kerror: [m[Kno matching function for call to â€˜[01m[Keskf::Node::Node(const char [10])[m[Kâ€™
[2.870s]     6 | Node::Node() : Node("ESKF_Node"[01;31m[K)[m[K {
[2.870s]       |                                [01;31m[K^[m[K
[2.870s] In file included from [01m[K/home/nakul/Desktop/bur/ros2_ws/src/2023-2024/state-estimation/src/Node.cpp:1[m[K:
[2.871s] [01m[K/home/nakul/Desktop/bur/ros2_ws/src/2023-2024/state-estimation/include/eskf/Node.hpp:23:5:[m[K [01;36m[Knote: [m[Kcandidate: â€˜[01m[Keskf::Node::Node()[m[Kâ€™
[2.871s]    23 |     [01;36m[KNode[m[K();
[2.871s]       |     [01;36m[K^~~~[m[K
[2.871s] [01m[K/home/nakul/Desktop/bur/ros2_ws/src/2023-2024/state-estimation/include/eskf/Node.hpp:23:5:[m[K [01;36m[Knote: [m[K  candidate expects 0 arguments, 1 provided
[2.874s] [01m[K/home/nakul/Desktop/bur/ros2_ws/src/2023-2024/state-estimation/src/Node.cpp:7:3:[m[K [01;31m[Kerror: [m[Kâ€˜[01m[KROS_INFO[m[Kâ€™ was not declared in this scope
[2.875s]     7 |   [01;31m[KROS_INFO[m[K("Subscribing to imu.");
[2.875s]       |   [01;31m[K^~~~~~~~[m[K
[2.878s] [01m[K/home/nakul/Desktop/bur/ros2_ws/src/2023-2024/state-estimation/src/Node.cpp:8:3:[m[K [01;31m[Kerror: [m[Kâ€˜[01m[KsubImu_[m[Kâ€™ was not declared in this scope
[2.878s]     8 |   [01;31m[KsubImu_[m[K = this->create_subscription<sensor_msgs::Imu>(
[2.878s]       |   [01;31m[K^~~~~~~[m[K
[2.879s] [01m[K/home/nakul/Desktop/bur/ros2_ws/src/2023-2024/state-estimation/src/Node.cpp:8:52:[m[K [01;31m[Kerror: [m[Kâ€˜[01m[KImu[m[Kâ€™ is not a member of â€˜[01m[Ksensor_msgs[m[Kâ€™; did you mean â€˜[01m[Ksensor_msgs::msg::Imu[m[Kâ€™?
[2.879s]     8 |   subImu_ = this->create_subscription<sensor_msgs::[01;31m[KImu[m[K>(
[2.879s]       |                                                    [01;31m[K^~~[m[K
[2.879s] In file included from [01m[K/opt/ros/foxy/include/sensor_msgs/msg/imu.hpp:7[m[K,
[2.879s]                  from [01m[K/home/nakul/Desktop/bur/ros2_ws/src/2023-2024/state-estimation/include/eskf/Node.hpp:5[m[K,
[2.880s]                  from [01m[K/home/nakul/Desktop/bur/ros2_ws/src/2023-2024/state-estimation/src/Node.cpp:1[m[K:
[2.880s] [01m[K/opt/ros/foxy/include/sensor_msgs/msg/detail/imu__struct.hpp:216:7:[m[K [01;36m[Knote: [m[Kâ€˜[01m[Ksensor_msgs::msg::Imu[m[Kâ€™ declared here
[2.880s]   216 | using [01;36m[KImu[m[K =
[2.880s]       |       [01;36m[K^~~[m[K
[2.880s] [01m[K/home/nakul/Desktop/bur/ros2_ws/src/2023-2024/state-estimation/src/Node.cpp:8:52:[m[K [01;31m[Kerror: [m[Kâ€˜[01m[KImu[m[Kâ€™ is not a member of â€˜[01m[Ksensor_msgs[m[Kâ€™; did you mean â€˜[01m[Ksensor_msgs::msg::Imu[m[Kâ€™?
[2.880s]     8 |   subImu_ = this->create_subscription<sensor_msgs::[01;31m[KImu[m[K>(
[2.881s]       |                                                    [01;31m[K^~~[m[K
[2.881s] In file included from [01m[K/opt/ros/foxy/include/sensor_msgs/msg/imu.hpp:7[m[K,
[2.881s]                  from [01m[K/home/nakul/Desktop/bur/ros2_ws/src/2023-2024/state-estimation/include/eskf/Node.hpp:5[m[K,
[2.881s]                  from [01m[K/home/nakul/Desktop/bur/ros2_ws/src/2023-2024/state-estimation/src/Node.cpp:1[m[K:
[2.881s] [01m[K/opt/ros/foxy/include/sensor_msgs/msg/detail/imu__struct.hpp:216:7:[m[K [01;36m[Knote: [m[Kâ€˜[01m[Ksensor_msgs::msg::Imu[m[Kâ€™ declared here
[2.881s]   216 | using [01;36m[KImu[m[K =
[2.881s]       |       [01;36m[K^~~[m[K
[2.881s] [01m[K/home/nakul/Desktop/bur/ros2_ws/src/2023-2024/state-estimation/src/Node.cpp:9:58:[m[K [01;31m[Kerror: [m[Kâ€˜[01m[K_1[m[Kâ€™ was not declared in this scope; did you mean â€˜[01m[Kstd::placeholders::_1[m[Kâ€™?
[2.881s]     9 |       "imu", 1000, std::bind(&Node::inputCallback, this, [01;31m[K_1[m[K));
[2.882s]       |                                                          [01;31m[K^~[m[K
[2.882s]       |                                                          [32m[Kstd::placeholders::_1[m[K
[2.882s] In file included from [01m[K/opt/ros/foxy/include/rclcpp/context.hpp:19[m[K,
[2.882s]                  from [01m[K/opt/ros/foxy/include/rclcpp/contexts/default_context.hpp:18[m[K,
[2.882s]                  from [01m[K/opt/ros/foxy/include/rclcpp/executor.hpp:32[m[K,
[2.882s]                  from [01m[K/opt/ros/foxy/include/rclcpp/executors/multi_threaded_executor.hpp:26[m[K,
[2.882s]                  from [01m[K/opt/ros/foxy/include/rclcpp/executors.hpp:21[m[K,
[2.882s]                  from [01m[K/opt/ros/foxy/include/rclcpp/rclcpp.hpp:146[m[K,
[2.882s]                  from [01m[K/home/nakul/Desktop/bur/ros2_ws/src/2023-2024/state-estimation/include/eskf/Node.hpp:4[m[K,
[2.883s]                  from [01m[K/home/nakul/Desktop/bur/ros2_ws/src/2023-2024/state-estimation/src/Node.cpp:1[m[K:
[2.883s] [01m[K/usr/include/c++/9/functional:211:34:[m[K [01;36m[Knote: [m[Kâ€˜[01m[Kstd::placeholders::_1[m[Kâ€™ declared here
[2.883s]   211 |     extern const _Placeholder<1> [01;36m[K_1[m[K;
[2.883s]       |                                  [01;36m[K^~[m[K
[2.888s] [01m[K/home/nakul/Desktop/bur/ros2_ws/src/2023-2024/state-estimation/src/Node.cpp:12:3:[m[K [01;31m[Kerror: [m[Kâ€˜[01m[KsubExtendedState_[m[Kâ€™ was not declared in this scope
[2.888s]    12 |   [01;31m[KsubExtendedState_[m[K = this->create_subscription<mavros_msgs::ExtendedState>(
[2.888s]       |   [01;31m[K^~~~~~~~~~~~~~~~~[m[K
[2.888s] [01m[K/home/nakul/Desktop/bur/ros2_ws/src/2023-2024/state-estimation/src/Node.cpp:12:62:[m[K [01;31m[Kerror: [m[Kâ€˜[01m[KExtendedState[m[Kâ€™ is not a member of â€˜[01m[Kmavros_msgs[m[Kâ€™; did you mean â€˜[01m[Kmavros_msgs::msg::ExtendedState[m[Kâ€™?
[2.889s]    12 |   subExtendedState_ = this->create_subscription<mavros_msgs::[01;31m[KExtendedState[m[K>(
[2.889s]       |                                                              [01;31m[K^~~~~~~~~~~~~[m[K
[2.889s] In file included from [01m[K/opt/ros/foxy/include/mavros_msgs/msg/extended_state.hpp:7[m[K,
[2.889s]                  from [01m[K/home/nakul/Desktop/bur/ros2_ws/src/2023-2024/state-estimation/include/eskf/Node.hpp:12[m[K,
[2.889s]                  from [01m[K/home/nakul/Desktop/bur/ros2_ws/src/2023-2024/state-estimation/src/Node.cpp:1[m[K:
[2.889s] [01m[K/opt/ros/foxy/include/mavros_msgs/msg/detail/extended_state__struct.hpp:172:7:[m[K [01;36m[Knote: [m[Kâ€˜[01m[Kmavros_msgs::msg::ExtendedState[m[Kâ€™ declared here
[2.889s]   172 | using [01;36m[KExtendedState[m[K =
[2.890s]       |       [01;36m[K^~~~~~~~~~~~~[m[K
[2.890s] [01m[K/home/nakul/Desktop/bur/ros2_ws/src/2023-2024/state-estimation/src/Node.cpp:12:62:[m[K [01;31m[Kerror: [m[Kâ€˜[01m[KExtendedState[m[Kâ€™ is not a member of â€˜[01m[Kmavros_msgs[m[Kâ€™; did you mean â€˜[01m[Kmavros_msgs::msg::ExtendedState[m[Kâ€™?
[2.890s]    12 |   subExtendedState_ = this->create_subscription<mavros_msgs::[01;31m[KExtendedState[m[K>(
[2.890s]       |                                                              [01;31m[K^~~~~~~~~~~~~[m[K
[2.890s] In file included from [01m[K/opt/ros/foxy/include/mavros_msgs/msg/extended_state.hpp:7[m[K,
[2.891s]                  from [01m[K/home/nakul/Desktop/bur/ros2_ws/src/2023-2024/state-estimation/include/eskf/Node.hpp:12[m[K,
[2.891s]                  from [01m[K/home/nakul/Desktop/bur/ros2_ws/src/2023-2024/state-estimation/src/Node.cpp:1[m[K:
[2.891s] [01m[K/opt/ros/foxy/include/mavros_msgs/msg/detail/extended_state__struct.hpp:172:7:[m[K [01;36m[Knote: [m[Kâ€˜[01m[Kmavros_msgs::msg::ExtendedState[m[Kâ€™ declared here
[2.891s]   172 | using [01;36m[KExtendedState[m[K =
[2.891s]       |       [01;36m[K^~~~~~~~~~~~~[m[K
[2.895s] [01m[K/home/nakul/Desktop/bur/ros2_ws/src/2023-2024/state-estimation/src/Node.cpp:20:5:[m[K [01;31m[Kerror: [m[Kâ€˜[01m[KsubVisionPose_[m[Kâ€™ was not declared in this scope
[2.896s]    20 |     [01;31m[KsubVisionPose_[m[K = this->create_subscription<geometry_msgs::PoseWithCovarianceStamped>(
[2.896s]       |     [01;31m[K^~~~~~~~~~~~~~[m[K
[2.896s] [01m[K/home/nakul/Desktop/bur/ros2_ws/src/2023-2024/state-estimation/src/Node.cpp:20:63:[m[K [01;31m[Kerror: [m[Kâ€˜[01m[KPoseWithCovarianceStamped[m[Kâ€™ is not a member of â€˜[01m[Kgeometry_msgs[m[Kâ€™; did you mean â€˜[01m[Kgeometry_msgs::msg::PoseWithCovarianceStamped[m[Kâ€™?
[2.896s]    20 |     subVisionPose_ = this->create_subscription<geometry_msgs::[01;31m[KPoseWithCovarianceStamped[m[K>(
[2.897s]       |                                                               [01;31m[K^~~~~~~~~~~~~~~~~~~~~~~~~[m[K
[2.897s] In file included from [01m[K/opt/ros/foxy/include/geometry_msgs/msg/pose_with_covariance_stamped.hpp:7[m[K,
[2.897s]                  from [01m[K/home/nakul/Desktop/bur/ros2_ws/src/2023-2024/state-estimation/include/eskf/Node.hpp:10[m[K,
[2.897s]                  from [01m[K/home/nakul/Desktop/bur/ros2_ws/src/2023-2024/state-estimation/src/Node.cpp:1[m[K:
[2.897s] [01m[K/opt/ros/foxy/include/geometry_msgs/msg/detail/pose_with_covariance_stamped__struct.hpp:134:7:[m[K [01;36m[Knote: [m[Kâ€˜[01m[Kgeometry_msgs::msg::PoseWithCovarianceStamped[m[Kâ€™ declared here
[2.898s]   134 | using [01;36m[KPoseWithCovarianceStamped[m[K =
[2.898s]       |       [01;36m[K^~~~~~~~~~~~~~~~~~~~~~~~~[m[K
[2.898s] [01m[K/home/nakul/Desktop/bur/ros2_ws/src/2023-2024/state-estimation/src/Node.cpp:20:63:[m[K [01;31m[Kerror: [m[Kâ€˜[01m[KPoseWithCovarianceStamped[m[Kâ€™ is not a member of â€˜[01m[Kgeometry_msgs[m[Kâ€™; did you mean â€˜[01m[Kgeometry_msgs::msg::PoseWithCovarianceStamped[m[Kâ€™?
[2.898s]    20 |     subVisionPose_ = this->create_subscription<geometry_msgs::[01;31m[KPoseWithCovarianceStamped[m[K>(
[2.898s]       |                                                               [01;31m[K^~~~~~~~~~~~~~~~~~~~~~~~~[m[K
[2.898s] In file included from [01m[K/opt/ros/foxy/include/geometry_msgs/msg/pose_with_covariance_stamped.hpp:7[m[K,
[2.898s]                  from [01m[K/home/nakul/Desktop/bur/ros2_ws/src/2023-2024/state-estimation/include/eskf/Node.hpp:10[m[K,
[2.899s]                  from [01m[K/home/nakul/Desktop/bur/ros2_ws/src/2023-2024/state-estimation/src/Node.cpp:1[m[K:
[2.899s] [01m[K/opt/ros/foxy/include/geometry_msgs/msg/detail/pose_with_covariance_stamped__struct.hpp:134:7:[m[K [01;36m[Knote: [m[Kâ€˜[01m[Kgeometry_msgs::msg::PoseWithCovarianceStamped[m[Kâ€™ declared here
[2.899s]   134 | using [01;36m[KPoseWithCovarianceStamped[m[K =
[2.899s]       |       [01;36m[K^~~~~~~~~~~~~~~~~~~~~~~~~[m[K
[2.902s] [01m[K/home/nakul/Desktop/bur/ros2_ws/src/2023-2024/state-estimation/src/Node.cpp:25:5:[m[K [01;31m[Kerror: [m[Kâ€˜[01m[KsubGpsPose_[m[Kâ€™ was not declared in this scope
[2.902s]    25 |     [01;31m[KsubGpsPose_[m[K = nh_.subscribe("gps", 1, &Node::gpsCallback, this);
[2.902s]       |     [01;31m[K^~~~~~~~~~~[m[K
[2.904s] [01m[K/home/nakul/Desktop/bur/ros2_ws/src/2023-2024/state-estimation/src/Node.cpp:25:19:[m[K [01;31m[Kerror: [m[Kâ€˜[01m[Knh_[m[Kâ€™ was not declared in this scope
[2.904s]    25 |     subGpsPose_ = [01;31m[Knh_[m[K.subscribe("gps", 1, &Node::gpsCallback, this);
[2.904s]       |                   [01;31m[K^~~[m[K
[2.905s] [01m[K/home/nakul/Desktop/bur/ros2_ws/src/2023-2024/state-estimation/src/Node.cpp:26:55:[m[K [01;31m[Kerror: [m[Kâ€˜[01m[KOdometry[m[Kâ€™ is not a member of â€˜[01m[Knav_msgs[m[Kâ€™; did you mean â€˜[01m[Knav_msgs::msg::Odometry[m[Kâ€™?
[2.905s]    26 |     subGpsPose_ = this->create_subscription<nav_msgs::[01;31m[KOdometry[m[K>(
[2.905s]       |                                                       [01;31m[K^~~~~~~~[m[K
[2.906s] In file included from [01m[K/opt/ros/foxy/include/nav_msgs/msg/odometry.hpp:7[m[K,
[2.906s]                  from [01m[K/home/nakul/Desktop/bur/ros2_ws/src/2023-2024/state-estimation/include/eskf/Node.hpp:8[m[K,
[2.906s]                  from [01m[K/home/nakul/Desktop/bur/ros2_ws/src/2023-2024/state-estimation/src/Node.cpp:1[m[K:
[2.906s] [01m[K/opt/ros/foxy/include/nav_msgs/msg/detail/odometry__struct.hpp:171:7:[m[K [01;36m[Knote: [m[Kâ€˜[01m[Knav_msgs::msg::Odometry[m[Kâ€™ declared here
[2.906s]   171 | using [01;36m[KOdometry[m[K =
[2.906s]       |       [01;36m[K^~~~~~~~[m[K
[2.906s] [01m[K/home/nakul/Desktop/bur/ros2_ws/src/2023-2024/state-estimation/src/Node.cpp:26:55:[m[K [01;31m[Kerror: [m[Kâ€˜[01m[KOdometry[m[Kâ€™ is not a member of â€˜[01m[Knav_msgs[m[Kâ€™; did you mean â€˜[01m[Knav_msgs::msg::Odometry[m[Kâ€™?
[2.907s]    26 |     subGpsPose_ = this->create_subscription<nav_msgs::[01;31m[KOdometry[m[K>(
[2.907s]       |                                                       [01;31m[K^~~~~~~~[m[K
[2.907s] In file included from [01m[K/opt/ros/foxy/include/nav_msgs/msg/odometry.hpp:7[m[K,
[2.907s]                  from [01m[K/home/nakul/Desktop/bur/ros2_ws/src/2023-2024/state-estimation/include/eskf/Node.hpp:8[m[K,
[2.907s]                  from [01m[K/home/nakul/Desktop/bur/ros2_ws/src/2023-2024/state-estimation/src/Node.cpp:1[m[K:
[2.907s] [01m[K/opt/ros/foxy/include/nav_msgs/msg/detail/odometry__struct.hpp:171:7:[m[K [01;36m[Knote: [m[Kâ€˜[01m[Knav_msgs::msg::Odometry[m[Kâ€™ declared here
[2.907s]   171 | using [01;36m[KOdometry[m[K =
[2.907s]       |       [01;36m[K^~~~~~~~[m[K
[2.914s] [01m[K/home/nakul/Desktop/bur/ros2_ws/src/2023-2024/state-estimation/src/Node.cpp:31:5:[m[K [01;31m[Kerror: [m[Kâ€˜[01m[KsubOpticalFlowPose_[m[Kâ€™ was not declared in this scope; did you mean â€˜[01m[KprevStampOpticalFlowPose_[m[Kâ€™?
[2.914s]    31 |     [01;31m[KsubOpticalFlowPose_[m[K = this->create_subscription<mavros_msgs::OpticalFlowRad>(
[2.914s]       |     [01;31m[K^~~~~~~~~~~~~~~~~~~[m[K
[2.915s]       |     [32m[KprevStampOpticalFlowPose_[m[K
[2.915s] [01m[K/home/nakul/Desktop/bur/ros2_ws/src/2023-2024/state-estimation/src/Node.cpp:31:66:[m[K [01;31m[Kerror: [m[Kâ€˜[01m[KOpticalFlowRad[m[Kâ€™ is not a member of â€˜[01m[Kmavros_msgs[m[Kâ€™; did you mean â€˜[01m[Kmavros_msgs::msg::OpticalFlowRad[m[Kâ€™?
[2.915s]    31 |     subOpticalFlowPose_ = this->create_subscription<mavros_msgs::[01;31m[KOpticalFlowRad[m[K>(
[2.915s]       |                                                                  [01;31m[K^~~~~~~~~~~~~~[m[K
[2.916s] In file included from [01m[K/opt/ros/foxy/include/mavros_msgs/msg/optical_flow_rad.hpp:7[m[K,
[2.916s]                  from [01m[K/home/nakul/Desktop/bur/ros2_ws/src/2023-2024/state-estimation/include/eskf/Node.hpp:11[m[K,
[2.916s]                  from [01m[K/home/nakul/Desktop/bur/ros2_ws/src/2023-2024/state-estimation/src/Node.cpp:1[m[K:
[2.916s] [01m[K/opt/ros/foxy/include/mavros_msgs/msg/detail/optical_flow_rad__struct.hpp:264:7:[m[K [01;36m[Knote: [m[Kâ€˜[01m[Kmavros_msgs::msg::OpticalFlowRad[m[Kâ€™ declared here
[2.916s]   264 | using [01;36m[KOpticalFlowRad[m[K =
[2.916s]       |       [01;36m[K^~~~~~~~~~~~~~[m[K
[2.916s] [01m[K/home/nakul/Desktop/bur/ros2_ws/src/2023-2024/state-estimation/src/Node.cpp:31:66:[m[K [01;31m[Kerror: [m[Kâ€˜[01m[KOpticalFlowRad[m[Kâ€™ is not a member of â€˜[01m[Kmavros_msgs[m[Kâ€™; did you mean â€˜[01m[Kmavros_msgs::msg::OpticalFlowRad[m[Kâ€™?
[2.917s]    31 |     subOpticalFlowPose_ = this->create_subscription<mavros_msgs::[01;31m[KOpticalFlowRad[m[K>(
[2.917s]       |                                                                  [01;31m[K^~~~~~~~~~~~~~[m[K
[2.917s] In file included from [01m[K/opt/ros/foxy/include/mavros_msgs/msg/optical_flow_rad.hpp:7[m[K,
[2.917s]                  from [01m[K/home/nakul/Desktop/bur/ros2_ws/src/2023-2024/state-estimation/include/eskf/Node.hpp:11[m[K,
[2.917s]                  from [01m[K/home/nakul/Desktop/bur/ros2_ws/src/2023-2024/state-estimation/src/Node.cpp:1[m[K:
[2.917s] [01m[K/opt/ros/foxy/include/mavros_msgs/msg/detail/optical_flow_rad__struct.hpp:264:7:[m[K [01;36m[Knote: [m[Kâ€˜[01m[Kmavros_msgs::msg::OpticalFlowRad[m[Kâ€™ declared here
[2.917s]   264 | using [01;36m[KOpticalFlowRad[m[K =
[2.917s]       |       [01;36m[K^~~~~~~~~~~~~~[m[K
[2.921s] [01m[K/home/nakul/Desktop/bur/ros2_ws/src/2023-2024/state-estimation/src/Node.cpp:36:5:[m[K [01;31m[Kerror: [m[Kâ€˜[01m[KsubMagPose_[m[Kâ€™ was not declared in this scope
[2.921s]    36 |     [01;31m[KsubMagPose_[m[K = this->create_subscription<sensor_msgs::MagneticField>(
[2.921s]       |     [01;31m[K^~~~~~~~~~~[m[K
[2.922s] [01m[K/home/nakul/Desktop/bur/ros2_ws/src/2023-2024/state-estimation/src/Node.cpp:36:58:[m[K [01;31m[Kerror: [m[Kâ€˜[01m[KMagneticField[m[Kâ€™ is not a member of â€˜[01m[Ksensor_msgs[m[Kâ€™; did you mean â€˜[01m[Ksensor_msgs::msg::MagneticField[m[Kâ€™?
[2.922s]    36 |     subMagPose_ = this->create_subscription<sensor_msgs::[01;31m[KMagneticField[m[K>(
[2.922s]       |                                                          [01;31m[K^~~~~~~~~~~~~[m[K
[2.922s] In file included from [01m[K/opt/ros/foxy/include/sensor_msgs/msg/magnetic_field.hpp:7[m[K,
[2.922s]                  from [01m[K/home/nakul/Desktop/bur/ros2_ws/src/2023-2024/state-estimation/include/eskf/Node.hpp:6[m[K,
[2.922s]                  from [01m[K/home/nakul/Desktop/bur/ros2_ws/src/2023-2024/state-estimation/src/Node.cpp:1[m[K:
[2.922s] [01m[K/opt/ros/foxy/include/sensor_msgs/msg/detail/magnetic_field__struct.hpp:155:7:[m[K [01;36m[Knote: [m[Kâ€˜[01m[Ksensor_msgs::msg::MagneticField[m[Kâ€™ declared here
[2.923s]   155 | using [01;36m[KMagneticField[m[K =
[2.923s]       |       [01;36m[K^~~~~~~~~~~~~[m[K
[2.923s] [01m[K/home/nakul/Desktop/bur/ros2_ws/src/2023-2024/state-estimation/src/Node.cpp:36:58:[m[K [01;31m[Kerror: [m[Kâ€˜[01m[KMagneticField[m[Kâ€™ is not a member of â€˜[01m[Ksensor_msgs[m[Kâ€™; did you mean â€˜[01m[Ksensor_msgs::msg::MagneticField[m[Kâ€™?
[2.923s]    36 |     subMagPose_ = this->create_subscription<sensor_msgs::[01;31m[KMagneticField[m[K>(
[2.923s]       |                                                          [01;31m[K^~~~~~~~~~~~~[m[K
[2.923s] In file included from [01m[K/opt/ros/foxy/include/sensor_msgs/msg/magnetic_field.hpp:7[m[K,
[2.923s]                  from [01m[K/home/nakul/Desktop/bur/ros2_ws/src/2023-2024/state-estimation/include/eskf/Node.hpp:6[m[K,
[2.923s]                  from [01m[K/home/nakul/Desktop/bur/ros2_ws/src/2023-2024/state-estimation/src/Node.cpp:1[m[K:
[2.923s] [01m[K/opt/ros/foxy/include/sensor_msgs/msg/detail/magnetic_field__struct.hpp:155:7:[m[K [01;36m[Knote: [m[Kâ€˜[01m[Ksensor_msgs::msg::MagneticField[m[Kâ€™ declared here
[2.924s]   155 | using [01;36m[KMagneticField[m[K =
[2.924s]       |       [01;36m[K^~~~~~~~~~~~~[m[K
[2.931s] [01m[K/home/nakul/Desktop/bur/ros2_ws/src/2023-2024/state-estimation/src/Node.cpp:41:5:[m[K [01;31m[Kerror: [m[Kâ€˜[01m[KsubRangeFinderPose_[m[Kâ€™ was not declared in this scope; did you mean â€˜[01m[KprevStampRangeFinderPose_[m[Kâ€™?
[2.931s]    41 |     [01;31m[KsubRangeFinderPose_[m[K = this->create_subscription<sensor_msgs::Range>(
[2.931s]       |     [01;31m[K^~~~~~~~~~~~~~~~~~~[m[K
[2.931s]       |     [32m[KprevStampRangeFinderPose_[m[K
[2.932s] [01m[K/home/nakul/Desktop/bur/ros2_ws/src/2023-2024/state-estimation/src/Node.cpp:41:66:[m[K [01;31m[Kerror: [m[Kâ€˜[01m[KRange[m[Kâ€™ is not a member of â€˜[01m[Ksensor_msgs[m[Kâ€™; did you mean â€˜[01m[Ksensor_msgs::msg::Range[m[Kâ€™?
[2.932s]    41 |     subRangeFinderPose_ = this->create_subscription<sensor_msgs::[01;31m[KRange[m[K>(
[2.932s]       |                                                                  [01;31m[K^~~~~[m[K
[2.932s] In file included from [01m[K/opt/ros/foxy/include/sensor_msgs/msg/range.hpp:7[m[K,
[2.932s]                  from [01m[K/home/nakul/Desktop/bur/ros2_ws/src/2023-2024/state-estimation/include/eskf/Node.hpp:7[m[K,
[2.932s]                  from [01m[K/home/nakul/Desktop/bur/ros2_ws/src/2023-2024/state-estimation/src/Node.cpp:1[m[K:
[2.932s] [01m[K/opt/ros/foxy/include/sensor_msgs/msg/detail/range__struct.hpp:198:7:[m[K [01;36m[Knote: [m[Kâ€˜[01m[Ksensor_msgs::msg::Range[m[Kâ€™ declared here
[2.933s]   198 | using [01;36m[KRange[m[K =
[2.933s]       |       [01;36m[K^~~~~[m[K
[2.933s] [01m[K/home/nakul/Desktop/bur/ros2_ws/src/2023-2024/state-estimation/src/Node.cpp:41:66:[m[K [01;31m[Kerror: [m[Kâ€˜[01m[KRange[m[Kâ€™ is not a member of â€˜[01m[Ksensor_msgs[m[Kâ€™; did you mean â€˜[01m[Ksensor_msgs::msg::Range[m[Kâ€™?
[2.933s]    41 |     subRangeFinderPose_ = this->create_subscription<sensor_msgs::[01;31m[KRange[m[K>(
[2.933s]       |                                                                  [01;31m[K^~~~~[m[K
[2.933s] In file included from [01m[K/opt/ros/foxy/include/sensor_msgs/msg/range.hpp:7[m[K,
[2.933s]                  from [01m[K/home/nakul/Desktop/bur/ros2_ws/src/2023-2024/state-estimation/include/eskf/Node.hpp:7[m[K,
[2.933s]                  from [01m[K/home/nakul/Desktop/bur/ros2_ws/src/2023-2024/state-estimation/src/Node.cpp:1[m[K:
[2.933s] [01m[K/opt/ros/foxy/include/sensor_msgs/msg/detail/range__struct.hpp:198:7:[m[K [01;36m[Knote: [m[Kâ€˜[01m[Ksensor_msgs::msg::Range[m[Kâ€™ declared here
[2.934s]   198 | using [01;36m[KRange[m[K =
[2.934s]       |       [01;36m[K^~~~~[m[K
[2.936s] [01m[K/home/nakul/Desktop/bur/ros2_ws/src/2023-2024/state-estimation/src/Node.cpp:47:3:[m[K [01;31m[Kerror: [m[Kâ€˜[01m[KpubPose_[m[Kâ€™ was not declared in this scope
[2.936s]    47 |   [01;31m[KpubPose_[m[K = this->create_publisher<nav_msgs::Odometry>("pose",1);
[2.936s]       |   [01;31m[K^~~~~~~~[m[K
[2.936s] [01m[K/home/nakul/Desktop/bur/ros2_ws/src/2023-2024/state-estimation/src/Node.cpp:47:47:[m[K [01;31m[Kerror: [m[Kâ€˜[01m[KOdometry[m[Kâ€™ is not a member of â€˜[01m[Knav_msgs[m[Kâ€™; did you mean â€˜[01m[Knav_msgs::msg::Odometry[m[Kâ€™?
[2.936s]    47 |   pubPose_ = this->create_publisher<nav_msgs::[01;31m[KOdometry[m[K>("pose",1);
[2.937s]       |                                               [01;31m[K^~~~~~~~[m[K
[2.937s] In file included from [01m[K/opt/ros/foxy/include/nav_msgs/msg/odometry.hpp:7[m[K,
[2.937s]                  from [01m[K/home/nakul/Desktop/bur/ros2_ws/src/2023-2024/state-estimation/include/eskf/Node.hpp:8[m[K,
[2.937s]                  from [01m[K/home/nakul/Desktop/bur/ros2_ws/src/2023-2024/state-estimation/src/Node.cpp:1[m[K:
[2.937s] [01m[K/opt/ros/foxy/include/nav_msgs/msg/detail/odometry__struct.hpp:171:7:[m[K [01;36m[Knote: [m[Kâ€˜[01m[Knav_msgs::msg::Odometry[m[Kâ€™ declared here
[2.938s]   171 | using [01;36m[KOdometry[m[K =
[2.938s]       |       [01;36m[K^~~~~~~~[m[K
[2.938s] [01m[K/home/nakul/Desktop/bur/ros2_ws/src/2023-2024/state-estimation/src/Node.cpp:47:47:[m[K [01;31m[Kerror: [m[Kâ€˜[01m[KOdometry[m[Kâ€™ is not a member of â€˜[01m[Knav_msgs[m[Kâ€™; did you mean â€˜[01m[Knav_msgs::msg::Odometry[m[Kâ€™?
[2.938s]    47 |   pubPose_ = this->create_publisher<nav_msgs::[01;31m[KOdometry[m[K>("pose",1);
[2.938s]       |                                               [01;31m[K^~~~~~~~[m[K
[2.938s] In file included from [01m[K/opt/ros/foxy/include/nav_msgs/msg/odometry.hpp:7[m[K,
[2.938s]                  from [01m[K/home/nakul/Desktop/bur/ros2_ws/src/2023-2024/state-estimation/include/eskf/Node.hpp:8[m[K,
[2.938s]                  from [01m[K/home/nakul/Desktop/bur/ros2_ws/src/2023-2024/state-estimation/src/Node.cpp:1[m[K:
[2.938s] [01m[K/opt/ros/foxy/include/nav_msgs/msg/detail/odometry__struct.hpp:171:7:[m[K [01;36m[Knote: [m[Kâ€˜[01m[Knav_msgs::msg::Odometry[m[Kâ€™ declared here
[2.939s]   171 | using [01;36m[KOdometry[m[K =
[2.939s]       |       [01;36m[K^~~~~~~~[m[K
[2.939s] [01m[K/home/nakul/Desktop/bur/ros2_ws/src/2023-2024/state-estimation/src/Node.cpp:47:65:[m[K [01;31m[Kerror: [m[Kno matching function for call to â€˜[01m[Keskf::Node::create_publisher<<expression error> >(const char [5], int)[m[Kâ€™
[2.939s]    47 |   pubPose_ = this->create_publisher<nav_msgs::Odometry>("pose",1[01;31m[K)[m[K;
[2.939s]       |                                                                 [01;31m[K^[m[K
[2.939s] In file included from [01m[K/opt/ros/foxy/include/rclcpp/executors/single_threaded_executor.hpp:28[m[K,
[2.939s]                  from [01m[K/opt/ros/foxy/include/rclcpp/executors.hpp:22[m[K,
[2.939s]                  from [01m[K/opt/ros/foxy/include/rclcpp/rclcpp.hpp:146[m[K,
[2.939s]                  from [01m[K/home/nakul/Desktop/bur/ros2_ws/src/2023-2024/state-estimation/include/eskf/Node.hpp:4[m[K,
[2.940s]                  from [01m[K/home/nakul/Desktop/bur/ros2_ws/src/2023-2024/state-estimation/src/Node.cpp:1[m[K:
[2.940s] [01m[K/opt/ros/foxy/include/rclcpp/node.hpp:184:3:[m[K [01;36m[Knote: [m[Kcandidate: â€˜[01m[Ktemplate<class MessageT, class AllocatorT, class PublisherT> std::shared_ptr<PublisherT> rclcpp::Node::create_publisher(const string&, const rclcpp::QoS&, const rclcpp::PublisherOptionsWithAllocator<AllocatorT>&)[m[Kâ€™
[2.940s]   184 |   [01;36m[Kcreate_publisher[m[K(
[2.940s]       |   [01;36m[K^~~~~~~~~~~~~~~~[m[K
[2.940s] [01m[K/opt/ros/foxy/include/rclcpp/node.hpp:184:3:[m[K [01;36m[Knote: [m[K  template argument deduction/substitution failed:
[2.940s] [01m[K/home/nakul/Desktop/bur/ros2_ws/src/2023-2024/state-estimation/src/Node.cpp:47:65:[m[K [01;31m[Kerror: [m[Ktemplate argument 1 is invalid
[2.940s]    47 |   pubPose_ = this->create_publisher<nav_msgs::Odometry>("pose",1[01;31m[K)[m[K;
[2.940s]       |                                                                 [01;31m[K^[m[K
[2.946s] [01m[K/home/nakul/Desktop/bur/ros2_ws/src/2023-2024/state-estimation/src/Node.cpp:53:80:[m[K [01;31m[Kerror: [m[Kno matching function for call to â€˜[01m[Keskf::Node::create_wall_timer(rclcpp::Duration, std::_Bind_helper<false, void (eskf::Node::*)(), eskf::Node*>::type)[m[Kâ€™
[2.946s]    53 |       rclcpp::Duration(1.0f/publish_rate), std::bind(&Node::publishState, this)[01;31m[K)[m[K;
[2.946s]       |                                                                                [01;31m[K^[m[K
[2.946s] In file included from [01m[K/opt/ros/foxy/include/rclcpp/executors/single_threaded_executor.hpp:28[m[K,
[2.946s]                  from [01m[K/opt/ros/foxy/include/rclcpp/executors.hpp:22[m[K,
[2.946s]                  from [01m[K/opt/ros/foxy/include/rclcpp/rclcpp.hpp:146[m[K,
[2.947s]                  from [01m[K/home/nakul/Desktop/bur/ros2_ws/src/2023-2024/state-estimation/include/eskf/Node.hpp:4[m[K,
[2.947s]                  from [01m[K/home/nakul/Desktop/bur/ros2_ws/src/2023-2024/state-estimation/src/Node.cpp:1[m[K:
[2.947s] [01m[K/opt/ros/foxy/include/rclcpp/node.hpp:232:3:[m[K [01;36m[Knote: [m[Kcandidate: â€˜[01m[Ktemplate<class DurationRepT, class DurationT, class CallbackT> typename rclcpp::WallTimer<CallbackT>::SharedPtr rclcpp::Node::create_wall_timer(std::chrono::duration<_Rep1, _Period1>, CallbackT, rclcpp::CallbackGroup::SharedPtr)[m[Kâ€™
[2.947s]   232 |   [01;36m[Kcreate_wall_timer[m[K(
[2.947s]       |   [01;36m[K^~~~~~~~~~~~~~~~~[m[K
[2.947s] [01m[K/opt/ros/foxy/include/rclcpp/node.hpp:232:3:[m[K [01;36m[Knote: [m[K  template argument deduction/substitution failed:
[2.948s] [01m[K/home/nakul/Desktop/bur/ros2_ws/src/2023-2024/state-estimation/src/Node.cpp:53:80:[m[K [01;36m[Knote: [m[K  â€˜[01m[Krclcpp::Duration[m[Kâ€™ is not derived from â€˜[01m[Kstd::chrono::duration<_Rep1, _Period1>[m[Kâ€™
[2.948s]    53 |       rclcpp::Duration(1.0f/publish_rate), std::bind(&Node::publishState, this)[01;36m[K)[m[K;
[2.948s]       |                                                                                [01;36m[K^[m[K
[2.948s] [01m[K/home/nakul/Desktop/bur/ros2_ws/src/2023-2024/state-estimation/src/Node.cpp:[m[K At global scope:
[2.949s] [01m[K/home/nakul/Desktop/bur/ros2_ws/src/2023-2024/state-estimation/src/Node.cpp:56:45:[m[K [01;31m[Kerror: [m[Kâ€˜[01m[KImu[m[Kâ€™ in namespace â€˜[01m[Ksensor_msgs[m[Kâ€™ does not name a type
[2.949s]    56 | void Node::inputCallback(const sensor_msgs::[01;31m[KImu[m[K::SharedPtr imuMsg) const; {
[2.949s]       |                                             [01;31m[K^~~[m[K
[2.949s] [01m[K/home/nakul/Desktop/bur/ros2_ws/src/2023-2024/state-estimation/src/Node.cpp:56:60:[m[K [01;31m[Kerror: [m[Kexpected unqualified-id before â€˜[01m[KimuMsg[m[Kâ€™
[2.949s]    56 | void Node::inputCallback(const sensor_msgs::Imu::SharedPtr [01;31m[KimuMsg[m[K) const; {
[2.949s]       |                                                            [01;31m[K^~~~~~[m[K
[2.949s] [01m[K/home/nakul/Desktop/bur/ros2_ws/src/2023-2024/state-estimation/src/Node.cpp:56:59:[m[K [01;31m[Kerror: [m[Kexpected â€˜[01m[K)[m[Kâ€™ before â€˜[01m[KimuMsg[m[Kâ€™
[2.949s]    56 | void Node::inputCallback[34m[K([m[Kconst sensor_msgs::Imu::SharedPtr[01;31m[K [m[K[32m[KimuMsg[m[K) const; {
[2.950s]       |                         [34m[K~[m[K                                 [01;31m[K^[m[K[32m[K~~~~~~[m[K
[2.950s]       |                                                           [32m[K)[m[K
[2.950s] [01m[K/home/nakul/Desktop/bur/ros2_ws/src/2023-2024/state-estimation/src/Node.cpp:56:60:[m[K [01;31m[Kerror: [m[Kexpected initializer before â€˜[01m[KimuMsg[m[Kâ€™
[2.950s]    56 | void Node::inputCallback(const sensor_msgs::Imu::SharedPtr [01;31m[KimuMsg[m[K) const; {
[2.950s]       |                                                            [01;31m[K^~~~~~[m[K
[2.950s] [01m[K/home/nakul/Desktop/bur/ros2_ws/src/2023-2024/state-estimation/src/Node.cpp:56:75:[m[K [01;31m[Kerror: [m[Kexpected unqualified-id before â€˜[01m[K{[m[Kâ€™ token
[2.951s]    56 | void Node::inputCallback(const sensor_msgs::Imu::SharedPtr imuMsg) const; [01;31m[K{[m[K
[2.951s]       |                                                                           [01;31m[K^[m[K
[2.951s] [01m[K/home/nakul/Desktop/bur/ros2_ws/src/2023-2024/state-estimation/src/Node.cpp:75:48:[m[K [01;31m[Kerror: [m[Kâ€˜[01m[KPoseWithCovarianceStamped[m[Kâ€™ in namespace â€˜[01m[Kgeometry_msgs[m[Kâ€™ does not name a type
[2.951s]    75 | void Node::visionCallback(const geometry_msgs::[01;31m[KPoseWithCovarianceStamped[m[K::SharedPtr poseMsg) const {
[2.951s]       |                                                [01;31m[K^~~~~~~~~~~~~~~~~~~~~~~~~[m[K
[2.951s] [01m[K/home/nakul/Desktop/bur/ros2_ws/src/2023-2024/state-estimation/src/Node.cpp:75:85:[m[K [01;31m[Kerror: [m[Kexpected unqualified-id before â€˜[01m[KposeMsg[m[Kâ€™
[2.952s]    75 | void Node::visionCallback(const geometry_msgs::PoseWithCovarianceStamped::SharedPtr [01;31m[KposeMsg[m[K) const {
[2.952s]       |                                                                                     [01;31m[K^~~~~~~[m[K
[2.952s] [01m[K/home/nakul/Desktop/bur/ros2_ws/src/2023-2024/state-estimation/src/Node.cpp:75:84:[m[K [01;31m[Kerror: [m[Kexpected â€˜[01m[K)[m[Kâ€™ before â€˜[01m[KposeMsg[m[Kâ€™
[2.952s]    75 | void Node::visionCallback[34m[K([m[Kconst geometry_msgs::PoseWithCovarianceStamped::SharedPtr[01;31m[K [m[K[32m[KposeMsg[m[K) const {
[2.952s]       |                          [34m[K~[m[K                                                         [01;31m[K^[m[K[32m[K~~~~~~~[m[K
[2.952s]       |                                                                                    [32m[K)[m[K
[2.953s] [01m[K/home/nakul/Desktop/bur/ros2_ws/src/2023-2024/state-estimation/src/Node.cpp:75:85:[m[K [01;31m[Kerror: [m[Kexpected initializer before â€˜[01m[KposeMsg[m[Kâ€™
[2.953s]    75 | void Node::visionCallback(const geometry_msgs::PoseWithCovarianceStamped::SharedPtr [01;31m[KposeMsg[m[K) const {
[2.953s]       |                                                                                     [01;31m[K^~~~~~~[m[K
[2.953s] [01m[K/home/nakul/Desktop/bur/ros2_ws/src/2023-2024/state-estimation/src/Node.cpp:87:40:[m[K [01;31m[Kerror: [m[Kâ€˜[01m[KOdometry[m[Kâ€™ in namespace â€˜[01m[Knav_msgs[m[Kâ€™ does not name a type
[2.953s]    87 | void Node::gpsCallback(const nav_msgs::[01;31m[KOdometry[m[K::SharedPtr odomMsg) const {
[2.953s]       |                                        [01;31m[K^~~~~~~~[m[K
[2.954s] [01m[K/home/nakul/Desktop/bur/ros2_ws/src/2023-2024/state-estimation/src/Node.cpp:87:60:[m[K [01;31m[Kerror: [m[Kexpected unqualified-id before â€˜[01m[KodomMsg[m[Kâ€™
[2.954s]    87 | void Node::gpsCallback(const nav_msgs::Odometry::SharedPtr [01;31m[KodomMsg[m[K) const {
[2.954s]       |                                                            [01;31m[K^~~~~~~[m[K
[2.954s] [01m[K/home/nakul/Desktop/bur/ros2_ws/src/2023-2024/state-estimation/src/Node.cpp:87:59:[m[K [01;31m[Kerror: [m[Kexpected â€˜[01m[K)[m[Kâ€™ before â€˜[01m[KodomMsg[m[Kâ€™
[2.954s]    87 | void Node::gpsCallback[34m[K([m[Kconst nav_msgs::Odometry::SharedPtr[01;31m[K [m[K[32m[KodomMsg[m[K) const {
[2.954s]       |                       [34m[K~[m[K                                   [01;31m[K^[m[K[32m[K~~~~~~~[m[K
[2.954s]       |                                                           [32m[K)[m[K
[2.955s] [01m[K/home/nakul/Desktop/bur/ros2_ws/src/2023-2024/state-estimation/src/Node.cpp:87:60:[m[K [01;31m[Kerror: [m[Kexpected initializer before â€˜[01m[KodomMsg[m[Kâ€™
[2.955s]    87 | void Node::gpsCallback(const nav_msgs::Odometry::SharedPtr [01;31m[KodomMsg[m[K) const {
[2.955s]       |                                                            [01;31m[K^~~~~~~[m[K
[2.955s] [01m[K/home/nakul/Desktop/bur/ros2_ws/src/2023-2024/state-estimation/src/Node.cpp:99:51:[m[K [01;31m[Kerror: [m[Kâ€˜[01m[KOpticalFlowRad[m[Kâ€™ in namespace â€˜[01m[Kmavros_msgs[m[Kâ€™ does not name a type
[2.955s]    99 | void Node::opticalFlowCallback(const mavros_msgs::[01;31m[KOpticalFlowRad[m[K::SharedPtr opticalFlowMsg) const {
[2.955s]       |                                                   [01;31m[K^~~~~~~~~~~~~~[m[K
[2.955s] [01m[K/home/nakul/Desktop/bur/ros2_ws/src/2023-2024/state-estimation/src/Node.cpp:99:77:[m[K [01;31m[Kerror: [m[Kexpected unqualified-id before â€˜[01m[KopticalFlowMsg[m[Kâ€™
[2.956s]    99 | void Node::opticalFlowCallback(const mavros_msgs::OpticalFlowRad::SharedPtr [01;31m[KopticalFlowMsg[m[K) const {
[2.956s]       |                                                                             [01;31m[K^~~~~~~~~~~~~~[m[K
[2.956s] [01m[K/home/nakul/Desktop/bur/ros2_ws/src/2023-2024/state-estimation/src/Node.cpp:99:76:[m[K [01;31m[Kerror: [m[Kexpected â€˜[01m[K)[m[Kâ€™ before â€˜[01m[KopticalFlowMsg[m[Kâ€™
[2.956s]    99 | void Node::opticalFlowCallback[34m[K([m[Kconst mavros_msgs::OpticalFlowRad::SharedPtr[01;31m[K [m[K[32m[KopticalFlowMsg[m[K) const {
[2.956s]       |                               [34m[K~[m[K                                            [01;31m[K^[m[K[32m[K~~~~~~~~~~~~~~[m[K
[2.956s]       |                                                                            [32m[K)[m[K
[2.957s] [01m[K/home/nakul/Desktop/bur/ros2_ws/src/2023-2024/state-estimation/src/Node.cpp:99:77:[m[K [01;31m[Kerror: [m[Kexpected initializer before â€˜[01m[KopticalFlowMsg[m[Kâ€™
[2.957s]    99 | void Node::opticalFlowCallback(const mavros_msgs::OpticalFlowRad::SharedPtr [01;31m[KopticalFlowMsg[m[K) const {
[2.957s]       |                                                                             [01;31m[K^~~~~~~~~~~~~~[m[K
[2.957s] [01m[K/home/nakul/Desktop/bur/ros2_ws/src/2023-2024/state-estimation/src/Node.cpp:114:43:[m[K [01;31m[Kerror: [m[Kâ€˜[01m[KMagneticField[m[Kâ€™ in namespace â€˜[01m[Ksensor_msgs[m[Kâ€™ does not name a type
[2.957s]   114 | void Node::magCallback(const sensor_msgs::[01;31m[KMagneticField[m[K::SharedPtr magMsg) const {
[2.957s]       |                                           [01;31m[K^~~~~~~~~~~~~[m[K
[2.957s] [01m[K/home/nakul/Desktop/bur/ros2_ws/src/2023-2024/state-estimation/src/Node.cpp:114:68:[m[K [01;31m[Kerror: [m[Kexpected unqualified-id before â€˜[01m[KmagMsg[m[Kâ€™
[2.958s]   114 | void Node::magCallback(const sensor_msgs::MagneticField::SharedPtr [01;31m[KmagMsg[m[K) const {
[2.958s]       |                                                                    [01;31m[K^~~~~~[m[K
[2.958s] [01m[K/home/nakul/Desktop/bur/ros2_ws/src/2023-2024/state-estimation/src/Node.cpp:114:67:[m[K [01;31m[Kerror: [m[Kexpected â€˜[01m[K)[m[Kâ€™ before â€˜[01m[KmagMsg[m[Kâ€™
[2.958s]   114 | void Node::magCallback[34m[K([m[Kconst sensor_msgs::MagneticField::SharedPtr[01;31m[K [m[K[32m[KmagMsg[m[K) const {
[2.958s]       |                       [34m[K~[m[K                                           [01;31m[K^[m[K[32m[K~~~~~~[m[K
[2.958s]       |                                                                   [32m[K)[m[K
[2.959s] [01m[K/home/nakul/Desktop/bur/ros2_ws/src/2023-2024/state-estimation/src/Node.cpp:114:68:[m[K [01;31m[Kerror: [m[Kexpected initializer before â€˜[01m[KmagMsg[m[Kâ€™
[2.959s]   114 | void Node::magCallback(const sensor_msgs::MagneticField::SharedPtr [01;31m[KmagMsg[m[K) const {
[2.959s]       |                                                                    [01;31m[K^~~~~~[m[K
[2.959s] [01m[K/home/nakul/Desktop/bur/ros2_ws/src/2023-2024/state-estimation/src/Node.cpp:124:51:[m[K [01;31m[Kerror: [m[Kâ€˜[01m[KRange[m[Kâ€™ in namespace â€˜[01m[Ksensor_msgs[m[Kâ€™ does not name a type
[2.959s]   124 | void Node::rangeFinderCallback(const sensor_msgs::[01;31m[KRange[m[K::SharedPtr rangeMsg) const; {
[2.959s]       |                                                   [01;31m[K^~~~~[m[K
[2.959s] [01m[K/home/nakul/Desktop/bur/ros2_ws/src/2023-2024/state-estimation/src/Node.cpp:124:68:[m[K [01;31m[Kerror: [m[Kexpected unqualified-id before â€˜[01m[KrangeMsg[m[Kâ€™
[2.960s]   124 | void Node::rangeFinderCallback(const sensor_msgs::Range::SharedPtr [01;31m[KrangeMsg[m[K) const; {
[2.960s]       |                                                                    [01;31m[K^~~~~~~~[m[K
[2.960s] [01m[K/home/nakul/Desktop/bur/ros2_ws/src/2023-2024/state-estimation/src/Node.cpp:124:67:[m[K [01;31m[Kerror: [m[Kexpected â€˜[01m[K)[m[Kâ€™ before â€˜[01m[KrangeMsg[m[Kâ€™
[2.960s]   124 | void Node::rangeFinderCallback[34m[K([m[Kconst sensor_msgs::Range::SharedPtr[01;31m[K [m[K[32m[KrangeMsg[m[K) const; {
[2.960s]       |                               [34m[K~[m[K                                   [01;31m[K^[m[K[32m[K~~~~~~~~[m[K
[2.960s]       |                                                                   [32m[K)[m[K
[2.960s] [01m[K/home/nakul/Desktop/bur/ros2_ws/src/2023-2024/state-estimation/src/Node.cpp:124:68:[m[K [01;31m[Kerror: [m[Kexpected initializer before â€˜[01m[KrangeMsg[m[Kâ€™
[2.961s]   124 | void Node::rangeFinderCallback(const sensor_msgs::Range::SharedPtr [01;31m[KrangeMsg[m[K) const; {
[2.961s]       |                                                                    [01;31m[K^~~~~~~~[m[K
[2.961s] [01m[K/home/nakul/Desktop/bur/ros2_ws/src/2023-2024/state-estimation/src/Node.cpp:124:85:[m[K [01;31m[Kerror: [m[Kexpected unqualified-id before â€˜[01m[K{[m[Kâ€™ token
[2.961s]   124 | void Node::rangeFinderCallback(const sensor_msgs::Range::SharedPtr rangeMsg) const; [01;31m[K{[m[K
[2.961s]       |                                                                                     [01;31m[K^[m[K
[2.961s] [01m[K/home/nakul/Desktop/bur/ros2_ws/src/2023-2024/state-estimation/src/Node.cpp:133:53:[m[K [01;31m[Kerror: [m[Kâ€˜[01m[KExtendedState[m[Kâ€™ in namespace â€˜[01m[Kmavros_msgs[m[Kâ€™ does not name a type
[2.961s]   133 | void Node::extendedStateCallback(const mavros_msgs::[01;31m[KExtendedState[m[K::SharedPtr extendedStateMsg) const {
[2.962s]       |                                                     [01;31m[K^~~~~~~~~~~~~[m[K
[2.962s] [01m[K/home/nakul/Desktop/bur/ros2_ws/src/2023-2024/state-estimation/src/Node.cpp:133:78:[m[K [01;31m[Kerror: [m[Kexpected unqualified-id before â€˜[01m[KextendedStateMsg[m[Kâ€™
[2.962s]   133 | void Node::extendedStateCallback(const mavros_msgs::ExtendedState::SharedPtr [01;31m[KextendedStateMsg[m[K) const {
[2.962s]       |                                                                              [01;31m[K^~~~~~~~~~~~~~~~[m[K
[2.962s] [01m[K/home/nakul/Desktop/bur/ros2_ws/src/2023-2024/state-estimation/src/Node.cpp:133:77:[m[K [01;31m[Kerror: [m[Kexpected â€˜[01m[K)[m[Kâ€™ before â€˜[01m[KextendedStateMsg[m[Kâ€™
[2.962s]   133 | void Node::extendedStateCallback[34m[K([m[Kconst mavros_msgs::ExtendedState::SharedPtr[01;31m[K [m[K[32m[KextendedStateMsg[m[K) const {
[2.962s]       |                                 [34m[K~[m[K                                           [01;31m[K^[m[K[32m[K~~~~~~~~~~~~~~~~[m[K
[2.962s]       |                                                                             [32m[K)[m[K
[2.962s] [01m[K/home/nakul/Desktop/bur/ros2_ws/src/2023-2024/state-estimation/src/Node.cpp:133:78:[m[K [01;31m[Kerror: [m[Kexpected initializer before â€˜[01m[KextendedStateMsg[m[Kâ€™
[2.962s]   133 | void Node::extendedStateCallback(const mavros_msgs::ExtendedState::SharedPtr [01;31m[KextendedStateMsg[m[K) const {
[2.962s]       |                                                                              [01;31m[K^~~~~~~~~~~~~~~~[m[K
[2.962s] [01m[K/home/nakul/Desktop/bur/ros2_ws/src/2023-2024/state-estimation/src/Node.cpp:[m[K In member function â€˜[01m[Kvoid eskf::Node::publishState()[m[Kâ€™:
[2.963s] [01m[K/home/nakul/Desktop/bur/ros2_ws/src/2023-2024/state-estimation/src/Node.cpp:145:13:[m[K [01;31m[Kerror: [m[Kâ€˜[01m[KHeader[m[Kâ€™ is not a member of â€˜[01m[Kstd_msgs[m[Kâ€™; did you mean â€˜[01m[Kstd_msgs::msg::Header[m[Kâ€™?
[2.963s]   145 |   std_msgs::[01;31m[KHeader[m[K header;
[2.963s]       |             [01;31m[K^~~~~~[m[K
[2.963s] In file included from [01m[K/opt/ros/foxy/include/sensor_msgs/msg/detail/imu__struct.hpp:19[m[K,
[2.963s]                  from [01m[K/opt/ros/foxy/include/sensor_msgs/msg/imu.hpp:7[m[K,
[2.963s]                  from [01m[K/home/nakul/Desktop/bur/ros2_ws/src/2023-2024/state-estimation/include/eskf/Node.hpp:5[m[K,
[2.963s]                  from [01m[K/home/nakul/Desktop/bur/ros2_ws/src/2023-2024/state-estimation/src/Node.cpp:1[m[K:
[2.963s] [01m[K/opt/ros/foxy/include/std_msgs/msg/detail/header__struct.hpp:139:7:[m[K [01;36m[Knote: [m[Kâ€˜[01m[Kstd_msgs::msg::Header[m[Kâ€™ declared here
[2.963s]   139 | using [01;36m[KHeader[m[K =
[2.963s]       |       [01;36m[K^~~~~~[m[K
[2.963s] [01m[K/home/nakul/Desktop/bur/ros2_ws/src/2023-2024/state-estimation/src/Node.cpp:146:3:[m[K [01;31m[Kerror: [m[Kâ€˜[01m[Kheader[m[Kâ€™ was not declared in this scope
[2.963s]   146 |   [01;31m[Kheader[m[K.frame_id = "/pose";
[2.963s]       |   [01;31m[K^~~~~~[m[K
[2.964s] [01m[K/home/nakul/Desktop/bur/ros2_ws/src/2023-2024/state-estimation/src/Node.cpp:148:18:[m[K [01;31m[Kerror: [m[Kâ€˜[01m[Kros[m[Kâ€™ has not been declared
[2.964s]   148 |   header.stamp = [01;31m[Kros[m[K::Time::now();
[2.964s]       |                  [01;31m[K^~~[m[K
[2.964s] [01m[K/home/nakul/Desktop/bur/ros2_ws/src/2023-2024/state-estimation/src/Node.cpp:150:13:[m[K [01;31m[Kerror: [m[Kâ€˜[01m[KOdometry[m[Kâ€™ is not a member of â€˜[01m[Knav_msgs[m[Kâ€™; did you mean â€˜[01m[Knav_msgs::msg::Odometry[m[Kâ€™?
[2.964s]   150 |   nav_msgs::[01;31m[KOdometry[m[K odom;
[2.964s]       |             [01;31m[K^~~~~~~~[m[K
[2.964s] In file included from [01m[K/opt/ros/foxy/include/nav_msgs/msg/odometry.hpp:7[m[K,
[2.964s]                  from [01m[K/home/nakul/Desktop/bur/ros2_ws/src/2023-2024/state-estimation/include/eskf/Node.hpp:8[m[K,
[2.964s]                  from [01m[K/home/nakul/Desktop/bur/ros2_ws/src/2023-2024/state-estimation/src/Node.cpp:1[m[K:
[2.964s] [01m[K/opt/ros/foxy/include/nav_msgs/msg/detail/odometry__struct.hpp:171:7:[m[K [01;36m[Knote: [m[Kâ€˜[01m[Knav_msgs::msg::Odometry[m[Kâ€™ declared here
[2.964s]   171 | using [01;36m[KOdometry[m[K =
[2.964s]       |       [01;36m[K^~~~~~~~[m[K
[2.965s] [01m[K/home/nakul/Desktop/bur/ros2_ws/src/2023-2024/state-estimation/src/Node.cpp:151:3:[m[K [01;31m[Kerror: [m[Kâ€˜[01m[Kodom[m[Kâ€™ was not declared in this scope
[2.965s]   151 |   [01;31m[Kodom[m[K.header = header;
[2.965s]       |   [01;31m[K^~~~[m[K
[2.965s] [01m[K/home/nakul/Desktop/bur/ros2_ws/src/2023-2024/state-estimation/src/Node.cpp:163:3:[m[K [01;31m[Kerror: [m[Kâ€˜[01m[KpubPose_[m[Kâ€™ was not declared in this scope
[2.965s]   163 |   [01;31m[KpubPose_[m[K.publish(odom);
[2.965s]       |   [01;31m[K^~~~~~~~[m[K
[3.366s] make[2]: *** [CMakeFiles/state-estimation.dir/build.make:63: CMakeFiles/state-estimation.dir/src/eskf.cpp.o] Error 1
[3.366s] make[2]: *** Waiting for unfinished jobs....
[3.448s] make[2]: *** [CMakeFiles/state-estimation.dir/build.make:76: CMakeFiles/state-estimation.dir/src/Node.cpp.o] Error 1
[3.448s] make[1]: *** [CMakeFiles/Makefile2:80: CMakeFiles/state-estimation.dir/all] Error 2
[3.449s] make: *** [Makefile:141: all] Error 2
[3.452s] Invoked command in '/home/nakul/Desktop/bur/ros2_ws/src/2023-2024/state-estimation/build/state-estimation' returned '2': /usr/bin/cmake --build /home/nakul/Desktop/bur/ros2_ws/src/2023-2024/state-estimation/build/state-estimation -- -j8 -l8
