[0.203s] Invoking command in '/home/nakul/Desktop/bur/ros2_ws/src/2023-2024/state-estimation/build/state-estimation': /usr/bin/cmake --build /home/nakul/Desktop/bur/ros2_ws/src/2023-2024/state-estimation/build/state-estimation -- -j8 -l8
[0.277s] [ 40%] Built target ESKF
[0.301s] [35m[1mScanning dependencies of target state-estimation[0m
[0.362s] [ 60%] [32mBuilding CXX object CMakeFiles/state-estimation.dir/src/Node.cpp.o[0m
[0.365s] [ 80%] [32mBuilding CXX object CMakeFiles/state-estimation.dir/src/eskf.cpp.o[0m
[0.498s] In file included from [01m[K/home/nakul/Desktop/bur/ros2_ws/src/2023-2024/state-estimation/src/Node.cpp:1[m[K:
[0.498s] [01m[K/home/nakul/Desktop/bur/ros2_ws/src/2023-2024/state-estimation/include/eskf/Node.hpp:7:10:[m[K [01;31m[Kfatal error: [m[Ksensor_msgs/range.hpp: No such file or directory
[0.498s]     7 | #include [01;31m[K"sensor_msgs/range.hpp"[m[K
[0.498s]       |          [01;31m[K^~~~~~~~~~~~~~~~~~~~~~~[m[K
[0.498s] compilation terminated.
[0.500s] In file included from [01m[K/home/nakul/Desktop/bur/ros2_ws/src/2023-2024/state-estimation/src/eskf.cpp:1[m[K:
[0.500s] [01m[K/home/nakul/Desktop/bur/ros2_ws/src/2023-2024/state-estimation/include/eskf/Node.hpp:7:10:[m[K [01;31m[Kfatal error: [m[Ksensor_msgs/range.hpp: No such file or directory
[0.500s]     7 | #include [01;31m[K"sensor_msgs/range.hpp"[m[K
[0.500s]       |          [01;31m[K^~~~~~~~~~~~~~~~~~~~~~~[m[K
[0.501s] compilation terminated.
[0.506s] make[2]: *** [CMakeFiles/state-estimation.dir/build.make:63: CMakeFiles/state-estimation.dir/src/eskf.cpp.o] Error 1
[0.507s] make[2]: *** Waiting for unfinished jobs....
[0.507s] make[2]: *** [CMakeFiles/state-estimation.dir/build.make:76: CMakeFiles/state-estimation.dir/src/Node.cpp.o] Error 1
[0.507s] make[1]: *** [CMakeFiles/Makefile2:80: CMakeFiles/state-estimation.dir/all] Error 2
[0.507s] make: *** [Makefile:141: all] Error 2
[0.511s] Invoked command in '/home/nakul/Desktop/bur/ros2_ws/src/2023-2024/state-estimation/build/state-estimation' returned '2': /usr/bin/cmake --build /home/nakul/Desktop/bur/ros2_ws/src/2023-2024/state-estimation/build/state-estimation -- -j8 -l8
