[0.210s] Invoking command in '/home/nakul/Desktop/bur/ros2_ws/src/2023-2024/state-estimation/build/state-estimation': /usr/bin/cmake --build /home/nakul/Desktop/bur/ros2_ws/src/2023-2024/state-estimation/build/state-estimation -- -j8 -l8
[0.278s] [ 40%] Built target ESKF
[0.305s] [35m[1mScanning dependencies of target state-estimation[0m
[0.382s] [ 80%] [32mBuilding CXX object CMakeFiles/state-estimation.dir/src/eskf.cpp.o[0m
[0.382s] [ 80%] [32mBuilding CXX object CMakeFiles/state-estimation.dir/src/Node.cpp.o[0m
[2.825s] In file included from [01m[K/home/nakul/Desktop/bur/ros2_ws/src/2023-2024/state-estimation/src/Node.cpp:1[m[K:
[2.826s] [01m[K/home/nakul/Desktop/bur/ros2_ws/src/2023-2024/state-estimation/include/eskf/Node.hpp:29:33:[m[K [01;31m[Kerror: [m[Kâ€˜[01m[KOdometry[m[Kâ€™ is not a member of â€˜[01m[Knav_msgs[m[Kâ€™; did you mean â€˜[01m[Knav_msgs::msg::Odometry[m[Kâ€™?
[2.826s]    29 |     rclcpp::Publisher<nav_msgs::[01;31m[KOdometry[m[K>::SharedPtr pubPose;
[2.826s]       |                                 [01;31m[K^~~~~~~~[m[K
[2.826s] In file included from [01m[K/opt/ros/foxy/include/nav_msgs/msg/odometry.hpp:7[m[K,
[2.827s]                  from [01m[K/home/nakul/Desktop/bur/ros2_ws/src/2023-2024/state-estimation/include/eskf/Node.hpp:8[m[K,
[2.827s]                  from [01m[K/home/nakul/Desktop/bur/ros2_ws/src/2023-2024/state-estimation/src/Node.cpp:1[m[K:
[2.827s] [01m[K/opt/ros/foxy/include/nav_msgs/msg/detail/odometry__struct.hpp:171:7:[m[K [01;36m[Knote: [m[Kâ€˜[01m[Knav_msgs::msg::Odometry[m[Kâ€™ declared here
[2.827s]   171 | using [01;36m[KOdometry[m[K =
[2.827s]       |       [01;36m[K^~~~~~~~[m[K
[2.827s] In file included from [01m[K/home/nakul/Desktop/bur/ros2_ws/src/2023-2024/state-estimation/src/Node.cpp:1[m[K:
[2.828s] [01m[K/home/nakul/Desktop/bur/ros2_ws/src/2023-2024/state-estimation/include/eskf/Node.hpp:29:33:[m[K [01;31m[Kerror: [m[Kâ€˜[01m[KOdometry[m[Kâ€™ is not a member of â€˜[01m[Knav_msgs[m[Kâ€™; did you mean â€˜[01m[Knav_msgs::msg::Odometry[m[Kâ€™?
[2.828s]    29 |     rclcpp::Publisher<nav_msgs::[01;31m[KOdometry[m[K>::SharedPtr pubPose;
[2.828s]       |                                 [01;31m[K^~~~~~~~[m[K
[2.828s] In file included from [01m[K/opt/ros/foxy/include/nav_msgs/msg/odometry.hpp:7[m[K,
[2.828s]                  from [01m[K/home/nakul/Desktop/bur/ros2_ws/src/2023-2024/state-estimation/include/eskf/Node.hpp:8[m[K,
[2.828s]                  from [01m[K/home/nakul/Desktop/bur/ros2_ws/src/2023-2024/state-estimation/src/Node.cpp:1[m[K:
[2.829s] [01m[K/opt/ros/foxy/include/nav_msgs/msg/detail/odometry__struct.hpp:171:7:[m[K [01;36m[Knote: [m[Kâ€˜[01m[Knav_msgs::msg::Odometry[m[Kâ€™ declared here
[2.829s]   171 | using [01;36m[KOdometry[m[K =
[2.829s]       |       [01;36m[K^~~~~~~~[m[K
[2.829s] In file included from [01m[K/home/nakul/Desktop/bur/ros2_ws/src/2023-2024/state-estimation/src/Node.cpp:1[m[K:
[2.829s] [01m[K/home/nakul/Desktop/bur/ros2_ws/src/2023-2024/state-estimation/include/eskf/Node.hpp:29:41:[m[K [01;31m[Kerror: [m[Ktemplate argument 1 is invalid
[2.829s]    29 |     rclcpp::Publisher<nav_msgs::Odometry[01;31m[K>[m[K::SharedPtr pubPose;
[2.830s]       |                                         [01;31m[K^[m[K
[2.830s] [01m[K/home/nakul/Desktop/bur/ros2_ws/src/2023-2024/state-estimation/include/eskf/Node.hpp:29:44:[m[K [01;31m[Kerror: [m[Kexpected â€˜[01m[K;[m[Kâ€™ at end of member declaration
[2.830s]    29 |     rclcpp::Publisher<nav_msgs::Odometry>::[01;31m[KSharedPtr[m[K pubPose;
[2.830s]       |                                            [01;31m[K^~~~~~~~~[m[K
[2.831s]       |                                                     [32m[K;[m[K
[2.831s] [01m[K/home/nakul/Desktop/bur/ros2_ws/src/2023-2024/state-estimation/include/eskf/Node.hpp:29:54:[m[K [01;31m[Kerror: [m[Kâ€˜[01m[KpubPose[m[Kâ€™ does not name a type
[2.831s]    29 |     rclcpp::Publisher<nav_msgs::Odometry>::SharedPtr [01;31m[KpubPose[m[K;
[2.831s]       |                                                      [01;31m[K^~~~~~~[m[K
[2.831s] [01m[K/home/nakul/Desktop/bur/ros2_ws/src/2023-2024/state-estimation/include/eskf/Node.hpp:32:39:[m[K [01;31m[Kerror: [m[Kâ€˜[01m[KImu[m[Kâ€™ is not a member of â€˜[01m[Ksensor_msgs[m[Kâ€™; did you mean â€˜[01m[Ksensor_msgs::msg::Imu[m[Kâ€™?
[2.831s]    32 |     rclcpp::Subscription<sensor_msgs::[01;31m[KImu[m[K>::SharedPtr subImu_;
[2.832s]       |                                       [01;31m[K^~~[m[K
[2.832s] In file included from [01m[K/opt/ros/foxy/include/sensor_msgs/msg/imu.hpp:7[m[K,
[2.832s]                  from [01m[K/home/nakul/Desktop/bur/ros2_ws/src/2023-2024/state-estimation/include/eskf/Node.hpp:5[m[K,
[2.832s]                  from [01m[K/home/nakul/Desktop/bur/ros2_ws/src/2023-2024/state-estimation/src/Node.cpp:1[m[K:
[2.832s] [01m[K/opt/ros/foxy/include/sensor_msgs/msg/detail/imu__struct.hpp:216:7:[m[K [01;36m[Knote: [m[Kâ€˜[01m[Ksensor_msgs::msg::Imu[m[Kâ€™ declared here
[2.832s]   216 | using [01;36m[KImu[m[K =
[2.833s]       |       [01;36m[K^~~[m[K
[2.833s] In file included from [01m[K/home/nakul/Desktop/bur/ros2_ws/src/2023-2024/state-estimation/src/Node.cpp:1[m[K:
[2.833s] [01m[K/home/nakul/Desktop/bur/ros2_ws/src/2023-2024/state-estimation/include/eskf/Node.hpp:32:39:[m[K [01;31m[Kerror: [m[Kâ€˜[01m[KImu[m[Kâ€™ is not a member of â€˜[01m[Ksensor_msgs[m[Kâ€™; did you mean â€˜[01m[Ksensor_msgs::msg::Imu[m[Kâ€™?
[2.834s]    32 |     rclcpp::Subscription<sensor_msgs::[01;31m[KImu[m[K>::SharedPtr subImu_;
[2.834s]       |                                       [01;31m[K^~~[m[K
[2.834s] In file included from [01m[K/opt/ros/foxy/include/sensor_msgs/msg/imu.hpp:7[m[K,
[2.834s]                  from [01m[K/home/nakul/Desktop/bur/ros2_ws/src/2023-2024/state-estimation/include/eskf/Node.hpp:5[m[K,
[2.834s]                  from [01m[K/home/nakul/Desktop/bur/ros2_ws/src/2023-2024/state-estimation/src/Node.cpp:1[m[K:
[2.834s] [01m[K/opt/ros/foxy/include/sensor_msgs/msg/detail/imu__struct.hpp:216:7:[m[K [01;36m[Knote: [m[Kâ€˜[01m[Ksensor_msgs::msg::Imu[m[Kâ€™ declared here
[2.835s]   216 | using [01;36m[KImu[m[K =
[2.835s]       |       [01;36m[K^~~[m[K
[2.835s] In file included from [01m[K/home/nakul/Desktop/bur/ros2_ws/src/2023-2024/state-estimation/src/Node.cpp:1[m[K:
[2.835s] [01m[K/home/nakul/Desktop/bur/ros2_ws/src/2023-2024/state-estimation/include/eskf/Node.hpp:32:42:[m[K [01;31m[Kerror: [m[Ktemplate argument 1 is invalid
[2.835s]    32 |     rclcpp::Subscription<sensor_msgs::Imu[01;31m[K>[m[K::SharedPtr subImu_;
[2.835s]       |                                          [01;31m[K^[m[K
[2.835s] [01m[K/home/nakul/Desktop/bur/ros2_ws/src/2023-2024/state-estimation/include/eskf/Node.hpp:32:42:[m[K [01;31m[Kerror: [m[Ktemplate argument 3 is invalid
[2.835s] [01m[K/home/nakul/Desktop/bur/ros2_ws/src/2023-2024/state-estimation/include/eskf/Node.hpp:32:45:[m[K [01;31m[Kerror: [m[Kexpected â€˜[01m[K;[m[Kâ€™ at end of member declaration
[2.835s]    32 |     rclcpp::Subscription<sensor_msgs::Imu>::[01;31m[KSharedPtr[m[K subImu_;
[2.835s]       |                                             [01;31m[K^~~~~~~~~[m[K
[2.835s]       |                                                      [32m[K;[m[K
[2.836s] [01m[K/home/nakul/Desktop/bur/ros2_ws/src/2023-2024/state-estimation/include/eskf/Node.hpp:32:45:[m[K [01;31m[Kerror: [m[Kredeclaration of â€˜[01m[Kint eskf::Node::SharedPtr[m[Kâ€™
[2.836s] [01m[K/home/nakul/Desktop/bur/ros2_ws/src/2023-2024/state-estimation/include/eskf/Node.hpp:29:44:[m[K [01;36m[Knote: [m[Kprevious declaration â€˜[01m[Kint eskf::Node::SharedPtr[m[Kâ€™
[2.836s]    29 |     rclcpp::Publisher<nav_msgs::Odometry>::[01;36m[KSharedPtr[m[K pubPose;
[2.836s]       |                                            [01;36m[K^~~~~~~~~[m[K
[2.836s] [01m[K/home/nakul/Desktop/bur/ros2_ws/src/2023-2024/state-estimation/include/eskf/Node.hpp:32:55:[m[K [01;31m[Kerror: [m[Kâ€˜[01m[KsubImu_[m[Kâ€™ does not name a type
[2.836s]    32 |     rclcpp::Subscription<sensor_msgs::Imu>::SharedPtr [01;31m[KsubImu_[m[K;
[2.836s]       |                                                       [01;31m[K^~~~~~~[m[K
[2.836s] [01m[K/home/nakul/Desktop/bur/ros2_ws/src/2023-2024/state-estimation/include/eskf/Node.hpp:33:41:[m[K [01;31m[Kerror: [m[Kâ€˜[01m[KPoseWithCovarianceStamped[m[Kâ€™ is not a member of â€˜[01m[Kgeometry_msgs[m[Kâ€™; did you mean â€˜[01m[Kgeometry_msgs::msg::PoseWithCovarianceStamped[m[Kâ€™?
[2.836s]    33 |     rclcpp::Subscription<geometry_msgs::[01;31m[KPoseWithCovarianceStamped[m[K>::SharedPtr subVisionPose_;
[2.836s]       |                                         [01;31m[K^~~~~~~~~~~~~~~~~~~~~~~~~[m[K
[2.836s] In file included from [01m[K/opt/ros/foxy/include/geometry_msgs/msg/pose_with_covariance_stamped.hpp:7[m[K,
[2.836s]                  from [01m[K/home/nakul/Desktop/bur/ros2_ws/src/2023-2024/state-estimation/include/eskf/Node.hpp:10[m[K,
[2.837s]                  from [01m[K/home/nakul/Desktop/bur/ros2_ws/src/2023-2024/state-estimation/src/Node.cpp:1[m[K:
[2.837s] [01m[K/opt/ros/foxy/include/geometry_msgs/msg/detail/pose_with_covariance_stamped__struct.hpp:134:7:[m[K [01;36m[Knote: [m[Kâ€˜[01m[Kgeometry_msgs::msg::PoseWithCovarianceStamped[m[Kâ€™ declared here
[2.837s]   134 | using [01;36m[KPoseWithCovarianceStamped[m[K =
[2.837s]       |       [01;36m[K^~~~~~~~~~~~~~~~~~~~~~~~~[m[K
[2.837s] In file included from [01m[K/home/nakul/Desktop/bur/ros2_ws/src/2023-2024/state-estimation/src/Node.cpp:1[m[K:
[2.837s] [01m[K/home/nakul/Desktop/bur/ros2_ws/src/2023-2024/state-estimation/include/eskf/Node.hpp:33:41:[m[K [01;31m[Kerror: [m[Kâ€˜[01m[KPoseWithCovarianceStamped[m[Kâ€™ is not a member of â€˜[01m[Kgeometry_msgs[m[Kâ€™; did you mean â€˜[01m[Kgeometry_msgs::msg::PoseWithCovarianceStamped[m[Kâ€™?
[2.837s]    33 |     rclcpp::Subscription<geometry_msgs::[01;31m[KPoseWithCovarianceStamped[m[K>::SharedPtr subVisionPose_;
[2.837s]       |                                         [01;31m[K^~~~~~~~~~~~~~~~~~~~~~~~~[m[K
[2.837s] In file included from [01m[K/opt/ros/foxy/include/geometry_msgs/msg/pose_with_covariance_stamped.hpp:7[m[K,
[2.837s]                  from [01m[K/home/nakul/Desktop/bur/ros2_ws/src/2023-2024/state-estimation/include/eskf/Node.hpp:10[m[K,
[2.837s]                  from [01m[K/home/nakul/Desktop/bur/ros2_ws/src/2023-2024/state-estimation/src/Node.cpp:1[m[K:
[2.837s] [01m[K/opt/ros/foxy/include/geometry_msgs/msg/detail/pose_with_covariance_stamped__struct.hpp:134:7:[m[K [01;36m[Knote: [m[Kâ€˜[01m[Kgeometry_msgs::msg::PoseWithCovarianceStamped[m[Kâ€™ declared here
[2.838s]   134 | using [01;36m[KPoseWithCovarianceStamped[m[K =
[2.838s]       |       [01;36m[K^~~~~~~~~~~~~~~~~~~~~~~~~[m[K
[2.838s] In file included from [01m[K/home/nakul/Desktop/bur/ros2_ws/src/2023-2024/state-estimation/src/Node.cpp:1[m[K:
[2.838s] [01m[K/home/nakul/Desktop/bur/ros2_ws/src/2023-2024/state-estimation/include/eskf/Node.hpp:33:66:[m[K [01;31m[Kerror: [m[Ktemplate argument 1 is invalid
[2.838s]    33 |     rclcpp::Subscription<geometry_msgs::PoseWithCovarianceStamped[01;31m[K>[m[K::SharedPtr subVisionPose_;
[2.838s]       |                                                                  [01;31m[K^[m[K
[2.838s] [01m[K/home/nakul/Desktop/bur/ros2_ws/src/2023-2024/state-estimation/include/eskf/Node.hpp:33:66:[m[K [01;31m[Kerror: [m[Ktemplate argument 3 is invalid
[2.838s] [01m[K/home/nakul/Desktop/bur/ros2_ws/src/2023-2024/state-estimation/include/eskf/Node.hpp:33:69:[m[K [01;31m[Kerror: [m[Kexpected â€˜[01m[K;[m[Kâ€™ at end of member declaration
[2.839s]    33 |     rclcpp::Subscription<geometry_msgs::PoseWithCovarianceStamped>::[01;31m[KSharedPtr[m[K subVisionPose_;
[2.839s]       |                                                                     [01;31m[K^~~~~~~~~[m[K
[2.839s]       |                                                                              [32m[K;[m[K
[2.839s] [01m[K/home/nakul/Desktop/bur/ros2_ws/src/2023-2024/state-estimation/include/eskf/Node.hpp:33:69:[m[K [01;31m[Kerror: [m[Kredeclaration of â€˜[01m[Kint eskf::Node::SharedPtr[m[Kâ€™
[2.839s] [01m[K/home/nakul/Desktop/bur/ros2_ws/src/2023-2024/state-estimation/include/eskf/Node.hpp:29:44:[m[K [01;36m[Knote: [m[Kprevious declaration â€˜[01m[Kint eskf::Node::SharedPtr[m[Kâ€™
[2.839s]    29 |     rclcpp::Publisher<nav_msgs::Odometry>::[01;36m[KSharedPtr[m[K pubPose;
[2.839s]       |                                            [01;36m[K^~~~~~~~~[m[K
[2.839s] In file included from [01m[K/home/nakul/Desktop/bur/ros2_ws/src/2023-2024/state-estimation/src/eskf.cpp:1[m[K:
[2.839s] [01m[K/home/nakul/Desktop/bur/ros2_ws/src/2023-2024/state-estimation/include/eskf/Node.hpp:29:33:[m[K [01;31m[Kerror: [m[Kâ€˜[01m[KOdometry[m[Kâ€™ is not a member of â€˜[01m[Knav_msgs[m[Kâ€™; did you mean â€˜[01m[Knav_msgs::msg::Odometry[m[Kâ€™?
[2.839s]    29 |     rclcpp::Publisher<nav_msgs::[01;31m[KOdometry[m[K>::SharedPtr pubPose;
[2.839s]       |                                 [01;31m[K^~~~~~~~[m[K
[2.840s] In file included from [01m[K/opt/ros/foxy/include/nav_msgs/msg/odometry.hpp:7[m[K,
[2.840s]                  from [01m[K/home/nakul/Desktop/bur/ros2_ws/src/2023-2024/state-estimation/include/eskf/Node.hpp:8[m[K,
[2.840s]                  from [01m[K/home/nakul/Desktop/bur/ros2_ws/src/2023-2024/state-estimation/src/eskf.cpp:1[m[K:
[2.840s] [01m[K/opt/ros/foxy/include/nav_msgs/msg/detail/odometry__struct.hpp:171:7:[m[K [01;36m[Knote: [m[Kâ€˜[01m[Knav_msgs::msg::Odometry[m[Kâ€™ declared here
[2.840s]   171 | using [01;36m[KOdometry[m[K =
[2.840s]       |       [01;36m[K^~~~~~~~[m[K
[2.840s] In file included from [01m[K/home/nakul/Desktop/bur/ros2_ws/src/2023-2024/state-estimation/src/eskf.cpp:1[m[K:
[2.840s] [01m[K/home/nakul/Desktop/bur/ros2_ws/src/2023-2024/state-estimation/include/eskf/Node.hpp:29:33:[m[K [01;31m[Kerror: [m[Kâ€˜[01m[KOdometry[m[Kâ€™ is not a member of â€˜[01m[Knav_msgs[m[Kâ€™; did you mean â€˜[01m[Knav_msgs::msg::Odometry[m[Kâ€™?
[2.840s]    29 |     rclcpp::Publisher<nav_msgs::[01;31m[KOdometry[m[K>::SharedPtr pubPose;
[2.840s]       |                                 [01;31m[K^~~~~~~~[m[K
[2.841s] In file included from [01m[K/opt/ros/foxy/include/nav_msgs/msg/odometry.hpp:7[m[K,
[2.841s]                  from [01m[K/home/nakul/Desktop/bur/ros2_ws/src/2023-2024/state-estimation/include/eskf/Node.hpp:8[m[K,
[2.841s]                  from [01m[K/home/nakul/Desktop/bur/ros2_ws/src/2023-2024/state-estimation/src/eskf.cpp:1[m[K:
[2.841s] [01m[K/opt/ros/foxy/include/nav_msgs/msg/detail/odometry__struct.hpp:171:7:[m[K [01;36m[Knote: [m[Kâ€˜[01m[Knav_msgs::msg::Odometry[m[Kâ€™ declared here
[2.842s]   171 | using [01;36m[KOdometry[m[K =
[2.842s]       |       [01;36m[K^~~~~~~~[m[K
[2.842s] In file included from [01m[K/home/nakul/Desktop/bur/ros2_ws/src/2023-2024/state-estimation/src/eskf.cpp:1[m[K:
[2.842s] [01m[K/home/nakul/Desktop/bur/ros2_ws/src/2023-2024/state-estimation/include/eskf/Node.hpp:29:41:[m[K [01;31m[Kerror: [m[Ktemplate argument 1 is invalid
[2.842s]    29 |     rclcpp::Publisher<nav_msgs::Odometry[01;31m[K>[m[K::SharedPtr pubPose;
[2.842s]       |                                         [01;31m[K^[m[K
[2.842s] [01m[K/home/nakul/Desktop/bur/ros2_ws/src/2023-2024/state-estimation/include/eskf/Node.hpp:29:44:[m[K [01;31m[Kerror: [m[Kexpected â€˜[01m[K;[m[Kâ€™ at end of member declaration
[2.842s]    29 |     rclcpp::Publisher<nav_msgs::Odometry>::[01;31m[KSharedPtr[m[K pubPose;
[2.843s]       |                                            [01;31m[K^~~~~~~~~[m[K
[2.843s]       |                                                     [32m[K;[m[K
[2.843s] [01m[K/home/nakul/Desktop/bur/ros2_ws/src/2023-2024/state-estimation/include/eskf/Node.hpp:33:79:[m[K [01;31m[Kerror: [m[Kâ€˜[01m[KsubVisionPose_[m[Kâ€™ does not name a type
[2.843s]    33 |     rclcpp::Subscription<geometry_msgs::PoseWithCovarianceStamped>::SharedPtr [01;31m[KsubVisionPose_[m[K;
[2.843s]       |                                                                               [01;31m[K^~~~~~~~~~~~~~[m[K
[2.843s] [01m[K/home/nakul/Desktop/bur/ros2_ws/src/2023-2024/state-estimation/include/eskf/Node.hpp:34:36:[m[K [01;31m[Kerror: [m[Kâ€˜[01m[KOdometry[m[Kâ€™ is not a member of â€˜[01m[Knav_msgs[m[Kâ€™; did you mean â€˜[01m[Knav_msgs::msg::Odometry[m[Kâ€™?
[2.843s]    34 |     rclcpp::Subscription<nav_msgs::[01;31m[KOdometry[m[K>::SharedPtr subGpsPose_;
[2.843s]       |                                    [01;31m[K^~~~~~~~[m[K
[2.843s] In file included from [01m[K/opt/ros/foxy/include/nav_msgs/msg/odometry.hpp:7[m[K,
[2.843s]                  from [01m[K/home/nakul/Desktop/bur/ros2_ws/src/2023-2024/state-estimation/include/eskf/Node.hpp:8[m[K,
[2.843s]                  from [01m[K/home/nakul/Desktop/bur/ros2_ws/src/2023-2024/state-estimation/src/Node.cpp:1[m[K:
[2.844s] [01m[K/opt/ros/foxy/include/nav_msgs/msg/detail/odometry__struct.hpp:171:7:[m[K [01;36m[Knote: [m[Kâ€˜[01m[Knav_msgs::msg::Odometry[m[Kâ€™ declared here
[2.844s]   171 | using [01;36m[KOdometry[m[K =
[2.844s]       |       [01;36m[K^~~~~~~~[m[K
[2.844s] [01m[K/home/nakul/Desktop/bur/ros2_ws/src/2023-2024/state-estimation/include/eskf/Node.hpp:29:54:[m[K [01;31m[Kerror: [m[Kâ€˜[01m[KpubPose[m[Kâ€™ does not name a type
[2.844s]    29 |     rclcpp::Publisher<nav_msgs::Odometry>::SharedPtr [01;31m[KpubPose[m[K;
[2.844s]       |                                                      [01;31m[K^~~~~~~[m[K
[2.844s] In file included from [01m[K/home/nakul/Desktop/bur/ros2_ws/src/2023-2024/state-estimation/src/Node.cpp:1[m[K:
[2.844s] [01m[K/home/nakul/Desktop/bur/ros2_ws/src/2023-2024/state-estimation/include/eskf/Node.hpp:34:36:[m[K [01;31m[Kerror: [m[Kâ€˜[01m[KOdometry[m[Kâ€™ is not a member of â€˜[01m[Knav_msgs[m[Kâ€™; did you mean â€˜[01m[Knav_msgs::msg::Odometry[m[Kâ€™?
[2.844s]    34 |     rclcpp::Subscription<nav_msgs::[01;31m[KOdometry[m[K>::SharedPtr subGpsPose_;
[2.844s]       |                                    [01;31m[K^~~~~~~~[m[K
[2.844s] In file included from [01m[K/opt/ros/foxy/include/nav_msgs/msg/odometry.hpp:7[m[K,
[2.844s]                  from [01m[K/home/nakul/Desktop/bur/ros2_ws/src/2023-2024/state-estimation/include/eskf/Node.hpp:8[m[K,
[2.844s]                  from [01m[K/home/nakul/Desktop/bur/ros2_ws/src/2023-2024/state-estimation/src/Node.cpp:1[m[K:
[2.845s] [01m[K/opt/ros/foxy/include/nav_msgs/msg/detail/odometry__struct.hpp:171:7:[m[K [01;36m[Knote: [m[Kâ€˜[01m[Knav_msgs::msg::Odometry[m[Kâ€™ declared here
[2.845s]   171 | using [01;36m[KOdometry[m[K =
[2.845s]       |       [01;36m[K^~~~~~~~[m[K
[2.845s] In file included from [01m[K/home/nakul/Desktop/bur/ros2_ws/src/2023-2024/state-estimation/src/Node.cpp:1[m[K:
[2.845s] [01m[K/home/nakul/Desktop/bur/ros2_ws/src/2023-2024/state-estimation/include/eskf/Node.hpp:34:44:[m[K [01;31m[Kerror: [m[Ktemplate argument 1 is invalid
[2.845s]    34 |     rclcpp::Subscription<nav_msgs::Odometry[01;31m[K>[m[K::SharedPtr subGpsPose_;
[2.845s]       |                                            [01;31m[K^[m[K
[2.845s] [01m[K/home/nakul/Desktop/bur/ros2_ws/src/2023-2024/state-estimation/include/eskf/Node.hpp:34:44:[m[K [01;31m[Kerror: [m[Ktemplate argument 3 is invalid
[2.845s] [01m[K/home/nakul/Desktop/bur/ros2_ws/src/2023-2024/state-estimation/include/eskf/Node.hpp:34:47:[m[K [01;31m[Kerror: [m[Kexpected â€˜[01m[K;[m[Kâ€™ at end of member declaration
[2.846s]    34 |     rclcpp::Subscription<nav_msgs::Odometry>::[01;31m[KSharedPtr[m[K subGpsPose_;
[2.846s]       |                                               [01;31m[K^~~~~~~~~[m[K
[2.846s]       |                                                        [32m[K;[m[K
[2.846s] [01m[K/home/nakul/Desktop/bur/ros2_ws/src/2023-2024/state-estimation/include/eskf/Node.hpp:34:47:[m[K [01;31m[Kerror: [m[Kredeclaration of â€˜[01m[Kint eskf::Node::SharedPtr[m[Kâ€™
[2.846s] [01m[K/home/nakul/Desktop/bur/ros2_ws/src/2023-2024/state-estimation/include/eskf/Node.hpp:29:44:[m[K [01;36m[Knote: [m[Kprevious declaration â€˜[01m[Kint eskf::Node::SharedPtr[m[Kâ€™
[2.846s]    29 |     rclcpp::Publisher<nav_msgs::Odometry>::[01;36m[KSharedPtr[m[K pubPose;
[2.846s]       |                                            [01;36m[K^~~~~~~~~[m[K
[2.846s] [01m[K/home/nakul/Desktop/bur/ros2_ws/src/2023-2024/state-estimation/include/eskf/Node.hpp:32:39:[m[K [01;31m[Kerror: [m[Kâ€˜[01m[KImu[m[Kâ€™ is not a member of â€˜[01m[Ksensor_msgs[m[Kâ€™; did you mean â€˜[01m[Ksensor_msgs::msg::Imu[m[Kâ€™?
[2.846s]    32 |     rclcpp::Subscription<sensor_msgs::[01;31m[KImu[m[K>::SharedPtr subImu_;
[2.847s]       |                                       [01;31m[K^~~[m[K
[2.847s] In file included from [01m[K/opt/ros/foxy/include/sensor_msgs/msg/imu.hpp:7[m[K,
[2.847s]                  from [01m[K/home/nakul/Desktop/bur/ros2_ws/src/2023-2024/state-estimation/include/eskf/Node.hpp:5[m[K,
[2.847s]                  from [01m[K/home/nakul/Desktop/bur/ros2_ws/src/2023-2024/state-estimation/src/eskf.cpp:1[m[K:
[2.847s] [01m[K/opt/ros/foxy/include/sensor_msgs/msg/detail/imu__struct.hpp:216:7:[m[K [01;36m[Knote: [m[Kâ€˜[01m[Ksensor_msgs::msg::Imu[m[Kâ€™ declared here
[2.847s]   216 | using [01;36m[KImu[m[K =
[2.847s]       |       [01;36m[K^~~[m[K
[2.847s] In file included from [01m[K/home/nakul/Desktop/bur/ros2_ws/src/2023-2024/state-estimation/src/eskf.cpp:1[m[K:
[2.847s] [01m[K/home/nakul/Desktop/bur/ros2_ws/src/2023-2024/state-estimation/include/eskf/Node.hpp:32:39:[m[K [01;31m[Kerror: [m[Kâ€˜[01m[KImu[m[Kâ€™ is not a member of â€˜[01m[Ksensor_msgs[m[Kâ€™; did you mean â€˜[01m[Ksensor_msgs::msg::Imu[m[Kâ€™?
[2.847s]    32 |     rclcpp::Subscription<sensor_msgs::[01;31m[KImu[m[K>::SharedPtr subImu_;
[2.847s]       |                                       [01;31m[K^~~[m[K
[2.848s] In file included from [01m[K/opt/ros/foxy/include/sensor_msgs/msg/imu.hpp:7[m[K,
[2.848s]                  from [01m[K/home/nakul/Desktop/bur/ros2_ws/src/2023-2024/state-estimation/include/eskf/Node.hpp:5[m[K,
[2.848s]                  from [01m[K/home/nakul/Desktop/bur/ros2_ws/src/2023-2024/state-estimation/src/eskf.cpp:1[m[K:
[2.848s] [01m[K/opt/ros/foxy/include/sensor_msgs/msg/detail/imu__struct.hpp:216:7:[m[K [01;36m[Knote: [m[Kâ€˜[01m[Ksensor_msgs::msg::Imu[m[Kâ€™ declared here
[2.848s]   216 | using [01;36m[KImu[m[K =
[2.848s]       |       [01;36m[K^~~[m[K
[2.848s] In file included from [01m[K/home/nakul/Desktop/bur/ros2_ws/src/2023-2024/state-estimation/src/eskf.cpp:1[m[K:
[2.848s] [01m[K/home/nakul/Desktop/bur/ros2_ws/src/2023-2024/state-estimation/include/eskf/Node.hpp:32:42:[m[K [01;31m[Kerror: [m[Ktemplate argument 1 is invalid
[2.848s]    32 |     rclcpp::Subscription<sensor_msgs::Imu[01;31m[K>[m[K::SharedPtr subImu_;
[2.848s]       |                                          [01;31m[K^[m[K
[2.848s] [01m[K/home/nakul/Desktop/bur/ros2_ws/src/2023-2024/state-estimation/include/eskf/Node.hpp:32:42:[m[K [01;31m[Kerror: [m[Ktemplate argument 3 is invalid
[2.848s] [01m[K/home/nakul/Desktop/bur/ros2_ws/src/2023-2024/state-estimation/include/eskf/Node.hpp:32:45:[m[K [01;31m[Kerror: [m[Kexpected â€˜[01m[K;[m[Kâ€™ at end of member declaration
[2.849s]    32 |     rclcpp::Subscription<sensor_msgs::Imu>::[01;31m[KSharedPtr[m[K subImu_;
[2.849s]       |                                             [01;31m[K^~~~~~~~~[m[K
[2.849s]       |                                                      [32m[K;[m[K
[2.849s] [01m[K/home/nakul/Desktop/bur/ros2_ws/src/2023-2024/state-estimation/include/eskf/Node.hpp:32:45:[m[K [01;31m[Kerror: [m[Kredeclaration of â€˜[01m[Kint eskf::Node::SharedPtr[m[Kâ€™
[2.849s] [01m[K/home/nakul/Desktop/bur/ros2_ws/src/2023-2024/state-estimation/include/eskf/Node.hpp:29:44:[m[K [01;36m[Knote: [m[Kprevious declaration â€˜[01m[Kint eskf::Node::SharedPtr[m[Kâ€™
[2.849s]    29 |     rclcpp::Publisher<nav_msgs::Odometry>::[01;36m[KSharedPtr[m[K pubPose;
[2.849s]       |                                            [01;36m[K^~~~~~~~~[m[K
[2.849s] [01m[K/home/nakul/Desktop/bur/ros2_ws/src/2023-2024/state-estimation/include/eskf/Node.hpp:32:55:[m[K [01;31m[Kerror: [m[Kâ€˜[01m[KsubImu_[m[Kâ€™ does not name a type
[2.849s]    32 |     rclcpp::Subscription<sensor_msgs::Imu>::SharedPtr [01;31m[KsubImu_[m[K;
[2.849s]       |                                                       [01;31m[K^~~~~~~[m[K
[2.849s] [01m[K/home/nakul/Desktop/bur/ros2_ws/src/2023-2024/state-estimation/include/eskf/Node.hpp:33:41:[m[K [01;31m[Kerror: [m[Kâ€˜[01m[KPoseWithCovarianceStamped[m[Kâ€™ is not a member of â€˜[01m[Kgeometry_msgs[m[Kâ€™; did you mean â€˜[01m[Kgeometry_msgs::msg::PoseWithCovarianceStamped[m[Kâ€™?
[2.849s]    33 |     rclcpp::Subscription<geometry_msgs::[01;31m[KPoseWithCovarianceStamped[m[K>::SharedPtr subVisionPose_;
[2.850s]       |                                         [01;31m[K^~~~~~~~~~~~~~~~~~~~~~~~~[m[K
[2.850s] In file included from [01m[K/opt/ros/foxy/include/geometry_msgs/msg/pose_with_covariance_stamped.hpp:7[m[K,
[2.850s]                  from [01m[K/home/nakul/Desktop/bur/ros2_ws/src/2023-2024/state-estimation/include/eskf/Node.hpp:10[m[K,
[2.850s]                  from [01m[K/home/nakul/Desktop/bur/ros2_ws/src/2023-2024/state-estimation/src/eskf.cpp:1[m[K:
[2.850s] [01m[K/opt/ros/foxy/include/geometry_msgs/msg/detail/pose_with_covariance_stamped__struct.hpp:134:7:[m[K [01;36m[Knote: [m[Kâ€˜[01m[Kgeometry_msgs::msg::PoseWithCovarianceStamped[m[Kâ€™ declared here
[2.850s]   134 | using [01;36m[KPoseWithCovarianceStamped[m[K =
[2.850s]       |       [01;36m[K^~~~~~~~~~~~~~~~~~~~~~~~~[m[K
[2.850s] In file included from [01m[K/home/nakul/Desktop/bur/ros2_ws/src/2023-2024/state-estimation/src/eskf.cpp:1[m[K:
[2.850s] [01m[K/home/nakul/Desktop/bur/ros2_ws/src/2023-2024/state-estimation/include/eskf/Node.hpp:33:41:[m[K [01;31m[Kerror: [m[Kâ€˜[01m[KPoseWithCovarianceStamped[m[Kâ€™ is not a member of â€˜[01m[Kgeometry_msgs[m[Kâ€™; did you mean â€˜[01m[Kgeometry_msgs::msg::PoseWithCovarianceStamped[m[Kâ€™?
[2.850s]    33 |     rclcpp::Subscription<geometry_msgs::[01;31m[KPoseWithCovarianceStamped[m[K>::SharedPtr subVisionPose_;
[2.850s]       |                                         [01;31m[K^~~~~~~~~~~~~~~~~~~~~~~~~[m[K
[2.850s] In file included from [01m[K/opt/ros/foxy/include/geometry_msgs/msg/pose_with_covariance_stamped.hpp:7[m[K,
[2.851s]                  from [01m[K/home/nakul/Desktop/bur/ros2_ws/src/2023-2024/state-estimation/include/eskf/Node.hpp:10[m[K,
[2.851s]                  from [01m[K/home/nakul/Desktop/bur/ros2_ws/src/2023-2024/state-estimation/src/eskf.cpp:1[m[K:
[2.851s] [01m[K/opt/ros/foxy/include/geometry_msgs/msg/detail/pose_with_covariance_stamped__struct.hpp:134:7:[m[K [01;36m[Knote: [m[Kâ€˜[01m[Kgeometry_msgs::msg::PoseWithCovarianceStamped[m[Kâ€™ declared here
[2.851s]   134 | using [01;36m[KPoseWithCovarianceStamped[m[K =
[2.851s]       |       [01;36m[K^~~~~~~~~~~~~~~~~~~~~~~~~[m[K
[2.851s] In file included from [01m[K/home/nakul/Desktop/bur/ros2_ws/src/2023-2024/state-estimation/src/eskf.cpp:1[m[K:
[2.851s] [01m[K/home/nakul/Desktop/bur/ros2_ws/src/2023-2024/state-estimation/include/eskf/Node.hpp:33:66:[m[K [01;31m[Kerror: [m[Ktemplate argument 1 is invalid
[2.851s]    33 |     rclcpp::Subscription<geometry_msgs::PoseWithCovarianceStamped[01;31m[K>[m[K::SharedPtr subVisionPose_;
[2.851s]       |                                                                  [01;31m[K^[m[K
[2.851s] [01m[K/home/nakul/Desktop/bur/ros2_ws/src/2023-2024/state-estimation/include/eskf/Node.hpp:33:66:[m[K [01;31m[Kerror: [m[Ktemplate argument 3 is invalid
[2.852s] [01m[K/home/nakul/Desktop/bur/ros2_ws/src/2023-2024/state-estimation/include/eskf/Node.hpp:33:69:[m[K [01;31m[Kerror: [m[Kexpected â€˜[01m[K;[m[Kâ€™ at end of member declaration
[2.852s]    33 |     rclcpp::Subscription<geometry_msgs::PoseWithCovarianceStamped>::[01;31m[KSharedPtr[m[K subVisionPose_;
[2.852s]       |                                                                     [01;31m[K^~~~~~~~~[m[K
[2.852s]       |                                                                              [32m[K;[m[K
[2.852s] [01m[K/home/nakul/Desktop/bur/ros2_ws/src/2023-2024/state-estimation/include/eskf/Node.hpp:33:69:[m[K [01;31m[Kerror: [m[Kredeclaration of â€˜[01m[Kint eskf::Node::SharedPtr[m[Kâ€™
[2.852s] [01m[K/home/nakul/Desktop/bur/ros2_ws/src/2023-2024/state-estimation/include/eskf/Node.hpp:29:44:[m[K [01;36m[Knote: [m[Kprevious declaration â€˜[01m[Kint eskf::Node::SharedPtr[m[Kâ€™
[2.852s]    29 |     rclcpp::Publisher<nav_msgs::Odometry>::[01;36m[KSharedPtr[m[K pubPose;
[2.852s]       |                                            [01;36m[K^~~~~~~~~[m[K
[2.852s] [01m[K/home/nakul/Desktop/bur/ros2_ws/src/2023-2024/state-estimation/include/eskf/Node.hpp:34:57:[m[K [01;31m[Kerror: [m[Kâ€˜[01m[KsubGpsPose_[m[Kâ€™ does not name a type
[2.853s]    34 |     rclcpp::Subscription<nav_msgs::Odometry>::SharedPtr [01;31m[KsubGpsPose_[m[K;
[2.853s]       |                                                         [01;31m[K^~~~~~~~~~~[m[K
[2.853s] [01m[K/home/nakul/Desktop/bur/ros2_ws/src/2023-2024/state-estimation/include/eskf/Node.hpp:35:52:[m[K [01;31m[Kerror: [m[Ktemplate argument 1 is invalid
[2.853s]    35 |     rclcpp::Subscription<mavros_msgs:OpticalFlowRad[01;31m[K>[m[K::SharedPtr subOpticalFlowPose_;
[2.853s]       |                                                    [01;31m[K^[m[K
[2.853s] [01m[K/home/nakul/Desktop/bur/ros2_ws/src/2023-2024/state-estimation/include/eskf/Node.hpp:35:52:[m[K [01;31m[Kerror: [m[Ktemplate argument 3 is invalid
[2.853s] [01m[K/home/nakul/Desktop/bur/ros2_ws/src/2023-2024/state-estimation/include/eskf/Node.hpp:35:55:[m[K [01;31m[Kerror: [m[Kexpected â€˜[01m[K;[m[Kâ€™ at end of member declaration
[2.853s]    35 |     rclcpp::Subscription<mavros_msgs:OpticalFlowRad>::[01;31m[KSharedPtr[m[K subOpticalFlowPose_;
[2.853s]       |                                                       [01;31m[K^~~~~~~~~[m[K
[2.854s]       |                                                                [32m[K;[m[K
[2.854s] [01m[K/home/nakul/Desktop/bur/ros2_ws/src/2023-2024/state-estimation/include/eskf/Node.hpp:35:55:[m[K [01;31m[Kerror: [m[Kredeclaration of â€˜[01m[Kint eskf::Node::SharedPtr[m[Kâ€™
[2.854s] [01m[K/home/nakul/Desktop/bur/ros2_ws/src/2023-2024/state-estimation/include/eskf/Node.hpp:29:44:[m[K [01;36m[Knote: [m[Kprevious declaration â€˜[01m[Kint eskf::Node::SharedPtr[m[Kâ€™
[2.854s]    29 |     rclcpp::Publisher<nav_msgs::Odometry>::[01;36m[KSharedPtr[m[K pubPose;
[2.854s]       |                                            [01;36m[K^~~~~~~~~[m[K
[2.854s] [01m[K/home/nakul/Desktop/bur/ros2_ws/src/2023-2024/state-estimation/include/eskf/Node.hpp:33:79:[m[K [01;31m[Kerror: [m[Kâ€˜[01m[KsubVisionPose_[m[Kâ€™ does not name a type
[2.854s]    33 |     rclcpp::Subscription<geometry_msgs::PoseWithCovarianceStamped>::SharedPtr [01;31m[KsubVisionPose_[m[K;
[2.854s]       |                                                                               [01;31m[K^~~~~~~~~~~~~~[m[K
[2.854s] [01m[K/home/nakul/Desktop/bur/ros2_ws/src/2023-2024/state-estimation/include/eskf/Node.hpp:34:36:[m[K [01;31m[Kerror: [m[Kâ€˜[01m[KOdometry[m[Kâ€™ is not a member of â€˜[01m[Knav_msgs[m[Kâ€™; did you mean â€˜[01m[Knav_msgs::msg::Odometry[m[Kâ€™?
[2.854s]    34 |     rclcpp::Subscription<nav_msgs::[01;31m[KOdometry[m[K>::SharedPtr subGpsPose_;
[2.854s]       |                                    [01;31m[K^~~~~~~~[m[K
[2.855s] In file included from [01m[K/opt/ros/foxy/include/nav_msgs/msg/odometry.hpp:7[m[K,
[2.855s]                  from [01m[K/home/nakul/Desktop/bur/ros2_ws/src/2023-2024/state-estimation/include/eskf/Node.hpp:8[m[K,
[2.855s]                  from [01m[K/home/nakul/Desktop/bur/ros2_ws/src/2023-2024/state-estimation/src/eskf.cpp:1[m[K:
[2.855s] [01m[K/opt/ros/foxy/include/nav_msgs/msg/detail/odometry__struct.hpp:171:7:[m[K [01;36m[Knote: [m[Kâ€˜[01m[Knav_msgs::msg::Odometry[m[Kâ€™ declared here
[2.855s]   171 | using [01;36m[KOdometry[m[K =
[2.855s]       |       [01;36m[K^~~~~~~~[m[K
[2.855s] In file included from [01m[K/home/nakul/Desktop/bur/ros2_ws/src/2023-2024/state-estimation/src/eskf.cpp:1[m[K:
[2.855s] [01m[K/home/nakul/Desktop/bur/ros2_ws/src/2023-2024/state-estimation/include/eskf/Node.hpp:34:36:[m[K [01;31m[Kerror: [m[Kâ€˜[01m[KOdometry[m[Kâ€™ is not a member of â€˜[01m[Knav_msgs[m[Kâ€™; did you mean â€˜[01m[Knav_msgs::msg::Odometry[m[Kâ€™?
[2.855s]    34 |     rclcpp::Subscription<nav_msgs::[01;31m[KOdometry[m[K>::SharedPtr subGpsPose_;
[2.855s]       |                                    [01;31m[K^~~~~~~~[m[K
[2.856s] In file included from [01m[K/opt/ros/foxy/include/nav_msgs/msg/odometry.hpp:7[m[K,
[2.856s]                  from [01m[K/home/nakul/Desktop/bur/ros2_ws/src/2023-2024/state-estimation/include/eskf/Node.hpp:8[m[K,
[2.856s]                  from [01m[K/home/nakul/Desktop/bur/ros2_ws/src/2023-2024/state-estimation/src/eskf.cpp:1[m[K:
[2.856s] [01m[K/opt/ros/foxy/include/nav_msgs/msg/detail/odometry__struct.hpp:171:7:[m[K [01;36m[Knote: [m[Kâ€˜[01m[Knav_msgs::msg::Odometry[m[Kâ€™ declared here
[2.856s]   171 | using [01;36m[KOdometry[m[K =
[2.856s]       |       [01;36m[K^~~~~~~~[m[K
[2.856s] In file included from [01m[K/home/nakul/Desktop/bur/ros2_ws/src/2023-2024/state-estimation/src/eskf.cpp:1[m[K:
[2.856s] [01m[K/home/nakul/Desktop/bur/ros2_ws/src/2023-2024/state-estimation/include/eskf/Node.hpp:34:44:[m[K [01;31m[Kerror: [m[Ktemplate argument 1 is invalid
[2.857s]    34 |     rclcpp::Subscription<nav_msgs::Odometry[01;31m[K>[m[K::SharedPtr subGpsPose_;
[2.857s]       |                                            [01;31m[K^[m[K
[2.857s] [01m[K/home/nakul/Desktop/bur/ros2_ws/src/2023-2024/state-estimation/include/eskf/Node.hpp:34:44:[m[K [01;31m[Kerror: [m[Ktemplate argument 3 is invalid
[2.857s] [01m[K/home/nakul/Desktop/bur/ros2_ws/src/2023-2024/state-estimation/include/eskf/Node.hpp:34:47:[m[K [01;31m[Kerror: [m[Kexpected â€˜[01m[K;[m[Kâ€™ at end of member declaration
[2.857s]    34 |     rclcpp::Subscription<nav_msgs::Odometry>::[01;31m[KSharedPtr[m[K subGpsPose_;
[2.857s]       |                                               [01;31m[K^~~~~~~~~[m[K
[2.857s]       |                                                        [32m[K;[m[K
[2.857s] [01m[K/home/nakul/Desktop/bur/ros2_ws/src/2023-2024/state-estimation/include/eskf/Node.hpp:34:47:[m[K [01;31m[Kerror: [m[Kredeclaration of â€˜[01m[Kint eskf::Node::SharedPtr[m[Kâ€™
[2.857s] [01m[K/home/nakul/Desktop/bur/ros2_ws/src/2023-2024/state-estimation/include/eskf/Node.hpp:29:44:[m[K [01;36m[Knote: [m[Kprevious declaration â€˜[01m[Kint eskf::Node::SharedPtr[m[Kâ€™
[2.857s]    29 |     rclcpp::Publisher<nav_msgs::Odometry>::[01;36m[KSharedPtr[m[K pubPose;
[2.858s]       |                                            [01;36m[K^~~~~~~~~[m[K
[2.858s] [01m[K/home/nakul/Desktop/bur/ros2_ws/src/2023-2024/state-estimation/include/eskf/Node.hpp:35:65:[m[K [01;31m[Kerror: [m[Kâ€˜[01m[KsubOpticalFlowPose_[m[Kâ€™ does not name a type
[2.858s]    35 |     rclcpp::Subscription<mavros_msgs:OpticalFlowRad>::SharedPtr [01;31m[KsubOpticalFlowPose_[m[K;
[2.858s]       |                                                                 [01;31m[K^~~~~~~~~~~~~~~~~~~[m[K
[2.858s] [01m[K/home/nakul/Desktop/bur/ros2_ws/src/2023-2024/state-estimation/include/eskf/Node.hpp:36:39:[m[K [01;31m[Kerror: [m[Kâ€˜[01m[KMagneticField[m[Kâ€™ is not a member of â€˜[01m[Ksensor_msgs[m[Kâ€™; did you mean â€˜[01m[Ksensor_msgs::msg::MagneticField[m[Kâ€™?
[2.858s]    36 |     rclcpp::Subscription<sensor_msgs::[01;31m[KMagneticField[m[K>::SharedPtr subMagPose_;
[2.858s]       |                                       [01;31m[K^~~~~~~~~~~~~[m[K
[2.858s] In file included from [01m[K/opt/ros/foxy/include/sensor_msgs/msg/magnetic_field.hpp:7[m[K,
[2.858s]                  from [01m[K/home/nakul/Desktop/bur/ros2_ws/src/2023-2024/state-estimation/include/eskf/Node.hpp:6[m[K,
[2.858s]                  from [01m[K/home/nakul/Desktop/bur/ros2_ws/src/2023-2024/state-estimation/src/Node.cpp:1[m[K:
[2.858s] [01m[K/opt/ros/foxy/include/sensor_msgs/msg/detail/magnetic_field__struct.hpp:155:7:[m[K [01;36m[Knote: [m[Kâ€˜[01m[Ksensor_msgs::msg::MagneticField[m[Kâ€™ declared here
[2.858s]   155 | using [01;36m[KMagneticField[m[K =
[2.859s]       |       [01;36m[K^~~~~~~~~~~~~[m[K
[2.859s] In file included from [01m[K/home/nakul/Desktop/bur/ros2_ws/src/2023-2024/state-estimation/src/Node.cpp:1[m[K:
[2.859s] [01m[K/home/nakul/Desktop/bur/ros2_ws/src/2023-2024/state-estimation/include/eskf/Node.hpp:36:39:[m[K [01;31m[Kerror: [m[Kâ€˜[01m[KMagneticField[m[Kâ€™ is not a member of â€˜[01m[Ksensor_msgs[m[Kâ€™; did you mean â€˜[01m[Ksensor_msgs::msg::MagneticField[m[Kâ€™?
[2.859s]    36 |     rclcpp::Subscription<sensor_msgs::[01;31m[KMagneticField[m[K>::SharedPtr subMagPose_;
[2.859s]       |                                       [01;31m[K^~~~~~~~~~~~~[m[K
[2.859s] In file included from [01m[K/opt/ros/foxy/include/sensor_msgs/msg/magnetic_field.hpp:7[m[K,
[2.859s]                  from [01m[K/home/nakul/Desktop/bur/ros2_ws/src/2023-2024/state-estimation/include/eskf/Node.hpp:6[m[K,
[2.859s]                  from [01m[K/home/nakul/Desktop/bur/ros2_ws/src/2023-2024/state-estimation/src/Node.cpp:1[m[K:
[2.859s] [01m[K/opt/ros/foxy/include/sensor_msgs/msg/detail/magnetic_field__struct.hpp:155:7:[m[K [01;36m[Knote: [m[Kâ€˜[01m[Ksensor_msgs::msg::MagneticField[m[Kâ€™ declared here
[2.859s]   155 | using [01;36m[KMagneticField[m[K =
[2.859s]       |       [01;36m[K^~~~~~~~~~~~~[m[K
[2.860s] In file included from [01m[K/home/nakul/Desktop/bur/ros2_ws/src/2023-2024/state-estimation/src/Node.cpp:1[m[K:
[2.860s] [01m[K/home/nakul/Desktop/bur/ros2_ws/src/2023-2024/state-estimation/include/eskf/Node.hpp:36:52:[m[K [01;31m[Kerror: [m[Ktemplate argument 1 is invalid
[2.860s]    36 |     rclcpp::Subscription<sensor_msgs::MagneticField[01;31m[K>[m[K::SharedPtr subMagPose_;
[2.860s]       |                                                    [01;31m[K^[m[K
[2.860s] [01m[K/home/nakul/Desktop/bur/ros2_ws/src/2023-2024/state-estimation/include/eskf/Node.hpp:36:52:[m[K [01;31m[Kerror: [m[Ktemplate argument 3 is invalid
[2.860s] [01m[K/home/nakul/Desktop/bur/ros2_ws/src/2023-2024/state-estimation/include/eskf/Node.hpp:36:55:[m[K [01;31m[Kerror: [m[Kexpected â€˜[01m[K;[m[Kâ€™ at end of member declaration
[2.860s]    36 |     rclcpp::Subscription<sensor_msgs::MagneticField>::[01;31m[KSharedPtr[m[K subMagPose_;
[2.860s]       |                                                       [01;31m[K^~~~~~~~~[m[K
[2.860s]       |                                                                [32m[K;[m[K
[2.860s] [01m[K/home/nakul/Desktop/bur/ros2_ws/src/2023-2024/state-estimation/include/eskf/Node.hpp:36:55:[m[K [01;31m[Kerror: [m[Kredeclaration of â€˜[01m[Kint eskf::Node::SharedPtr[m[Kâ€™
[2.860s] [01m[K/home/nakul/Desktop/bur/ros2_ws/src/2023-2024/state-estimation/include/eskf/Node.hpp:29:44:[m[K [01;36m[Knote: [m[Kprevious declaration â€˜[01m[Kint eskf::Node::SharedPtr[m[Kâ€™
[2.861s]    29 |     rclcpp::Publisher<nav_msgs::Odometry>::[01;36m[KSharedPtr[m[K pubPose;
[2.861s]       |                                            [01;36m[K^~~~~~~~~[m[K
[2.861s] [01m[K/home/nakul/Desktop/bur/ros2_ws/src/2023-2024/state-estimation/include/eskf/Node.hpp:34:57:[m[K [01;31m[Kerror: [m[Kâ€˜[01m[KsubGpsPose_[m[Kâ€™ does not name a type
[2.861s]    34 |     rclcpp::Subscription<nav_msgs::Odometry>::SharedPtr [01;31m[KsubGpsPose_[m[K;
[2.861s]       |                                                         [01;31m[K^~~~~~~~~~~[m[K
[2.861s] [01m[K/home/nakul/Desktop/bur/ros2_ws/src/2023-2024/state-estimation/include/eskf/Node.hpp:35:52:[m[K [01;31m[Kerror: [m[Ktemplate argument 1 is invalid
[2.861s]    35 |     rclcpp::Subscription<mavros_msgs:OpticalFlowRad[01;31m[K>[m[K::SharedPtr subOpticalFlowPose_;
[2.861s]       |                                                    [01;31m[K^[m[K
[2.861s] [01m[K/home/nakul/Desktop/bur/ros2_ws/src/2023-2024/state-estimation/include/eskf/Node.hpp:35:52:[m[K [01;31m[Kerror: [m[Ktemplate argument 3 is invalid
[2.861s] [01m[K/home/nakul/Desktop/bur/ros2_ws/src/2023-2024/state-estimation/include/eskf/Node.hpp:35:55:[m[K [01;31m[Kerror: [m[Kexpected â€˜[01m[K;[m[Kâ€™ at end of member declaration
[2.862s]    35 |     rclcpp::Subscription<mavros_msgs:OpticalFlowRad>::[01;31m[KSharedPtr[m[K subOpticalFlowPose_;
[2.862s]       |                                                       [01;31m[K^~~~~~~~~[m[K
[2.862s]       |                                                                [32m[K;[m[K
[2.862s] [01m[K/home/nakul/Desktop/bur/ros2_ws/src/2023-2024/state-estimation/include/eskf/Node.hpp:35:55:[m[K [01;31m[Kerror: [m[Kredeclaration of â€˜[01m[Kint eskf::Node::SharedPtr[m[Kâ€™
[2.862s] [01m[K/home/nakul/Desktop/bur/ros2_ws/src/2023-2024/state-estimation/include/eskf/Node.hpp:29:44:[m[K [01;36m[Knote: [m[Kprevious declaration â€˜[01m[Kint eskf::Node::SharedPtr[m[Kâ€™
[2.862s]    29 |     rclcpp::Publisher<nav_msgs::Odometry>::[01;36m[KSharedPtr[m[K pubPose;
[2.862s]       |                                            [01;36m[K^~~~~~~~~[m[K
[2.862s] [01m[K/home/nakul/Desktop/bur/ros2_ws/src/2023-2024/state-estimation/include/eskf/Node.hpp:36:65:[m[K [01;31m[Kerror: [m[Kâ€˜[01m[KsubMagPose_[m[Kâ€™ does not name a type
[2.863s]    36 |     rclcpp::Subscription<sensor_msgs::MagneticField>::SharedPtr [01;31m[KsubMagPose_[m[K;
[2.863s]       |                                                                 [01;31m[K^~~~~~~~~~~[m[K
[2.863s] [01m[K/home/nakul/Desktop/bur/ros2_ws/src/2023-2024/state-estimation/include/eskf/Node.hpp:37:39:[m[K [01;31m[Kerror: [m[Kâ€˜[01m[KExtendedState[m[Kâ€™ is not a member of â€˜[01m[Kmavros_msgs[m[Kâ€™; did you mean â€˜[01m[Kmavros_msgs::msg::ExtendedState[m[Kâ€™?
[2.863s]    37 |     rclcpp::Subscription<mavros_msgs::[01;31m[KExtendedState[m[K>::SharedPtr subExtendedState_;
[2.863s]       |                                       [01;31m[K^~~~~~~~~~~~~[m[K
[2.863s] In file included from [01m[K/opt/ros/foxy/include/mavros_msgs/msg/extended_state.hpp:7[m[K,
[2.863s]                  from [01m[K/home/nakul/Desktop/bur/ros2_ws/src/2023-2024/state-estimation/include/eskf/Node.hpp:12[m[K,
[2.863s]                  from [01m[K/home/nakul/Desktop/bur/ros2_ws/src/2023-2024/state-estimation/src/Node.cpp:1[m[K:
[2.863s] [01m[K/opt/ros/foxy/include/mavros_msgs/msg/detail/extended_state__struct.hpp:172:7:[m[K [01;36m[Knote: [m[Kâ€˜[01m[Kmavros_msgs::msg::ExtendedState[m[Kâ€™ declared here
[2.863s]   172 | using [01;36m[KExtendedState[m[K =
[2.863s]       |       [01;36m[K^~~~~~~~~~~~~[m[K
[2.863s] In file included from [01m[K/home/nakul/Desktop/bur/ros2_ws/src/2023-2024/state-estimation/src/Node.cpp:1[m[K:
[2.864s] [01m[K/home/nakul/Desktop/bur/ros2_ws/src/2023-2024/state-estimation/include/eskf/Node.hpp:37:39:[m[K [01;31m[Kerror: [m[Kâ€˜[01m[KExtendedState[m[Kâ€™ is not a member of â€˜[01m[Kmavros_msgs[m[Kâ€™; did you mean â€˜[01m[Kmavros_msgs::msg::ExtendedState[m[Kâ€™?
[2.864s]    37 |     rclcpp::Subscription<mavros_msgs::[01;31m[KExtendedState[m[K>::SharedPtr subExtendedState_;
[2.864s]       |                                       [01;31m[K^~~~~~~~~~~~~[m[K
[2.864s] In file included from [01m[K/opt/ros/foxy/include/mavros_msgs/msg/extended_state.hpp:7[m[K,
[2.864s]                  from [01m[K/home/nakul/Desktop/bur/ros2_ws/src/2023-2024/state-estimation/include/eskf/Node.hpp:12[m[K,
[2.864s]                  from [01m[K/home/nakul/Desktop/bur/ros2_ws/src/2023-2024/state-estimation/src/Node.cpp:1[m[K:
[2.864s] [01m[K/opt/ros/foxy/include/mavros_msgs/msg/detail/extended_state__struct.hpp:172:7:[m[K [01;36m[Knote: [m[Kâ€˜[01m[Kmavros_msgs::msg::ExtendedState[m[Kâ€™ declared here
[2.864s]   172 | using [01;36m[KExtendedState[m[K =
[2.864s]       |       [01;36m[K^~~~~~~~~~~~~[m[K
[2.864s] In file included from [01m[K/home/nakul/Desktop/bur/ros2_ws/src/2023-2024/state-estimation/src/Node.cpp:1[m[K:
[2.864s] [01m[K/home/nakul/Desktop/bur/ros2_ws/src/2023-2024/state-estimation/include/eskf/Node.hpp:37:52:[m[K [01;31m[Kerror: [m[Ktemplate argument 1 is invalid
[2.864s]    37 |     rclcpp::Subscription<mavros_msgs::ExtendedState[01;31m[K>[m[K::SharedPtr subExtendedState_;
[2.865s]       |                                                    [01;31m[K^[m[K
[2.865s] [01m[K/home/nakul/Desktop/bur/ros2_ws/src/2023-2024/state-estimation/include/eskf/Node.hpp:37:52:[m[K [01;31m[Kerror: [m[Ktemplate argument 3 is invalid
[2.865s] [01m[K/home/nakul/Desktop/bur/ros2_ws/src/2023-2024/state-estimation/include/eskf/Node.hpp:37:55:[m[K [01;31m[Kerror: [m[Kexpected â€˜[01m[K;[m[Kâ€™ at end of member declaration
[2.865s]    37 |     rclcpp::Subscription<mavros_msgs::ExtendedState>::[01;31m[KSharedPtr[m[K subExtendedState_;
[2.865s]       |                                                       [01;31m[K^~~~~~~~~[m[K
[2.865s]       |                                                                [32m[K;[m[K
[2.865s] [01m[K/home/nakul/Desktop/bur/ros2_ws/src/2023-2024/state-estimation/include/eskf/Node.hpp:37:55:[m[K [01;31m[Kerror: [m[Kredeclaration of â€˜[01m[Kint eskf::Node::SharedPtr[m[Kâ€™
[2.865s] [01m[K/home/nakul/Desktop/bur/ros2_ws/src/2023-2024/state-estimation/include/eskf/Node.hpp:29:44:[m[K [01;36m[Knote: [m[Kprevious declaration â€˜[01m[Kint eskf::Node::SharedPtr[m[Kâ€™
[2.865s]    29 |     rclcpp::Publisher<nav_msgs::Odometry>::[01;36m[KSharedPtr[m[K pubPose;
[2.865s]       |                                            [01;36m[K^~~~~~~~~[m[K
[2.866s] [01m[K/home/nakul/Desktop/bur/ros2_ws/src/2023-2024/state-estimation/include/eskf/Node.hpp:35:65:[m[K [01;31m[Kerror: [m[Kâ€˜[01m[KsubOpticalFlowPose_[m[Kâ€™ does not name a type
[2.866s]    35 |     rclcpp::Subscription<mavros_msgs:OpticalFlowRad>::SharedPtr [01;31m[KsubOpticalFlowPose_[m[K;
[2.866s]       |                                                                 [01;31m[K^~~~~~~~~~~~~~~~~~~[m[K
[2.866s] [01m[K/home/nakul/Desktop/bur/ros2_ws/src/2023-2024/state-estimation/include/eskf/Node.hpp:36:39:[m[K [01;31m[Kerror: [m[Kâ€˜[01m[KMagneticField[m[Kâ€™ is not a member of â€˜[01m[Ksensor_msgs[m[Kâ€™; did you mean â€˜[01m[Ksensor_msgs::msg::MagneticField[m[Kâ€™?
[2.866s]    36 |     rclcpp::Subscription<sensor_msgs::[01;31m[KMagneticField[m[K>::SharedPtr subMagPose_;
[2.866s]       |                                       [01;31m[K^~~~~~~~~~~~~[m[K
[2.866s] In file included from [01m[K/opt/ros/foxy/include/sensor_msgs/msg/magnetic_field.hpp:7[m[K,
[2.866s]                  from [01m[K/home/nakul/Desktop/bur/ros2_ws/src/2023-2024/state-estimation/include/eskf/Node.hpp:6[m[K,
[2.867s]                  from [01m[K/home/nakul/Desktop/bur/ros2_ws/src/2023-2024/state-estimation/src/eskf.cpp:1[m[K:
[2.867s] [01m[K/opt/ros/foxy/include/sensor_msgs/msg/detail/magnetic_field__struct.hpp:155:7:[m[K [01;36m[Knote: [m[Kâ€˜[01m[Ksensor_msgs::msg::MagneticField[m[Kâ€™ declared here
[2.867s]   155 | using [01;36m[KMagneticField[m[K =
[2.867s]       |       [01;36m[K^~~~~~~~~~~~~[m[K
[2.867s] In file included from [01m[K/home/nakul/Desktop/bur/ros2_ws/src/2023-2024/state-estimation/src/eskf.cpp:1[m[K:
[2.867s] [01m[K/home/nakul/Desktop/bur/ros2_ws/src/2023-2024/state-estimation/include/eskf/Node.hpp:36:39:[m[K [01;31m[Kerror: [m[Kâ€˜[01m[KMagneticField[m[Kâ€™ is not a member of â€˜[01m[Ksensor_msgs[m[Kâ€™; did you mean â€˜[01m[Ksensor_msgs::msg::MagneticField[m[Kâ€™?
[2.867s]    36 |     rclcpp::Subscription<sensor_msgs::[01;31m[KMagneticField[m[K>::SharedPtr subMagPose_;
[2.867s]       |                                       [01;31m[K^~~~~~~~~~~~~[m[K
[2.867s] In file included from [01m[K/opt/ros/foxy/include/sensor_msgs/msg/magnetic_field.hpp:7[m[K,
[2.867s]                  from [01m[K/home/nakul/Desktop/bur/ros2_ws/src/2023-2024/state-estimation/include/eskf/Node.hpp:6[m[K,
[2.867s]                  from [01m[K/home/nakul/Desktop/bur/ros2_ws/src/2023-2024/state-estimation/src/eskf.cpp:1[m[K:
[2.868s] [01m[K/opt/ros/foxy/include/sensor_msgs/msg/detail/magnetic_field__struct.hpp:155:7:[m[K [01;36m[Knote: [m[Kâ€˜[01m[Ksensor_msgs::msg::MagneticField[m[Kâ€™ declared here
[2.868s]   155 | using [01;36m[KMagneticField[m[K =
[2.868s]       |       [01;36m[K^~~~~~~~~~~~~[m[K
[2.868s] In file included from [01m[K/home/nakul/Desktop/bur/ros2_ws/src/2023-2024/state-estimation/src/eskf.cpp:1[m[K:
[2.868s] [01m[K/home/nakul/Desktop/bur/ros2_ws/src/2023-2024/state-estimation/include/eskf/Node.hpp:36:52:[m[K [01;31m[Kerror: [m[Ktemplate argument 1 is invalid
[2.868s]    36 |     rclcpp::Subscription<sensor_msgs::MagneticField[01;31m[K>[m[K::SharedPtr subMagPose_;
[2.868s]       |                                                    [01;31m[K^[m[K
[2.868s] [01m[K/home/nakul/Desktop/bur/ros2_ws/src/2023-2024/state-estimation/include/eskf/Node.hpp:36:52:[m[K [01;31m[Kerror: [m[Ktemplate argument 3 is invalid
[2.868s] [01m[K/home/nakul/Desktop/bur/ros2_ws/src/2023-2024/state-estimation/include/eskf/Node.hpp:36:55:[m[K [01;31m[Kerror: [m[Kexpected â€˜[01m[K;[m[Kâ€™ at end of member declaration
[2.868s]    36 |     rclcpp::Subscription<sensor_msgs::MagneticField>::[01;31m[KSharedPtr[m[K subMagPose_;
[2.868s]       |                                                       [01;31m[K^~~~~~~~~[m[K
[2.868s]       |                                                                [32m[K;[m[K
[2.869s] [01m[K/home/nakul/Desktop/bur/ros2_ws/src/2023-2024/state-estimation/include/eskf/Node.hpp:36:55:[m[K [01;31m[Kerror: [m[Kredeclaration of â€˜[01m[Kint eskf::Node::SharedPtr[m[Kâ€™
[2.869s] [01m[K/home/nakul/Desktop/bur/ros2_ws/src/2023-2024/state-estimation/include/eskf/Node.hpp:29:44:[m[K [01;36m[Knote: [m[Kprevious declaration â€˜[01m[Kint eskf::Node::SharedPtr[m[Kâ€™
[2.869s]    29 |     rclcpp::Publisher<nav_msgs::Odometry>::[01;36m[KSharedPtr[m[K pubPose;
[2.869s]       |                                            [01;36m[K^~~~~~~~~[m[K
[2.869s] [01m[K/home/nakul/Desktop/bur/ros2_ws/src/2023-2024/state-estimation/include/eskf/Node.hpp:37:65:[m[K [01;31m[Kerror: [m[Kâ€˜[01m[KsubExtendedState_[m[Kâ€™ does not name a type
[2.869s]    37 |     rclcpp::Subscription<mavros_msgs::ExtendedState>::SharedPtr [01;31m[KsubExtendedState_[m[K;
[2.869s]       |                                                                 [01;31m[K^~~~~~~~~~~~~~~~~[m[K
[2.870s] [01m[K/home/nakul/Desktop/bur/ros2_ws/src/2023-2024/state-estimation/include/eskf/Node.hpp:38:39:[m[K [01;31m[Kerror: [m[Kâ€˜[01m[KRange[m[Kâ€™ is not a member of â€˜[01m[Ksensor_msgs[m[Kâ€™; did you mean â€˜[01m[Ksensor_msgs::msg::Range[m[Kâ€™?
[2.870s]    38 |     rclcpp::Subscription<sensor_msgs::[01;31m[KRange[m[K>::SharedPtr subRangeFinderPose_;
[2.870s]       |                                       [01;31m[K^~~~~[m[K
[2.870s] In file included from [01m[K/opt/ros/foxy/include/sensor_msgs/msg/range.hpp:7[m[K,
[2.870s]                  from [01m[K/home/nakul/Desktop/bur/ros2_ws/src/2023-2024/state-estimation/include/eskf/Node.hpp:7[m[K,
[2.870s]                  from [01m[K/home/nakul/Desktop/bur/ros2_ws/src/2023-2024/state-estimation/src/Node.cpp:1[m[K:
[2.871s] [01m[K/opt/ros/foxy/include/sensor_msgs/msg/detail/range__struct.hpp:198:7:[m[K [01;36m[Knote: [m[Kâ€˜[01m[Ksensor_msgs::msg::Range[m[Kâ€™ declared here
[2.871s]   198 | using [01;36m[KRange[m[K =
[2.871s]       |       [01;36m[K^~~~~[m[K
[2.871s] In file included from [01m[K/home/nakul/Desktop/bur/ros2_ws/src/2023-2024/state-estimation/src/Node.cpp:1[m[K:
[2.871s] [01m[K/home/nakul/Desktop/bur/ros2_ws/src/2023-2024/state-estimation/include/eskf/Node.hpp:38:39:[m[K [01;31m[Kerror: [m[Kâ€˜[01m[KRange[m[Kâ€™ is not a member of â€˜[01m[Ksensor_msgs[m[Kâ€™; did you mean â€˜[01m[Ksensor_msgs::msg::Range[m[Kâ€™?
[2.871s]    38 |     rclcpp::Subscription<sensor_msgs::[01;31m[KRange[m[K>::SharedPtr subRangeFinderPose_;
[2.871s]       |                                       [01;31m[K^~~~~[m[K
[2.872s] In file included from [01m[K/opt/ros/foxy/include/sensor_msgs/msg/range.hpp:7[m[K,
[2.872s]                  from [01m[K/home/nakul/Desktop/bur/ros2_ws/src/2023-2024/state-estimation/include/eskf/Node.hpp:7[m[K,
[2.872s]                  from [01m[K/home/nakul/Desktop/bur/ros2_ws/src/2023-2024/state-estimation/src/Node.cpp:1[m[K:
[2.872s] [01m[K/opt/ros/foxy/include/sensor_msgs/msg/detail/range__struct.hpp:198:7:[m[K [01;36m[Knote: [m[Kâ€˜[01m[Ksensor_msgs::msg::Range[m[Kâ€™ declared here
[2.872s]   198 | using [01;36m[KRange[m[K =
[2.872s]       |       [01;36m[K^~~~~[m[K
[2.872s] In file included from [01m[K/home/nakul/Desktop/bur/ros2_ws/src/2023-2024/state-estimation/src/Node.cpp:1[m[K:
[2.872s] [01m[K/home/nakul/Desktop/bur/ros2_ws/src/2023-2024/state-estimation/include/eskf/Node.hpp:38:44:[m[K [01;31m[Kerror: [m[Ktemplate argument 1 is invalid
[2.872s]    38 |     rclcpp::Subscription<sensor_msgs::Range[01;31m[K>[m[K::SharedPtr subRangeFinderPose_;
[2.873s]       |                                            [01;31m[K^[m[K
[2.873s] [01m[K/home/nakul/Desktop/bur/ros2_ws/src/2023-2024/state-estimation/include/eskf/Node.hpp:38:44:[m[K [01;31m[Kerror: [m[Ktemplate argument 3 is invalid
[2.873s] [01m[K/home/nakul/Desktop/bur/ros2_ws/src/2023-2024/state-estimation/include/eskf/Node.hpp:38:47:[m[K [01;31m[Kerror: [m[Kexpected â€˜[01m[K;[m[Kâ€™ at end of member declaration
[2.873s]    38 |     rclcpp::Subscription<sensor_msgs::Range>::[01;31m[KSharedPtr[m[K subRangeFinderPose_;
[2.873s]       |                                               [01;31m[K^~~~~~~~~[m[K
[2.873s]       |                                                        [32m[K;[m[K
[2.873s] [01m[K/home/nakul/Desktop/bur/ros2_ws/src/2023-2024/state-estimation/include/eskf/Node.hpp:38:47:[m[K [01;31m[Kerror: [m[Kredeclaration of â€˜[01m[Kint eskf::Node::SharedPtr[m[Kâ€™
[2.873s] [01m[K/home/nakul/Desktop/bur/ros2_ws/src/2023-2024/state-estimation/include/eskf/Node.hpp:29:44:[m[K [01;36m[Knote: [m[Kprevious declaration â€˜[01m[Kint eskf::Node::SharedPtr[m[Kâ€™
[2.873s]    29 |     rclcpp::Publisher<nav_msgs::Odometry>::[01;36m[KSharedPtr[m[K pubPose;
[2.873s]       |                                            [01;36m[K^~~~~~~~~[m[K
[2.873s] [01m[K/home/nakul/Desktop/bur/ros2_ws/src/2023-2024/state-estimation/include/eskf/Node.hpp:36:65:[m[K [01;31m[Kerror: [m[Kâ€˜[01m[KsubMagPose_[m[Kâ€™ does not name a type
[2.873s]    36 |     rclcpp::Subscription<sensor_msgs::MagneticField>::SharedPtr [01;31m[KsubMagPose_[m[K;
[2.874s]       |                                                                 [01;31m[K^~~~~~~~~~~[m[K
[2.874s] [01m[K/home/nakul/Desktop/bur/ros2_ws/src/2023-2024/state-estimation/include/eskf/Node.hpp:37:39:[m[K [01;31m[Kerror: [m[Kâ€˜[01m[KExtendedState[m[Kâ€™ is not a member of â€˜[01m[Kmavros_msgs[m[Kâ€™; did you mean â€˜[01m[Kmavros_msgs::msg::ExtendedState[m[Kâ€™?
[2.874s]    37 |     rclcpp::Subscription<mavros_msgs::[01;31m[KExtendedState[m[K>::SharedPtr subExtendedState_;
[2.874s]       |                                       [01;31m[K^~~~~~~~~~~~~[m[K
[2.874s] In file included from [01m[K/opt/ros/foxy/include/mavros_msgs/msg/extended_state.hpp:7[m[K,
[2.874s]                  from [01m[K/home/nakul/Desktop/bur/ros2_ws/src/2023-2024/state-estimation/include/eskf/Node.hpp:12[m[K,
[2.874s]                  from [01m[K/home/nakul/Desktop/bur/ros2_ws/src/2023-2024/state-estimation/src/eskf.cpp:1[m[K:
[2.874s] [01m[K/opt/ros/foxy/include/mavros_msgs/msg/detail/extended_state__struct.hpp:172:7:[m[K [01;36m[Knote: [m[Kâ€˜[01m[Kmavros_msgs::msg::ExtendedState[m[Kâ€™ declared here
[2.874s]   172 | using [01;36m[KExtendedState[m[K =
[2.874s]       |       [01;36m[K^~~~~~~~~~~~~[m[K
[2.874s] In file included from [01m[K/home/nakul/Desktop/bur/ros2_ws/src/2023-2024/state-estimation/src/eskf.cpp:1[m[K:
[2.875s] [01m[K/home/nakul/Desktop/bur/ros2_ws/src/2023-2024/state-estimation/include/eskf/Node.hpp:37:39:[m[K [01;31m[Kerror: [m[Kâ€˜[01m[KExtendedState[m[Kâ€™ is not a member of â€˜[01m[Kmavros_msgs[m[Kâ€™; did you mean â€˜[01m[Kmavros_msgs::msg::ExtendedState[m[Kâ€™?
[2.875s]    37 |     rclcpp::Subscription<mavros_msgs::[01;31m[KExtendedState[m[K>::SharedPtr subExtendedState_;
[2.875s]       |                                       [01;31m[K^~~~~~~~~~~~~[m[K
[2.875s] In file included from [01m[K/opt/ros/foxy/include/mavros_msgs/msg/extended_state.hpp:7[m[K,
[2.875s]                  from [01m[K/home/nakul/Desktop/bur/ros2_ws/src/2023-2024/state-estimation/include/eskf/Node.hpp:12[m[K,
[2.875s]                  from [01m[K/home/nakul/Desktop/bur/ros2_ws/src/2023-2024/state-estimation/src/eskf.cpp:1[m[K:
[2.875s] [01m[K/opt/ros/foxy/include/mavros_msgs/msg/detail/extended_state__struct.hpp:172:7:[m[K [01;36m[Knote: [m[Kâ€˜[01m[Kmavros_msgs::msg::ExtendedState[m[Kâ€™ declared here
[2.875s]   172 | using [01;36m[KExtendedState[m[K =
[2.875s]       |       [01;36m[K^~~~~~~~~~~~~[m[K
[2.875s] In file included from [01m[K/home/nakul/Desktop/bur/ros2_ws/src/2023-2024/state-estimation/src/eskf.cpp:1[m[K:
[2.875s] [01m[K/home/nakul/Desktop/bur/ros2_ws/src/2023-2024/state-estimation/include/eskf/Node.hpp:37:52:[m[K [01;31m[Kerror: [m[Ktemplate argument 1 is invalid
[2.875s]    37 |     rclcpp::Subscription<mavros_msgs::ExtendedState[01;31m[K>[m[K::SharedPtr subExtendedState_;
[2.876s]       |                                                    [01;31m[K^[m[K
[2.876s] [01m[K/home/nakul/Desktop/bur/ros2_ws/src/2023-2024/state-estimation/include/eskf/Node.hpp:37:52:[m[K [01;31m[Kerror: [m[Ktemplate argument 3 is invalid
[2.876s] [01m[K/home/nakul/Desktop/bur/ros2_ws/src/2023-2024/state-estimation/include/eskf/Node.hpp:37:55:[m[K [01;31m[Kerror: [m[Kexpected â€˜[01m[K;[m[Kâ€™ at end of member declaration
[2.876s]    37 |     rclcpp::Subscription<mavros_msgs::ExtendedState>::[01;31m[KSharedPtr[m[K subExtendedState_;
[2.876s]       |                                                       [01;31m[K^~~~~~~~~[m[K
[2.876s]       |                                                                [32m[K;[m[K
[2.876s] [01m[K/home/nakul/Desktop/bur/ros2_ws/src/2023-2024/state-estimation/include/eskf/Node.hpp:37:55:[m[K [01;31m[Kerror: [m[Kredeclaration of â€˜[01m[Kint eskf::Node::SharedPtr[m[Kâ€™
[2.876s] [01m[K/home/nakul/Desktop/bur/ros2_ws/src/2023-2024/state-estimation/include/eskf/Node.hpp:29:44:[m[K [01;36m[Knote: [m[Kprevious declaration â€˜[01m[Kint eskf::Node::SharedPtr[m[Kâ€™
[2.876s]    29 |     rclcpp::Publisher<nav_msgs::Odometry>::[01;36m[KSharedPtr[m[K pubPose;
[2.876s]       |                                            [01;36m[K^~~~~~~~~[m[K
[2.879s] [01m[K/home/nakul/Desktop/bur/ros2_ws/src/2023-2024/state-estimation/include/eskf/Node.hpp:37:65:[m[K [01;31m[Kerror: [m[Kâ€˜[01m[KsubExtendedState_[m[Kâ€™ does not name a type
[2.879s]    37 |     rclcpp::Subscription<mavros_msgs::ExtendedState>::SharedPtr [01;31m[KsubExtendedState_[m[K;
[2.879s]       |                                                                 [01;31m[K^~~~~~~~~~~~~~~~~[m[K
[2.880s] [01m[K/home/nakul/Desktop/bur/ros2_ws/src/2023-2024/state-estimation/include/eskf/Node.hpp:38:57:[m[K [01;31m[Kerror: [m[Kâ€˜[01m[KsubRangeFinderPose_[m[Kâ€™ does not name a type
[2.880s]    38 |     rclcpp::Subscription<sensor_msgs::Range>::SharedPtr [01;31m[KsubRangeFinderPose_[m[K;
[2.880s]       |                                                         [01;31m[K^~~~~~~~~~~~~~~~~~~[m[K
[2.880s] [01m[K/home/nakul/Desktop/bur/ros2_ws/src/2023-2024/state-estimation/include/eskf/Node.hpp:52:43:[m[K [01;31m[Kerror: [m[Kâ€˜[01m[KImu[m[Kâ€™ in namespace â€˜[01m[Ksensor_msgs[m[Kâ€™ does not name a type
[2.881s]    52 |     void inputCallback(const sensor_msgs::[01;31m[KImu[m[K::SharedPtr imuMsg) const;
[2.881s]       |                                           [01;31m[K^~~[m[K
[2.881s] [01m[K/home/nakul/Desktop/bur/ros2_ws/src/2023-2024/state-estimation/include/eskf/Node.hpp:52:58:[m[K [01;31m[Kerror: [m[Kexpected unqualified-id before â€˜[01m[KimuMsg[m[Kâ€™
[2.881s]    52 |     void inputCallback(const sensor_msgs::Imu::SharedPtr [01;31m[KimuMsg[m[K) const;
[2.881s]       |                                                          [01;31m[K^~~~~~[m[K
[2.881s] [01m[K/home/nakul/Desktop/bur/ros2_ws/src/2023-2024/state-estimation/include/eskf/Node.hpp:52:57:[m[K [01;31m[Kerror: [m[Kexpected â€˜[01m[K)[m[Kâ€™ before â€˜[01m[KimuMsg[m[Kâ€™
[2.881s]    52 |     void inputCallback[34m[K([m[Kconst sensor_msgs::Imu::SharedPtr[01;31m[K [m[K[32m[KimuMsg[m[K) const;
[2.882s]       |                       [34m[K~[m[K                                 [01;31m[K^[m[K[32m[K~~~~~~[m[K
[2.882s]       |                                                         [32m[K)[m[K
[2.882s] [01m[K/home/nakul/Desktop/bur/ros2_ws/src/2023-2024/state-estimation/include/eskf/Node.hpp:52:48:[m[K [01;31m[Kerror: [m[Kexpected â€˜[01m[K;[m[Kâ€™ at end of member declaration
[2.882s]    52 |     void inputCallback(const sensor_msgs::Imu::[01;31m[KSharedPtr[m[K imuMsg) const;
[2.882s]       |                                                [01;31m[K^~~~~~~~~[m[K
[2.882s]       |                                                         [32m[K;[m[K
[2.882s] [01m[K/home/nakul/Desktop/bur/ros2_ws/src/2023-2024/state-estimation/include/eskf/Node.hpp:38:39:[m[K [01;31m[Kerror: [m[Kâ€˜[01m[KRange[m[Kâ€™ is not a member of â€˜[01m[Ksensor_msgs[m[Kâ€™; did you mean â€˜[01m[Ksensor_msgs::msg::Range[m[Kâ€™?
[2.882s]    38 |     rclcpp::Subscription<sensor_msgs::[01;31m[KRange[m[K>::SharedPtr subRangeFinderPose_;
[2.882s]       |                                       [01;31m[K^~~~~[m[K
[2.882s] In file included from [01m[K/opt/ros/foxy/include/sensor_msgs/msg/range.hpp:7[m[K,
[2.882s]                  from [01m[K/home/nakul/Desktop/bur/ros2_ws/src/2023-2024/state-estimation/include/eskf/Node.hpp:7[m[K,
[2.883s]                  from [01m[K/home/nakul/Desktop/bur/ros2_ws/src/2023-2024/state-estimation/src/eskf.cpp:1[m[K:
[2.883s] [01m[K/opt/ros/foxy/include/sensor_msgs/msg/detail/range__struct.hpp:198:7:[m[K [01;36m[Knote: [m[Kâ€˜[01m[Ksensor_msgs::msg::Range[m[Kâ€™ declared here
[2.883s]   198 | using [01;36m[KRange[m[K =
[2.883s]       |       [01;36m[K^~~~~[m[K
[2.883s] In file included from [01m[K/home/nakul/Desktop/bur/ros2_ws/src/2023-2024/state-estimation/src/eskf.cpp:1[m[K:
[2.883s] [01m[K/home/nakul/Desktop/bur/ros2_ws/src/2023-2024/state-estimation/include/eskf/Node.hpp:38:39:[m[K [01;31m[Kerror: [m[Kâ€˜[01m[KRange[m[Kâ€™ is not a member of â€˜[01m[Ksensor_msgs[m[Kâ€™; did you mean â€˜[01m[Ksensor_msgs::msg::Range[m[Kâ€™?
[2.883s]    38 |     rclcpp::Subscription<sensor_msgs::[01;31m[KRange[m[K>::SharedPtr subRangeFinderPose_;
[2.883s]       |                                       [01;31m[K^~~~~[m[K
[2.883s] In file included from [01m[K/opt/ros/foxy/include/sensor_msgs/msg/range.hpp:7[m[K,
[2.883s]                  from [01m[K/home/nakul/Desktop/bur/ros2_ws/src/2023-2024/state-estimation/include/eskf/Node.hpp:7[m[K,
[2.883s]                  from [01m[K/home/nakul/Desktop/bur/ros2_ws/src/2023-2024/state-estimation/src/eskf.cpp:1[m[K:
[2.883s] [01m[K/opt/ros/foxy/include/sensor_msgs/msg/detail/range__struct.hpp:198:7:[m[K [01;36m[Knote: [m[Kâ€˜[01m[Ksensor_msgs::msg::Range[m[Kâ€™ declared here
[2.884s]   198 | using [01;36m[KRange[m[K =
[2.884s]       |       [01;36m[K^~~~~[m[K
[2.884s] In file included from [01m[K/home/nakul/Desktop/bur/ros2_ws/src/2023-2024/state-estimation/src/eskf.cpp:1[m[K:
[2.884s] [01m[K/home/nakul/Desktop/bur/ros2_ws/src/2023-2024/state-estimation/include/eskf/Node.hpp:38:44:[m[K [01;31m[Kerror: [m[Ktemplate argument 1 is invalid
[2.884s]    38 |     rclcpp::Subscription<sensor_msgs::Range[01;31m[K>[m[K::SharedPtr subRangeFinderPose_;
[2.884s]       |                                            [01;31m[K^[m[K
[2.884s] [01m[K/home/nakul/Desktop/bur/ros2_ws/src/2023-2024/state-estimation/include/eskf/Node.hpp:38:44:[m[K [01;31m[Kerror: [m[Ktemplate argument 3 is invalid
[2.884s] [01m[K/home/nakul/Desktop/bur/ros2_ws/src/2023-2024/state-estimation/include/eskf/Node.hpp:38:47:[m[K [01;31m[Kerror: [m[Kexpected â€˜[01m[K;[m[Kâ€™ at end of member declaration
[2.884s]    38 |     rclcpp::Subscription<sensor_msgs::Range>::[01;31m[KSharedPtr[m[K subRangeFinderPose_;
[2.885s]       |                                               [01;31m[K^~~~~~~~~[m[K
[2.885s]       |                                                        [32m[K;[m[K
[2.885s] [01m[K/home/nakul/Desktop/bur/ros2_ws/src/2023-2024/state-estimation/include/eskf/Node.hpp:38:47:[m[K [01;31m[Kerror: [m[Kredeclaration of â€˜[01m[Kint eskf::Node::SharedPtr[m[Kâ€™
[2.885s] [01m[K/home/nakul/Desktop/bur/ros2_ws/src/2023-2024/state-estimation/include/eskf/Node.hpp:29:44:[m[K [01;36m[Knote: [m[Kprevious declaration â€˜[01m[Kint eskf::Node::SharedPtr[m[Kâ€™
[2.885s]    29 |     rclcpp::Publisher<nav_msgs::Odometry>::[01;36m[KSharedPtr[m[K pubPose;
[2.885s]       |                                            [01;36m[K^~~~~~~~~[m[K
[2.885s] [01m[K/home/nakul/Desktop/bur/ros2_ws/src/2023-2024/state-estimation/include/eskf/Node.hpp:52:58:[m[K [01;31m[Kerror: [m[Kâ€˜[01m[KimuMsg[m[Kâ€™ does not name a type
[2.885s]    52 |     void inputCallback(const sensor_msgs::Imu::SharedPtr [01;31m[KimuMsg[m[K) const;
[2.885s]       |                                                          [01;31m[K^~~~~~[m[K
[2.885s] [01m[K/home/nakul/Desktop/bur/ros2_ws/src/2023-2024/state-estimation/include/eskf/Node.hpp:53:46:[m[K [01;31m[Kerror: [m[Kâ€˜[01m[KPoseWithCovarianceStamped[m[Kâ€™ in namespace â€˜[01m[Kgeometry_msgs[m[Kâ€™ does not name a type
[2.886s]    53 |     void visionCallback(const geometry_msgs::[01;31m[KPoseWithCovarianceStamped[m[K::SharedPtr poseMsg) const;
[2.886s]       |                                              [01;31m[K^~~~~~~~~~~~~~~~~~~~~~~~~[m[K
[2.886s] [01m[K/home/nakul/Desktop/bur/ros2_ws/src/2023-2024/state-estimation/include/eskf/Node.hpp:53:83:[m[K [01;31m[Kerror: [m[Kexpected unqualified-id before â€˜[01m[KposeMsg[m[Kâ€™
[2.886s]    53 |     void visionCallback(const geometry_msgs::PoseWithCovarianceStamped::SharedPtr [01;31m[KposeMsg[m[K) const;
[2.886s]       |                                                                                   [01;31m[K^~~~~~~[m[K
[2.886s] [01m[K/home/nakul/Desktop/bur/ros2_ws/src/2023-2024/state-estimation/include/eskf/Node.hpp:53:82:[m[K [01;31m[Kerror: [m[Kexpected â€˜[01m[K)[m[Kâ€™ before â€˜[01m[KposeMsg[m[Kâ€™
[2.886s]    53 |     void visionCallback[34m[K([m[Kconst geometry_msgs::PoseWithCovarianceStamped::SharedPtr[01;31m[K [m[K[32m[KposeMsg[m[K) const;
[2.886s]       |                        [34m[K~[m[K                                                         [01;31m[K^[m[K[32m[K~~~~~~~[m[K
[2.887s]       |                                                                                  [32m[K)[m[K
[2.887s] [01m[K/home/nakul/Desktop/bur/ros2_ws/src/2023-2024/state-estimation/include/eskf/Node.hpp:53:73:[m[K [01;31m[Kerror: [m[Kexpected â€˜[01m[K;[m[Kâ€™ at end of member declaration
[2.887s]    53 |     void visionCallback(const geometry_msgs::PoseWithCovarianceStamped::[01;31m[KSharedPtr[m[K poseMsg) const;
[2.887s]       |                                                                         [01;31m[K^~~~~~~~~[m[K
[2.887s]       |                                                                                  [32m[K;[m[K
[2.887s] [01m[K/home/nakul/Desktop/bur/ros2_ws/src/2023-2024/state-estimation/include/eskf/Node.hpp:53:83:[m[K [01;31m[Kerror: [m[Kâ€˜[01m[KposeMsg[m[Kâ€™ does not name a type
[2.888s]    53 |     void visionCallback(const geometry_msgs::PoseWithCovarianceStamped::SharedPtr [01;31m[KposeMsg[m[K) const;
[2.888s]       |                                                                                   [01;31m[K^~~~~~~[m[K
[2.888s] [01m[K/home/nakul/Desktop/bur/ros2_ws/src/2023-2024/state-estimation/include/eskf/Node.hpp:54:38:[m[K [01;31m[Kerror: [m[Kâ€˜[01m[KOdometry[m[Kâ€™ in namespace â€˜[01m[Knav_msgs[m[Kâ€™ does not name a type
[2.888s]    54 |     void gpsCallback(const nav_msgs::[01;31m[KOdometry[m[K::SharedPtr odomMsg) const;
[2.888s]       |                                      [01;31m[K^~~~~~~~[m[K
[2.888s] [01m[K/home/nakul/Desktop/bur/ros2_ws/src/2023-2024/state-estimation/include/eskf/Node.hpp:54:58:[m[K [01;31m[Kerror: [m[Kexpected unqualified-id before â€˜[01m[KodomMsg[m[Kâ€™
[2.888s]    54 |     void gpsCallback(const nav_msgs::Odometry::SharedPtr [01;31m[KodomMsg[m[K) const;
[2.889s]       |                                                          [01;31m[K^~~~~~~[m[K
[2.889s] [01m[K/home/nakul/Desktop/bur/ros2_ws/src/2023-2024/state-estimation/include/eskf/Node.hpp:54:57:[m[K [01;31m[Kerror: [m[Kexpected â€˜[01m[K)[m[Kâ€™ before â€˜[01m[KodomMsg[m[Kâ€™
[2.889s]    54 |     void gpsCallback[34m[K([m[Kconst nav_msgs::Odometry::SharedPtr[01;31m[K [m[K[32m[KodomMsg[m[K) const;
[2.889s]       |                     [34m[K~[m[K                                   [01;31m[K^[m[K[32m[K~~~~~~~[m[K
[2.889s]       |                                                         [32m[K)[m[K
[2.889s] [01m[K/home/nakul/Desktop/bur/ros2_ws/src/2023-2024/state-estimation/include/eskf/Node.hpp:54:48:[m[K [01;31m[Kerror: [m[Kexpected â€˜[01m[K;[m[Kâ€™ at end of member declaration
[2.889s]    54 |     void gpsCallback(const nav_msgs::Odometry::[01;31m[KSharedPtr[m[K odomMsg) const;
[2.889s]       |                                                [01;31m[K^~~~~~~~~[m[K
[2.890s]       |                                                         [32m[K;[m[K
[2.890s] [01m[K/home/nakul/Desktop/bur/ros2_ws/src/2023-2024/state-estimation/include/eskf/Node.hpp:54:58:[m[K [01;31m[Kerror: [m[Kâ€˜[01m[KodomMsg[m[Kâ€™ does not name a type
[2.890s]    54 |     void gpsCallback(const nav_msgs::Odometry::SharedPtr [01;31m[KodomMsg[m[K) const;
[2.890s]       |                                                          [01;31m[K^~~~~~~[m[K
[2.890s] [01m[K/home/nakul/Desktop/bur/ros2_ws/src/2023-2024/state-estimation/include/eskf/Node.hpp:55:49:[m[K [01;31m[Kerror: [m[Kâ€˜[01m[KOpticalFlowRad[m[Kâ€™ in namespace â€˜[01m[Kmavros_msgs[m[Kâ€™ does not name a type
[2.890s]    55 |     void opticalFlowCallback(const mavros_msgs::[01;31m[KOpticalFlowRad[m[K::SharedPtr opticalFlowMsg) const;
[2.890s]       |                                                 [01;31m[K^~~~~~~~~~~~~~[m[K
[2.890s] [01m[K/home/nakul/Desktop/bur/ros2_ws/src/2023-2024/state-estimation/include/eskf/Node.hpp:55:75:[m[K [01;31m[Kerror: [m[Kexpected unqualified-id before â€˜[01m[KopticalFlowMsg[m[Kâ€™
[2.890s]    55 |     void opticalFlowCallback(const mavros_msgs::OpticalFlowRad::SharedPtr [01;31m[KopticalFlowMsg[m[K) const;
[2.891s]       |                                                                           [01;31m[K^~~~~~~~~~~~~~[m[K
[2.891s] [01m[K/home/nakul/Desktop/bur/ros2_ws/src/2023-2024/state-estimation/include/eskf/Node.hpp:55:74:[m[K [01;31m[Kerror: [m[Kexpected â€˜[01m[K)[m[Kâ€™ before â€˜[01m[KopticalFlowMsg[m[Kâ€™
[2.891s]    55 |     void opticalFlowCallback[34m[K([m[Kconst mavros_msgs::OpticalFlowRad::SharedPtr[01;31m[K [m[K[32m[KopticalFlowMsg[m[K) const;
[2.891s]       |                             [34m[K~[m[K                                            [01;31m[K^[m[K[32m[K~~~~~~~~~~~~~~[m[K
[2.891s]       |                                                                          [32m[K)[m[K
[2.892s] [01m[K/home/nakul/Desktop/bur/ros2_ws/src/2023-2024/state-estimation/include/eskf/Node.hpp:55:65:[m[K [01;31m[Kerror: [m[Kexpected â€˜[01m[K;[m[Kâ€™ at end of member declaration
[2.892s]    55 |     void opticalFlowCallback(const mavros_msgs::OpticalFlowRad::[01;31m[KSharedPtr[m[K opticalFlowMsg) const;
[2.892s]       |                                                                 [01;31m[K^~~~~~~~~[m[K
[2.892s]       |                                                                          [32m[K;[m[K
[2.892s] [01m[K/home/nakul/Desktop/bur/ros2_ws/src/2023-2024/state-estimation/include/eskf/Node.hpp:38:57:[m[K [01;31m[Kerror: [m[Kâ€˜[01m[KsubRangeFinderPose_[m[Kâ€™ does not name a type
[2.892s]    38 |     rclcpp::Subscription<sensor_msgs::Range>::SharedPtr [01;31m[KsubRangeFinderPose_[m[K;
[2.892s]       |                                                         [01;31m[K^~~~~~~~~~~~~~~~~~~[m[K
[2.892s] [01m[K/home/nakul/Desktop/bur/ros2_ws/src/2023-2024/state-estimation/include/eskf/Node.hpp:52:43:[m[K [01;31m[Kerror: [m[Kâ€˜[01m[KImu[m[Kâ€™ in namespace â€˜[01m[Ksensor_msgs[m[Kâ€™ does not name a type
[2.893s]    52 |     void inputCallback(const sensor_msgs::[01;31m[KImu[m[K::SharedPtr imuMsg) const;
[2.893s]       |                                           [01;31m[K^~~[m[K
[2.893s] [01m[K/home/nakul/Desktop/bur/ros2_ws/src/2023-2024/state-estimation/include/eskf/Node.hpp:52:58:[m[K [01;31m[Kerror: [m[Kexpected unqualified-id before â€˜[01m[KimuMsg[m[Kâ€™
[2.893s]    52 |     void inputCallback(const sensor_msgs::Imu::SharedPtr [01;31m[KimuMsg[m[K) const;
[2.893s]       |                                                          [01;31m[K^~~~~~[m[K
[2.894s] [01m[K/home/nakul/Desktop/bur/ros2_ws/src/2023-2024/state-estimation/include/eskf/Node.hpp:52:57:[m[K [01;31m[Kerror: [m[Kexpected â€˜[01m[K)[m[Kâ€™ before â€˜[01m[KimuMsg[m[Kâ€™
[2.894s]    52 |     void inputCallback[34m[K([m[Kconst sensor_msgs::Imu::SharedPtr[01;31m[K [m[K[32m[KimuMsg[m[K) const;
[2.894s]       |                       [34m[K~[m[K                                 [01;31m[K^[m[K[32m[K~~~~~~[m[K
[2.894s]       |                                                         [32m[K)[m[K
[2.894s] [01m[K/home/nakul/Desktop/bur/ros2_ws/src/2023-2024/state-estimation/include/eskf/Node.hpp:52:48:[m[K [01;31m[Kerror: [m[Kexpected â€˜[01m[K;[m[Kâ€™ at end of member declaration
[2.894s]    52 |     void inputCallback(const sensor_msgs::Imu::[01;31m[KSharedPtr[m[K imuMsg) const;
[2.894s]       |                                                [01;31m[K^~~~~~~~~[m[K
[2.894s]       |                                                         [32m[K;[m[K
[2.894s] [01m[K/home/nakul/Desktop/bur/ros2_ws/src/2023-2024/state-estimation/include/eskf/Node.hpp:52:58:[m[K [01;31m[Kerror: [m[Kâ€˜[01m[KimuMsg[m[Kâ€™ does not name a type
[2.894s]    52 |     void inputCallback(const sensor_msgs::Imu::SharedPtr [01;31m[KimuMsg[m[K) const;
[2.894s]       |                                                          [01;31m[K^~~~~~[m[K
[2.894s] [01m[K/home/nakul/Desktop/bur/ros2_ws/src/2023-2024/state-estimation/include/eskf/Node.hpp:53:46:[m[K [01;31m[Kerror: [m[Kâ€˜[01m[KPoseWithCovarianceStamped[m[Kâ€™ in namespace â€˜[01m[Kgeometry_msgs[m[Kâ€™ does not name a type
[2.895s]    53 |     void visionCallback(const geometry_msgs::[01;31m[KPoseWithCovarianceStamped[m[K::SharedPtr poseMsg) const;
[2.895s]       |                                              [01;31m[K^~~~~~~~~~~~~~~~~~~~~~~~~[m[K
[2.895s] [01m[K/home/nakul/Desktop/bur/ros2_ws/src/2023-2024/state-estimation/include/eskf/Node.hpp:53:83:[m[K [01;31m[Kerror: [m[Kexpected unqualified-id before â€˜[01m[KposeMsg[m[Kâ€™
[2.895s]    53 |     void visionCallback(const geometry_msgs::PoseWithCovarianceStamped::SharedPtr [01;31m[KposeMsg[m[K) const;
[2.895s]       |                                                                                   [01;31m[K^~~~~~~[m[K
[2.895s] [01m[K/home/nakul/Desktop/bur/ros2_ws/src/2023-2024/state-estimation/include/eskf/Node.hpp:53:82:[m[K [01;31m[Kerror: [m[Kexpected â€˜[01m[K)[m[Kâ€™ before â€˜[01m[KposeMsg[m[Kâ€™
[2.895s]    53 |     void visionCallback[34m[K([m[Kconst geometry_msgs::PoseWithCovarianceStamped::SharedPtr[01;31m[K [m[K[32m[KposeMsg[m[K) const;
[2.895s]       |                        [34m[K~[m[K                                                         [01;31m[K^[m[K[32m[K~~~~~~~[m[K
[2.895s]       |                                                                                  [32m[K)[m[K
[2.895s] [01m[K/home/nakul/Desktop/bur/ros2_ws/src/2023-2024/state-estimation/include/eskf/Node.hpp:53:73:[m[K [01;31m[Kerror: [m[Kexpected â€˜[01m[K;[m[Kâ€™ at end of member declaration
[2.896s]    53 |     void visionCallback(const geometry_msgs::PoseWithCovarianceStamped::[01;31m[KSharedPtr[m[K poseMsg) const;
[2.896s]       |                                                                         [01;31m[K^~~~~~~~~[m[K
[2.896s]       |                                                                                  [32m[K;[m[K
[2.896s] [01m[K/home/nakul/Desktop/bur/ros2_ws/src/2023-2024/state-estimation/include/eskf/Node.hpp:55:75:[m[K [01;31m[Kerror: [m[Kâ€˜[01m[KopticalFlowMsg[m[Kâ€™ does not name a type
[2.896s]    55 |     void opticalFlowCallback(const mavros_msgs::OpticalFlowRad::SharedPtr [01;31m[KopticalFlowMsg[m[K) const;
[2.896s]       |                                                                           [01;31m[K^~~~~~~~~~~~~~[m[K
[2.896s] [01m[K/home/nakul/Desktop/bur/ros2_ws/src/2023-2024/state-estimation/include/eskf/Node.hpp:56:41:[m[K [01;31m[Kerror: [m[Kâ€˜[01m[KMagneticField[m[Kâ€™ in namespace â€˜[01m[Ksensor_msgs[m[Kâ€™ does not name a type
[2.896s]    56 |     void magCallback(const sensor_msgs::[01;31m[KMagneticField[m[K::SharedPtr magMsg) const;
[2.897s]       |                                         [01;31m[K^~~~~~~~~~~~~[m[K
[2.897s] [01m[K/home/nakul/Desktop/bur/ros2_ws/src/2023-2024/state-estimation/include/eskf/Node.hpp:56:66:[m[K [01;31m[Kerror: [m[Kexpected unqualified-id before â€˜[01m[KmagMsg[m[Kâ€™
[2.897s]    56 |     void magCallback(const sensor_msgs::MagneticField::SharedPtr [01;31m[KmagMsg[m[K) const;
[2.897s]       |                                                                  [01;31m[K^~~~~~[m[K
[2.897s] [01m[K/home/nakul/Desktop/bur/ros2_ws/src/2023-2024/state-estimation/include/eskf/Node.hpp:56:65:[m[K [01;31m[Kerror: [m[Kexpected â€˜[01m[K)[m[Kâ€™ before â€˜[01m[KmagMsg[m[Kâ€™
[2.897s]    56 |     void magCallback[34m[K([m[Kconst sensor_msgs::MagneticField::SharedPtr[01;31m[K [m[K[32m[KmagMsg[m[K) const;
[2.897s]       |                     [34m[K~[m[K                                           [01;31m[K^[m[K[32m[K~~~~~~[m[K
[2.897s]       |                                                                 [32m[K)[m[K
[2.897s] [01m[K/home/nakul/Desktop/bur/ros2_ws/src/2023-2024/state-estimation/include/eskf/Node.hpp:56:56:[m[K [01;31m[Kerror: [m[Kexpected â€˜[01m[K;[m[Kâ€™ at end of member declaration
[2.897s]    56 |     void magCallback(const sensor_msgs::MagneticField::[01;31m[KSharedPtr[m[K magMsg) const;
[2.897s]       |                                                        [01;31m[K^~~~~~~~~[m[K
[2.897s]       |                                                                 [32m[K;[m[K
[2.898s] [01m[K/home/nakul/Desktop/bur/ros2_ws/src/2023-2024/state-estimation/include/eskf/Node.hpp:53:83:[m[K [01;31m[Kerror: [m[Kâ€˜[01m[KposeMsg[m[Kâ€™ does not name a type
[2.898s]    53 |     void visionCallback(const geometry_msgs::PoseWithCovarianceStamped::SharedPtr [01;31m[KposeMsg[m[K) const;
[2.898s]       |                                                                                   [01;31m[K^~~~~~~[m[K
[2.898s] [01m[K/home/nakul/Desktop/bur/ros2_ws/src/2023-2024/state-estimation/include/eskf/Node.hpp:54:38:[m[K [01;31m[Kerror: [m[Kâ€˜[01m[KOdometry[m[Kâ€™ in namespace â€˜[01m[Knav_msgs[m[Kâ€™ does not name a type
[2.898s]    54 |     void gpsCallback(const nav_msgs::[01;31m[KOdometry[m[K::SharedPtr odomMsg) const;
[2.898s]       |                                      [01;31m[K^~~~~~~~[m[K
[2.898s] [01m[K/home/nakul/Desktop/bur/ros2_ws/src/2023-2024/state-estimation/include/eskf/Node.hpp:54:58:[m[K [01;31m[Kerror: [m[Kexpected unqualified-id before â€˜[01m[KodomMsg[m[Kâ€™
[2.898s]    54 |     void gpsCallback(const nav_msgs::Odometry::SharedPtr [01;31m[KodomMsg[m[K) const;
[2.898s]       |                                                          [01;31m[K^~~~~~~[m[K
[2.898s] [01m[K/home/nakul/Desktop/bur/ros2_ws/src/2023-2024/state-estimation/include/eskf/Node.hpp:54:57:[m[K [01;31m[Kerror: [m[Kexpected â€˜[01m[K)[m[Kâ€™ before â€˜[01m[KodomMsg[m[Kâ€™
[2.898s]    54 |     void gpsCallback[34m[K([m[Kconst nav_msgs::Odometry::SharedPtr[01;31m[K [m[K[32m[KodomMsg[m[K) const;
[2.898s]       |                     [34m[K~[m[K                                   [01;31m[K^[m[K[32m[K~~~~~~~[m[K
[2.899s]       |                                                         [32m[K)[m[K
[2.899s] [01m[K/home/nakul/Desktop/bur/ros2_ws/src/2023-2024/state-estimation/include/eskf/Node.hpp:54:48:[m[K [01;31m[Kerror: [m[Kexpected â€˜[01m[K;[m[Kâ€™ at end of member declaration
[2.899s]    54 |     void gpsCallback(const nav_msgs::Odometry::[01;31m[KSharedPtr[m[K odomMsg) const;
[2.899s]       |                                                [01;31m[K^~~~~~~~~[m[K
[2.899s]       |                                                         [32m[K;[m[K
[2.899s] [01m[K/home/nakul/Desktop/bur/ros2_ws/src/2023-2024/state-estimation/include/eskf/Node.hpp:56:66:[m[K [01;31m[Kerror: [m[Kâ€˜[01m[KmagMsg[m[Kâ€™ does not name a type
[2.899s]    56 |     void magCallback(const sensor_msgs::MagneticField::SharedPtr [01;31m[KmagMsg[m[K) const;
[2.899s]       |                                                                  [01;31m[K^~~~~~[m[K
[2.899s] [01m[K/home/nakul/Desktop/bur/ros2_ws/src/2023-2024/state-estimation/include/eskf/Node.hpp:57:51:[m[K [01;31m[Kerror: [m[Kâ€˜[01m[KExtendedState[m[Kâ€™ in namespace â€˜[01m[Kmavros_msgs[m[Kâ€™ does not name a type
[2.899s]    57 |     void extendedStateCallback(const mavros_msgs::[01;31m[KExtendedState[m[K::SharedPtr extendedStateMsg) const;
[2.899s]       |                                                   [01;31m[K^~~~~~~~~~~~~[m[K
[2.900s] [01m[K/home/nakul/Desktop/bur/ros2_ws/src/2023-2024/state-estimation/include/eskf/Node.hpp:57:76:[m[K [01;31m[Kerror: [m[Kexpected unqualified-id before â€˜[01m[KextendedStateMsg[m[Kâ€™
[2.900s]    57 |     void extendedStateCallback(const mavros_msgs::ExtendedState::SharedPtr [01;31m[KextendedStateMsg[m[K) const;
[2.900s]       |                                                                            [01;31m[K^~~~~~~~~~~~~~~~[m[K
[2.900s] [01m[K/home/nakul/Desktop/bur/ros2_ws/src/2023-2024/state-estimation/include/eskf/Node.hpp:57:75:[m[K [01;31m[Kerror: [m[Kexpected â€˜[01m[K)[m[Kâ€™ before â€˜[01m[KextendedStateMsg[m[Kâ€™
[2.900s]    57 |     void extendedStateCallback[34m[K([m[Kconst mavros_msgs::ExtendedState::SharedPtr[01;31m[K [m[K[32m[KextendedStateMsg[m[K) const;
[2.900s]       |                               [34m[K~[m[K                                           [01;31m[K^[m[K[32m[K~~~~~~~~~~~~~~~~[m[K
[2.900s]       |                                                                           [32m[K)[m[K
[2.900s] [01m[K/home/nakul/Desktop/bur/ros2_ws/src/2023-2024/state-estimation/include/eskf/Node.hpp:57:66:[m[K [01;31m[Kerror: [m[Kexpected â€˜[01m[K;[m[Kâ€™ at end of member declaration
[2.900s]    57 |     void extendedStateCallback(const mavros_msgs::ExtendedState::[01;31m[KSharedPtr[m[K extendedStateMsg) const;
[2.900s]       |                                                                  [01;31m[K^~~~~~~~~[m[K
[2.900s]       |                                                                           [32m[K;[m[K
[2.900s] [01m[K/home/nakul/Desktop/bur/ros2_ws/src/2023-2024/state-estimation/include/eskf/Node.hpp:54:58:[m[K [01;31m[Kerror: [m[Kâ€˜[01m[KodomMsg[m[Kâ€™ does not name a type
[2.901s]    54 |     void gpsCallback(const nav_msgs::Odometry::SharedPtr [01;31m[KodomMsg[m[K) const;
[2.901s]       |                                                          [01;31m[K^~~~~~~[m[K
[2.901s] [01m[K/home/nakul/Desktop/bur/ros2_ws/src/2023-2024/state-estimation/include/eskf/Node.hpp:55:49:[m[K [01;31m[Kerror: [m[Kâ€˜[01m[KOpticalFlowRad[m[Kâ€™ in namespace â€˜[01m[Kmavros_msgs[m[Kâ€™ does not name a type
[2.901s]    55 |     void opticalFlowCallback(const mavros_msgs::[01;31m[KOpticalFlowRad[m[K::SharedPtr opticalFlowMsg) const;
[2.901s]       |                                                 [01;31m[K^~~~~~~~~~~~~~[m[K
[2.901s] [01m[K/home/nakul/Desktop/bur/ros2_ws/src/2023-2024/state-estimation/include/eskf/Node.hpp:55:75:[m[K [01;31m[Kerror: [m[Kexpected unqualified-id before â€˜[01m[KopticalFlowMsg[m[Kâ€™
[2.901s]    55 |     void opticalFlowCallback(const mavros_msgs::OpticalFlowRad::SharedPtr [01;31m[KopticalFlowMsg[m[K) const;
[2.901s]       |                                                                           [01;31m[K^~~~~~~~~~~~~~[m[K
[2.901s] [01m[K/home/nakul/Desktop/bur/ros2_ws/src/2023-2024/state-estimation/include/eskf/Node.hpp:55:74:[m[K [01;31m[Kerror: [m[Kexpected â€˜[01m[K)[m[Kâ€™ before â€˜[01m[KopticalFlowMsg[m[Kâ€™
[2.902s]    55 |     void opticalFlowCallback[34m[K([m[Kconst mavros_msgs::OpticalFlowRad::SharedPtr[01;31m[K [m[K[32m[KopticalFlowMsg[m[K) const;
[2.902s]       |                             [34m[K~[m[K                                            [01;31m[K^[m[K[32m[K~~~~~~~~~~~~~~[m[K
[2.902s]       |                                                                          [32m[K)[m[K
[2.902s] [01m[K/home/nakul/Desktop/bur/ros2_ws/src/2023-2024/state-estimation/include/eskf/Node.hpp:55:65:[m[K [01;31m[Kerror: [m[Kexpected â€˜[01m[K;[m[Kâ€™ at end of member declaration
[2.902s]    55 |     void opticalFlowCallback(const mavros_msgs::OpticalFlowRad::[01;31m[KSharedPtr[m[K opticalFlowMsg) const;
[2.902s]       |                                                                 [01;31m[K^~~~~~~~~[m[K
[2.902s]       |                                                                          [32m[K;[m[K
[2.902s] [01m[K/home/nakul/Desktop/bur/ros2_ws/src/2023-2024/state-estimation/include/eskf/Node.hpp:55:75:[m[K [01;31m[Kerror: [m[Kâ€˜[01m[KopticalFlowMsg[m[Kâ€™ does not name a type
[2.902s]    55 |     void opticalFlowCallback(const mavros_msgs::OpticalFlowRad::SharedPtr [01;31m[KopticalFlowMsg[m[K) const;
[2.902s]       |                                                                           [01;31m[K^~~~~~~~~~~~~~[m[K
[2.903s] [01m[K/home/nakul/Desktop/bur/ros2_ws/src/2023-2024/state-estimation/include/eskf/Node.hpp:56:41:[m[K [01;31m[Kerror: [m[Kâ€˜[01m[KMagneticField[m[Kâ€™ in namespace â€˜[01m[Ksensor_msgs[m[Kâ€™ does not name a type
[2.903s]    56 |     void magCallback(const sensor_msgs::[01;31m[KMagneticField[m[K::SharedPtr magMsg) const;
[2.903s]       |                                         [01;31m[K^~~~~~~~~~~~~[m[K
[2.903s] [01m[K/home/nakul/Desktop/bur/ros2_ws/src/2023-2024/state-estimation/include/eskf/Node.hpp:56:66:[m[K [01;31m[Kerror: [m[Kexpected unqualified-id before â€˜[01m[KmagMsg[m[Kâ€™
[2.903s]    56 |     void magCallback(const sensor_msgs::MagneticField::SharedPtr [01;31m[KmagMsg[m[K) const;
[2.903s]       |                                                                  [01;31m[K^~~~~~[m[K
[2.903s] [01m[K/home/nakul/Desktop/bur/ros2_ws/src/2023-2024/state-estimation/include/eskf/Node.hpp:56:65:[m[K [01;31m[Kerror: [m[Kexpected â€˜[01m[K)[m[Kâ€™ before â€˜[01m[KmagMsg[m[Kâ€™
[2.903s]    56 |     void magCallback[34m[K([m[Kconst sensor_msgs::MagneticField::SharedPtr[01;31m[K [m[K[32m[KmagMsg[m[K) const;
[2.903s]       |                     [34m[K~[m[K                                           [01;31m[K^[m[K[32m[K~~~~~~[m[K
[2.903s]       |                                                                 [32m[K)[m[K
[2.903s] [01m[K/home/nakul/Desktop/bur/ros2_ws/src/2023-2024/state-estimation/include/eskf/Node.hpp:56:56:[m[K [01;31m[Kerror: [m[Kexpected â€˜[01m[K;[m[Kâ€™ at end of member declaration
[2.904s]    56 |     void magCallback(const sensor_msgs::MagneticField::[01;31m[KSharedPtr[m[K magMsg) const;
[2.904s]       |                                                        [01;31m[K^~~~~~~~~[m[K
[2.904s]       |                                                                 [32m[K;[m[K
[2.904s] [01m[K/home/nakul/Desktop/bur/ros2_ws/src/2023-2024/state-estimation/include/eskf/Node.hpp:57:76:[m[K [01;31m[Kerror: [m[Kâ€˜[01m[KextendedStateMsg[m[Kâ€™ does not name a type
[2.904s]    57 |     void extendedStateCallback(const mavros_msgs::ExtendedState::SharedPtr [01;31m[KextendedStateMsg[m[K) const;
[2.904s]       |                                                                            [01;31m[K^~~~~~~~~~~~~~~~[m[K
[2.904s] [01m[K/home/nakul/Desktop/bur/ros2_ws/src/2023-2024/state-estimation/include/eskf/Node.hpp:58:49:[m[K [01;31m[Kerror: [m[Kâ€˜[01m[KRange[m[Kâ€™ in namespace â€˜[01m[Ksensor_msgs[m[Kâ€™ does not name a type
[2.904s]    58 |     void rangeFinderCallback(const sensor_msgs::[01;31m[KRange[m[K::SharedPtr rangeMsg) const;
[2.904s]       |                                                 [01;31m[K^~~~~[m[K
[2.905s] [01m[K/home/nakul/Desktop/bur/ros2_ws/src/2023-2024/state-estimation/include/eskf/Node.hpp:58:66:[m[K [01;31m[Kerror: [m[Kexpected unqualified-id before â€˜[01m[KrangeMsg[m[Kâ€™
[2.905s]    58 |     void rangeFinderCallback(const sensor_msgs::Range::SharedPtr [01;31m[KrangeMsg[m[K) const;
[2.905s]       |                                                                  [01;31m[K^~~~~~~~[m[K
[2.905s] [01m[K/home/nakul/Desktop/bur/ros2_ws/src/2023-2024/state-estimation/include/eskf/Node.hpp:58:65:[m[K [01;31m[Kerror: [m[Kexpected â€˜[01m[K)[m[Kâ€™ before â€˜[01m[KrangeMsg[m[Kâ€™
[2.905s]    58 |     void rangeFinderCallback[34m[K([m[Kconst sensor_msgs::Range::SharedPtr[01;31m[K [m[K[32m[KrangeMsg[m[K) const;
[2.905s]       |                             [34m[K~[m[K                                   [01;31m[K^[m[K[32m[K~~~~~~~~[m[K
[2.905s]       |                                                                 [32m[K)[m[K
[2.905s] [01m[K/home/nakul/Desktop/bur/ros2_ws/src/2023-2024/state-estimation/include/eskf/Node.hpp:58:56:[m[K [01;31m[Kerror: [m[Kexpected â€˜[01m[K;[m[Kâ€™ at end of member declaration
[2.905s]    58 |     void rangeFinderCallback(const sensor_msgs::Range::[01;31m[KSharedPtr[m[K rangeMsg) const;
[2.905s]       |                                                        [01;31m[K^~~~~~~~~[m[K
[2.905s]       |                                                                 [32m[K;[m[K
[2.905s] [01m[K/home/nakul/Desktop/bur/ros2_ws/src/2023-2024/state-estimation/include/eskf/Node.hpp:56:66:[m[K [01;31m[Kerror: [m[Kâ€˜[01m[KmagMsg[m[Kâ€™ does not name a type
[2.906s]    56 |     void magCallback(const sensor_msgs::MagneticField::SharedPtr [01;31m[KmagMsg[m[K) const;
[2.906s]       |                                                                  [01;31m[K^~~~~~[m[K
[2.906s] [01m[K/home/nakul/Desktop/bur/ros2_ws/src/2023-2024/state-estimation/include/eskf/Node.hpp:57:51:[m[K [01;31m[Kerror: [m[Kâ€˜[01m[KExtendedState[m[Kâ€™ in namespace â€˜[01m[Kmavros_msgs[m[Kâ€™ does not name a type
[2.906s]    57 |     void extendedStateCallback(const mavros_msgs::[01;31m[KExtendedState[m[K::SharedPtr extendedStateMsg) const;
[2.906s]       |                                                   [01;31m[K^~~~~~~~~~~~~[m[K
[2.906s] [01m[K/home/nakul/Desktop/bur/ros2_ws/src/2023-2024/state-estimation/include/eskf/Node.hpp:57:76:[m[K [01;31m[Kerror: [m[Kexpected unqualified-id before â€˜[01m[KextendedStateMsg[m[Kâ€™
[2.906s]    57 |     void extendedStateCallback(const mavros_msgs::ExtendedState::SharedPtr [01;31m[KextendedStateMsg[m[K) const;
[2.906s]       |                                                                            [01;31m[K^~~~~~~~~~~~~~~~[m[K
[2.906s] [01m[K/home/nakul/Desktop/bur/ros2_ws/src/2023-2024/state-estimation/include/eskf/Node.hpp:57:75:[m[K [01;31m[Kerror: [m[Kexpected â€˜[01m[K)[m[Kâ€™ before â€˜[01m[KextendedStateMsg[m[Kâ€™
[2.906s]    57 |     void extendedStateCallback[34m[K([m[Kconst mavros_msgs::ExtendedState::SharedPtr[01;31m[K [m[K[32m[KextendedStateMsg[m[K) const;
[2.906s]       |                               [34m[K~[m[K                                           [01;31m[K^[m[K[32m[K~~~~~~~~~~~~~~~~[m[K
[2.907s]       |                                                                           [32m[K)[m[K
[2.907s] [01m[K/home/nakul/Desktop/bur/ros2_ws/src/2023-2024/state-estimation/include/eskf/Node.hpp:57:66:[m[K [01;31m[Kerror: [m[Kexpected â€˜[01m[K;[m[Kâ€™ at end of member declaration
[2.907s]    57 |     void extendedStateCallback(const mavros_msgs::ExtendedState::[01;31m[KSharedPtr[m[K extendedStateMsg) const;
[2.907s]       |                                                                  [01;31m[K^~~~~~~~~[m[K
[2.907s]       |                                                                           [32m[K;[m[K
[2.907s] [01m[K/home/nakul/Desktop/bur/ros2_ws/src/2023-2024/state-estimation/include/eskf/Node.hpp:58:66:[m[K [01;31m[Kerror: [m[Kâ€˜[01m[KrangeMsg[m[Kâ€™ does not name a type
[2.907s]    58 |     void rangeFinderCallback(const sensor_msgs::Range::SharedPtr [01;31m[KrangeMsg[m[K) const;
[2.907s]       |                                                                  [01;31m[K^~~~~~~~[m[K
[2.908s] [01m[K/home/nakul/Desktop/bur/ros2_ws/src/2023-2024/state-estimation/src/Node.cpp:[m[K In constructor â€˜[01m[Keskf::Node::Node()[m[Kâ€™:
[2.908s] [01m[K/home/nakul/Desktop/bur/ros2_ws/src/2023-2024/state-estimation/src/Node.cpp:6:32:[m[K [01;31m[Kerror: [m[Kno matching function for call to â€˜[01m[Keskf::Node::Node(const char [10])[m[Kâ€™
[2.908s]     6 | Node::Node() : Node("ESKF_Node"[01;31m[K)[m[K {
[2.908s]       |                                [01;31m[K^[m[K
[2.908s] In file included from [01m[K/home/nakul/Desktop/bur/ros2_ws/src/2023-2024/state-estimation/src/Node.cpp:1[m[K:
[2.908s] [01m[K/home/nakul/Desktop/bur/ros2_ws/src/2023-2024/state-estimation/include/eskf/Node.hpp:23:5:[m[K [01;36m[Knote: [m[Kcandidate: â€˜[01m[Keskf::Node::Node()[m[Kâ€™
[2.908s]    23 |     [01;36m[KNode[m[K();
[2.908s]       |     [01;36m[K^~~~[m[K
[2.908s] [01m[K/home/nakul/Desktop/bur/ros2_ws/src/2023-2024/state-estimation/include/eskf/Node.hpp:23:5:[m[K [01;36m[Knote: [m[K  candidate expects 0 arguments, 1 provided
[2.910s] [01m[K/home/nakul/Desktop/bur/ros2_ws/src/2023-2024/state-estimation/include/eskf/Node.hpp:57:76:[m[K [01;31m[Kerror: [m[Kâ€˜[01m[KextendedStateMsg[m[Kâ€™ does not name a type
[2.910s]    57 |     void extendedStateCallback(const mavros_msgs::ExtendedState::SharedPtr [01;31m[KextendedStateMsg[m[K) const;
[2.911s]       |                                                                            [01;31m[K^~~~~~~~~~~~~~~~[m[K
[2.911s] [01m[K/home/nakul/Desktop/bur/ros2_ws/src/2023-2024/state-estimation/include/eskf/Node.hpp:58:49:[m[K [01;31m[Kerror: [m[Kâ€˜[01m[KRange[m[Kâ€™ in namespace â€˜[01m[Ksensor_msgs[m[Kâ€™ does not name a type
[2.911s]    58 |     void rangeFinderCallback(const sensor_msgs::[01;31m[KRange[m[K::SharedPtr rangeMsg) const;
[2.911s]       |                                                 [01;31m[K^~~~~[m[K
[2.911s] [01m[K/home/nakul/Desktop/bur/ros2_ws/src/2023-2024/state-estimation/include/eskf/Node.hpp:58:66:[m[K [01;31m[Kerror: [m[Kexpected unqualified-id before â€˜[01m[KrangeMsg[m[Kâ€™
[2.911s]    58 |     void rangeFinderCallback(const sensor_msgs::Range::SharedPtr [01;31m[KrangeMsg[m[K) const;
[2.912s]       |                                                                  [01;31m[K^~~~~~~~[m[K
[2.912s] [01m[K/home/nakul/Desktop/bur/ros2_ws/src/2023-2024/state-estimation/include/eskf/Node.hpp:58:65:[m[K [01;31m[Kerror: [m[Kexpected â€˜[01m[K)[m[Kâ€™ before â€˜[01m[KrangeMsg[m[Kâ€™
[2.912s]    58 |     void rangeFinderCallback[34m[K([m[Kconst sensor_msgs::Range::SharedPtr[01;31m[K [m[K[32m[KrangeMsg[m[K) const;
[2.912s]       |                             [34m[K~[m[K                                   [01;31m[K^[m[K[32m[K~~~~~~~~[m[K
[2.912s]       |                                                                 [32m[K)[m[K
[2.912s] [01m[K/home/nakul/Desktop/bur/ros2_ws/src/2023-2024/state-estimation/include/eskf/Node.hpp:58:56:[m[K [01;31m[Kerror: [m[Kexpected â€˜[01m[K;[m[Kâ€™ at end of member declaration
[2.912s]    58 |     void rangeFinderCallback(const sensor_msgs::Range::[01;31m[KSharedPtr[m[K rangeMsg) const;
[2.913s]       |                                                        [01;31m[K^~~~~~~~~[m[K
[2.913s]       |                                                                 [32m[K;[m[K
[2.913s] [01m[K/home/nakul/Desktop/bur/ros2_ws/src/2023-2024/state-estimation/src/Node.cpp:7:3:[m[K [01;31m[Kerror: [m[Kâ€˜[01m[KROS_INFO[m[Kâ€™ was not declared in this scope
[2.913s]     7 |   [01;31m[KROS_INFO[m[K("Subscribing to imu.");
[2.913s]       |   [01;31m[K^~~~~~~~[m[K
[2.914s] [01m[K/home/nakul/Desktop/bur/ros2_ws/src/2023-2024/state-estimation/include/eskf/Node.hpp:58:66:[m[K [01;31m[Kerror: [m[Kâ€˜[01m[KrangeMsg[m[Kâ€™ does not name a type
[2.914s]    58 |     void rangeFinderCallback(const sensor_msgs::Range::SharedPtr [01;31m[KrangeMsg[m[K) const;
[2.914s]       |                                                                  [01;31m[K^~~~~~~~[m[K
[2.914s] [01m[K/home/nakul/Desktop/bur/ros2_ws/src/2023-2024/state-estimation/src/eskf.cpp:[m[K In function â€˜[01m[Kint main(int, char**)[m[Kâ€™:
[2.914s] [01m[K/home/nakul/Desktop/bur/ros2_ws/src/2023-2024/state-estimation/src/eskf.cpp:6:2:[m[K [01;31m[Kerror: [m[Kâ€˜[01m[Kros[m[Kâ€™ has not been declared
[2.915s]     6 |  [01;31m[Kros[m[K::init(argc, argv);
[2.915s]       |  [01;31m[K^~~[m[K
[2.915s] [01m[K/home/nakul/Desktop/bur/ros2_ws/src/2023-2024/state-estimation/src/Node.cpp:8:3:[m[K [01;31m[Kerror: [m[Kâ€˜[01m[KsubImu_[m[Kâ€™ was not declared in this scope
[2.916s]     8 |   [01;31m[KsubImu_[m[K = this->create_subscription<sensor_msgs::Imu>(
[2.916s]       |   [01;31m[K^~~~~~~[m[K
[2.916s] [01m[K/home/nakul/Desktop/bur/ros2_ws/src/2023-2024/state-estimation/src/Node.cpp:8:52:[m[K [01;31m[Kerror: [m[Kâ€˜[01m[KImu[m[Kâ€™ is not a member of â€˜[01m[Ksensor_msgs[m[Kâ€™; did you mean â€˜[01m[Ksensor_msgs::msg::Imu[m[Kâ€™?
[2.916s]     8 |   subImu_ = this->create_subscription<sensor_msgs::[01;31m[KImu[m[K>(
[2.917s]       |                                                    [01;31m[K^~~[m[K
[2.917s] In file included from [01m[K/opt/ros/foxy/include/sensor_msgs/msg/imu.hpp:7[m[K,
[2.917s]                  from [01m[K/home/nakul/Desktop/bur/ros2_ws/src/2023-2024/state-estimation/include/eskf/Node.hpp:5[m[K,
[2.917s]                  from [01m[K/home/nakul/Desktop/bur/ros2_ws/src/2023-2024/state-estimation/src/Node.cpp:1[m[K:
[2.917s] [01m[K/opt/ros/foxy/include/sensor_msgs/msg/detail/imu__struct.hpp:216:7:[m[K [01;36m[Knote: [m[Kâ€˜[01m[Ksensor_msgs::msg::Imu[m[Kâ€™ declared here
[2.918s]   216 | using [01;36m[KImu[m[K =
[2.918s]       |       [01;36m[K^~~[m[K
[2.918s] [01m[K/home/nakul/Desktop/bur/ros2_ws/src/2023-2024/state-estimation/src/Node.cpp:8:52:[m[K [01;31m[Kerror: [m[Kâ€˜[01m[KImu[m[Kâ€™ is not a member of â€˜[01m[Ksensor_msgs[m[Kâ€™; did you mean â€˜[01m[Ksensor_msgs::msg::Imu[m[Kâ€™?
[2.918s]     8 |   subImu_ = this->create_subscription<sensor_msgs::[01;31m[KImu[m[K>(
[2.918s]       |                                                    [01;31m[K^~~[m[K
[2.918s] In file included from [01m[K/opt/ros/foxy/include/sensor_msgs/msg/imu.hpp:7[m[K,
[2.918s]                  from [01m[K/home/nakul/Desktop/bur/ros2_ws/src/2023-2024/state-estimation/include/eskf/Node.hpp:5[m[K,
[2.918s]                  from [01m[K/home/nakul/Desktop/bur/ros2_ws/src/2023-2024/state-estimation/src/Node.cpp:1[m[K:
[2.919s] [01m[K/opt/ros/foxy/include/sensor_msgs/msg/detail/imu__struct.hpp:216:7:[m[K [01;36m[Knote: [m[Kâ€˜[01m[Ksensor_msgs::msg::Imu[m[Kâ€™ declared here
[2.919s]   216 | using [01;36m[KImu[m[K =
[2.919s]       |       [01;36m[K^~~[m[K
[2.919s] [01m[K/home/nakul/Desktop/bur/ros2_ws/src/2023-2024/state-estimation/src/Node.cpp:9:58:[m[K [01;31m[Kerror: [m[Kâ€˜[01m[K_1[m[Kâ€™ was not declared in this scope; did you mean â€˜[01m[Kstd::placeholders::_1[m[Kâ€™?
[2.919s]     9 |       "imu", 1000, std::bind(&Node::inputCallback, this, [01;31m[K_1[m[K));
[2.919s]       |                                                          [01;31m[K^~[m[K
[2.919s]       |                                                          [32m[Kstd::placeholders::_1[m[K
[2.919s] In file included from [01m[K/opt/ros/foxy/include/rclcpp/context.hpp:19[m[K,
[2.919s]                  from [01m[K/opt/ros/foxy/include/rclcpp/contexts/default_context.hpp:18[m[K,
[2.919s]                  from [01m[K/opt/ros/foxy/include/rclcpp/executor.hpp:32[m[K,
[2.920s]                  from [01m[K/opt/ros/foxy/include/rclcpp/executors/multi_threaded_executor.hpp:26[m[K,
[2.920s]                  from [01m[K/opt/ros/foxy/include/rclcpp/executors.hpp:21[m[K,
[2.920s]                  from [01m[K/opt/ros/foxy/include/rclcpp/rclcpp.hpp:146[m[K,
[2.920s]                  from [01m[K/home/nakul/Desktop/bur/ros2_ws/src/2023-2024/state-estimation/include/eskf/Node.hpp:4[m[K,
[2.920s]                  from [01m[K/home/nakul/Desktop/bur/ros2_ws/src/2023-2024/state-estimation/src/Node.cpp:1[m[K:
[2.920s] [01m[K/usr/include/c++/9/functional:211:34:[m[K [01;36m[Knote: [m[Kâ€˜[01m[Kstd::placeholders::_1[m[Kâ€™ declared here
[2.920s]   211 |     extern const _Placeholder<1> [01;36m[K_1[m[K;
[2.920s]       |                                  [01;36m[K^~[m[K
[2.925s] [01m[K/home/nakul/Desktop/bur/ros2_ws/src/2023-2024/state-estimation/src/Node.cpp:12:3:[m[K [01;31m[Kerror: [m[Kâ€˜[01m[KsubExtendedState_[m[Kâ€™ was not declared in this scope
[2.926s]    12 |   [01;31m[KsubExtendedState_[m[K = this->create_subscription<mavros_msgs::ExtendedState>(
[2.926s]       |   [01;31m[K^~~~~~~~~~~~~~~~~[m[K
[2.926s] [01m[K/home/nakul/Desktop/bur/ros2_ws/src/2023-2024/state-estimation/src/Node.cpp:12:62:[m[K [01;31m[Kerror: [m[Kâ€˜[01m[KExtendedState[m[Kâ€™ is not a member of â€˜[01m[Kmavros_msgs[m[Kâ€™; did you mean â€˜[01m[Kmavros_msgs::msg::ExtendedState[m[Kâ€™?
[2.926s]    12 |   subExtendedState_ = this->create_subscription<mavros_msgs::[01;31m[KExtendedState[m[K>(
[2.927s]       |                                                              [01;31m[K^~~~~~~~~~~~~[m[K
[2.927s] In file included from [01m[K/opt/ros/foxy/include/mavros_msgs/msg/extended_state.hpp:7[m[K,
[2.927s]                  from [01m[K/home/nakul/Desktop/bur/ros2_ws/src/2023-2024/state-estimation/include/eskf/Node.hpp:12[m[K,
[2.927s]                  from [01m[K/home/nakul/Desktop/bur/ros2_ws/src/2023-2024/state-estimation/src/Node.cpp:1[m[K:
[2.927s] [01m[K/opt/ros/foxy/include/mavros_msgs/msg/detail/extended_state__struct.hpp:172:7:[m[K [01;36m[Knote: [m[Kâ€˜[01m[Kmavros_msgs::msg::ExtendedState[m[Kâ€™ declared here
[2.927s]   172 | using [01;36m[KExtendedState[m[K =
[2.927s]       |       [01;36m[K^~~~~~~~~~~~~[m[K
[2.928s] [01m[K/home/nakul/Desktop/bur/ros2_ws/src/2023-2024/state-estimation/src/Node.cpp:12:62:[m[K [01;31m[Kerror: [m[Kâ€˜[01m[KExtendedState[m[Kâ€™ is not a member of â€˜[01m[Kmavros_msgs[m[Kâ€™; did you mean â€˜[01m[Kmavros_msgs::msg::ExtendedState[m[Kâ€™?
[2.928s]    12 |   subExtendedState_ = this->create_subscription<mavros_msgs::[01;31m[KExtendedState[m[K>(
[2.928s]       |                                                              [01;31m[K^~~~~~~~~~~~~[m[K
[2.928s] In file included from [01m[K/opt/ros/foxy/include/mavros_msgs/msg/extended_state.hpp:7[m[K,
[2.928s]                  from [01m[K/home/nakul/Desktop/bur/ros2_ws/src/2023-2024/state-estimation/include/eskf/Node.hpp:12[m[K,
[2.928s]                  from [01m[K/home/nakul/Desktop/bur/ros2_ws/src/2023-2024/state-estimation/src/Node.cpp:1[m[K:
[2.928s] [01m[K/opt/ros/foxy/include/mavros_msgs/msg/detail/extended_state__struct.hpp:172:7:[m[K [01;36m[Knote: [m[Kâ€˜[01m[Kmavros_msgs::msg::ExtendedState[m[Kâ€™ declared here
[2.928s]   172 | using [01;36m[KExtendedState[m[K =
[2.929s]       |       [01;36m[K^~~~~~~~~~~~~[m[K
[2.933s] [01m[K/home/nakul/Desktop/bur/ros2_ws/src/2023-2024/state-estimation/src/Node.cpp:20:5:[m[K [01;31m[Kerror: [m[Kâ€˜[01m[KsubVisionPose_[m[Kâ€™ was not declared in this scope
[2.933s]    20 |     [01;31m[KsubVisionPose_[m[K = this->create_subscription<geometry_msgs::PoseWithCovarianceStamped>(
[2.934s]       |     [01;31m[K^~~~~~~~~~~~~~[m[K
[2.934s] [01m[K/home/nakul/Desktop/bur/ros2_ws/src/2023-2024/state-estimation/src/Node.cpp:20:63:[m[K [01;31m[Kerror: [m[Kâ€˜[01m[KPoseWithCovarianceStamped[m[Kâ€™ is not a member of â€˜[01m[Kgeometry_msgs[m[Kâ€™; did you mean â€˜[01m[Kgeometry_msgs::msg::PoseWithCovarianceStamped[m[Kâ€™?
[2.934s]    20 |     subVisionPose_ = this->create_subscription<geometry_msgs::[01;31m[KPoseWithCovarianceStamped[m[K>(
[2.935s]       |                                                               [01;31m[K^~~~~~~~~~~~~~~~~~~~~~~~~[m[K
[2.935s] In file included from [01m[K/opt/ros/foxy/include/geometry_msgs/msg/pose_with_covariance_stamped.hpp:7[m[K,
[2.935s]                  from [01m[K/home/nakul/Desktop/bur/ros2_ws/src/2023-2024/state-estimation/include/eskf/Node.hpp:10[m[K,
[2.935s]                  from [01m[K/home/nakul/Desktop/bur/ros2_ws/src/2023-2024/state-estimation/src/Node.cpp:1[m[K:
[2.935s] [01m[K/opt/ros/foxy/include/geometry_msgs/msg/detail/pose_with_covariance_stamped__struct.hpp:134:7:[m[K [01;36m[Knote: [m[Kâ€˜[01m[Kgeometry_msgs::msg::PoseWithCovarianceStamped[m[Kâ€™ declared here
[2.935s]   134 | using [01;36m[KPoseWithCovarianceStamped[m[K =
[2.935s]       |       [01;36m[K^~~~~~~~~~~~~~~~~~~~~~~~~[m[K
[2.936s] [01m[K/home/nakul/Desktop/bur/ros2_ws/src/2023-2024/state-estimation/src/Node.cpp:20:63:[m[K [01;31m[Kerror: [m[Kâ€˜[01m[KPoseWithCovarianceStamped[m[Kâ€™ is not a member of â€˜[01m[Kgeometry_msgs[m[Kâ€™; did you mean â€˜[01m[Kgeometry_msgs::msg::PoseWithCovarianceStamped[m[Kâ€™?
[2.936s]    20 |     subVisionPose_ = this->create_subscription<geometry_msgs::[01;31m[KPoseWithCovarianceStamped[m[K>(
[2.936s]       |                                                               [01;31m[K^~~~~~~~~~~~~~~~~~~~~~~~~[m[K
[2.936s] In file included from [01m[K/opt/ros/foxy/include/geometry_msgs/msg/pose_with_covariance_stamped.hpp:7[m[K,
[2.936s]                  from [01m[K/home/nakul/Desktop/bur/ros2_ws/src/2023-2024/state-estimation/include/eskf/Node.hpp:10[m[K,
[2.936s]                  from [01m[K/home/nakul/Desktop/bur/ros2_ws/src/2023-2024/state-estimation/src/Node.cpp:1[m[K:
[2.936s] [01m[K/opt/ros/foxy/include/geometry_msgs/msg/detail/pose_with_covariance_stamped__struct.hpp:134:7:[m[K [01;36m[Knote: [m[Kâ€˜[01m[Kgeometry_msgs::msg::PoseWithCovarianceStamped[m[Kâ€™ declared here
[2.937s]   134 | using [01;36m[KPoseWithCovarianceStamped[m[K =
[2.937s]       |       [01;36m[K^~~~~~~~~~~~~~~~~~~~~~~~~[m[K
[2.940s] [01m[K/home/nakul/Desktop/bur/ros2_ws/src/2023-2024/state-estimation/src/Node.cpp:25:5:[m[K [01;31m[Kerror: [m[Kâ€˜[01m[KsubGpsPose_[m[Kâ€™ was not declared in this scope
[2.941s]    25 |     [01;31m[KsubGpsPose_[m[K = nh_.subscribe("gps", 1, &Node::gpsCallback, this);
[2.941s]       |     [01;31m[K^~~~~~~~~~~[m[K
[2.942s] [01m[K/home/nakul/Desktop/bur/ros2_ws/src/2023-2024/state-estimation/src/Node.cpp:25:19:[m[K [01;31m[Kerror: [m[Kâ€˜[01m[Knh_[m[Kâ€™ was not declared in this scope
[2.943s]    25 |     subGpsPose_ = [01;31m[Knh_[m[K.subscribe("gps", 1, &Node::gpsCallback, this);
[2.943s]       |                   [01;31m[K^~~[m[K
[2.943s] [01m[K/home/nakul/Desktop/bur/ros2_ws/src/2023-2024/state-estimation/src/Node.cpp:26:55:[m[K [01;31m[Kerror: [m[Kâ€˜[01m[KOdometry[m[Kâ€™ is not a member of â€˜[01m[Knav_msgs[m[Kâ€™; did you mean â€˜[01m[Knav_msgs::msg::Odometry[m[Kâ€™?
[2.944s]    26 |     subGpsPose_ = this->create_subscription<nav_msgs::[01;31m[KOdometry[m[K>(
[2.944s]       |                                                       [01;31m[K^~~~~~~~[m[K
[2.944s] In file included from [01m[K/opt/ros/foxy/include/nav_msgs/msg/odometry.hpp:7[m[K,
[2.944s]                  from [01m[K/home/nakul/Desktop/bur/ros2_ws/src/2023-2024/state-estimation/include/eskf/Node.hpp:8[m[K,
[2.944s]                  from [01m[K/home/nakul/Desktop/bur/ros2_ws/src/2023-2024/state-estimation/src/Node.cpp:1[m[K:
[2.944s] [01m[K/opt/ros/foxy/include/nav_msgs/msg/detail/odometry__struct.hpp:171:7:[m[K [01;36m[Knote: [m[Kâ€˜[01m[Knav_msgs::msg::Odometry[m[Kâ€™ declared here
[2.945s]   171 | using [01;36m[KOdometry[m[K =
[2.945s]       |       [01;36m[K^~~~~~~~[m[K
[2.945s] [01m[K/home/nakul/Desktop/bur/ros2_ws/src/2023-2024/state-estimation/src/Node.cpp:26:55:[m[K [01;31m[Kerror: [m[Kâ€˜[01m[KOdometry[m[Kâ€™ is not a member of â€˜[01m[Knav_msgs[m[Kâ€™; did you mean â€˜[01m[Knav_msgs::msg::Odometry[m[Kâ€™?
[2.945s]    26 |     subGpsPose_ = this->create_subscription<nav_msgs::[01;31m[KOdometry[m[K>(
[2.945s]       |                                                       [01;31m[K^~~~~~~~[m[K
[2.946s] In file included from [01m[K/opt/ros/foxy/include/nav_msgs/msg/odometry.hpp:7[m[K,
[2.946s]                  from [01m[K/home/nakul/Desktop/bur/ros2_ws/src/2023-2024/state-estimation/include/eskf/Node.hpp:8[m[K,
[2.946s]                  from [01m[K/home/nakul/Desktop/bur/ros2_ws/src/2023-2024/state-estimation/src/Node.cpp:1[m[K:
[2.946s] [01m[K/opt/ros/foxy/include/nav_msgs/msg/detail/odometry__struct.hpp:171:7:[m[K [01;36m[Knote: [m[Kâ€˜[01m[Knav_msgs::msg::Odometry[m[Kâ€™ declared here
[2.946s]   171 | using [01;36m[KOdometry[m[K =
[2.946s]       |       [01;36m[K^~~~~~~~[m[K
[2.953s] [01m[K/home/nakul/Desktop/bur/ros2_ws/src/2023-2024/state-estimation/src/Node.cpp:31:5:[m[K [01;31m[Kerror: [m[Kâ€˜[01m[KsubOpticalFlowPose_[m[Kâ€™ was not declared in this scope; did you mean â€˜[01m[KprevStampOpticalFlowPose_[m[Kâ€™?
[2.953s]    31 |     [01;31m[KsubOpticalFlowPose_[m[K = this->create_subscription<mavros_msgs::OpticalFlowRad>(
[2.953s]       |     [01;31m[K^~~~~~~~~~~~~~~~~~~[m[K
[2.953s]       |     [32m[KprevStampOpticalFlowPose_[m[K
[2.954s] [01m[K/home/nakul/Desktop/bur/ros2_ws/src/2023-2024/state-estimation/src/Node.cpp:31:66:[m[K [01;31m[Kerror: [m[Kâ€˜[01m[KOpticalFlowRad[m[Kâ€™ is not a member of â€˜[01m[Kmavros_msgs[m[Kâ€™; did you mean â€˜[01m[Kmavros_msgs::msg::OpticalFlowRad[m[Kâ€™?
[2.954s]    31 |     subOpticalFlowPose_ = this->create_subscription<mavros_msgs::[01;31m[KOpticalFlowRad[m[K>(
[2.954s]       |                                                                  [01;31m[K^~~~~~~~~~~~~~[m[K
[2.954s] In file included from [01m[K/opt/ros/foxy/include/mavros_msgs/msg/optical_flow_rad.hpp:7[m[K,
[2.954s]                  from [01m[K/home/nakul/Desktop/bur/ros2_ws/src/2023-2024/state-estimation/include/eskf/Node.hpp:11[m[K,
[2.954s]                  from [01m[K/home/nakul/Desktop/bur/ros2_ws/src/2023-2024/state-estimation/src/Node.cpp:1[m[K:
[2.955s] [01m[K/opt/ros/foxy/include/mavros_msgs/msg/detail/optical_flow_rad__struct.hpp:264:7:[m[K [01;36m[Knote: [m[Kâ€˜[01m[Kmavros_msgs::msg::OpticalFlowRad[m[Kâ€™ declared here
[2.955s]   264 | using [01;36m[KOpticalFlowRad[m[K =
[2.955s]       |       [01;36m[K^~~~~~~~~~~~~~[m[K
[2.955s] [01m[K/home/nakul/Desktop/bur/ros2_ws/src/2023-2024/state-estimation/src/Node.cpp:31:66:[m[K [01;31m[Kerror: [m[Kâ€˜[01m[KOpticalFlowRad[m[Kâ€™ is not a member of â€˜[01m[Kmavros_msgs[m[Kâ€™; did you mean â€˜[01m[Kmavros_msgs::msg::OpticalFlowRad[m[Kâ€™?
[2.955s]    31 |     subOpticalFlowPose_ = this->create_subscription<mavros_msgs::[01;31m[KOpticalFlowRad[m[K>(
[2.955s]       |                                                                  [01;31m[K^~~~~~~~~~~~~~[m[K
[2.955s] In file included from [01m[K/opt/ros/foxy/include/mavros_msgs/msg/optical_flow_rad.hpp:7[m[K,
[2.955s]                  from [01m[K/home/nakul/Desktop/bur/ros2_ws/src/2023-2024/state-estimation/include/eskf/Node.hpp:11[m[K,
[2.956s]                  from [01m[K/home/nakul/Desktop/bur/ros2_ws/src/2023-2024/state-estimation/src/Node.cpp:1[m[K:
[2.956s] [01m[K/opt/ros/foxy/include/mavros_msgs/msg/detail/optical_flow_rad__struct.hpp:264:7:[m[K [01;36m[Knote: [m[Kâ€˜[01m[Kmavros_msgs::msg::OpticalFlowRad[m[Kâ€™ declared here
[2.956s]   264 | using [01;36m[KOpticalFlowRad[m[K =
[2.956s]       |       [01;36m[K^~~~~~~~~~~~~~[m[K
[2.959s] [01m[K/home/nakul/Desktop/bur/ros2_ws/src/2023-2024/state-estimation/src/Node.cpp:36:5:[m[K [01;31m[Kerror: [m[Kâ€˜[01m[KsubMagPose_[m[Kâ€™ was not declared in this scope
[2.960s]    36 |     [01;31m[KsubMagPose_[m[K = this->create_subscription<sensor_msgs::MagneticField>(
[2.960s]       |     [01;31m[K^~~~~~~~~~~[m[K
[2.960s] [01m[K/home/nakul/Desktop/bur/ros2_ws/src/2023-2024/state-estimation/src/Node.cpp:36:58:[m[K [01;31m[Kerror: [m[Kâ€˜[01m[KMagneticField[m[Kâ€™ is not a member of â€˜[01m[Ksensor_msgs[m[Kâ€™; did you mean â€˜[01m[Ksensor_msgs::msg::MagneticField[m[Kâ€™?
[2.960s]    36 |     subMagPose_ = this->create_subscription<sensor_msgs::[01;31m[KMagneticField[m[K>(
[2.961s]       |                                                          [01;31m[K^~~~~~~~~~~~~[m[K
[2.961s] In file included from [01m[K/opt/ros/foxy/include/sensor_msgs/msg/magnetic_field.hpp:7[m[K,
[2.961s]                  from [01m[K/home/nakul/Desktop/bur/ros2_ws/src/2023-2024/state-estimation/include/eskf/Node.hpp:6[m[K,
[2.961s]                  from [01m[K/home/nakul/Desktop/bur/ros2_ws/src/2023-2024/state-estimation/src/Node.cpp:1[m[K:
[2.961s] [01m[K/opt/ros/foxy/include/sensor_msgs/msg/detail/magnetic_field__struct.hpp:155:7:[m[K [01;36m[Knote: [m[Kâ€˜[01m[Ksensor_msgs::msg::MagneticField[m[Kâ€™ declared here
[2.961s]   155 | using [01;36m[KMagneticField[m[K =
[2.961s]       |       [01;36m[K^~~~~~~~~~~~~[m[K
[2.961s] [01m[K/home/nakul/Desktop/bur/ros2_ws/src/2023-2024/state-estimation/src/Node.cpp:36:58:[m[K [01;31m[Kerror: [m[Kâ€˜[01m[KMagneticField[m[Kâ€™ is not a member of â€˜[01m[Ksensor_msgs[m[Kâ€™; did you mean â€˜[01m[Ksensor_msgs::msg::MagneticField[m[Kâ€™?
[2.962s]    36 |     subMagPose_ = this->create_subscription<sensor_msgs::[01;31m[KMagneticField[m[K>(
[2.962s]       |                                                          [01;31m[K^~~~~~~~~~~~~[m[K
[2.962s] In file included from [01m[K/opt/ros/foxy/include/sensor_msgs/msg/magnetic_field.hpp:7[m[K,
[2.962s]                  from [01m[K/home/nakul/Desktop/bur/ros2_ws/src/2023-2024/state-estimation/include/eskf/Node.hpp:6[m[K,
[2.962s]                  from [01m[K/home/nakul/Desktop/bur/ros2_ws/src/2023-2024/state-estimation/src/Node.cpp:1[m[K:
[2.962s] [01m[K/opt/ros/foxy/include/sensor_msgs/msg/detail/magnetic_field__struct.hpp:155:7:[m[K [01;36m[Knote: [m[Kâ€˜[01m[Ksensor_msgs::msg::MagneticField[m[Kâ€™ declared here
[2.962s]   155 | using [01;36m[KMagneticField[m[K =
[2.962s]       |       [01;36m[K^~~~~~~~~~~~~[m[K
[2.969s] [01m[K/home/nakul/Desktop/bur/ros2_ws/src/2023-2024/state-estimation/src/Node.cpp:41:5:[m[K [01;31m[Kerror: [m[Kâ€˜[01m[KsubRangeFinderPose_[m[Kâ€™ was not declared in this scope; did you mean â€˜[01m[KprevStampRangeFinderPose_[m[Kâ€™?
[2.969s]    41 |     [01;31m[KsubRangeFinderPose_[m[K = this->create_subscription<sensor_msgs::Range>(
[2.969s]       |     [01;31m[K^~~~~~~~~~~~~~~~~~~[m[K
[2.969s]       |     [32m[KprevStampRangeFinderPose_[m[K
[2.970s] [01m[K/home/nakul/Desktop/bur/ros2_ws/src/2023-2024/state-estimation/src/Node.cpp:41:66:[m[K [01;31m[Kerror: [m[Kâ€˜[01m[KRange[m[Kâ€™ is not a member of â€˜[01m[Ksensor_msgs[m[Kâ€™; did you mean â€˜[01m[Ksensor_msgs::msg::Range[m[Kâ€™?
[2.970s]    41 |     subRangeFinderPose_ = this->create_subscription<sensor_msgs::[01;31m[KRange[m[K>(
[2.970s]       |                                                                  [01;31m[K^~~~~[m[K
[2.970s] In file included from [01m[K/opt/ros/foxy/include/sensor_msgs/msg/range.hpp:7[m[K,
[2.970s]                  from [01m[K/home/nakul/Desktop/bur/ros2_ws/src/2023-2024/state-estimation/include/eskf/Node.hpp:7[m[K,
[2.971s]                  from [01m[K/home/nakul/Desktop/bur/ros2_ws/src/2023-2024/state-estimation/src/Node.cpp:1[m[K:
[2.971s] [01m[K/opt/ros/foxy/include/sensor_msgs/msg/detail/range__struct.hpp:198:7:[m[K [01;36m[Knote: [m[Kâ€˜[01m[Ksensor_msgs::msg::Range[m[Kâ€™ declared here
[2.971s]   198 | using [01;36m[KRange[m[K =
[2.971s]       |       [01;36m[K^~~~~[m[K
[2.971s] [01m[K/home/nakul/Desktop/bur/ros2_ws/src/2023-2024/state-estimation/src/Node.cpp:41:66:[m[K [01;31m[Kerror: [m[Kâ€˜[01m[KRange[m[Kâ€™ is not a member of â€˜[01m[Ksensor_msgs[m[Kâ€™; did you mean â€˜[01m[Ksensor_msgs::msg::Range[m[Kâ€™?
[2.971s]    41 |     subRangeFinderPose_ = this->create_subscription<sensor_msgs::[01;31m[KRange[m[K>(
[2.971s]       |                                                                  [01;31m[K^~~~~[m[K
[2.971s] In file included from [01m[K/opt/ros/foxy/include/sensor_msgs/msg/range.hpp:7[m[K,
[2.971s]                  from [01m[K/home/nakul/Desktop/bur/ros2_ws/src/2023-2024/state-estimation/include/eskf/Node.hpp:7[m[K,
[2.972s]                  from [01m[K/home/nakul/Desktop/bur/ros2_ws/src/2023-2024/state-estimation/src/Node.cpp:1[m[K:
[2.972s] [01m[K/opt/ros/foxy/include/sensor_msgs/msg/detail/range__struct.hpp:198:7:[m[K [01;36m[Knote: [m[Kâ€˜[01m[Ksensor_msgs::msg::Range[m[Kâ€™ declared here
[2.972s]   198 | using [01;36m[KRange[m[K =
[2.972s]       |       [01;36m[K^~~~~[m[K
[2.974s] [01m[K/home/nakul/Desktop/bur/ros2_ws/src/2023-2024/state-estimation/src/Node.cpp:47:3:[m[K [01;31m[Kerror: [m[Kâ€˜[01m[KpubPose_[m[Kâ€™ was not declared in this scope
[2.974s]    47 |   [01;31m[KpubPose_[m[K = this->create_publisher<nav_msgs::Odometry>("pose",1);
[2.974s]       |   [01;31m[K^~~~~~~~[m[K
[2.974s] [01m[K/home/nakul/Desktop/bur/ros2_ws/src/2023-2024/state-estimation/src/Node.cpp:47:47:[m[K [01;31m[Kerror: [m[Kâ€˜[01m[KOdometry[m[Kâ€™ is not a member of â€˜[01m[Knav_msgs[m[Kâ€™; did you mean â€˜[01m[Knav_msgs::msg::Odometry[m[Kâ€™?
[2.975s]    47 |   pubPose_ = this->create_publisher<nav_msgs::[01;31m[KOdometry[m[K>("pose",1);
[2.975s]       |                                               [01;31m[K^~~~~~~~[m[K
[2.975s] In file included from [01m[K/opt/ros/foxy/include/nav_msgs/msg/odometry.hpp:7[m[K,
[2.975s]                  from [01m[K/home/nakul/Desktop/bur/ros2_ws/src/2023-2024/state-estimation/include/eskf/Node.hpp:8[m[K,
[2.975s]                  from [01m[K/home/nakul/Desktop/bur/ros2_ws/src/2023-2024/state-estimation/src/Node.cpp:1[m[K:
[2.976s] [01m[K/opt/ros/foxy/include/nav_msgs/msg/detail/odometry__struct.hpp:171:7:[m[K [01;36m[Knote: [m[Kâ€˜[01m[Knav_msgs::msg::Odometry[m[Kâ€™ declared here
[2.976s]   171 | using [01;36m[KOdometry[m[K =
[2.976s]       |       [01;36m[K^~~~~~~~[m[K
[2.976s] [01m[K/home/nakul/Desktop/bur/ros2_ws/src/2023-2024/state-estimation/src/Node.cpp:47:47:[m[K [01;31m[Kerror: [m[Kâ€˜[01m[KOdometry[m[Kâ€™ is not a member of â€˜[01m[Knav_msgs[m[Kâ€™; did you mean â€˜[01m[Knav_msgs::msg::Odometry[m[Kâ€™?
[2.976s]    47 |   pubPose_ = this->create_publisher<nav_msgs::[01;31m[KOdometry[m[K>("pose",1);
[2.976s]       |                                               [01;31m[K^~~~~~~~[m[K
[2.976s] In file included from [01m[K/opt/ros/foxy/include/nav_msgs/msg/odometry.hpp:7[m[K,
[2.976s]                  from [01m[K/home/nakul/Desktop/bur/ros2_ws/src/2023-2024/state-estimation/include/eskf/Node.hpp:8[m[K,
[2.976s]                  from [01m[K/home/nakul/Desktop/bur/ros2_ws/src/2023-2024/state-estimation/src/Node.cpp:1[m[K:
[2.977s] [01m[K/opt/ros/foxy/include/nav_msgs/msg/detail/odometry__struct.hpp:171:7:[m[K [01;36m[Knote: [m[Kâ€˜[01m[Knav_msgs::msg::Odometry[m[Kâ€™ declared here
[2.977s]   171 | using [01;36m[KOdometry[m[K =
[2.977s]       |       [01;36m[K^~~~~~~~[m[K
[2.977s] [01m[K/home/nakul/Desktop/bur/ros2_ws/src/2023-2024/state-estimation/src/Node.cpp:47:65:[m[K [01;31m[Kerror: [m[Kno matching function for call to â€˜[01m[Keskf::Node::create_publisher<<expression error> >(const char [5], int)[m[Kâ€™
[2.977s]    47 |   pubPose_ = this->create_publisher<nav_msgs::Odometry>("pose",1[01;31m[K)[m[K;
[2.977s]       |                                                                 [01;31m[K^[m[K
[2.977s] In file included from [01m[K/opt/ros/foxy/include/rclcpp/executors/single_threaded_executor.hpp:28[m[K,
[2.977s]                  from [01m[K/opt/ros/foxy/include/rclcpp/executors.hpp:22[m[K,
[2.978s]                  from [01m[K/opt/ros/foxy/include/rclcpp/rclcpp.hpp:146[m[K,
[2.978s]                  from [01m[K/home/nakul/Desktop/bur/ros2_ws/src/2023-2024/state-estimation/include/eskf/Node.hpp:4[m[K,
[2.978s]                  from [01m[K/home/nakul/Desktop/bur/ros2_ws/src/2023-2024/state-estimation/src/Node.cpp:1[m[K:
[2.978s] [01m[K/opt/ros/foxy/include/rclcpp/node.hpp:184:3:[m[K [01;36m[Knote: [m[Kcandidate: â€˜[01m[Ktemplate<class MessageT, class AllocatorT, class PublisherT> std::shared_ptr<PublisherT> rclcpp::Node::create_publisher(const string&, const rclcpp::QoS&, const rclcpp::PublisherOptionsWithAllocator<AllocatorT>&)[m[Kâ€™
[2.978s]   184 |   [01;36m[Kcreate_publisher[m[K(
[2.978s]       |   [01;36m[K^~~~~~~~~~~~~~~~[m[K
[2.978s] [01m[K/opt/ros/foxy/include/rclcpp/node.hpp:184:3:[m[K [01;36m[Knote: [m[K  template argument deduction/substitution failed:
[2.978s] [01m[K/home/nakul/Desktop/bur/ros2_ws/src/2023-2024/state-estimation/src/Node.cpp:47:65:[m[K [01;31m[Kerror: [m[Ktemplate argument 1 is invalid
[2.979s]    47 |   pubPose_ = this->create_publisher<nav_msgs::Odometry>("pose",1[01;31m[K)[m[K;
[2.979s]       |                                                                 [01;31m[K^[m[K
[2.983s] [01m[K/home/nakul/Desktop/bur/ros2_ws/src/2023-2024/state-estimation/src/Node.cpp:53:80:[m[K [01;31m[Kerror: [m[Kno matching function for call to â€˜[01m[Keskf::Node::create_wall_timer(rclcpp::Duration, std::_Bind_helper<false, void (eskf::Node::*)(), eskf::Node*>::type)[m[Kâ€™
[2.983s]    53 |       rclcpp::Duration(1.0f/publish_rate), std::bind(&Node::publishState, this)[01;31m[K)[m[K;
[2.983s]       |                                                                                [01;31m[K^[m[K
[2.984s] In file included from [01m[K/opt/ros/foxy/include/rclcpp/executors/single_threaded_executor.hpp:28[m[K,
[2.984s]                  from [01m[K/opt/ros/foxy/include/rclcpp/executors.hpp:22[m[K,
[2.984s]                  from [01m[K/opt/ros/foxy/include/rclcpp/rclcpp.hpp:146[m[K,
[2.984s]                  from [01m[K/home/nakul/Desktop/bur/ros2_ws/src/2023-2024/state-estimation/include/eskf/Node.hpp:4[m[K,
[2.984s]                  from [01m[K/home/nakul/Desktop/bur/ros2_ws/src/2023-2024/state-estimation/src/Node.cpp:1[m[K:
[2.984s] [01m[K/opt/ros/foxy/include/rclcpp/node.hpp:232:3:[m[K [01;36m[Knote: [m[Kcandidate: â€˜[01m[Ktemplate<class DurationRepT, class DurationT, class CallbackT> typename rclcpp::WallTimer<CallbackT>::SharedPtr rclcpp::Node::create_wall_timer(std::chrono::duration<_Rep1, _Period1>, CallbackT, rclcpp::CallbackGroup::SharedPtr)[m[Kâ€™
[2.985s]   232 |   [01;36m[Kcreate_wall_timer[m[K(
[2.985s]       |   [01;36m[K^~~~~~~~~~~~~~~~~[m[K
[2.985s] [01m[K/opt/ros/foxy/include/rclcpp/node.hpp:232:3:[m[K [01;36m[Knote: [m[K  template argument deduction/substitution failed:
[2.986s] [01m[K/home/nakul/Desktop/bur/ros2_ws/src/2023-2024/state-estimation/src/Node.cpp:53:80:[m[K [01;36m[Knote: [m[K  â€˜[01m[Krclcpp::Duration[m[Kâ€™ is not derived from â€˜[01m[Kstd::chrono::duration<_Rep1, _Period1>[m[Kâ€™
[2.986s]    53 |       rclcpp::Duration(1.0f/publish_rate), std::bind(&Node::publishState, this)[01;36m[K)[m[K;
[2.986s]       |                                                                                [01;36m[K^[m[K
[2.987s] [01m[K/home/nakul/Desktop/bur/ros2_ws/src/2023-2024/state-estimation/src/Node.cpp:[m[K At global scope:
[2.987s] [01m[K/home/nakul/Desktop/bur/ros2_ws/src/2023-2024/state-estimation/src/Node.cpp:56:45:[m[K [01;31m[Kerror: [m[Kâ€˜[01m[KImu[m[Kâ€™ in namespace â€˜[01m[Ksensor_msgs[m[Kâ€™ does not name a type
[2.987s]    56 | void Node::inputCallback(const sensor_msgs::[01;31m[KImu[m[K::SharedPtr imuMsg) const; {
[2.987s]       |                                             [01;31m[K^~~[m[K
[2.987s] [01m[K/home/nakul/Desktop/bur/ros2_ws/src/2023-2024/state-estimation/src/Node.cpp:56:60:[m[K [01;31m[Kerror: [m[Kexpected unqualified-id before â€˜[01m[KimuMsg[m[Kâ€™
[2.987s]    56 | void Node::inputCallback(const sensor_msgs::Imu::SharedPtr [01;31m[KimuMsg[m[K) const; {
[2.988s]       |                                                            [01;31m[K^~~~~~[m[K
[2.988s] [01m[K/home/nakul/Desktop/bur/ros2_ws/src/2023-2024/state-estimation/src/Node.cpp:56:59:[m[K [01;31m[Kerror: [m[Kexpected â€˜[01m[K)[m[Kâ€™ before â€˜[01m[KimuMsg[m[Kâ€™
[2.988s]    56 | void Node::inputCallback[34m[K([m[Kconst sensor_msgs::Imu::SharedPtr[01;31m[K [m[K[32m[KimuMsg[m[K) const; {
[2.988s]       |                         [34m[K~[m[K                                 [01;31m[K^[m[K[32m[K~~~~~~[m[K
[2.988s]       |                                                           [32m[K)[m[K
[2.988s] [01m[K/home/nakul/Desktop/bur/ros2_ws/src/2023-2024/state-estimation/src/Node.cpp:56:60:[m[K [01;31m[Kerror: [m[Kexpected initializer before â€˜[01m[KimuMsg[m[Kâ€™
[2.988s]    56 | void Node::inputCallback(const sensor_msgs::Imu::SharedPtr [01;31m[KimuMsg[m[K) const; {
[2.989s]       |                                                            [01;31m[K^~~~~~[m[K
[2.989s] [01m[K/home/nakul/Desktop/bur/ros2_ws/src/2023-2024/state-estimation/src/Node.cpp:56:75:[m[K [01;31m[Kerror: [m[Kexpected unqualified-id before â€˜[01m[K{[m[Kâ€™ token
[2.989s]    56 | void Node::inputCallback(const sensor_msgs::Imu::SharedPtr imuMsg) const; [01;31m[K{[m[K
[2.989s]       |                                                                           [01;31m[K^[m[K
[2.989s] [01m[K/home/nakul/Desktop/bur/ros2_ws/src/2023-2024/state-estimation/src/Node.cpp:75:48:[m[K [01;31m[Kerror: [m[Kâ€˜[01m[KPoseWithCovarianceStamped[m[Kâ€™ in namespace â€˜[01m[Kgeometry_msgs[m[Kâ€™ does not name a type
[2.989s]    75 | void Node::visionCallback(const geometry_msgs::[01;31m[KPoseWithCovarianceStamped[m[K::SharedPtr poseMsg) const {
[2.989s]       |                                                [01;31m[K^~~~~~~~~~~~~~~~~~~~~~~~~[m[K
[2.990s] [01m[K/home/nakul/Desktop/bur/ros2_ws/src/2023-2024/state-estimation/src/Node.cpp:75:85:[m[K [01;31m[Kerror: [m[Kexpected unqualified-id before â€˜[01m[KposeMsg[m[Kâ€™
[2.990s]    75 | void Node::visionCallback(const geometry_msgs::PoseWithCovarianceStamped::SharedPtr [01;31m[KposeMsg[m[K) const {
[2.990s]       |                                                                                     [01;31m[K^~~~~~~[m[K
[2.990s] [01m[K/home/nakul/Desktop/bur/ros2_ws/src/2023-2024/state-estimation/src/Node.cpp:75:84:[m[K [01;31m[Kerror: [m[Kexpected â€˜[01m[K)[m[Kâ€™ before â€˜[01m[KposeMsg[m[Kâ€™
[2.990s]    75 | void Node::visionCallback[34m[K([m[Kconst geometry_msgs::PoseWithCovarianceStamped::SharedPtr[01;31m[K [m[K[32m[KposeMsg[m[K) const {
[2.990s]       |                          [34m[K~[m[K                                                         [01;31m[K^[m[K[32m[K~~~~~~~[m[K
[2.990s]       |                                                                                    [32m[K)[m[K
[2.990s] [01m[K/home/nakul/Desktop/bur/ros2_ws/src/2023-2024/state-estimation/src/Node.cpp:75:85:[m[K [01;31m[Kerror: [m[Kexpected initializer before â€˜[01m[KposeMsg[m[Kâ€™
[2.990s]    75 | void Node::visionCallback(const geometry_msgs::PoseWithCovarianceStamped::SharedPtr [01;31m[KposeMsg[m[K) const {
[2.991s]       |                                                                                     [01;31m[K^~~~~~~[m[K
[2.991s] [01m[K/home/nakul/Desktop/bur/ros2_ws/src/2023-2024/state-estimation/src/Node.cpp:87:40:[m[K [01;31m[Kerror: [m[Kâ€˜[01m[KOdometry[m[Kâ€™ in namespace â€˜[01m[Knav_msgs[m[Kâ€™ does not name a type
[2.991s]    87 | void Node::gpsCallback(const nav_msgs::[01;31m[KOdometry[m[K::SharedPtr odomMsg) const {
[2.991s]       |                                        [01;31m[K^~~~~~~~[m[K
[2.991s] [01m[K/home/nakul/Desktop/bur/ros2_ws/src/2023-2024/state-estimation/src/Node.cpp:87:60:[m[K [01;31m[Kerror: [m[Kexpected unqualified-id before â€˜[01m[KodomMsg[m[Kâ€™
[2.991s]    87 | void Node::gpsCallback(const nav_msgs::Odometry::SharedPtr [01;31m[KodomMsg[m[K) const {
[2.991s]       |                                                            [01;31m[K^~~~~~~[m[K
[2.991s] [01m[K/home/nakul/Desktop/bur/ros2_ws/src/2023-2024/state-estimation/src/Node.cpp:87:59:[m[K [01;31m[Kerror: [m[Kexpected â€˜[01m[K)[m[Kâ€™ before â€˜[01m[KodomMsg[m[Kâ€™
[2.992s]    87 | void Node::gpsCallback[34m[K([m[Kconst nav_msgs::Odometry::SharedPtr[01;31m[K [m[K[32m[KodomMsg[m[K) const {
[2.992s]       |                       [34m[K~[m[K                                   [01;31m[K^[m[K[32m[K~~~~~~~[m[K
[2.992s]       |                                                           [32m[K)[m[K
[2.992s] [01m[K/home/nakul/Desktop/bur/ros2_ws/src/2023-2024/state-estimation/src/Node.cpp:87:60:[m[K [01;31m[Kerror: [m[Kexpected initializer before â€˜[01m[KodomMsg[m[Kâ€™
[2.992s]    87 | void Node::gpsCallback(const nav_msgs::Odometry::SharedPtr [01;31m[KodomMsg[m[K) const {
[2.992s]       |                                                            [01;31m[K^~~~~~~[m[K
[2.992s] [01m[K/home/nakul/Desktop/bur/ros2_ws/src/2023-2024/state-estimation/src/Node.cpp:99:51:[m[K [01;31m[Kerror: [m[Kâ€˜[01m[KOpticalFlowRad[m[Kâ€™ in namespace â€˜[01m[Kmavros_msgs[m[Kâ€™ does not name a type
[2.992s]    99 | void Node::opticalFlowCallback(const mavros_msgs::[01;31m[KOpticalFlowRad[m[K::SharedPtr opticalFlowMsg) const {
[2.993s]       |                                                   [01;31m[K^~~~~~~~~~~~~~[m[K
[2.993s] [01m[K/home/nakul/Desktop/bur/ros2_ws/src/2023-2024/state-estimation/src/Node.cpp:99:77:[m[K [01;31m[Kerror: [m[Kexpected unqualified-id before â€˜[01m[KopticalFlowMsg[m[Kâ€™
[2.993s]    99 | void Node::opticalFlowCallback(const mavros_msgs::OpticalFlowRad::SharedPtr [01;31m[KopticalFlowMsg[m[K) const {
[2.993s]       |                                                                             [01;31m[K^~~~~~~~~~~~~~[m[K
[2.993s] [01m[K/home/nakul/Desktop/bur/ros2_ws/src/2023-2024/state-estimation/src/Node.cpp:99:76:[m[K [01;31m[Kerror: [m[Kexpected â€˜[01m[K)[m[Kâ€™ before â€˜[01m[KopticalFlowMsg[m[Kâ€™
[2.993s]    99 | void Node::opticalFlowCallback[34m[K([m[Kconst mavros_msgs::OpticalFlowRad::SharedPtr[01;31m[K [m[K[32m[KopticalFlowMsg[m[K) const {
[2.993s]       |                               [34m[K~[m[K                                            [01;31m[K^[m[K[32m[K~~~~~~~~~~~~~~[m[K
[2.993s]       |                                                                            [32m[K)[m[K
[2.993s] [01m[K/home/nakul/Desktop/bur/ros2_ws/src/2023-2024/state-estimation/src/Node.cpp:99:77:[m[K [01;31m[Kerror: [m[Kexpected initializer before â€˜[01m[KopticalFlowMsg[m[Kâ€™
[2.994s]    99 | void Node::opticalFlowCallback(const mavros_msgs::OpticalFlowRad::SharedPtr [01;31m[KopticalFlowMsg[m[K) const {
[2.994s]       |                                                                             [01;31m[K^~~~~~~~~~~~~~[m[K
[2.994s] [01m[K/home/nakul/Desktop/bur/ros2_ws/src/2023-2024/state-estimation/src/Node.cpp:114:43:[m[K [01;31m[Kerror: [m[Kâ€˜[01m[KMagneticField[m[Kâ€™ in namespace â€˜[01m[Ksensor_msgs[m[Kâ€™ does not name a type
[2.994s]   114 | void Node::magCallback(const sensor_msgs::[01;31m[KMagneticField[m[K::SharedPtr magMsg) const {
[2.994s]       |                                           [01;31m[K^~~~~~~~~~~~~[m[K
[2.994s] [01m[K/home/nakul/Desktop/bur/ros2_ws/src/2023-2024/state-estimation/src/Node.cpp:114:68:[m[K [01;31m[Kerror: [m[Kexpected unqualified-id before â€˜[01m[KmagMsg[m[Kâ€™
[2.994s]   114 | void Node::magCallback(const sensor_msgs::MagneticField::SharedPtr [01;31m[KmagMsg[m[K) const {
[2.994s]       |                                                                    [01;31m[K^~~~~~[m[K
[2.995s] [01m[K/home/nakul/Desktop/bur/ros2_ws/src/2023-2024/state-estimation/src/Node.cpp:114:67:[m[K [01;31m[Kerror: [m[Kexpected â€˜[01m[K)[m[Kâ€™ before â€˜[01m[KmagMsg[m[Kâ€™
[2.995s]   114 | void Node::magCallback[34m[K([m[Kconst sensor_msgs::MagneticField::SharedPtr[01;31m[K [m[K[32m[KmagMsg[m[K) const {
[2.995s]       |                       [34m[K~[m[K                                           [01;31m[K^[m[K[32m[K~~~~~~[m[K
[2.995s]       |                                                                   [32m[K)[m[K
[2.995s] [01m[K/home/nakul/Desktop/bur/ros2_ws/src/2023-2024/state-estimation/src/Node.cpp:114:68:[m[K [01;31m[Kerror: [m[Kexpected initializer before â€˜[01m[KmagMsg[m[Kâ€™
[2.995s]   114 | void Node::magCallback(const sensor_msgs::MagneticField::SharedPtr [01;31m[KmagMsg[m[K) const {
[2.995s]       |                                                                    [01;31m[K^~~~~~[m[K
[2.995s] [01m[K/home/nakul/Desktop/bur/ros2_ws/src/2023-2024/state-estimation/src/Node.cpp:124:51:[m[K [01;31m[Kerror: [m[Kâ€˜[01m[KRange[m[Kâ€™ in namespace â€˜[01m[Ksensor_msgs[m[Kâ€™ does not name a type
[2.996s]   124 | void Node::rangeFinderCallback(const sensor_msgs::[01;31m[KRange[m[K::SharedPtr rangeMsg) const; {
[2.996s]       |                                                   [01;31m[K^~~~~[m[K
[2.996s] [01m[K/home/nakul/Desktop/bur/ros2_ws/src/2023-2024/state-estimation/src/Node.cpp:124:68:[m[K [01;31m[Kerror: [m[Kexpected unqualified-id before â€˜[01m[KrangeMsg[m[Kâ€™
[2.996s]   124 | void Node::rangeFinderCallback(const sensor_msgs::Range::SharedPtr [01;31m[KrangeMsg[m[K) const; {
[2.996s]       |                                                                    [01;31m[K^~~~~~~~[m[K
[2.996s] [01m[K/home/nakul/Desktop/bur/ros2_ws/src/2023-2024/state-estimation/src/Node.cpp:124:67:[m[K [01;31m[Kerror: [m[Kexpected â€˜[01m[K)[m[Kâ€™ before â€˜[01m[KrangeMsg[m[Kâ€™
[2.996s]   124 | void Node::rangeFinderCallback[34m[K([m[Kconst sensor_msgs::Range::SharedPtr[01;31m[K [m[K[32m[KrangeMsg[m[K) const; {
[2.996s]       |                               [34m[K~[m[K                                   [01;31m[K^[m[K[32m[K~~~~~~~~[m[K
[2.996s]       |                                                                   [32m[K)[m[K
[2.997s] [01m[K/home/nakul/Desktop/bur/ros2_ws/src/2023-2024/state-estimation/src/Node.cpp:124:68:[m[K [01;31m[Kerror: [m[Kexpected initializer before â€˜[01m[KrangeMsg[m[Kâ€™
[2.997s]   124 | void Node::rangeFinderCallback(const sensor_msgs::Range::SharedPtr [01;31m[KrangeMsg[m[K) const; {
[2.997s]       |                                                                    [01;31m[K^~~~~~~~[m[K
[2.997s] [01m[K/home/nakul/Desktop/bur/ros2_ws/src/2023-2024/state-estimation/src/Node.cpp:124:85:[m[K [01;31m[Kerror: [m[Kexpected unqualified-id before â€˜[01m[K{[m[Kâ€™ token
[2.997s]   124 | void Node::rangeFinderCallback(const sensor_msgs::Range::SharedPtr rangeMsg) const; [01;31m[K{[m[K
[2.997s]       |                                                                                     [01;31m[K^[m[K
[2.997s] [01m[K/home/nakul/Desktop/bur/ros2_ws/src/2023-2024/state-estimation/src/Node.cpp:133:53:[m[K [01;31m[Kerror: [m[Kâ€˜[01m[KExtendedState[m[Kâ€™ in namespace â€˜[01m[Kmavros_msgs[m[Kâ€™ does not name a type
[2.997s]   133 | void Node::extendedStateCallback(const mavros_msgs::[01;31m[KExtendedState[m[K::SharedPtr extendedStateMsg) const {
[2.997s]       |                                                     [01;31m[K^~~~~~~~~~~~~[m[K
[2.998s] [01m[K/home/nakul/Desktop/bur/ros2_ws/src/2023-2024/state-estimation/src/Node.cpp:133:78:[m[K [01;31m[Kerror: [m[Kexpected unqualified-id before â€˜[01m[KextendedStateMsg[m[Kâ€™
[2.998s]   133 | void Node::extendedStateCallback(const mavros_msgs::ExtendedState::SharedPtr [01;31m[KextendedStateMsg[m[K) const {
[2.998s]       |                                                                              [01;31m[K^~~~~~~~~~~~~~~~[m[K
[2.998s] [01m[K/home/nakul/Desktop/bur/ros2_ws/src/2023-2024/state-estimation/src/Node.cpp:133:77:[m[K [01;31m[Kerror: [m[Kexpected â€˜[01m[K)[m[Kâ€™ before â€˜[01m[KextendedStateMsg[m[Kâ€™
[2.998s]   133 | void Node::extendedStateCallback[34m[K([m[Kconst mavros_msgs::ExtendedState::SharedPtr[01;31m[K [m[K[32m[KextendedStateMsg[m[K) const {
[2.998s]       |                                 [34m[K~[m[K                                           [01;31m[K^[m[K[32m[K~~~~~~~~~~~~~~~~[m[K
[2.998s]       |                                                                             [32m[K)[m[K
[2.998s] [01m[K/home/nakul/Desktop/bur/ros2_ws/src/2023-2024/state-estimation/src/Node.cpp:133:78:[m[K [01;31m[Kerror: [m[Kexpected initializer before â€˜[01m[KextendedStateMsg[m[Kâ€™
[2.999s]   133 | void Node::extendedStateCallback(const mavros_msgs::ExtendedState::SharedPtr [01;31m[KextendedStateMsg[m[K) const {
[2.999s]       |                                                                              [01;31m[K^~~~~~~~~~~~~~~~[m[K
[2.999s] [01m[K/home/nakul/Desktop/bur/ros2_ws/src/2023-2024/state-estimation/src/Node.cpp:[m[K In member function â€˜[01m[Kvoid eskf::Node::publishState()[m[Kâ€™:
[2.999s] [01m[K/home/nakul/Desktop/bur/ros2_ws/src/2023-2024/state-estimation/src/Node.cpp:145:13:[m[K [01;31m[Kerror: [m[Kâ€˜[01m[KHeader[m[Kâ€™ is not a member of â€˜[01m[Kstd_msgs[m[Kâ€™; did you mean â€˜[01m[Kstd_msgs::msg::Header[m[Kâ€™?
[2.999s]   145 |   std_msgs::[01;31m[KHeader[m[K header;
[2.999s]       |             [01;31m[K^~~~~~[m[K
[2.999s] In file included from [01m[K/opt/ros/foxy/include/sensor_msgs/msg/detail/imu__struct.hpp:19[m[K,
[2.999s]                  from [01m[K/opt/ros/foxy/include/sensor_msgs/msg/imu.hpp:7[m[K,
[2.999s]                  from [01m[K/home/nakul/Desktop/bur/ros2_ws/src/2023-2024/state-estimation/include/eskf/Node.hpp:5[m[K,
[2.999s]                  from [01m[K/home/nakul/Desktop/bur/ros2_ws/src/2023-2024/state-estimation/src/Node.cpp:1[m[K:
[3.000s] [01m[K/opt/ros/foxy/include/std_msgs/msg/detail/header__struct.hpp:139:7:[m[K [01;36m[Knote: [m[Kâ€˜[01m[Kstd_msgs::msg::Header[m[Kâ€™ declared here
[3.000s]   139 | using [01;36m[KHeader[m[K =
[3.000s]       |       [01;36m[K^~~~~~[m[K
[3.000s] [01m[K/home/nakul/Desktop/bur/ros2_ws/src/2023-2024/state-estimation/src/Node.cpp:146:3:[m[K [01;31m[Kerror: [m[Kâ€˜[01m[Kheader[m[Kâ€™ was not declared in this scope
[3.000s]   146 |   [01;31m[Kheader[m[K.frame_id = "/pose";
[3.000s]       |   [01;31m[K^~~~~~[m[K
[3.000s] [01m[K/home/nakul/Desktop/bur/ros2_ws/src/2023-2024/state-estimation/src/Node.cpp:148:18:[m[K [01;31m[Kerror: [m[Kâ€˜[01m[Kros[m[Kâ€™ has not been declared
[3.000s]   148 |   header.stamp = [01;31m[Kros[m[K::Time::now();
[3.000s]       |                  [01;31m[K^~~[m[K
[3.000s] [01m[K/home/nakul/Desktop/bur/ros2_ws/src/2023-2024/state-estimation/src/Node.cpp:150:13:[m[K [01;31m[Kerror: [m[Kâ€˜[01m[KOdometry[m[Kâ€™ is not a member of â€˜[01m[Knav_msgs[m[Kâ€™; did you mean â€˜[01m[Knav_msgs::msg::Odometry[m[Kâ€™?
[3.000s]   150 |   nav_msgs::[01;31m[KOdometry[m[K odom;
[3.001s]       |             [01;31m[K^~~~~~~~[m[K
[3.001s] In file included from [01m[K/opt/ros/foxy/include/nav_msgs/msg/odometry.hpp:7[m[K,
[3.001s]                  from [01m[K/home/nakul/Desktop/bur/ros2_ws/src/2023-2024/state-estimation/include/eskf/Node.hpp:8[m[K,
[3.001s]                  from [01m[K/home/nakul/Desktop/bur/ros2_ws/src/2023-2024/state-estimation/src/Node.cpp:1[m[K:
[3.001s] [01m[K/opt/ros/foxy/include/nav_msgs/msg/detail/odometry__struct.hpp:171:7:[m[K [01;36m[Knote: [m[Kâ€˜[01m[Knav_msgs::msg::Odometry[m[Kâ€™ declared here
[3.001s]   171 | using [01;36m[KOdometry[m[K =
[3.001s]       |       [01;36m[K^~~~~~~~[m[K
[3.001s] [01m[K/home/nakul/Desktop/bur/ros2_ws/src/2023-2024/state-estimation/src/Node.cpp:151:3:[m[K [01;31m[Kerror: [m[Kâ€˜[01m[Kodom[m[Kâ€™ was not declared in this scope
[3.001s]   151 |   [01;31m[Kodom[m[K.header = header;
[3.001s]       |   [01;31m[K^~~~[m[K
[3.001s] [01m[K/home/nakul/Desktop/bur/ros2_ws/src/2023-2024/state-estimation/src/Node.cpp:163:3:[m[K [01;31m[Kerror: [m[Kâ€˜[01m[KpubPose_[m[Kâ€™ was not declared in this scope
[3.001s]   163 |   [01;31m[KpubPose_[m[K.publish(odom);
[3.001s]       |   [01;31m[K^~~~~~~~[m[K
[3.418s] make[2]: *** [CMakeFiles/state-estimation.dir/build.make:63: CMakeFiles/state-estimation.dir/src/eskf.cpp.o] Error 1
[3.418s] make[2]: *** Waiting for unfinished jobs....
[3.486s] make[2]: *** [CMakeFiles/state-estimation.dir/build.make:76: CMakeFiles/state-estimation.dir/src/Node.cpp.o] Error 1
[3.486s] make[1]: *** [CMakeFiles/Makefile2:80: CMakeFiles/state-estimation.dir/all] Error 2
[3.487s] make: *** [Makefile:141: all] Error 2
[3.490s] Invoked command in '/home/nakul/Desktop/bur/ros2_ws/src/2023-2024/state-estimation/build/state-estimation' returned '2': /usr/bin/cmake --build /home/nakul/Desktop/bur/ros2_ws/src/2023-2024/state-estimation/build/state-estimation -- -j8 -l8
