[0.207s] Invoking command in '/home/nakul/Desktop/bur/ros2_ws/src/2023-2024/state-estimation/build/state-estimation': /usr/bin/cmake --build /home/nakul/Desktop/bur/ros2_ws/src/2023-2024/state-estimation/build/state-estimation -- -j8 -l8
[0.254s] [35m[1mScanning dependencies of target ESKF[0m
[0.271s] [ 20%] [32mBuilding CXX object CMakeFiles/ESKF.dir/src/ESKF.cpp.o[0m
[0.284s] [01m[K/home/nakul/Desktop/bur/ros2_ws/src/2023-2024/state-estimation/src/ESKF.cpp:5:10:[m[K [01;31m[Kfatal error: [m[KESKF.hpp: No such file or directory
[0.285s]     5 | #include [01;31m[K"ESKF.hpp"[m[K
[0.285s]       |          [01;31m[K^~~~~~~~~~[m[K
[0.285s] compilation terminated.
[0.285s] make[2]: *** [CMakeFiles/ESKF.dir/build.make:63: CMakeFiles/ESKF.dir/src/ESKF.cpp.o] Error 1
[0.286s] make[1]: *** [CMakeFiles/Makefile2:107: CMakeFiles/ESKF.dir/all] Error 2
[0.286s] make: *** [Makefile:141: all] Error 2
[0.290s] Invoked command in '/home/nakul/Desktop/bur/ros2_ws/src/2023-2024/state-estimation/build/state-estimation' returned '2': /usr/bin/cmake --build /home/nakul/Desktop/bur/ros2_ws/src/2023-2024/state-estimation/build/state-estimation -- -j8 -l8
